#
# A fatal error has been detected by the Java Runtime Environment:
#
#  SIGSEGV (0xb) at pc=0x00007f2a4ea8ba93, pid=27578, tid=139820591769344
#
# JRE version: OpenJDK Runtime Environment (7.0_51) (build 1.7.0_51-b00)
# Java VM: OpenJDK 64-Bit Server VM (24.45-b08 mixed mode linux-amd64 compressed oops)
# Problematic frame:
# C  [libibex.so+0x126a93]  ibexparse()+0x1b23
#
# Failed to write core dump. Core dumps have been disabled. To enable core dumping, try "ulimit -c unlimited" before starting Java again
#
# If you would like to submit a bug report, please include
# instructions on how to reproduce the bug and visit:
#   http://icedtea.classpath.org/bugzilla
# The crash happened outside the Java Virtual Machine in native code.
# See problematic frame for where to report the bug.
#

---------------  T H R E A D  ---------------

Current thread (0x00007f2a7c00c000):  JavaThread "main" [_thread_in_native, id=27580, stack(0x00007f2a84a46000,0x00007f2a84b47000)]

siginfo:si_signo=SIGSEGV: si_errno=0, si_code=1 (SEGV_MAPERR), si_addr=0x000000000000003a

Registers:
RAX=0x000000000000003a, RBX=0x000000000000009e, RCX=0x000000000000004b, RDX=0x0000000000000005
RSP=0x00007f2a84b44600, RBP=0x00007f2a84b44cee, RSI=0x00000000000000c7, RDI=0x00007f2a4ecc2170
R8 =0x0000000000000065, R9 =0x00007f2a4ecc20a0, R10=0x00007f2a7c451929, R11=0x000000000000000a
R12=0x00007f2a84b446d8, R13=0x0000000000000001, R14=0x00007f2a84b44ce0, R15=0x00000000000000c8
RIP=0x00007f2a4ea8ba93, EFLAGS=0x0000000000010203, CSGSFS=0x0000000000000033, ERR=0x0000000000000004
  TRAPNO=0x000000000000000e

Top of Stack: (sp=0x00007f2a84b44600)
0x00007f2a84b44600:   0000000000000000 00000000f1589620
0x00007f2a84b44610:   00000000000000dd f158962000000000
0x00007f2a84b44620:   00000000d1d46bd8 00000000f16957d8
0x00007f2a84b44630:   00007f2a84b44ce0 00000000000000c7
0x00007f2a84b44640:   00007f2a50083f40 00007f2a84b446a0
0x00007f2a84b44650:   0000000300000000 0000000000000065
0x00007f2a84b44660:   00007f2a79006233 00000000f1589620
0x00007f2a84b44670:   0000000000000000 00000000d1d46bd8
0x00007f2a84b44680:   00007f2a84b44680 00000000c7821738
0x00007f2a84b44690:   00007f2a84b446d8 00000000c78222a8
0x00007f2a84b446a0:   00000000c7e02310 00000000c7821768
0x00007f2a84b446b0:   00007f2a7c451b60 0000000000000001
0x00007f2a84b446c0:   0000000000000001 0000000000000001
0x00007f2a84b446d0:   0000000000000005 0000000000000005
0x00007f2a84b446e0:   0000000000000009 0000000000000000
0x00007f2a84b446f0:   00007f2a84b446e0 00000000c774e8b2
0x00007f2a84b44700:   00007f2a84b44758 00000000c774f958
0x00007f2a84b44710:   0000000000000000 00000000c774e8f0
0x00007f2a84b44720:   0000000000000000 00007f2a84b44750
0x00007f2a84b44730:   00007f2a84b447a0 00007f2a790069fe
0x00007f2a84b44740:   0000000000000000 00000000d1d46bb0
0x00007f2a84b44750:   00000000f16957d8 0000000000000000
0x00007f2a84b44760:   00007f2a84b44760 00000000c761b9db
0x00007f2a84b44770:   00007f2a84b447e8 0000000000000000
0x00007f2a84b44780:   0000000000000000 00000000c761ba78
0x00007f2a84b44790:   0000000000000000 00007f2a84b447d8
0x00007f2a84b447a0:   00007f2a84b44850 00007f2a790004e7
0x00007f2a84b447b0:   0000000000000000 0000000000000000
0x00007f2a84b447c0:   0000000000000000 0000000000000000
0x00007f2a84b447d0:   0000000000000000 00000000f16957d8
0x00007f2a84b447e0:   00000000f16a2590 00000000f1589cd8
0x00007f2a84b447f0:   00007f2a00001fa0 00007f2a7c00cd18 

Instructions: (pc=0x00007f2a4ea8ba93)
0x00007f2a4ea8ba73:   f2 ff e9 be e8 ff ff 4d 8b 2c 24 e9 b5 e8 ff ff
0x00007f2a4ea8ba83:   49 63 54 24 f8 48 8b 05 71 67 23 00 48 8b 04 d0
0x00007f2a4ea8ba93:   4c 8b 28 e9 9d e8 ff ff 48 8b 05 2e 40 23 00 49
0x00007f2a4ea8baa3:   8b 34 24 48 8b 48 30 48 3b 48 38 48 8b 50 48 0f 

Register to memory mapping:

RAX=0x000000000000003a is an unknown value
RBX=0x000000000000009e is an unknown value
RCX=0x000000000000004b is an unknown value
RDX=0x0000000000000005 is an unknown value
RSP=0x00007f2a84b44600 is pointing into the stack for thread: 0x00007f2a7c00c000
RBP=0x00007f2a84b44cee is pointing into the stack for thread: 0x00007f2a7c00c000
RSI=0x00000000000000c7 is an unknown value
RDI=0x00007f2a4ecc2170: ibexchar+0 in /usr/local/lib/libibex.so at 0x00007f2a4e965000
R8 =0x0000000000000065 is an unknown value
R9 =0x00007f2a4ecc20a0: ibexleng+0 in /usr/local/lib/libibex.so at 0x00007f2a4e965000
R10=0x00007f2a7c451929 is an unknown value
R11=0x000000000000000a is an unknown value
R12=0x00007f2a84b446d8 is pointing into the stack for thread: 0x00007f2a7c00c000
R13=0x0000000000000001 is an unknown value
R14=0x00007f2a84b44ce0 is pointing into the stack for thread: 0x00007f2a7c00c000
R15=0x00000000000000c8 is an unknown value


Stack: [0x00007f2a84a46000,0x00007f2a84b47000],  sp=0x00007f2a84b44600,  free space=1017k
Native frames: (J=compiled Java code, j=interpreted, Vv=VM code, C=native code)
C  [libibex.so+0x126a93]  ibexparse()+0x1b23

Java frames: (J=compiled Java code, j=interpreted, Vv=VM code)
j  solver.constraints.real.Ibex.add_ctr(ILjava/lang/String;I)V+0
j  solver.constraints.real.Ibex.add_contractor(ILjava/lang/String;I)I+4
j  solver.constraints.real.RealPropagator.<init>(Ljava/lang/String;[Lsolver/variables/RealVar;I)V+42
j  solver.constraints.real.RealConstraint.createPropagator(Ljava/lang/String;I[Lsolver/variables/RealVar;)Lsolver/constraints/real/RealPropagator;+7
j  solver.constraints.real.RealConstraint.<init>(Ljava/lang/String;Ljava/lang/String;I[Lsolver/variables/RealVar;)V+12
j  test_choco.MarketProblem.buildModel()V+654
j  samples.AbstractProblem.execute([Ljava/lang/String;)V+23
j  test_choco.MarketProblem.start()V+17
j  test_choco.BTC_e.main([Ljava/lang/String;)V+65
v  ~StubRoutines::call_stub

---------------  P R O C E S S  ---------------

Java Threads: ( => current thread )
  0x00007f2a7c321000 JavaThread "Keep-Alive-Timer" daemon [_thread_blocked, id=27597, stack(0x00007f2a4f7e3000,0x00007f2a4f8e4000)]
  0x00007f2a7c0a3800 JavaThread "Service Thread" daemon [_thread_blocked, id=27594, stack(0x00007f2a768c9000,0x00007f2a769ca000)]
  0x00007f2a7c0a1800 JavaThread "C2 CompilerThread1" daemon [_thread_blocked, id=27593, stack(0x00007f2a769ca000,0x00007f2a76acb000)]
  0x00007f2a7c09e800 JavaThread "C2 CompilerThread0" daemon [_thread_blocked, id=27592, stack(0x00007f2a76acb000,0x00007f2a76bcc000)]
  0x00007f2a7c09c800 JavaThread "Signal Dispatcher" daemon [_thread_blocked, id=27591, stack(0x00007f2a76bcc000,0x00007f2a76ccd000)]
  0x00007f2a7c079800 JavaThread "Finalizer" daemon [_thread_blocked, id=27589, stack(0x00007f2a800c5000,0x00007f2a801c6000)]
  0x00007f2a7c077800 JavaThread "Reference Handler" daemon [_thread_blocked, id=27588, stack(0x00007f2a801c6000,0x00007f2a802c7000)]
=>0x00007f2a7c00c000 JavaThread "main" [_thread_in_native, id=27580, stack(0x00007f2a84a46000,0x00007f2a84b47000)]

Other Threads:
  0x00007f2a7c073000 VMThread [stack: 0x00007f2a802c7000,0x00007f2a803c8000] [id=27587]
  0x00007f2a7c0ae800 WatcherThread [stack: 0x00007f2a767c8000,0x00007f2a768c9000] [id=27595]

VM state:not at safepoint (normal execution)

VM Mutex/Monitor currently owned by a thread: None

Heap
 PSYoungGen      total 14336K, used 8383K [0x00000000f0900000, 0x00000000f2500000, 0x0000000100000000)
  eden space 12800K, 53% used [0x00000000f0900000,0x00000000f0fb7428,0x00000000f1580000)
  from space 1536K, 98% used [0x00000000f1580000,0x00000000f16f88e0,0x00000000f1700000)
  to   space 1536K, 0% used [0x00000000f2380000,0x00000000f2380000,0x00000000f2500000)
 ParOldGen       total 31232K, used 2890K [0x00000000d1c00000, 0x00000000d3a80000, 0x00000000f0900000)
  object space 31232K, 9% used [0x00000000d1c00000,0x00000000d1ed29b8,0x00000000d3a80000)
 PSPermGen       total 21504K, used 12481K [0x00000000c7600000, 0x00000000c8b00000, 0x00000000d1c00000)
  object space 21504K, 58% used [0x00000000c7600000,0x00000000c8230670,0x00000000c8b00000)

Card table byte_map: [0x00007f2a81534000,0x00007f2a816fa000] byte_map_base: 0x00007f2a80ef9000

Polling page: 0x00007f2a84b5c000

Code Cache  [0x00007f2a79000000, 0x00007f2a79270000, 0x00007f2a7c000000)
 total_blobs=485 nmethods=167 adapters=272 free_code_cache=48301Kb largest_free_block=49445696

Compilation events (10 events):
Event: 3.751 Thread 0x00007f2a7c09e800  163             java.lang.CharacterDataLatin1::toUpperCase (53 bytes)
Event: 3.752 Thread 0x00007f2a7c09e800 nmethod 163 0x00007f2a790c9710 code [0x00007f2a790c9840, 0x00007f2a790c98f8]
Event: 3.773 Thread 0x00007f2a7c09e800  164             java.lang.Number::<init> (5 bytes)
Event: 3.774 Thread 0x00007f2a7c09e800 nmethod 164 0x00007f2a790c9510 code [0x00007f2a790c9640, 0x00007f2a790c9698]
Event: 3.819 Thread 0x00007f2a7c0a1800  165             java.net.URL::getPath (5 bytes)
Event: 3.820 Thread 0x00007f2a7c0a1800 nmethod 165 0x00007f2a790ce0d0 code [0x00007f2a790ce200, 0x00007f2a790ce258]
Event: 3.822 Thread 0x00007f2a7c0a1800  166             java.net.URL::getAuthority (5 bytes)
Event: 3.822 Thread 0x00007f2a7c0a1800 nmethod 166 0x00007f2a790cded0 code [0x00007f2a790ce000, 0x00007f2a790ce058]
Event: 3.833 Thread 0x00007f2a7c0a1800  167             java.net.URL::getRef (5 bytes)
Event: 3.833 Thread 0x00007f2a7c0a1800 nmethod 167 0x00007f2a790d82d0 code [0x00007f2a790d8400, 0x00007f2a790d8458]

GC Heap History (6 events):
Event: 2.320 GC heap before
{Heap before GC invocations=1 (full 0):
 PSYoungGen      total 14336K, used 12800K [0x00000000f0900000, 0x00000000f1880000, 0x0000000100000000)
  eden space 12800K, 100% used [0x00000000f0900000,0x00000000f1580000,0x00000000f1580000)
  from space 1536K, 0% used [0x00000000f1700000,0x00000000f1700000,0x00000000f1880000)
  to   space 1536K, 0% used [0x00000000f1580000,0x00000000f1580000,0x00000000f1700000)
 ParOldGen       total 31232K, used 0K [0x00000000d1c00000, 0x00000000d3a80000, 0x00000000f0900000)
  object space 31232K, 0% used [0x00000000d1c00000,0x00000000d1c00000,0x00000000d3a80000)
 PSPermGen       total 21504K, used 7657K [0x00000000c7600000, 0x00000000c8b00000, 0x00000000d1c00000)
  object space 21504K, 35% used [0x00000000c7600000,0x00000000c7d7a6d0,0x00000000c8b00000)
Event: 2.340 GC heap after
Heap after GC invocations=1 (full 0):
 PSYoungGen      total 14336K, used 1522K [0x00000000f0900000, 0x00000000f1880000, 0x0000000100000000)
  eden space 12800K, 0% used [0x00000000f0900000,0x00000000f0900000,0x00000000f1580000)
  from space 1536K, 99% used [0x00000000f1580000,0x00000000f16fcb30,0x00000000f1700000)
  to   space 1536K, 0% used [0x00000000f1700000,0x00000000f1700000,0x00000000f1880000)
 ParOldGen       total 31232K, used 1022K [0x00000000d1c00000, 0x00000000d3a80000, 0x00000000f0900000)
  object space 31232K, 3% used [0x00000000d1c00000,0x00000000d1cffad8,0x00000000d3a80000)
 PSPermGen       total 21504K, used 7657K [0x00000000c7600000, 0x00000000c8b00000, 0x00000000d1c00000)
  object space 21504K, 35% used [0x00000000c7600000,0x00000000c7d7a6d0,0x00000000c8b00000)
}
Event: 3.025 GC heap before
{Heap before GC invocations=2 (full 0):
 PSYoungGen      total 14336K, used 14322K [0x00000000f0900000, 0x00000000f1880000, 0x0000000100000000)
  eden space 12800K, 100% used [0x00000000f0900000,0x00000000f1580000,0x00000000f1580000)
  from space 1536K, 99% used [0x00000000f1580000,0x00000000f16fcb30,0x00000000f1700000)
  to   space 1536K, 0% used [0x00000000f1700000,0x00000000f1700000,0x00000000f1880000)
 ParOldGen       total 31232K, used 1022K [0x00000000d1c00000, 0x00000000d3a80000, 0x00000000f0900000)
  object space 31232K, 3% used [0x00000000d1c00000,0x00000000d1cffad8,0x00000000d3a80000)
 PSPermGen       total 21504K, used 8226K [0x00000000c7600000, 0x00000000c8b00000, 0x00000000d1c00000)
  object space 21504K, 38% used [0x00000000c7600000,0x00000000c7e08b98,0x00000000c8b00000)
Event: 3.101 GC heap after
Heap after GC invocations=2 (full 0):
 PSYoungGen      total 14336K, used 1506K [0x00000000f0900000, 0x00000000f2500000, 0x0000000100000000)
  eden space 12800K, 0% used [0x00000000f0900000,0x00000000f0900000,0x00000000f1580000)
  from space 1536K, 98% used [0x00000000f1700000,0x00000000f1878b20,0x00000000f1880000)
  to   space 1536K, 0% used [0x00000000f1580000,0x00000000f1580000,0x00000000f1700000)
 ParOldGen       total 31232K, used 1693K [0x00000000d1c00000, 0x00000000d3a80000, 0x00000000f0900000)
  object space 31232K, 5% used [0x00000000d1c00000,0x00000000d1da7610,0x00000000d3a80000)
 PSPermGen       total 21504K, used 8226K [0x00000000c7600000, 0x00000000c8b00000, 0x00000000d1c00000)
  object space 21504K, 38% used [0x00000000c7600000,0x00000000c7e08b98,0x00000000c8b00000)
}
Event: 3.675 GC heap before
{Heap before GC invocations=3 (full 0):
 PSYoungGen      total 14336K, used 14306K [0x00000000f0900000, 0x00000000f2500000, 0x0000000100000000)
  eden space 12800K, 100% used [0x00000000f0900000,0x00000000f1580000,0x00000000f1580000)
  from space 1536K, 98% used [0x00000000f1700000,0x00000000f1878b20,0x00000000f1880000)
  to   space 1536K, 0% used [0x00000000f1580000,0x00000000f1580000,0x00000000f1700000)
 ParOldGen       total 31232K, used 1693K [0x00000000d1c00000, 0x00000000d3a80000, 0x00000000f0900000)
  object space 31232K, 5% used [0x00000000d1c00000,0x00000000d1da7610,0x00000000d3a80000)
 PSPermGen       total 21504K, used 10633K [0x00000000c7600000, 0x00000000c8b00000, 0x00000000d1c00000)
  object space 21504K, 49% used [0x00000000c7600000,0x00000000c80624d0,0x00000000c8b00000)
Event: 3.689 GC heap after
Heap after GC invocations=3 (full 0):
 PSYoungGen      total 14336K, used 1506K [0x00000000f0900000, 0x00000000f2500000, 0x0000000100000000)
  eden space 12800K, 0% used [0x00000000f0900000,0x00000000f0900000,0x00000000f1580000)
  from space 1536K, 98% used [0x00000000f1580000,0x00000000f16f88e0,0x00000000f1700000)
  to   space 1536K, 0% used [0x00000000f2380000,0x00000000f2380000,0x00000000f2500000)
 ParOldGen       total 31232K, used 2890K [0x00000000d1c00000, 0x00000000d3a80000, 0x00000000f0900000)
  object space 31232K, 9% used [0x00000000d1c00000,0x00000000d1ed29b8,0x00000000d3a80000)
 PSPermGen       total 21504K, used 10633K [0x00000000c7600000, 0x00000000c8b00000, 0x00000000d1c00000)
  object space 21504K, 49% used [0x00000000c7600000,0x00000000c80624d0,0x00000000c8b00000)
}

Deoptimization events (10 events):
Event: 0.533 Thread 0x00007f2a7c00c000 Uncommon trap: reason=unloaded action=reinterpret pc=0x00007f2a7906ce18 method=java.lang.Integer.parseInt(Ljava/lang/String;I)I @ 201
Event: 2.545 Thread 0x00007f2a7c332000 Uncommon trap: reason=class_check action=maybe_recompile pc=0x00007f2a7906c660 method=java.lang.String.equals(Ljava/lang/Object;)Z @ 8
Event: 2.545 Thread 0x00007f2a7c330800 Uncommon trap: reason=class_check action=maybe_recompile pc=0x00007f2a7906c660 method=java.lang.String.equals(Ljava/lang/Object;)Z @ 8
Event: 2.545 Thread 0x00007f2a7c326800 Uncommon trap: reason=class_check action=maybe_recompile pc=0x00007f2a7906c660 method=java.lang.String.equals(Ljava/lang/Object;)Z @ 8
Event: 2.546 Thread 0x00007f2a7c32f800 Uncommon trap: reason=class_check action=maybe_recompile pc=0x00007f2a7906c660 method=java.lang.String.equals(Ljava/lang/Object;)Z @ 8
Event: 3.388 Thread 0x00007f2a7c00c000 Uncommon trap: reason=null_check action=make_not_entrant pc=0x00007f2a7907b640 method=java.lang.String.equals(Ljava/lang/Object;)Z @ 8
Event: 3.733 Thread 0x00007f2a7c00c000 Uncommon trap: reason=bimorphic action=maybe_recompile pc=0x00007f2a790a1c0c method=java.lang.String.valueOf(Ljava/lang/Object;)Ljava/lang/String; @ 10
Event: 3.733 Thread 0x00007f2a7c00c000 Uncommon trap: reason=bimorphic action=maybe_recompile pc=0x00007f2a790a1c0c method=java.lang.String.valueOf(Ljava/lang/Object;)Ljava/lang/String; @ 10
Event: 3.733 Thread 0x00007f2a7c00c000 Uncommon trap: reason=bimorphic action=maybe_recompile pc=0x00007f2a790a1c0c method=java.lang.String.valueOf(Ljava/lang/Object;)Ljava/lang/String; @ 10
Event: 3.733 Thread 0x00007f2a7c00c000 Uncommon trap: reason=bimorphic action=maybe_recompile pc=0x00007f2a790a1c0c method=java.lang.String.valueOf(Ljava/lang/Object;)Ljava/lang/String; @ 10

Internal exceptions (10 events):
Event: 3.831 Thread 0x00007f2a7c00c000 Threw 0x00000000f0f4d798 at /build/buildd/openjdk-7-7u51-2.4.4/build/openjdk/hotspot/src/share/vm/prims/jvm.cpp:1244
Event: 3.831 Thread 0x00007f2a7c00c000 Threw 0x00000000f0f50fa8 at /build/buildd/openjdk-7-7u51-2.4.4/build/openjdk/hotspot/src/share/vm/prims/jvm.cpp:1244
Event: 3.831 Thread 0x00007f2a7c00c000 Threw 0x00000000f0f55450 at /build/buildd/openjdk-7-7u51-2.4.4/build/openjdk/hotspot/src/share/vm/prims/jvm.cpp:1244
Event: 3.832 Thread 0x00007f2a7c00c000 Threw 0x00000000f0f598c0 at /build/buildd/openjdk-7-7u51-2.4.4/build/openjdk/hotspot/src/share/vm/prims/jvm.cpp:1244
Event: 3.832 Thread 0x00007f2a7c00c000 Threw 0x00000000f0f5dfc0 at /build/buildd/openjdk-7-7u51-2.4.4/build/openjdk/hotspot/src/share/vm/prims/jvm.cpp:1244
Event: 3.832 Thread 0x00007f2a7c00c000 Threw 0x00000000f0f621c8 at /build/buildd/openjdk-7-7u51-2.4.4/build/openjdk/hotspot/src/share/vm/prims/jvm.cpp:1244
Event: 3.833 Thread 0x00007f2a7c00c000 Threw 0x00000000f0f66880 at /build/buildd/openjdk-7-7u51-2.4.4/build/openjdk/hotspot/src/share/vm/prims/jvm.cpp:1244
Event: 3.833 Thread 0x00007f2a7c00c000 Threw 0x00000000f0f6a4e0 at /build/buildd/openjdk-7-7u51-2.4.4/build/openjdk/hotspot/src/share/vm/prims/jvm.cpp:1244
Event: 3.834 Thread 0x00007f2a7c00c000 Threw 0x00000000f0f6ed78 at /build/buildd/openjdk-7-7u51-2.4.4/build/openjdk/hotspot/src/share/vm/prims/jvm.cpp:1244
Event: 3.841 Thread 0x00007f2a7c00c000 Threw 0x00000000f0f77548 at /build/buildd/openjdk-7-7u51-2.4.4/build/openjdk/hotspot/src/share/vm/prims/jvm.cpp:1244

Events (10 events):
Event: 3.833 loading class 0x00007f2a7c3402f0
Event: 3.833 loading class 0x00007f2a7c3402f0 done
Event: 3.834 loading class 0x00007f2a7c331b40
Event: 3.834 loading class 0x00007f2a7c331b40 done
Event: 3.834 loading class 0x00007f2a80fa15c0
Event: 3.834 loading class 0x00007f2a80fa15c0 done
Event: 3.834 loading class 0x00007f2a80fb0620
Event: 3.834 loading class 0x00007f2a80fb0620 done
Event: 3.841 loading class 0x00007f2a40007ee0
Event: 3.841 loading class 0x00007f2a40007ee0 done


Dynamic libraries:
00400000-00401000 r-xp 00000000 08:01 415609                             /usr/lib/jvm/java-7-openjdk-amd64/jre/bin/java
00600000-00601000 r--p 00000000 08:01 415609                             /usr/lib/jvm/java-7-openjdk-amd64/jre/bin/java
00601000-00602000 rw-p 00001000 08:01 415609                             /usr/lib/jvm/java-7-openjdk-amd64/jre/bin/java
020e7000-02129000 rw-p 00000000 00:00 0                                  [heap]
c7600000-c8b00000 rw-p 00000000 00:00 0 
c8b00000-d1c00000 rw-p 00000000 00:00 0 
d1c00000-d3a80000 rw-p 00000000 00:00 0 
d3a80000-f0900000 rw-p 00000000 00:00 0 
f0900000-f2500000 rw-p 00000000 00:00 0 
f2500000-100000000 rw-p 00000000 00:00 0 
7f2a34000000-7f2a34024000 rw-p 00000000 00:00 0 
7f2a34024000-7f2a38000000 ---p 00000000 00:00 0 
7f2a3c000000-7f2a3c079000 rw-p 00000000 00:00 0 
7f2a3c079000-7f2a40000000 ---p 00000000 00:00 0 
7f2a40000000-7f2a40063000 rw-p 00000000 00:00 0 
7f2a40063000-7f2a44000000 ---p 00000000 00:00 0 
7f2a44000000-7f2a44021000 rw-p 00000000 00:00 0 
7f2a44021000-7f2a48000000 ---p 00000000 00:00 0 
7f2a48000000-7f2a48021000 rw-p 00000000 00:00 0 
7f2a48021000-7f2a4c000000 ---p 00000000 00:00 0 
7f2a4e47f000-7f2a4e553000 r-xp 00000000 08:01 943068                     /usr/local/lib/libsoplex.so
7f2a4e553000-7f2a4e753000 ---p 000d4000 08:01 943068                     /usr/local/lib/libsoplex.so
7f2a4e753000-7f2a4e756000 r--p 000d4000 08:01 943068                     /usr/local/lib/libsoplex.so
7f2a4e756000-7f2a4e758000 rw-p 000d7000 08:01 943068                     /usr/local/lib/libsoplex.so
7f2a4e758000-7f2a4e764000 r-xp 00000000 08:01 941330                     /usr/local/lib/libprim.so.0.0.0
7f2a4e764000-7f2a4e963000 ---p 0000c000 08:01 941330                     /usr/local/lib/libprim.so.0.0.0
7f2a4e963000-7f2a4e964000 r--p 0000b000 08:01 941330                     /usr/local/lib/libprim.so.0.0.0
7f2a4e964000-7f2a4e965000 rw-p 0000c000 08:01 941330                     /usr/local/lib/libprim.so.0.0.0
7f2a4e965000-7f2a4eab9000 r-xp 00000000 08:01 943104                     /usr/local/lib/libibex.so
7f2a4eab9000-7f2a4ecb8000 ---p 00154000 08:01 943104                     /usr/local/lib/libibex.so
7f2a4ecb8000-7f2a4ecc0000 r--p 00153000 08:01 943104                     /usr/local/lib/libibex.so
7f2a4ecc0000-7f2a4ecc2000 rw-p 0015b000 08:01 943104                     /usr/local/lib/libibex.so
7f2a4ecc2000-7f2a4ecc3000 rw-p 00000000 00:00 0 
7f2a4ecc3000-7f2a4ecca000 r-xp 00000000 08:01 943105                     /usr/local/lib/libibex-java.so
7f2a4ecca000-7f2a4eec9000 ---p 00007000 08:01 943105                     /usr/local/lib/libibex-java.so
7f2a4eec9000-7f2a4eeca000 r--p 00006000 08:01 943105                     /usr/local/lib/libibex-java.so
7f2a4eeca000-7f2a4eecb000 rw-p 00007000 08:01 943105                     /usr/local/lib/libibex-java.so
7f2a4eecb000-7f2a4eedb000 r-xp 00000000 08:01 543078                     /usr/lib/jvm/java-7-openjdk-amd64/jre/lib/amd64/libnio.so
7f2a4eedb000-7f2a4f0da000 ---p 00010000 08:01 543078                     /usr/lib/jvm/java-7-openjdk-amd64/jre/lib/amd64/libnio.so
7f2a4f0da000-7f2a4f0db000 r--p 0000f000 08:01 543078                     /usr/lib/jvm/java-7-openjdk-amd64/jre/lib/amd64/libnio.so
7f2a4f0db000-7f2a4f0dc000 rw-p 00010000 08:01 543078                     /usr/lib/jvm/java-7-openjdk-amd64/jre/lib/amd64/libnio.so
7f2a4f0dc000-7f2a4f0df000 ---p 00000000 00:00 0 
7f2a4f0df000-7f2a4f1dd000 rw-p 00000000 00:00 0 
7f2a4f1dd000-7f2a4f1e0000 ---p 00000000 00:00 0 
7f2a4f1e0000-7f2a4f2de000 rw-p 00000000 00:00 0 
7f2a4f2de000-7f2a4f2e1000 ---p 00000000 00:00 0 
7f2a4f2e1000-7f2a4f3df000 rw-p 00000000 00:00 0 
7f2a4f3df000-7f2a4f3e2000 ---p 00000000 00:00 0 
7f2a4f3e2000-7f2a4f4e0000 rw-p 00000000 00:00 0 
7f2a4f4e0000-7f2a4f4e3000 ---p 00000000 00:00 0 
7f2a4f4e3000-7f2a4f5e1000 rw-p 00000000 00:00 0 
7f2a4f5e1000-7f2a4f5e4000 ---p 00000000 00:00 0 
7f2a4f5e4000-7f2a4f6e2000 rw-p 00000000 00:00 0 
7f2a4f6e2000-7f2a4f6e5000 ---p 00000000 00:00 0 
7f2a4f6e5000-7f2a4f7e3000 rw-p 00000000 00:00 0 
7f2a4f7e3000-7f2a4f7e6000 ---p 00000000 00:00 0 
7f2a4f7e6000-7f2a4f8e4000 rw-p 00000000 00:00 0                          [stack:27597]
7f2a4f8e4000-7f2a4f8eb000 r-xp 00000000 08:01 410803                     /lib/x86_64-linux-gnu/libnss_dns-2.15.so
7f2a4f8eb000-7f2a4faea000 ---p 00007000 08:01 410803                     /lib/x86_64-linux-gnu/libnss_dns-2.15.so
7f2a4faea000-7f2a4faeb000 r--p 00006000 08:01 410803                     /lib/x86_64-linux-gnu/libnss_dns-2.15.so
7f2a4faeb000-7f2a4faec000 rw-p 00007000 08:01 410803                     /lib/x86_64-linux-gnu/libnss_dns-2.15.so
7f2a4faec000-7f2a4fb57000 r-xp 00000000 08:01 1079405                    /usr/lib/x86_64-linux-gnu/nss/libfreebl3.so
7f2a4fb57000-7f2a4fd56000 ---p 0006b000 08:01 1079405                    /usr/lib/x86_64-linux-gnu/nss/libfreebl3.so
7f2a4fd56000-7f2a4fd58000 r--p 0006a000 08:01 1079405                    /usr/lib/x86_64-linux-gnu/nss/libfreebl3.so
7f2a4fd58000-7f2a4fd59000 rw-p 0006c000 08:01 1079405                    /usr/lib/x86_64-linux-gnu/nss/libfreebl3.so
7f2a4fd59000-7f2a4fd5d000 rw-p 00000000 00:00 0 
7f2a4fd5d000-7f2a4fdfb000 r-xp 00000000 08:01 926524                     /usr/lib/x86_64-linux-gnu/libsqlite3.so.0.8.6
7f2a4fdfb000-7f2a4fffb000 ---p 0009e000 08:01 926524                     /usr/lib/x86_64-linux-gnu/libsqlite3.so.0.8.6
7f2a4fffb000-7f2a4fffd000 r--p 0009e000 08:01 926524                     /usr/lib/x86_64-linux-gnu/libsqlite3.so.0.8.6
7f2a4fffd000-7f2a4ffff000 rw-p 000a0000 08:01 926524                     /usr/lib/x86_64-linux-gnu/libsqlite3.so.0.8.6
7f2a4ffff000-7f2a50000000 rw-p 00000000 00:00 0 
7f2a50000000-7f2a506a0000 rw-p 00000000 00:00 0 
7f2a506a0000-7f2a54000000 ---p 00000000 00:00 0 
7f2a54000000-7f2a54021000 rw-p 00000000 00:00 0 
7f2a54021000-7f2a58000000 ---p 00000000 00:00 0 
7f2a58000000-7f2a58021000 rw-p 00000000 00:00 0 
7f2a58021000-7f2a5c000000 ---p 00000000 00:00 0 
7f2a5c000000-7f2a5c41f000 rw-p 00000000 00:00 0 
7f2a5c41f000-7f2a60000000 ---p 00000000 00:00 0 
7f2a60000000-7f2a60021000 rw-p 00000000 00:00 0 
7f2a60021000-7f2a64000000 ---p 00000000 00:00 0 
7f2a64000000-7f2a64021000 rw-p 00000000 00:00 0 
7f2a64021000-7f2a68000000 ---p 00000000 00:00 0 
7f2a68000000-7f2a68021000 rw-p 00000000 00:00 0 
7f2a68021000-7f2a6c000000 ---p 00000000 00:00 0 
7f2a6c000000-7f2a6c021000 rw-p 00000000 00:00 0 
7f2a6c021000-7f2a70000000 ---p 00000000 00:00 0 
7f2a70000000-7f2a70021000 rw-p 00000000 00:00 0 
7f2a70021000-7f2a74000000 ---p 00000000 00:00 0 
7f2a7402a000-7f2a7402c000 r-xp 00000000 08:01 393271                     /lib/libnss_mdns4_minimal.so.2
7f2a7402c000-7f2a7422b000 ---p 00002000 08:01 393271                     /lib/libnss_mdns4_minimal.so.2
7f2a7422b000-7f2a7422c000 r--p 00001000 08:01 393271                     /lib/libnss_mdns4_minimal.so.2
7f2a7422c000-7f2a7422d000 rw-p 00002000 08:01 393271                     /lib/libnss_mdns4_minimal.so.2
7f2a7422d000-7f2a74265000 r-xp 00000000 08:01 1079403                    /usr/lib/x86_64-linux-gnu/nss/libsoftokn3.so
7f2a74265000-7f2a74464000 ---p 00038000 08:01 1079403                    /usr/lib/x86_64-linux-gnu/nss/libsoftokn3.so
7f2a74464000-7f2a74466000 r--p 00037000 08:01 1079403                    /usr/lib/x86_64-linux-gnu/nss/libsoftokn3.so
7f2a74466000-7f2a74467000 rw-p 00039000 08:01 1079403                    /usr/lib/x86_64-linux-gnu/nss/libsoftokn3.so
7f2a74467000-7f2a744a1000 r-xp 00000000 08:01 942241                     /usr/lib/x86_64-linux-gnu/libnspr4.so
7f2a744a1000-7f2a746a1000 ---p 0003a000 08:01 942241                     /usr/lib/x86_64-linux-gnu/libnspr4.so
7f2a746a1000-7f2a746a2000 r--p 0003a000 08:01 942241                     /usr/lib/x86_64-linux-gnu/libnspr4.so
7f2a746a2000-7f2a746a4000 rw-p 0003b000 08:01 942241                     /usr/lib/x86_64-linux-gnu/libnspr4.so
7f2a746a4000-7f2a746a6000 rw-p 00000000 00:00 0 
7f2a746a6000-7f2a746a9000 r-xp 00000000 08:01 942242                     /usr/lib/x86_64-linux-gnu/libplds4.so
7f2a746a9000-7f2a748a8000 ---p 00003000 08:01 942242                     /usr/lib/x86_64-linux-gnu/libplds4.so
7f2a748a8000-7f2a748a9000 r--p 00002000 08:01 942242                     /usr/lib/x86_64-linux-gnu/libplds4.so
7f2a748a9000-7f2a748aa000 rw-p 00003000 08:01 942242                     /usr/lib/x86_64-linux-gnu/libplds4.so
7f2a748aa000-7f2a748ae000 r-xp 00000000 08:01 942240                     /usr/lib/x86_64-linux-gnu/libplc4.so
7f2a748ae000-7f2a74aad000 ---p 00004000 08:01 942240                     /usr/lib/x86_64-linux-gnu/libplc4.so
7f2a74aad000-7f2a74aae000 r--p 00003000 08:01 942240                     /usr/lib/x86_64-linux-gnu/libplc4.so
7f2a74aae000-7f2a74aaf000 rw-p 00004000 08:01 942240                     /usr/lib/x86_64-linux-gnu/libplc4.so
7f2a74aaf000-7f2a74ad0000 r-xp 00000000 08:01 921274                     /usr/lib/x86_64-linux-gnu/libnssutil3.so
7f2a74ad0000-7f2a74ccf000 ---p 00021000 08:01 921274                     /usr/lib/x86_64-linux-gnu/libnssutil3.so
7f2a74ccf000-7f2a74cd5000 r--p 00020000 08:01 921274                     /usr/lib/x86_64-linux-gnu/libnssutil3.so
7f2a74cd5000-7f2a74cd6000 rw-p 00026000 08:01 921274                     /usr/lib/x86_64-linux-gnu/libnssutil3.so
7f2a74cd6000-7f2a74dd6000 r-xp 00000000 08:01 921275                     /usr/lib/x86_64-linux-gnu/libnss3.so
7f2a74dd6000-7f2a74fd6000 ---p 00100000 08:01 921275                     /usr/lib/x86_64-linux-gnu/libnss3.so
7f2a74fd6000-7f2a74fdb000 r--p 00100000 08:01 921275                     /usr/lib/x86_64-linux-gnu/libnss3.so
7f2a74fdb000-7f2a74fde000 rw-p 00105000 08:01 921275                     /usr/lib/x86_64-linux-gnu/libnss3.so
7f2a74fde000-7f2a74fdf000 rw-p 00000000 00:00 0 
7f2a74fdf000-7f2a74fef000 r-xp 00000000 08:01 543083                     /usr/lib/jvm/java-7-openjdk-amd64/jre/lib/amd64/libj2pkcs11.so
7f2a74fef000-7f2a751ee000 ---p 00010000 08:01 543083                     /usr/lib/jvm/java-7-openjdk-amd64/jre/lib/amd64/libj2pkcs11.so
7f2a751ee000-7f2a751ef000 r--p 0000f000 08:01 543083                     /usr/lib/jvm/java-7-openjdk-amd64/jre/lib/amd64/libj2pkcs11.so
7f2a751ef000-7f2a751f0000 rw-p 00010000 08:01 543083                     /usr/lib/jvm/java-7-openjdk-amd64/jre/lib/amd64/libj2pkcs11.so
7f2a751f0000-7f2a75221000 rw-p 00000000 00:00 0 
7f2a75221000-7f2a7525d000 r-xp 00000000 08:01 397433                     /lib/x86_64-linux-gnu/libpcre.so.3.12.1
7f2a7525d000-7f2a7545c000 ---p 0003c000 08:01 397433                     /lib/x86_64-linux-gnu/libpcre.so.3.12.1
7f2a7545c000-7f2a7545d000 r--p 0003b000 08:01 397433                     /lib/x86_64-linux-gnu/libpcre.so.3.12.1
7f2a7545d000-7f2a7545e000 rw-p 0003c000 08:01 397433                     /lib/x86_64-linux-gnu/libpcre.so.3.12.1
7f2a7545e000-7f2a75465000 r-xp 00000000 08:01 926184                     /usr/lib/x86_64-linux-gnu/libffi.so.6.0.0
7f2a75465000-7f2a75664000 ---p 00007000 08:01 926184                     /usr/lib/x86_64-linux-gnu/libffi.so.6.0.0
7f2a75664000-7f2a75665000 r--p 00006000 08:01 926184                     /usr/lib/x86_64-linux-gnu/libffi.so.6.0.0
7f2a75665000-7f2a75666000 rw-p 00007000 08:01 926184                     /usr/lib/x86_64-linux-gnu/libffi.so.6.0.0
7f2a75666000-7f2a7567e000 r-xp 00000000 08:01 410790                     /lib/x86_64-linux-gnu/libresolv-2.15.so
7f2a7567e000-7f2a7587e000 ---p 00018000 08:01 410790                     /lib/x86_64-linux-gnu/libresolv-2.15.so
7f2a7587e000-7f2a7587f000 r--p 00018000 08:01 410790                     /lib/x86_64-linux-gnu/libresolv-2.15.so
7f2a7587f000-7f2a75880000 rw-p 00019000 08:01 410790                     /lib/x86_64-linux-gnu/libresolv-2.15.so
7f2a75880000-7f2a75882000 rw-p 00000000 00:00 0 
7f2a75882000-7f2a7589f000 r-xp 00000000 08:01 397448                     /lib/x86_64-linux-gnu/libselinux.so.1
7f2a7589f000-7f2a75a9e000 ---p 0001d000 08:01 397448                     /lib/x86_64-linux-gnu/libselinux.so.1
7f2a75a9e000-7f2a75a9f000 r--p 0001c000 08:01 397448                     /lib/x86_64-linux-gnu/libselinux.so.1
7f2a75a9f000-7f2a75aa0000 rw-p 0001d000 08:01 397448                     /lib/x86_64-linux-gnu/libselinux.so.1
7f2a75aa0000-7f2a75aa1000 rw-p 00000000 00:00 0 
7f2a75aa1000-7f2a75aa4000 r-xp 00000000 08:01 917882                     /usr/lib/x86_64-linux-gnu/libgmodule-2.0.so.0.3200.4
7f2a75aa4000-7f2a75ca3000 ---p 00003000 08:01 917882                     /usr/lib/x86_64-linux-gnu/libgmodule-2.0.so.0.3200.4
7f2a75ca3000-7f2a75ca4000 r--p 00002000 08:01 917882                     /usr/lib/x86_64-linux-gnu/libgmodule-2.0.so.0.3200.4
7f2a75ca4000-7f2a75ca5000 rw-p 00003000 08:01 917882                     /usr/lib/x86_64-linux-gnu/libgmodule-2.0.so.0.3200.4
7f2a75ca5000-7f2a75d97000 r-xp 00000000 08:01 408312                     /lib/x86_64-linux-gnu/libglib-2.0.so.0.3200.4
7f2a75d97000-7f2a75f97000 ---p 000f2000 08:01 408312                     /lib/x86_64-linux-gnu/libglib-2.0.so.0.3200.4
7f2a75f97000-7f2a75f98000 r--p 000f2000 08:01 408312                     /lib/x86_64-linux-gnu/libglib-2.0.so.0.3200.4
7f2a75f98000-7f2a75f99000 rw-p 000f3000 08:01 408312                     /lib/x86_64-linux-gnu/libglib-2.0.so.0.3200.4
7f2a75f99000-7f2a75f9a000 rw-p 00000000 00:00 0 
7f2a75f9a000-7f2a75fe7000 r-xp 00000000 08:01 919206                     /usr/lib/x86_64-linux-gnu/libgobject-2.0.so.0.3200.4
7f2a75fe7000-7f2a761e7000 ---p 0004d000 08:01 919206                     /usr/lib/x86_64-linux-gnu/libgobject-2.0.so.0.3200.4
7f2a761e7000-7f2a761e8000 r--p 0004d000 08:01 919206                     /usr/lib/x86_64-linux-gnu/libgobject-2.0.so.0.3200.4
7f2a761e8000-7f2a761e9000 rw-p 0004e000 08:01 919206                     /usr/lib/x86_64-linux-gnu/libgobject-2.0.so.0.3200.4
7f2a761e9000-7f2a76331000 r-xp 00000000 08:01 919205                     /usr/lib/x86_64-linux-gnu/libgio-2.0.so.0.3200.4
7f2a76331000-7f2a76530000 ---p 00148000 08:01 919205                     /usr/lib/x86_64-linux-gnu/libgio-2.0.so.0.3200.4
7f2a76530000-7f2a76534000 r--p 00147000 08:01 919205                     /usr/lib/x86_64-linux-gnu/libgio-2.0.so.0.3200.4
7f2a76534000-7f2a76536000 rw-p 0014b000 08:01 919205                     /usr/lib/x86_64-linux-gnu/libgio-2.0.so.0.3200.4
7f2a76536000-7f2a76538000 rw-p 00000000 00:00 0 
7f2a7653f000-7f2a76549000 r--s 000b8000 08:01 543019                     /usr/lib/jvm/java-7-openjdk-amd64/jre/lib/resources.jar
7f2a76549000-7f2a7655f000 r-xp 00000000 08:01 543070                     /usr/lib/jvm/java-7-openjdk-amd64/jre/lib/amd64/libnet.so
7f2a7655f000-7f2a7675f000 ---p 00016000 08:01 543070                     /usr/lib/jvm/java-7-openjdk-amd64/jre/lib/amd64/libnet.so
7f2a7675f000-7f2a76760000 r--p 00016000 08:01 543070                     /usr/lib/jvm/java-7-openjdk-amd64/jre/lib/amd64/libnet.so
7f2a76760000-7f2a76761000 rw-p 00017000 08:01 543070                     /usr/lib/jvm/java-7-openjdk-amd64/jre/lib/amd64/libnet.so
7f2a76761000-7f2a76764000 r--s 00013000 08:01 1079103                    /home/galic1987/.m2/repository/net/sf/ezmorph/ezmorph/1.0.6/ezmorph-1.0.6.jar
7f2a76764000-7f2a76766000 r--s 0000d000 08:01 1079102                    /home/galic1987/.m2/repository/commons-logging/commons-logging/1.1.1/commons-logging-1.1.1.jar
7f2a76766000-7f2a76769000 r--s 00017000 08:01 541426                     /usr/lib/jvm/java-7-openjdk-amd64/jre/lib/jce.jar
7f2a76769000-7f2a7676e000 r--s 0004c000 08:01 543037                     /usr/lib/jvm/java-7-openjdk-amd64/jre/lib/jsse.jar
7f2a7676e000-7f2a76773000 r--s 00040000 08:01 1079101                    /home/galic1987/.m2/repository/commons-lang/commons-lang/2.5/commons-lang-2.5.jar
7f2a76773000-7f2a76781000 r--s 0007f000 08:01 1079100                    /home/galic1987/.m2/repository/commons-collections/commons-collections/3.2.1/commons-collections-3.2.1.jar
7f2a76781000-7f2a76786000 r--s 00034000 08:01 1079099                    /home/galic1987/.m2/repository/commons-beanutils/commons-beanutils/1.8.0/commons-beanutils-1.8.0.jar
7f2a76786000-7f2a7678c000 r--s 00033000 08:01 1079097                    /home/galic1987/.m2/repository/commons-codec/commons-codec/1.6/commons-codec-1.6.jar
7f2a7678c000-7f2a76792000 r--s 00032000 08:01 665413                     /home/galic1987/.m2/repository/org/apache/httpcomponents/httpcore/4.2.4/httpcore-4.2.4.jar
7f2a76792000-7f2a7679b000 r--s 00061000 08:01 665412                     /home/galic1987/.m2/repository/org/apache/httpcomponents/httpclient/4.2.5/httpclient-4.2.5.jar
7f2a7679b000-7f2a767bc000 r--s 0015a000 08:01 15334                      /home/galic1987/.m2/repository/bouncycastle/bcprov-jdk14/138/bcprov-jdk14-138.jar
7f2a767bc000-7f2a767c8000 r--s 00105000 08:01 1079318                    /home/galic1987/.m2/repository/com/lowagie/itext/2.1.5/itext-2.1.5.jar
7f2a767c8000-7f2a767c9000 ---p 00000000 00:00 0 
7f2a767c9000-7f2a768c9000 rw-p 00000000 00:00 0                          [stack:27595]
7f2a768c9000-7f2a768cc000 ---p 00000000 00:00 0 
7f2a768cc000-7f2a769ca000 rw-p 00000000 00:00 0                          [stack:27594]
7f2a769ca000-7f2a769cd000 ---p 00000000 00:00 0 
7f2a769cd000-7f2a76acb000 rw-p 00000000 00:00 0                          [stack:27593]
7f2a76acb000-7f2a76ace000 ---p 00000000 00:00 0 
7f2a76ace000-7f2a76bcc000 rw-p 00000000 00:00 0                          [stack:27592]
7f2a76bcc000-7f2a76bcf000 ---p 00000000 00:00 0 
7f2a76bcf000-7f2a76ccd000 rw-p 00000000 00:00 0                          [stack:27591]
7f2a76ccd000-7f2a773b0000 r--p 00000000 08:01 924466                     /usr/lib/locale/locale-archive
7f2a773b0000-7f2a79000000 rw-p 00000000 00:00 0 
7f2a79000000-7f2a79270000 rwxp 00000000 00:00 0 
7f2a79270000-7f2a7c459000 rw-p 00000000 00:00 0 
7f2a7c459000-7f2a80000000 ---p 00000000 00:00 0 
7f2a80001000-7f2a80004000 r--s 00024000 08:01 1079098                    /home/galic1987/.m2/repository/net/sf/json-lib/json-lib/2.4/json-lib-2.4-jdk15.jar
7f2a80004000-7f2a80006000 r--s 00005000 08:01 1079446                    /home/galic1987/.m2/repository/org/slf4j/slf4j-api/1.7.5/slf4j-api-1.7.5.jar
7f2a80006000-7f2a80007000 r--s 00002000 08:01 1079096                    /home/galic1987/.m2/repository/de/taimos/httputils/1.2.0/httputils-1.2.0.jar
7f2a80007000-7f2a8000b000 r--s 0002b000 08:01 15329                      /home/galic1987/.m2/repository/bouncycastle/bcmail-jdk14/138/bcmail-jdk14-138.jar
7f2a8000b000-7f2a80013000 r--s 00028000 08:01 15300                      /home/galic1987/.m2/repository/xml-apis/xml-apis/1.3.04/xml-apis-1.3.04.jar
7f2a80013000-7f2a8001c000 r--s 00073000 08:01 15289                      /home/galic1987/.m2/repository/org/jfree/jcommon/1.0.17/jcommon-1.0.17.jar
7f2a8001c000-7f2a8002c000 r--s 00155000 08:01 15285                      /home/galic1987/.m2/repository/org/jfree/jfreechart/1.0.14/jfreechart-1.0.14.jar
7f2a8002c000-7f2a80032000 r--s 00059000 08:01 16065                      /home/galic1987/.m2/repository/org/cojen/cojen/2.2.3/cojen-2.2.3.jar
7f2a80032000-7f2a8003a000 r--s 000c7000 08:01 15180                      /home/galic1987/.m2/repository/mysql/mysql-connector-java/5.1.24/mysql-connector-java-5.1.24.jar
7f2a8003a000-7f2a8003e000 r--s 00036000 08:01 15179                      /home/galic1987/.m2/repository/org/antlr/ST4/4.0.7/ST4-4.0.7.jar
7f2a8003e000-7f2a80043000 r--s 00068000 08:01 15178                      /home/galic1987/.m2/repository/antlr/antlr/2.7.7/antlr-2.7.7.jar
7f2a80043000-7f2a80046000 r--s 00022000 08:01 15177                      /home/galic1987/.m2/repository/org/antlr/stringtemplate/3.2.1/stringtemplate-3.2.1.jar
7f2a80046000-7f2a80049000 r--s 00026000 08:01 15176                      /home/galic1987/.m2/repository/org/antlr/antlr-runtime/3.5/antlr-runtime-3.5.jar
7f2a80049000-7f2a8004b000 r--s 00005000 08:01 15120                      /home/galic1987/.m2/repository/org/abego/treelayout/org.abego.treelayout.core/1.0.1/org.abego.treelayout.core-1.0.1.jar
7f2a8004b000-7f2a80050000 r--s 00037000 08:01 14872                      /home/galic1987/.m2/repository/org/antlr/antlr4-runtime/4.0/antlr4-runtime-4.0.jar
7f2a80050000-7f2a8005b000 r--s 0008c000 08:01 14586                      /home/galic1987/.m2/repository/org/antlr/antlr4/4.0/antlr4-4.0.jar
7f2a8005b000-7f2a8005c000 r--s 00000000 08:01 943243                     /usr/local/share/java/solver.constraints.real.jar
7f2a8005c000-7f2a8005e000 r--s 00007000 08:01 14528                      /home/galic1987/.m2/repository/org/objenesis/objenesis/1.2/objenesis-1.2.jar
7f2a8005e000-7f2a80064000 r--s 00049000 08:01 14527                      /home/galic1987/.m2/repository/cglib/cglib-nodep/2.2/cglib-nodep-2.2.jar
7f2a80064000-7f2a80067000 r--s 00019000 08:01 14526                      /home/galic1987/.m2/repository/org/easymock/easymock/3.0/easymock-3.0.jar
7f2a80067000-7f2a8006f000 r--s 00032000 08:01 1079072                    /home/galic1987/.m2/repository/jgrapht/jgrapht/0.8.1/jgrapht-0.8.1.jar
7f2a8006f000-7f2a80073000 r--s 00026000 08:01 1079071                    /home/galic1987/.m2/repository/dk/brics/automaton/1.11-2/automaton-1.11-2.jar
7f2a80073000-7f2a80075000 r--s 0000a000 08:01 1079095                    /home/galic1987/.m2/repository/args4j/args4j/2.0.12/args4j-2.0.12.jar
7f2a80075000-7f2a8007b000 r--s 00035000 08:01 1079094                    /home/galic1987/.m2/repository/ch/qos/logback/logback-classic/0.9.24/logback-classic-0.9.24.jar
7f2a8007b000-7f2a80083000 r--s 00042000 08:01 1079093                    /home/galic1987/.m2/repository/ch/qos/logback/logback-core/0.9.24/logback-core-0.9.24.jar
7f2a80083000-7f2a80085000 r--s 00005000 08:01 1079092                    /home/galic1987/.m2/repository/org/slf4j/slf4j-api/1.6.1/slf4j-api-1.6.1.jar
7f2a80085000-7f2a800ad000 r--s 00241000 08:01 1079091                    /home/galic1987/.m2/repository/net/sf/trove4j/trove4j/3.0.3/trove4j-3.0.3.jar
7f2a800ad000-7f2a800af000 r--s 00004000 08:01 1079232                    /home/galic1987/.m2/repository/com/beust/jcommander/1.3/jcommander-1.3.jar
7f2a800af000-7f2a800bd000 r--s 00095000 08:01 1079230                    /home/galic1987/.m2/repository/com/google/inject/guice/2.0/guice-2.0.jar
7f2a800bd000-7f2a800c2000 r--s 00040000 08:01 1079229                    /home/galic1987/.m2/repository/org/beanshell/bsh/2.0b4/bsh-2.0b4.jar
7f2a800c2000-7f2a800c5000 r--s 0001b000 08:01 665414                     /home/galic1987/.m2/repository/junit/junit/3.8.1/junit-3.8.1.jar
7f2a800c5000-7f2a800c8000 ---p 00000000 00:00 0 
7f2a800c8000-7f2a801c6000 rw-p 00000000 00:00 0                          [stack:27589]
7f2a801c6000-7f2a801c9000 ---p 00000000 00:00 0 
7f2a801c9000-7f2a802c7000 rw-p 00000000 00:00 0                          [stack:27588]
7f2a802c7000-7f2a802c8000 ---p 00000000 00:00 0 
7f2a802c8000-7f2a80d7c000 rw-p 00000000 00:00 0                          [stack:27587]
7f2a80d7c000-7f2a80f2a000 r--s 01cf4000 08:01 541401                     /usr/lib/jvm/java-7-openjdk-amd64/jre/lib/rt.jar
7f2a80f2a000-7f2a811e8000 rw-p 00000000 00:00 0 
7f2a811e8000-7f2a811e9000 ---p 00000000 00:00 0 
7f2a811e9000-7f2a812e9000 rw-p 00000000 00:00 0                          [stack:27586]
7f2a812e9000-7f2a812ea000 ---p 00000000 00:00 0 
7f2a812ea000-7f2a813f5000 rw-p 00000000 00:00 0                          [stack:27585]
7f2a813f5000-7f2a8143d000 rw-p 00000000 00:00 0 
7f2a8143d000-7f2a8144d000 rw-p 00000000 00:00 0 
7f2a8144d000-7f2a81534000 rw-p 00000000 00:00 0 
7f2a81534000-7f2a8153f000 rw-p 00000000 00:00 0 
7f2a8153f000-7f2a81587000 rw-p 00000000 00:00 0 
7f2a81587000-7f2a81597000 rw-p 00000000 00:00 0 
7f2a81597000-7f2a8167d000 rw-p 00000000 00:00 0 
7f2a8167d000-7f2a8168c000 rw-p 00000000 00:00 0 
7f2a8168c000-7f2a816f9000 rw-p 00000000 00:00 0 
7f2a816f9000-7f2a816fa000 rw-p 00000000 00:00 0 
7f2a816fa000-7f2a81702000 r-xp 00000000 08:01 543065                     /usr/lib/jvm/java-7-openjdk-amd64/jre/lib/amd64/libzip.so
7f2a81702000-7f2a81901000 ---p 00008000 08:01 543065                     /usr/lib/jvm/java-7-openjdk-amd64/jre/lib/amd64/libzip.so
7f2a81901000-7f2a81902000 r--p 00007000 08:01 543065                     /usr/lib/jvm/java-7-openjdk-amd64/jre/lib/amd64/libzip.so
7f2a81902000-7f2a81903000 rw-p 00008000 08:01 543065                     /usr/lib/jvm/java-7-openjdk-amd64/jre/lib/amd64/libzip.so
7f2a81903000-7f2a8190f000 r-xp 00000000 08:01 410750                     /lib/x86_64-linux-gnu/libnss_files-2.15.so
7f2a8190f000-7f2a81b0e000 ---p 0000c000 08:01 410750                     /lib/x86_64-linux-gnu/libnss_files-2.15.so
7f2a81b0e000-7f2a81b0f000 r--p 0000b000 08:01 410750                     /lib/x86_64-linux-gnu/libnss_files-2.15.so
7f2a81b0f000-7f2a81b10000 rw-p 0000c000 08:01 410750                     /lib/x86_64-linux-gnu/libnss_files-2.15.so
7f2a81b10000-7f2a81b1a000 r-xp 00000000 08:01 410861                     /lib/x86_64-linux-gnu/libnss_nis-2.15.so
7f2a81b1a000-7f2a81d1a000 ---p 0000a000 08:01 410861                     /lib/x86_64-linux-gnu/libnss_nis-2.15.so
7f2a81d1a000-7f2a81d1b000 r--p 0000a000 08:01 410861                     /lib/x86_64-linux-gnu/libnss_nis-2.15.so
7f2a81d1b000-7f2a81d1c000 rw-p 0000b000 08:01 410861                     /lib/x86_64-linux-gnu/libnss_nis-2.15.so
7f2a81d1c000-7f2a81d33000 r-xp 00000000 08:01 412496                     /lib/x86_64-linux-gnu/libnsl-2.15.so
7f2a81d33000-7f2a81f32000 ---p 00017000 08:01 412496                     /lib/x86_64-linux-gnu/libnsl-2.15.so
7f2a81f32000-7f2a81f33000 r--p 00016000 08:01 412496                     /lib/x86_64-linux-gnu/libnsl-2.15.so
7f2a81f33000-7f2a81f34000 rw-p 00017000 08:01 412496                     /lib/x86_64-linux-gnu/libnsl-2.15.so
7f2a81f34000-7f2a81f36000 rw-p 00000000 00:00 0 
7f2a81f36000-7f2a81f3e000 r-xp 00000000 08:01 410722                     /lib/x86_64-linux-gnu/libnss_compat-2.15.so
7f2a81f3e000-7f2a8213d000 ---p 00008000 08:01 410722                     /lib/x86_64-linux-gnu/libnss_compat-2.15.so
7f2a8213d000-7f2a8213e000 r--p 00007000 08:01 410722                     /lib/x86_64-linux-gnu/libnss_compat-2.15.so
7f2a8213e000-7f2a8213f000 rw-p 00008000 08:01 410722                     /lib/x86_64-linux-gnu/libnss_compat-2.15.so
7f2a8213f000-7f2a82168000 r-xp 00000000 08:01 543061                     /usr/lib/jvm/java-7-openjdk-amd64/jre/lib/amd64/libjava.so
7f2a82168000-7f2a82367000 ---p 00029000 08:01 543061                     /usr/lib/jvm/java-7-openjdk-amd64/jre/lib/amd64/libjava.so
7f2a82367000-7f2a82368000 r--p 00028000 08:01 543061                     /usr/lib/jvm/java-7-openjdk-amd64/jre/lib/amd64/libjava.so
7f2a82368000-7f2a8236a000 rw-p 00029000 08:01 543061                     /usr/lib/jvm/java-7-openjdk-amd64/jre/lib/amd64/libjava.so
7f2a8236a000-7f2a82378000 r-xp 00000000 08:01 543092                     /usr/lib/jvm/java-7-openjdk-amd64/jre/lib/amd64/libverify.so
7f2a82378000-7f2a82577000 ---p 0000e000 08:01 543092                     /usr/lib/jvm/java-7-openjdk-amd64/jre/lib/amd64/libverify.so
7f2a82577000-7f2a82579000 r--p 0000d000 08:01 543092                     /usr/lib/jvm/java-7-openjdk-amd64/jre/lib/amd64/libverify.so
7f2a82579000-7f2a8257a000 rw-p 0000f000 08:01 543092                     /usr/lib/jvm/java-7-openjdk-amd64/jre/lib/amd64/libverify.so
7f2a8257a000-7f2a82581000 r-xp 00000000 08:01 410819                     /lib/x86_64-linux-gnu/librt-2.15.so
7f2a82581000-7f2a82780000 ---p 00007000 08:01 410819                     /lib/x86_64-linux-gnu/librt-2.15.so
7f2a82780000-7f2a82781000 r--p 00006000 08:01 410819                     /lib/x86_64-linux-gnu/librt-2.15.so
7f2a82781000-7f2a82782000 rw-p 00007000 08:01 410819                     /lib/x86_64-linux-gnu/librt-2.15.so
7f2a82782000-7f2a82797000 r-xp 00000000 08:01 397381                     /lib/x86_64-linux-gnu/libgcc_s.so.1
7f2a82797000-7f2a82996000 ---p 00015000 08:01 397381                     /lib/x86_64-linux-gnu/libgcc_s.so.1
7f2a82996000-7f2a82997000 r--p 00014000 08:01 397381                     /lib/x86_64-linux-gnu/libgcc_s.so.1
7f2a82997000-7f2a82998000 rw-p 00015000 08:01 397381                     /lib/x86_64-linux-gnu/libgcc_s.so.1
7f2a82998000-7f2a82a93000 r-xp 00000000 08:01 412487                     /lib/x86_64-linux-gnu/libm-2.15.so
7f2a82a93000-7f2a82c92000 ---p 000fb000 08:01 412487                     /lib/x86_64-linux-gnu/libm-2.15.so
7f2a82c92000-7f2a82c93000 r--p 000fa000 08:01 412487                     /lib/x86_64-linux-gnu/libm-2.15.so
7f2a82c93000-7f2a82c94000 rw-p 000fb000 08:01 412487                     /lib/x86_64-linux-gnu/libm-2.15.so
7f2a82c94000-7f2a82d76000 r-xp 00000000 08:01 926534                     /usr/lib/x86_64-linux-gnu/libstdc++.so.6.0.16
7f2a82d76000-7f2a82f75000 ---p 000e2000 08:01 926534                     /usr/lib/x86_64-linux-gnu/libstdc++.so.6.0.16
7f2a82f75000-7f2a82f7d000 r--p 000e1000 08:01 926534                     /usr/lib/x86_64-linux-gnu/libstdc++.so.6.0.16
7f2a82f7d000-7f2a82f7f000 rw-p 000e9000 08:01 926534                     /usr/lib/x86_64-linux-gnu/libstdc++.so.6.0.16
7f2a82f7f000-7f2a82f94000 rw-p 00000000 00:00 0 
7f2a82f94000-7f2a83a4f000 r-xp 00000000 08:01 543075                     /usr/lib/jvm/java-7-openjdk-amd64/jre/lib/amd64/server/libjvm.so
7f2a83a4f000-7f2a83c4f000 ---p 00abb000 08:01 543075                     /usr/lib/jvm/java-7-openjdk-amd64/jre/lib/amd64/server/libjvm.so
7f2a83c4f000-7f2a83ce7000 r--p 00abb000 08:01 543075                     /usr/lib/jvm/java-7-openjdk-amd64/jre/lib/amd64/server/libjvm.so
7f2a83ce7000-7f2a83d0a000 rw-p 00b53000 08:01 543075                     /usr/lib/jvm/java-7-openjdk-amd64/jre/lib/amd64/server/libjvm.so
7f2a83d0a000-7f2a83d37000 rw-p 00000000 00:00 0 
7f2a83d37000-7f2a83d4d000 r-xp 00000000 08:01 397471                     /lib/x86_64-linux-gnu/libz.so.1.2.3.4
7f2a83d4d000-7f2a83f4c000 ---p 00016000 08:01 397471                     /lib/x86_64-linux-gnu/libz.so.1.2.3.4
7f2a83f4c000-7f2a83f4d000 r--p 00015000 08:01 397471                     /lib/x86_64-linux-gnu/libz.so.1.2.3.4
7f2a83f4d000-7f2a83f4e000 rw-p 00016000 08:01 397471                     /lib/x86_64-linux-gnu/libz.so.1.2.3.4
7f2a83f4e000-7f2a83f66000 r-xp 00000000 08:01 412485                     /lib/x86_64-linux-gnu/libpthread-2.15.so
7f2a83f66000-7f2a84165000 ---p 00018000 08:01 412485                     /lib/x86_64-linux-gnu/libpthread-2.15.so
7f2a84165000-7f2a84166000 r--p 00017000 08:01 412485                     /lib/x86_64-linux-gnu/libpthread-2.15.so
7f2a84166000-7f2a84167000 rw-p 00018000 08:01 412485                     /lib/x86_64-linux-gnu/libpthread-2.15.so
7f2a84167000-7f2a8416b000 rw-p 00000000 00:00 0 
7f2a8416b000-7f2a8416d000 r-xp 00000000 08:01 412491                     /lib/x86_64-linux-gnu/libdl-2.15.so
7f2a8416d000-7f2a8436d000 ---p 00002000 08:01 412491                     /lib/x86_64-linux-gnu/libdl-2.15.so
7f2a8436d000-7f2a8436e000 r--p 00002000 08:01 412491                     /lib/x86_64-linux-gnu/libdl-2.15.so
7f2a8436e000-7f2a8436f000 rw-p 00003000 08:01 412491                     /lib/x86_64-linux-gnu/libdl-2.15.so
7f2a8436f000-7f2a84524000 r-xp 00000000 08:01 410671                     /lib/x86_64-linux-gnu/libc-2.15.so
7f2a84524000-7f2a84724000 ---p 001b5000 08:01 410671                     /lib/x86_64-linux-gnu/libc-2.15.so
7f2a84724000-7f2a84728000 r--p 001b5000 08:01 410671                     /lib/x86_64-linux-gnu/libc-2.15.so
7f2a84728000-7f2a8472a000 rw-p 001b9000 08:01 410671                     /lib/x86_64-linux-gnu/libc-2.15.so
7f2a8472a000-7f2a8472f000 rw-p 00000000 00:00 0 
7f2a8472f000-7f2a8473c000 r-xp 00000000 08:01 543085                     /usr/lib/jvm/java-7-openjdk-amd64/jre/lib/amd64/jli/libjli.so
7f2a8473c000-7f2a8493b000 ---p 0000d000 08:01 543085                     /usr/lib/jvm/java-7-openjdk-amd64/jre/lib/amd64/jli/libjli.so
7f2a8493b000-7f2a8493c000 r--p 0000c000 08:01 543085                     /usr/lib/jvm/java-7-openjdk-amd64/jre/lib/amd64/jli/libjli.so
7f2a8493c000-7f2a8493d000 rw-p 0000d000 08:01 543085                     /usr/lib/jvm/java-7-openjdk-amd64/jre/lib/amd64/jli/libjli.so
7f2a8493d000-7f2a8495f000 r-xp 00000000 08:01 412488                     /lib/x86_64-linux-gnu/ld-2.15.so
7f2a8495f000-7f2a84961000 r--s 00000000 08:01 1079231                    /home/galic1987/.m2/repository/aopalliance/aopalliance/1.0/aopalliance-1.0.jar
7f2a84961000-7f2a84969000 r--s 00079000 08:01 1079228                    /home/galic1987/.m2/repository/org/testng/testng/5.13.1/testng-5.13.1.jar
7f2a84969000-7f2a8496a000 r--s 00001000 08:01 1079073                    /home/galic1987/.m2/repository/choco/PropAnn/1.0/PropAnn-1.0.jar
7f2a8496a000-7f2a8496c000 r--s 00012000 08:01 542548                     /usr/lib/jvm/java-7-openjdk-amd64/jre/lib/ext/zipfs.jar
7f2a8496c000-7f2a84970000 r--s 00085000 08:01 543011                     /usr/lib/jvm/java-7-openjdk-amd64/jre/lib/ext/localedata.jar
7f2a84970000-7f2a84971000 r--s 00007000 08:01 1077429                    /usr/share/java/java-atk-wrapper.jar
7f2a84971000-7f2a84974000 r--s 00032000 08:01 543009                     /usr/lib/jvm/java-7-openjdk-amd64/jre/lib/ext/sunjce_provider.jar
7f2a84974000-7f2a84990000 rw-p 00000000 00:00 0 
7f2a84990000-7f2a84a46000 rw-p 00000000 00:00 0 
7f2a84a46000-7f2a84a49000 ---p 00000000 00:00 0 
7f2a84a49000-7f2a84b4c000 rw-p 00000000 00:00 0                          [stack:27580]
7f2a84b4c000-7f2a84b4e000 r--s 0000f000 08:01 541428                     /usr/lib/jvm/java-7-openjdk-amd64/jre/lib/ext/pulse-java.jar
7f2a84b4e000-7f2a84b4f000 r--s 00002000 08:01 543015                     /usr/lib/jvm/java-7-openjdk-amd64/jre/lib/ext/dnsns.jar
7f2a84b4f000-7f2a84b53000 r--s 0003b000 08:01 543013                     /usr/lib/jvm/java-7-openjdk-amd64/jre/lib/ext/sunpkcs11.jar
7f2a84b53000-7f2a84b5b000 rw-s 00000000 08:01 415062                     /tmp/hsperfdata_galic1987/27578
7f2a84b5b000-7f2a84b5c000 rw-p 00000000 00:00 0 
7f2a84b5c000-7f2a84b5d000 r--p 00000000 00:00 0 
7f2a84b5d000-7f2a84b5f000 rw-p 00000000 00:00 0 
7f2a84b5f000-7f2a84b60000 r--p 00022000 08:01 412488                     /lib/x86_64-linux-gnu/ld-2.15.so
7f2a84b60000-7f2a84b62000 rw-p 00023000 08:01 412488                     /lib/x86_64-linux-gnu/ld-2.15.so
7fffe7b2c000-7fffe7b4e000 rw-p 00000000 00:00 0                          [stack]
7fffe7bfe000-7fffe7c00000 r-xp 00000000 00:00 0                          [vdso]
ffffffffff600000-ffffffffff601000 r-xp 00000000 00:00 0                  [vsyscall]

VM Arguments:
jvm_args: -Djava.library.path=/usr/local/lib -Dfile.encoding=UTF-8 
java_command: test_choco.BTC_e
Launcher Type: SUN_STANDARD

Environment Variables:
JAVA_HOME=/usr/lib/jvm/java-7-openjdk-amd64/
PATH=/usr/lib/lightdm/lightdm:/usr/local/sbin:/usr/local/bin:/usr/sbin:/usr/bin:/sbin:/bin:/usr/games
SHELL=/bin/bash
DISPLAY=:0.0

Signal Handlers:
SIGSEGV: [libjvm.so+0x8f6d70], sa_mask[0]=0x7ffbfeff, sa_flags=0x10000004
SIGBUS: [libjvm.so+0x8f6d70], sa_mask[0]=0x7ffbfeff, sa_flags=0x10000004
SIGFPE: [libjvm.so+0x77aeb0], sa_mask[0]=0x7ffbfeff, sa_flags=0x10000004
SIGPIPE: SIG_IGN, sa_mask[0]=0x00000000, sa_flags=0x00000000
SIGXFSZ: [libjvm.so+0x77aeb0], sa_mask[0]=0x7ffbfeff, sa_flags=0x10000004
SIGILL: [libjvm.so+0x77aeb0], sa_mask[0]=0x7ffbfeff, sa_flags=0x10000004
SIGUSR1: SIG_DFL, sa_mask[0]=0x00000000, sa_flags=0x00000000
SIGUSR2: [libjvm.so+0x77b130], sa_mask[0]=0x00000004, sa_flags=0x10000004
SIGHUP: [libjvm.so+0x77b2a0], sa_mask[0]=0x7ffbfeff, sa_flags=0x10000004
SIGINT: [libjvm.so+0x77b2a0], sa_mask[0]=0x7ffbfeff, sa_flags=0x10000004
SIGTERM: [libjvm.so+0x77b2a0], sa_mask[0]=0x7ffbfeff, sa_flags=0x10000004
SIGQUIT: [libjvm.so+0x77b2a0], sa_mask[0]=0x7ffbfeff, sa_flags=0x10000004


---------------  S Y S T E M  ---------------

OS:Ubuntu 12.04 (precise)
uname:Linux 3.8.0-35-generic #50~precise1-Ubuntu SMP Wed Dec 4 17:25:51 UTC 2013 x86_64
libc:glibc 2.15 NPTL 2.15 
rlimit: STACK 8192k, CORE 0k, NPROC 23499, NOFILE 4096, AS infinity
load average:0.28 0.38 0.34

/proc/meminfo:
MemTotal:        3026824 kB
MemFree:           75872 kB
Buffers:           71444 kB
Cached:          1706348 kB
SwapCached:            0 kB
Active:          1389400 kB
Inactive:        1359796 kB
Active(anon):     557532 kB
Inactive(anon):   415388 kB
Active(file):     831868 kB
Inactive(file):   944408 kB
Unevictable:          16 kB
Mlocked:              16 kB
SwapTotal:       1046524 kB
SwapFree:        1045868 kB
Dirty:               132 kB
Writeback:             0 kB
AnonPages:        971668 kB
Mapped:           104372 kB
Shmem:              1468 kB
Slab:             112556 kB
SReclaimable:      86132 kB
SUnreclaim:        26424 kB
KernelStack:        3824 kB
PageTables:        23708 kB
NFS_Unstable:          0 kB
Bounce:                0 kB
WritebackTmp:          0 kB
CommitLimit:     2559936 kB
Committed_AS:    2629920 kB
VmallocTotal:   34359738367 kB
VmallocUsed:      167576 kB
VmallocChunk:   34359512992 kB
HardwareCorrupted:     0 kB
AnonHugePages:         0 kB
HugePages_Total:       0
HugePages_Free:        0
HugePages_Rsvd:        0
HugePages_Surp:        0
Hugepagesize:       2048 kB
DirectMap4k:       59392 kB
DirectMap2M:     3037184 kB


CPU:total 2 (1 cores per cpu, 1 threads per core) family 6 model 23 stepping 10, cmov, cx8, fxsr, mmx, sse, sse2, sse3, ssse3, sse4.1, tsc, tscinvbit

/proc/cpuinfo:
processor	: 0
vendor_id	: GenuineIntel
cpu family	: 6
model		: 23
model name	: Intel(R) Core(TM)2 Duo CPU     P8600  @ 2.40GHz
stepping	: 10
microcode	: 0xa0b
cpu MHz		: 2390.367
cache size	: 3072 KB
fpu		: yes
fpu_exception	: yes
cpuid level	: 13
wp		: yes
flags		: fpu vme de pse tsc msr pae mce cx8 apic sep mtrr pge mca cmov pat pse36 clflush dts mmx fxsr sse sse2 ss syscall nx lm constant_tsc arch_perfmon pebs bts nopl xtopology tsc_reliable nonstop_tsc aperfmperf pni ssse3 cx16 sse4_1 x2apic xsave hypervisor lahf_lm dtherm
bogomips	: 4780.73
clflush size	: 64
cache_alignment	: 64
address sizes	: 40 bits physical, 48 bits virtual
power management:

processor	: 1
vendor_id	: GenuineIntel
cpu family	: 6
model		: 23
model name	: Intel(R) Core(TM)2 Duo CPU     P8600  @ 2.40GHz
stepping	: 10
microcode	: 0xa0b
cpu MHz		: 2390.367
cache size	: 3072 KB
fpu		: yes
fpu_exception	: yes
cpuid level	: 13
wp		: yes
flags		: fpu vme de pse tsc msr pae mce cx8 apic sep mtrr pge mca cmov pat pse36 clflush dts mmx fxsr sse sse2 ss syscall nx lm constant_tsc arch_perfmon pebs bts nopl xtopology tsc_reliable nonstop_tsc aperfmperf pni ssse3 cx16 sse4_1 x2apic xsave hypervisor lahf_lm dtherm
bogomips	: 4780.73
clflush size	: 64
cache_alignment	: 64
address sizes	: 40 bits physical, 48 bits virtual
power management:



Memory: 4k page, physical 3026824k(75872k free), swap 1046524k(1045868k free)

vm_info: OpenJDK 64-Bit Server VM (24.45-b08) for linux-amd64 JRE (1.7.0_51-b00), built on Jan 16 2014 18:37:59 by "buildd" with gcc 4.6.3

time: Sat Jan 25 02:59:52 2014
elapsed time: 3 seconds

