#
# A fatal error has been detected by the Java Runtime Environment:
#
#  SIGSEGV (0xb) at pc=0xffffffff00000003, pid=54055, tid=140364709566208
#
# JRE version: OpenJDK Runtime Environment (7.0_51) (build 1.7.0_51-b00)
# Java VM: OpenJDK 64-Bit Server VM (24.45-b08 mixed mode linux-amd64 compressed oops)
# Problematic frame:
# C  0xffffffff00000003
#
# Failed to write core dump. Core dumps have been disabled. To enable core dumping, try "ulimit -c unlimited" before starting Java again
#
# If you would like to submit a bug report, please include
# instructions on how to reproduce the bug and visit:
#   http://icedtea.classpath.org/bugzilla
# The crash happened outside the Java Virtual Machine in native code.
# See problematic frame for where to report the bug.
#

---------------  T H R E A D  ---------------

Current thread (0x00007fa92c00d800):  JavaThread "main" [_thread_in_native, id=54061, stack(0x00007fa934971000,0x00007fa934a72000)]

siginfo:si_signo=SIGSEGV: si_errno=0, si_code=1 (SEGV_MAPERR), si_addr=0xffffffff00000003

Registers:
RAX=0x00007fa92c328680, RBX=0x00007fa92c00d9d8, RCX=0x3ff7f9de89406d86, RDX=0x0000000000000020
RSP=0x00007fa934a703d8, RBP=0x00007fa92c2e6b80, RSI=0x00007fa934a703f0, RDI=0x00007fa92c3cf120
R8 =0x00007fa92c2e6bb8, R9 =0x00007fa8ed536229, R10=0x8000000000000000, R11=0x7fffffffffffffff
R12=0x0000000000000001, R13=0x0000000000000000, R14=0x00007fa934a70480, R15=0x0000000000000003
RIP=0xffffffff00000003, EFLAGS=0x0000000000010297, CSGSFS=0x0000000000000033, ERR=0x0000000000000015
  TRAPNO=0x000000000000000e

Top of Stack: (sp=0x00007fa934a703d8)
0x00007fa934a703d8:   00007fa8ed3328e5 00000000f0951d20
0x00007fa934a703e8:   00000000f094e670 00007fa8ed535bb0
0x00007fa934a703f8:   0000000000000002 00007fa92c2e6bb8
0x00007fa934a70408:   00000000f0951720 00007fa8ed535bb0
0x00007fa934a70418:   00007fa900000002 00007fa92c2e6be8
0x00007fa934a70428:   01007fa9290a5b8c 00000000f0951d20
0x00007fa934a70438:   00000000f094f038 00007fa934a704b0
0x00007fa934a70448:   0000000000000000 00007fa934a70628
0x00007fa934a70458:   00000000c8260c68 00007fa92c00d800
0x00007fa934a70468:   00007fa92917061e 00000000f094f0b8
0x00007fa934a70478:   00000000f73b35a0 00000000f09672c0
0x00007fa934a70488:   00000000c829cbe8 00000000c82c88c0
0x00007fa934a70498:   00000000c829c040 00007fa934a70518
0x00007fa934a704a8:   00007fa9290060d8 0000000000000002
0x00007fa934a704b8:   00007fa92916a214 00000000f094efe0
0x00007fa934a704c8:   0000000400000000 00000000f094e958
0x00007fa934a704d8:   00007fa934a704d8 00000000f09672c0
0x00007fa934a704e8:   00007fa900000000 00000000c829cbe8
0x00007fa934a704f8:   00000000c82c87a0 00000000c829bf10
0x00007fa934a70508:   0000000000000000 00007fa934a70528
0x00007fa934a70518:   00007fa934a70580 00007fa9290060d8
0x00007fa934a70528:   00000000f0951bd0 00000000f73b35a0
0x00007fa934a70538:   0000000000000001 00007fa934a70540
0x00007fa934a70548:   00000000c829b41a 00007fa934a705b8
0x00007fa934a70558:   00000000c829cbe8 00000000f094efe0
0x00007fa934a70568:   00007fa92916fed0 0000000c00000001
0x00007fa934a70578:   00007fa934a705a0 00007fa934a70600
0x00007fa934a70588:   00007fa929006a7e 0000000000000000
0x00007fa934a70598:   00007fa92911d320 00000000f0952068
0x00007fa934a705a8:   00000000f0951d20 f09522c800000000
0x00007fa934a705b8:   0000000000000000 0000000c00000001
0x00007fa934a705c8:   00000000c81d68da 00007fa934a70628 

Instructions: (pc=0xffffffff00000003)
0xfffffffeffffffe3:   
[error occurred during error reporting (printing registers, top of stack, instructions near pc), id 0xb]

Register to memory mapping:

RAX=0x00007fa92c328680 is an unknown value
RBX=0x00007fa92c00d9d8 is an unknown value
RCX=0x3ff7f9de89406d86 is an unknown value
RDX=0x0000000000000020 is an unknown value
RSP=0x00007fa934a703d8 is pointing into the stack for thread: 0x00007fa92c00d800
RBP=0x00007fa92c2e6b80 is an unknown value
RSI=0x00007fa934a703f0 is pointing into the stack for thread: 0x00007fa92c00d800
RDI=0x00007fa92c3cf120 is an unknown value
R8 =0x00007fa92c2e6bb8 is an unknown value
R9 =0x00007fa8ed536229: _ZN5filib8intervalIdLNS_17rounding_strategyE0ELNS_13interval_modeE2EE19extended_error_flagE+0 in /usr/local/lib/libibex-java.so at 0x00007fa8ed32f000
R10=0x8000000000000000 is an unknown value
R11=0x7fffffffffffffff is an unknown value
R12=0x0000000000000001 is an unknown value
R13=0x0000000000000000 is an unknown value
R14=0x00007fa934a70480 is pointing into the stack for thread: 0x00007fa92c00d800
R15=0x0000000000000003 is an unknown value


Stack: [0x00007fa934971000,0x00007fa934a72000],  sp=0x00007fa934a703d8,  free space=1020k
Native frames: (J=compiled Java code, j=interpreted, Vv=VM code, C=native code)
C  0xffffffff00000003

Java frames: (J=compiled Java code, j=interpreted, Vv=VM code)
J  solver.constraints.real.Ibex.contract(I[D)I
J  solver.constraints.real.RealPropagator.propagate(I)V
J  solver.constraints.real.RealPropagator.propagate(II)V
J  solver.propagation.hardcoded.TwoBucketsPropagationEngine.propagateFine(Ljava/util/ArrayDeque;)V
J  solver.propagation.hardcoded.TwoBucketsPropagationEngine.propagate()V
j  solver.search.loop.BinarySearchLoop.downBranch()V+41
J  solver.search.loop.AbstractSearchLoop.loop()V
j  solver.search.loop.AbstractSearchLoop.launch(Z)V+23
j  solver.Solver.solve(Z)V+44
j  solver.Solver.findOptimalSolution(Lsolver/ResolutionPolicy;Lsolver/variables/RealVar;D)V+83
j  test_choco.CalculateOptimalVolumeProblem.solve()V+15
j  samples.AbstractProblem.execute([Ljava/lang/String;)V+117
j  test_choco.CalculateOptimalVolumeProblem.start()V+29
j  test_choco.BTC_e.main([Ljava/lang/String;)V+500
v  ~StubRoutines::call_stub

---------------  P R O C E S S  ---------------

Java Threads: ( => current thread )
  0x00007fa914003000 JavaThread "Keep-Alive-Timer" daemon [_thread_blocked, id=54158, stack(0x00007fa8edc4d000,0x00007fa8edd4e000)]
  0x00007fa92c0b5000 JavaThread "Service Thread" daemon [_thread_blocked, id=54079, stack(0x00007fa925f57000,0x00007fa926058000)]
  0x00007fa92c0b2800 JavaThread "C2 CompilerThread1" daemon [_thread_in_native, id=54078, stack(0x00007fa926058000,0x00007fa926159000)]
  0x00007fa92c0af800 JavaThread "C2 CompilerThread0" daemon [_thread_blocked, id=54077, stack(0x00007fa926159000,0x00007fa92625a000)]
  0x00007fa90c001000 JavaThread "JDWP Command Reader" daemon [_thread_in_native, id=54074, stack(0x00007fa92625a000,0x00007fa92635b000)]
  0x00007fa92c0ad800 JavaThread "JDWP Event Helper Thread" daemon [_thread_blocked, id=54073, stack(0x00007fa92635b000,0x00007fa92645c000)]
  0x00007fa92c0aa000 JavaThread "JDWP Transport Listener: dt_socket" daemon [_thread_blocked, id=54070, stack(0x00007fa92645c000,0x00007fa92655d000)]
  0x00007fa92c09c800 JavaThread "Signal Dispatcher" daemon [_thread_blocked, id=54068, stack(0x00007fa926762000,0x00007fa926863000)]
  0x00007fa92c07a800 JavaThread "Finalizer" daemon [_thread_blocked, id=54066, stack(0x00007fa926863000,0x00007fa926964000)]
  0x00007fa92c078800 JavaThread "Reference Handler" daemon [_thread_blocked, id=54065, stack(0x00007fa926964000,0x00007fa926a65000)]
=>0x00007fa92c00d800 JavaThread "main" [_thread_in_native, id=54061, stack(0x00007fa934971000,0x00007fa934a72000)]

Other Threads:
  0x00007fa92c074000 VMThread [stack: 0x00007fa926a65000,0x00007fa926b66000] [id=54064]
  0x00007fa92c0bf800 WatcherThread [stack: 0x00007fa925e56000,0x00007fa925f57000] [id=54080]

VM state:not at safepoint (normal execution)

VM Mutex/Monitor currently owned by a thread: None

Heap
 PSYoungGen      total 107520K, used 6386K [0x00000000f0900000, 0x00000000f7900000, 0x0000000100000000)
  eden space 101888K, 1% used [0x00000000f0900000,0x00000000f0a8a0b8,0x00000000f6c80000)
  from space 5632K, 85% used [0x00000000f7280000,0x00000000f7732a40,0x00000000f7800000)
  to   space 6144K, 0% used [0x00000000f6c80000,0x00000000f6c80000,0x00000000f7280000)
 ParOldGen       total 31232K, used 11204K [0x00000000d1c00000, 0x00000000d3a80000, 0x00000000f0900000)
  object space 31232K, 35% used [0x00000000d1c00000,0x00000000d26f1380,0x00000000d3a80000)
 PSPermGen       total 21504K, used 13162K [0x00000000c7600000, 0x00000000c8b00000, 0x00000000d1c00000)
  object space 21504K, 61% used [0x00000000c7600000,0x00000000c82daa68,0x00000000c8b00000)

Card table byte_map: [0x00007fa93093d000,0x00007fa930b03000] byte_map_base: 0x00007fa930302000

Polling page: 0x00007fa934a88000

Code Cache  [0x00007fa929000000, 0x00007fa929270000, 0x00007fa92c000000)
 total_blobs=715 nmethods=398 adapters=279 free_code_cache=47581Kb largest_free_block=48685952

Compilation events (10 events):
Event: 16.431 Thread 0x00007fa92c0b2800  412             java.util.regex.Pattern::compile (406 bytes)
Event: 16.482 Thread 0x00007fa92c0af800 nmethod 410 0x00007fa929187fd0 code [0x00007fa929188160, 0x00007fa929188c98]
Event: 16.482 Thread 0x00007fa92c0af800  413             sun.security.jca.ProviderList$ServiceList::tryGet (181 bytes)
Event: 16.588 Thread 0x00007fa92c0af800 nmethod 413 0x00007fa92914c910 code [0x00007fa92914cb00, 0x00007fa92914d988]
Event: 16.588 Thread 0x00007fa92c0af800  414             sun.security.provider.ByteArrayAccess::i2bLittle (204 bytes)
Event: 16.602 Thread 0x00007fa92c0af800 nmethod 414 0x00007fa929187a50 code [0x00007fa929187ba0, 0x00007fa929187e38]
Event: 16.649 Thread 0x00007fa92c0b2800 nmethod 412 0x00007fa92918e310 code [0x00007fa92918e680, 0x00007fa929190458]
Event: 17.046 Thread 0x00007fa92c0af800  415             java.util.HashMap::containsKey (14 bytes)
Event: 17.050 Thread 0x00007fa92c0af800 nmethod 415 0x00007fa929173950 code [0x00007fa929173ac0, 0x00007fa929173d08]
Event: 17.250 Thread 0x00007fa92c0b2800  416             solver.propagation.hardcoded.TwoBucketsPropagationEngine::flush (329 bytes)

GC Heap History (10 events):
Event: 2.818 GC heap before
{Heap before GC invocations=2 (full 0):
 PSYoungGen      total 14336K, used 14324K [0x00000000f0900000, 0x00000000f2500000, 0x0000000100000000)
  eden space 12800K, 100% used [0x00000000f0900000,0x00000000f1580000,0x00000000f1580000)
  from space 1536K, 99% used [0x00000000f1580000,0x00000000f16fd210,0x00000000f1700000)
  to   space 1536K, 0% used [0x00000000f2380000,0x00000000f2380000,0x00000000f2500000)
 ParOldGen       total 31232K, used 1579K [0x00000000d1c00000, 0x00000000d3a80000, 0x00000000f0900000)
  object space 31232K, 5% used [0x00000000d1c00000,0x00000000d1d8ad80,0x00000000d3a80000)
 PSPermGen       total 21504K, used 8363K [0x00000000c7600000, 0x00000000c8b00000, 0x00000000d1c00000)
  object space 21504K, 38% used [0x00000000c7600000,0x00000000c7e2ac90,0x00000000c8b00000)
Event: 2.841 GC heap after
Heap after GC invocations=2 (full 0):
 PSYoungGen      total 27136K, used 1509K [0x00000000f0900000, 0x00000000f2500000, 0x0000000100000000)
  eden space 25600K, 0% used [0x00000000f0900000,0x00000000f0900000,0x00000000f2200000)
  from space 1536K, 98% used [0x00000000f2380000,0x00000000f24f9640,0x00000000f2500000)
  to   space 1536K, 0% used [0x00000000f2200000,0x00000000f2200000,0x00000000f2380000)
 ParOldGen       total 31232K, used 2905K [0x00000000d1c00000, 0x00000000d3a80000, 0x00000000f0900000)
  object space 31232K, 9% used [0x00000000d1c00000,0x00000000d1ed6618,0x00000000d3a80000)
 PSPermGen       total 21504K, used 8363K [0x00000000c7600000, 0x00000000c8b00000, 0x00000000d1c00000)
  object space 21504K, 38% used [0x00000000c7600000,0x00000000c7e2ac90,0x00000000c8b00000)
}
Event: 4.454 GC heap before
{Heap before GC invocations=3 (full 0):
 PSYoungGen      total 27136K, used 27109K [0x00000000f0900000, 0x00000000f2500000, 0x0000000100000000)
  eden space 25600K, 100% used [0x00000000f0900000,0x00000000f2200000,0x00000000f2200000)
  from space 1536K, 98% used [0x00000000f2380000,0x00000000f24f9640,0x00000000f2500000)
  to   space 1536K, 0% used [0x00000000f2200000,0x00000000f2200000,0x00000000f2380000)
 ParOldGen       total 31232K, used 2905K [0x00000000d1c00000, 0x00000000d3a80000, 0x00000000f0900000)
  object space 31232K, 9% used [0x00000000d1c00000,0x00000000d1ed6618,0x00000000d3a80000)
 PSPermGen       total 21504K, used 11777K [0x00000000c7600000, 0x00000000c8b00000, 0x00000000d1c00000)
  object space 21504K, 54% used [0x00000000c7600000,0x00000000c81805a0,0x00000000c8b00000)
Event: 4.476 GC heap after
Heap after GC invocations=3 (full 0):
 PSYoungGen      total 27136K, used 1526K [0x00000000f0900000, 0x00000000f3e00000, 0x0000000100000000)
  eden space 25600K, 0% used [0x00000000f0900000,0x00000000f0900000,0x00000000f2200000)
  from space 1536K, 99% used [0x00000000f2200000,0x00000000f237dbd0,0x00000000f2380000)
  to   space 1536K, 0% used [0x00000000f3c80000,0x00000000f3c80000,0x00000000f3e00000)
 ParOldGen       total 31232K, used 4426K [0x00000000d1c00000, 0x00000000d3a80000, 0x00000000f0900000)
  object space 31232K, 14% used [0x00000000d1c00000,0x00000000d2052bc8,0x00000000d3a80000)
 PSPermGen       total 21504K, used 11777K [0x00000000c7600000, 0x00000000c8b00000, 0x00000000d1c00000)
  object space 21504K, 54% used [0x00000000c7600000,0x00000000c81805a0,0x00000000c8b00000)
}
Event: 12.839 GC heap before
{Heap before GC invocations=4 (full 0):
 PSYoungGen      total 27136K, used 27126K [0x00000000f0900000, 0x00000000f3e00000, 0x0000000100000000)
  eden space 25600K, 100% used [0x00000000f0900000,0x00000000f2200000,0x00000000f2200000)
  from space 1536K, 99% used [0x00000000f2200000,0x00000000f237dbd0,0x00000000f2380000)
  to   space 1536K, 0% used [0x00000000f3c80000,0x00000000f3c80000,0x00000000f3e00000)
 ParOldGen       total 31232K, used 4426K [0x00000000d1c00000, 0x00000000d3a80000, 0x00000000f0900000)
  object space 31232K, 14% used [0x00000000d1c00000,0x00000000d2052bc8,0x00000000d3a80000)
 PSPermGen       total 21504K, used 13117K [0x00000000c7600000, 0x00000000c8b00000, 0x00000000d1c00000)
  object space 21504K, 60% used [0x00000000c7600000,0x00000000c82cf460,0x00000000c8b00000)
Event: 12.877 GC heap after
Heap after GC invocations=4 (full 0):
 PSYoungGen      total 52736K, used 1526K [0x00000000f0900000, 0x00000000f3e00000, 0x0000000100000000)
  eden space 51200K, 0% used [0x00000000f0900000,0x00000000f0900000,0x00000000f3b00000)
  from space 1536K, 99% used [0x00000000f3c80000,0x00000000f3dfdb30,0x00000000f3e00000)
  to   space 1536K, 0% used [0x00000000f3b00000,0x00000000f3b00000,0x00000000f3c80000)
 ParOldGen       total 31232K, used 7920K [0x00000000d1c00000, 0x00000000d3a80000, 0x00000000f0900000)
  object space 31232K, 25% used [0x00000000d1c00000,0x00000000d23bc0a0,0x00000000d3a80000)
 PSPermGen       total 21504K, used 13117K [0x00000000c7600000, 0x00000000c8b00000, 0x00000000d1c00000)
  object space 21504K, 60% used [0x00000000c7600000,0x00000000c82cf460,0x00000000c8b00000)
}
Event: 15.480 GC heap before
{Heap before GC invocations=5 (full 0):
 PSYoungGen      total 52736K, used 52726K [0x00000000f0900000, 0x00000000f3e00000, 0x0000000100000000)
  eden space 51200K, 100% used [0x00000000f0900000,0x00000000f3b00000,0x00000000f3b00000)
  from space 1536K, 99% used [0x00000000f3c80000,0x00000000f3dfdb30,0x00000000f3e00000)
  to   space 1536K, 0% used [0x00000000f3b00000,0x00000000f3b00000,0x00000000f3c80000)
 ParOldGen       total 31232K, used 7920K [0x00000000d1c00000, 0x00000000d3a80000, 0x00000000f0900000)
  object space 31232K, 25% used [0x00000000d1c00000,0x00000000d23bc0a0,0x00000000d3a80000)
 PSPermGen       total 21504K, used 13146K [0x00000000c7600000, 0x00000000c8b00000, 0x00000000d1c00000)
  object space 21504K, 61% used [0x00000000c7600000,0x00000000c82d6818,0x00000000c8b00000)
Event: 15.501 GC heap after
Heap after GC invocations=5 (full 0):
 PSYoungGen      total 52736K, used 1525K [0x00000000f0900000, 0x00000000f7800000, 0x0000000100000000)
  eden space 51200K, 0% used [0x00000000f0900000,0x00000000f0900000,0x00000000f3b00000)
  from space 1536K, 99% used [0x00000000f3b00000,0x00000000f3c7d590,0x00000000f3c80000)
  to   space 5632K, 0% used [0x00000000f7280000,0x00000000f7280000,0x00000000f7800000)
 ParOldGen       total 31232K, used 11204K [0x00000000d1c00000, 0x00000000d3a80000, 0x00000000f0900000)
  object space 31232K, 35% used [0x00000000d1c00000,0x00000000d26f1380,0x00000000d3a80000)
 PSPermGen       total 21504K, used 13146K [0x00000000c7600000, 0x00000000c8b00000, 0x00000000d1c00000)
  object space 21504K, 61% used [0x00000000c7600000,0x00000000c82d6818,0x00000000c8b00000)
}
Event: 17.215 GC heap before
{Heap before GC invocations=6 (full 0):
 PSYoungGen      total 52736K, used 52725K [0x00000000f0900000, 0x00000000f7800000, 0x0000000100000000)
  eden space 51200K, 100% used [0x00000000f0900000,0x00000000f3b00000,0x00000000f3b00000)
  from space 1536K, 99% used [0x00000000f3b00000,0x00000000f3c7d590,0x00000000f3c80000)
  to   space 5632K, 0% used [0x00000000f7280000,0x00000000f7280000,0x00000000f7800000)
 ParOldGen       total 31232K, used 11204K [0x00000000d1c00000, 0x00000000d3a80000, 0x00000000f0900000)
  object space 31232K, 35% used [0x00000000d1c00000,0x00000000d26f1380,0x00000000d3a80000)
 PSPermGen       total 21504K, used 13162K [0x00000000c7600000, 0x00000000c8b00000, 0x00000000d1c00000)
  object space 21504K, 61% used [0x00000000c7600000,0x00000000c82daa48,0x00000000c8b00000)
Event: 17.238 GC heap after
Heap after GC invocations=6 (full 0):
 PSYoungGen      total 107520K, used 4810K [0x00000000f0900000, 0x00000000f7900000, 0x0000000100000000)
  eden space 101888K, 0% used [0x00000000f0900000,0x00000000f0900000,0x00000000f6c80000)
  from space 5632K, 85% used [0x00000000f7280000,0x00000000f7732a40,0x00000000f7800000)
  to   space 6144K, 0% used [0x00000000f6c80000,0x00000000f6c80000,0x00000000f7280000)
 ParOldGen       total 31232K, used 11204K [0x00000000d1c00000, 0x00000000d3a80000, 0x00000000f0900000)
  object space 31232K, 35% used [0x00000000d1c00000,0x00000000d26f1380,0x00000000d3a80000)
 PSPermGen       total 21504K, used 13162K [0x00000000c7600000, 0x00000000c8b00000, 0x00000000d1c00000)
  object space 21504K, 61% used [0x00000000c7600000,0x00000000c82daa48,0x00000000c8b00000)
}

Deoptimization events (10 events):
Event: 17.209 Thread 0x00007fa92c1c4800 Uncommon trap: reason=unhandled action=none pc=0x00007fa9290be2e0 method=java.lang.Integer.parseInt(Ljava/lang/String;I)I @ 204
Event: 17.209 Thread 0x00007fa92c1c4800 Uncommon trap: reason=unhandled action=none pc=0x00007fa9290be2e0 method=java.lang.Integer.parseInt(Ljava/lang/String;I)I @ 204
Event: 17.209 Thread 0x00007fa92c1c4800 Uncommon trap: reason=unhandled action=none pc=0x00007fa9290be2e0 method=java.lang.Integer.parseInt(Ljava/lang/String;I)I @ 204
Event: 17.209 Thread 0x00007fa92c1c4800 Uncommon trap: reason=unhandled action=none pc=0x00007fa9290be2e0 method=java.lang.Integer.parseInt(Ljava/lang/String;I)I @ 204
Event: 17.209 Thread 0x00007fa92c1c4800 Uncommon trap: reason=unhandled action=none pc=0x00007fa9290be2e0 method=java.lang.Integer.parseInt(Ljava/lang/String;I)I @ 204
Event: 17.209 Thread 0x00007fa92c1c4800 Uncommon trap: reason=unhandled action=none pc=0x00007fa9290be2e0 method=java.lang.Integer.parseInt(Ljava/lang/String;I)I @ 204
Event: 17.209 Thread 0x00007fa92c1c4800 Uncommon trap: reason=unhandled action=none pc=0x00007fa9290be2e0 method=java.lang.Integer.parseInt(Ljava/lang/String;I)I @ 204
Event: 17.209 Thread 0x00007fa92c1c4800 Uncommon trap: reason=unhandled action=none pc=0x00007fa9290be2e0 method=java.lang.Integer.parseInt(Ljava/lang/String;I)I @ 204
Event: 17.209 Thread 0x00007fa92c1c4800 Uncommon trap: reason=unhandled action=none pc=0x00007fa9290be2e0 method=java.lang.Integer.parseInt(Ljava/lang/String;I)I @ 204
Event: 17.209 Thread 0x00007fa92c1c4800 Uncommon trap: reason=unhandled action=none pc=0x00007fa9290be2e0 method=java.lang.Integer.parseInt(Ljava/lang/String;I)I @ 204

Internal exceptions (10 events):
Event: 17.052 Thread 0x00007fa92c1c3800 Threw 0x00000000f39b7ab0 at /build/buildd/openjdk-7-7u51-2.4.4/build/openjdk/hotspot/src/share/vm/interpreter/interpreterRuntime.cpp:362
Event: 17.052 Thread 0x00007fa92c1c3800 Threw 0x00000000f39b7d28 at /build/buildd/openjdk-7-7u51-2.4.4/build/openjdk/hotspot/src/share/vm/interpreter/interpreterRuntime.cpp:362
Event: 17.052 Thread 0x00007fa92c1c3800 Threw 0x00000000f39b7f00 at /build/buildd/openjdk-7-7u51-2.4.4/build/openjdk/hotspot/src/share/vm/interpreter/interpreterRuntime.cpp:362
Event: 17.052 Thread 0x00007fa92c1c3800 Threw 0x00000000f39b80d8 at /build/buildd/openjdk-7-7u51-2.4.4/build/openjdk/hotspot/src/share/vm/interpreter/interpreterRuntime.cpp:362
Event: 17.052 Thread 0x00007fa92c1c3800 Threw 0x00000000f39b82b0 at /build/buildd/openjdk-7-7u51-2.4.4/build/openjdk/hotspot/src/share/vm/interpreter/interpreterRuntime.cpp:362
Event: 17.053 Thread 0x00007fa92c1c3800 Threw 0x00000000f39b85b8 at /build/buildd/openjdk-7-7u51-2.4.4/build/openjdk/hotspot/src/share/vm/interpreter/interpreterRuntime.cpp:362
Event: 17.053 Thread 0x00007fa92c1c3800 Threw 0x00000000f39b8790 at /build/buildd/openjdk-7-7u51-2.4.4/build/openjdk/hotspot/src/share/vm/interpreter/interpreterRuntime.cpp:362
Event: 17.210 Thread 0x00007fa92c1c4800 Threw 0x00000000f3afc0e0 at /build/buildd/openjdk-7-7u51-2.4.4/build/openjdk/hotspot/src/share/vm/interpreter/interpreterRuntime.cpp:362
Event: 17.210 Thread 0x00007fa92c1c4800 Threw 0x00000000f3afc2e0 at /build/buildd/openjdk-7-7u51-2.4.4/build/openjdk/hotspot/src/share/vm/interpreter/interpreterRuntime.cpp:362
Event: 17.210 Thread 0x00007fa92c1c4800 Threw 0x00000000f3afc4b8 at /build/buildd/openjdk-7-7u51-2.4.4/build/openjdk/hotspot/src/share/vm/interpreter/interpreterRuntime.cpp:362

Events (10 events):
Event: 17.246 Executing VM operation: RevokeBias
Event: 17.246 Executing VM operation: RevokeBias done
Event: 17.246 Executing VM operation: RevokeBias
Event: 17.246 Executing VM operation: RevokeBias done
Event: 17.246 Executing VM operation: RevokeBias
Event: 17.246 Executing VM operation: RevokeBias done
Event: 17.246 Executing VM operation: RevokeBias
Event: 17.246 Executing VM operation: RevokeBias done
Event: 17.246 Executing VM operation: BulkRevokeBias
Event: 17.246 Executing VM operation: BulkRevokeBias done


Dynamic libraries:
00400000-00401000 r-xp 00000000 08:01 415609                             /usr/lib/jvm/java-7-openjdk-amd64/jre/bin/java
00600000-00601000 r--p 00000000 08:01 415609                             /usr/lib/jvm/java-7-openjdk-amd64/jre/bin/java
00601000-00602000 rw-p 00001000 08:01 415609                             /usr/lib/jvm/java-7-openjdk-amd64/jre/bin/java
0166e000-016fd000 rw-p 00000000 00:00 0                                  [heap]
c7600000-c8b00000 rw-p 00000000 00:00 0 
c8b00000-d1c00000 rw-p 00000000 00:00 0 
d1c00000-d3a80000 rw-p 00000000 00:00 0 
d3a80000-f0900000 rw-p 00000000 00:00 0 
f0900000-f7900000 rw-p 00000000 00:00 0 
f7900000-100000000 rw-p 00000000 00:00 0 
7fa8e8000000-7fa8e8028000 rw-p 00000000 00:00 0 
7fa8e8028000-7fa8ec000000 ---p 00000000 00:00 0 
7fa8ec9ea000-7fa8ec9ed000 ---p 00000000 00:00 0 
7fa8ec9ed000-7fa8ecaeb000 rw-p 00000000 00:00 0 
7fa8ecaeb000-7fa8ecbbf000 r-xp 00000000 08:01 943068                     /usr/local/lib/libsoplex.so
7fa8ecbbf000-7fa8ecdbf000 ---p 000d4000 08:01 943068                     /usr/local/lib/libsoplex.so
7fa8ecdbf000-7fa8ecdc2000 r--p 000d4000 08:01 943068                     /usr/local/lib/libsoplex.so
7fa8ecdc2000-7fa8ecdc4000 rw-p 000d7000 08:01 943068                     /usr/local/lib/libsoplex.so
7fa8ecdc4000-7fa8ecdd0000 r-xp 00000000 08:01 941330                     /usr/local/lib/libprim.so.0.0.0
7fa8ecdd0000-7fa8ecfcf000 ---p 0000c000 08:01 941330                     /usr/local/lib/libprim.so.0.0.0
7fa8ecfcf000-7fa8ecfd0000 r--p 0000b000 08:01 941330                     /usr/local/lib/libprim.so.0.0.0
7fa8ecfd0000-7fa8ecfd1000 rw-p 0000c000 08:01 941330                     /usr/local/lib/libprim.so.0.0.0
7fa8ecfd1000-7fa8ed125000 r-xp 00000000 08:01 943104                     /usr/local/lib/libibex.so
7fa8ed125000-7fa8ed324000 ---p 00154000 08:01 943104                     /usr/local/lib/libibex.so
7fa8ed324000-7fa8ed32c000 r--p 00153000 08:01 943104                     /usr/local/lib/libibex.so
7fa8ed32c000-7fa8ed32e000 rw-p 0015b000 08:01 943104                     /usr/local/lib/libibex.so
7fa8ed32e000-7fa8ed32f000 rw-p 00000000 00:00 0 
7fa8ed32f000-7fa8ed336000 r-xp 00000000 08:01 943105                     /usr/local/lib/libibex-java.so
7fa8ed336000-7fa8ed535000 ---p 00007000 08:01 943105                     /usr/local/lib/libibex-java.so
7fa8ed535000-7fa8ed536000 r--p 00006000 08:01 943105                     /usr/local/lib/libibex-java.so
7fa8ed536000-7fa8ed537000 rw-p 00007000 08:01 943105                     /usr/local/lib/libibex-java.so
7fa8ed537000-7fa8ed547000 r-xp 00000000 08:01 543078                     /usr/lib/jvm/java-7-openjdk-amd64/jre/lib/amd64/libnio.so
7fa8ed547000-7fa8ed746000 ---p 00010000 08:01 543078                     /usr/lib/jvm/java-7-openjdk-amd64/jre/lib/amd64/libnio.so
7fa8ed746000-7fa8ed747000 r--p 0000f000 08:01 543078                     /usr/lib/jvm/java-7-openjdk-amd64/jre/lib/amd64/libnio.so
7fa8ed747000-7fa8ed748000 rw-p 00010000 08:01 543078                     /usr/lib/jvm/java-7-openjdk-amd64/jre/lib/amd64/libnio.so
7fa8ed748000-7fa8ed74b000 ---p 00000000 00:00 0 
7fa8ed74b000-7fa8ed849000 rw-p 00000000 00:00 0 
7fa8ed849000-7fa8ed84c000 ---p 00000000 00:00 0 
7fa8ed84c000-7fa8ed94a000 rw-p 00000000 00:00 0 
7fa8ed94a000-7fa8ed94d000 ---p 00000000 00:00 0 
7fa8ed94d000-7fa8eda4b000 rw-p 00000000 00:00 0 
7fa8eda4b000-7fa8eda4e000 ---p 00000000 00:00 0 
7fa8eda4e000-7fa8edb4c000 rw-p 00000000 00:00 0 
7fa8edb4c000-7fa8edb4f000 ---p 00000000 00:00 0 
7fa8edb4f000-7fa8edc4d000 rw-p 00000000 00:00 0 
7fa8edc4d000-7fa8edc50000 ---p 00000000 00:00 0 
7fa8edc50000-7fa8edd4e000 rw-p 00000000 00:00 0                          [stack:54158]
7fa8edd4e000-7fa8edd51000 ---p 00000000 00:00 0 
7fa8edd51000-7fa8ede4f000 rw-p 00000000 00:00 0 
7fa8ede4f000-7fa8ede52000 ---p 00000000 00:00 0 
7fa8ede52000-7fa8edf50000 rw-p 00000000 00:00 0 
7fa8edf50000-7fa8edf53000 ---p 00000000 00:00 0 
7fa8edf53000-7fa8ee051000 rw-p 00000000 00:00 0 
7fa8ee051000-7fa8ee054000 ---p 00000000 00:00 0 
7fa8ee054000-7fa8ee152000 rw-p 00000000 00:00 0 
7fa8ee152000-7fa8ee155000 ---p 00000000 00:00 0 
7fa8ee155000-7fa8ee253000 rw-p 00000000 00:00 0 
7fa8ee253000-7fa8ee256000 ---p 00000000 00:00 0 
7fa8ee256000-7fa8ee354000 rw-p 00000000 00:00 0 
7fa8ee354000-7fa8ee357000 ---p 00000000 00:00 0 
7fa8ee357000-7fa8ee455000 rw-p 00000000 00:00 0 
7fa8ee455000-7fa8ee458000 ---p 00000000 00:00 0 
7fa8ee458000-7fa8ee556000 rw-p 00000000 00:00 0 
7fa8ee556000-7fa8ee559000 ---p 00000000 00:00 0 
7fa8ee559000-7fa8ee657000 rw-p 00000000 00:00 0 
7fa8ee657000-7fa8ee65a000 ---p 00000000 00:00 0 
7fa8ee65a000-7fa8ee758000 rw-p 00000000 00:00 0 
7fa8ee758000-7fa8ee75b000 ---p 00000000 00:00 0 
7fa8ee75b000-7fa8ee859000 rw-p 00000000 00:00 0 
7fa8ee859000-7fa8ee85c000 ---p 00000000 00:00 0 
7fa8ee85c000-7fa8ee95a000 rw-p 00000000 00:00 0 
7fa8ee95a000-7fa8ee95d000 ---p 00000000 00:00 0 
7fa8ee95d000-7fa8eea5b000 rw-p 00000000 00:00 0 
7fa8eea5b000-7fa8eea5e000 ---p 00000000 00:00 0 
7fa8eea5e000-7fa8eeb5c000 rw-p 00000000 00:00 0 
7fa8eeb5c000-7fa8eeb5f000 ---p 00000000 00:00 0 
7fa8eeb5f000-7fa8eec5d000 rw-p 00000000 00:00 0 
7fa8eec5d000-7fa8eec60000 ---p 00000000 00:00 0 
7fa8eec60000-7fa8eed5e000 rw-p 00000000 00:00 0 
7fa8eed5e000-7fa8eed61000 ---p 00000000 00:00 0 
7fa8eed61000-7fa8eee5f000 rw-p 00000000 00:00 0 
7fa8eee5f000-7fa8eee66000 r-xp 00000000 08:01 410803                     /lib/x86_64-linux-gnu/libnss_dns-2.15.so
7fa8eee66000-7fa8ef065000 ---p 00007000 08:01 410803                     /lib/x86_64-linux-gnu/libnss_dns-2.15.so
7fa8ef065000-7fa8ef066000 r--p 00006000 08:01 410803                     /lib/x86_64-linux-gnu/libnss_dns-2.15.so
7fa8ef066000-7fa8ef067000 rw-p 00007000 08:01 410803                     /lib/x86_64-linux-gnu/libnss_dns-2.15.so
7fa8ef067000-7fa8ef069000 r-xp 00000000 08:01 393271                     /lib/libnss_mdns4_minimal.so.2
7fa8ef069000-7fa8ef268000 ---p 00002000 08:01 393271                     /lib/libnss_mdns4_minimal.so.2
7fa8ef268000-7fa8ef269000 r--p 00001000 08:01 393271                     /lib/libnss_mdns4_minimal.so.2
7fa8ef269000-7fa8ef26a000 rw-p 00002000 08:01 393271                     /lib/libnss_mdns4_minimal.so.2
7fa8ef26a000-7fa8ef2d5000 r-xp 00000000 08:01 1079405                    /usr/lib/x86_64-linux-gnu/nss/libfreebl3.so
7fa8ef2d5000-7fa8ef4d4000 ---p 0006b000 08:01 1079405                    /usr/lib/x86_64-linux-gnu/nss/libfreebl3.so
7fa8ef4d4000-7fa8ef4d6000 r--p 0006a000 08:01 1079405                    /usr/lib/x86_64-linux-gnu/nss/libfreebl3.so
7fa8ef4d6000-7fa8ef4d7000 rw-p 0006c000 08:01 1079405                    /usr/lib/x86_64-linux-gnu/nss/libfreebl3.so
7fa8ef4d7000-7fa8ef4db000 rw-p 00000000 00:00 0 
7fa8ef4db000-7fa8ef579000 r-xp 00000000 08:01 926524                     /usr/lib/x86_64-linux-gnu/libsqlite3.so.0.8.6
7fa8ef579000-7fa8ef779000 ---p 0009e000 08:01 926524                     /usr/lib/x86_64-linux-gnu/libsqlite3.so.0.8.6
7fa8ef779000-7fa8ef77b000 r--p 0009e000 08:01 926524                     /usr/lib/x86_64-linux-gnu/libsqlite3.so.0.8.6
7fa8ef77b000-7fa8ef77d000 rw-p 000a0000 08:01 926524                     /usr/lib/x86_64-linux-gnu/libsqlite3.so.0.8.6
7fa8ef77d000-7fa8ef77e000 rw-p 00000000 00:00 0 
7fa8ef77e000-7fa8ef7b6000 r-xp 00000000 08:01 1079403                    /usr/lib/x86_64-linux-gnu/nss/libsoftokn3.so
7fa8ef7b6000-7fa8ef9b5000 ---p 00038000 08:01 1079403                    /usr/lib/x86_64-linux-gnu/nss/libsoftokn3.so
7fa8ef9b5000-7fa8ef9b7000 r--p 00037000 08:01 1079403                    /usr/lib/x86_64-linux-gnu/nss/libsoftokn3.so
7fa8ef9b7000-7fa8ef9b8000 rw-p 00039000 08:01 1079403                    /usr/lib/x86_64-linux-gnu/nss/libsoftokn3.so
7fa8ef9b8000-7fa8ef9f2000 r-xp 00000000 08:01 942241                     /usr/lib/x86_64-linux-gnu/libnspr4.so
7fa8ef9f2000-7fa8efbf2000 ---p 0003a000 08:01 942241                     /usr/lib/x86_64-linux-gnu/libnspr4.so
7fa8efbf2000-7fa8efbf3000 r--p 0003a000 08:01 942241                     /usr/lib/x86_64-linux-gnu/libnspr4.so
7fa8efbf3000-7fa8efbf5000 rw-p 0003b000 08:01 942241                     /usr/lib/x86_64-linux-gnu/libnspr4.so
7fa8efbf5000-7fa8efbf7000 rw-p 00000000 00:00 0 
7fa8efbf7000-7fa8efbfa000 r-xp 00000000 08:01 942242                     /usr/lib/x86_64-linux-gnu/libplds4.so
7fa8efbfa000-7fa8efdf9000 ---p 00003000 08:01 942242                     /usr/lib/x86_64-linux-gnu/libplds4.so
7fa8efdf9000-7fa8efdfa000 r--p 00002000 08:01 942242                     /usr/lib/x86_64-linux-gnu/libplds4.so
7fa8efdfa000-7fa8efdfb000 rw-p 00003000 08:01 942242                     /usr/lib/x86_64-linux-gnu/libplds4.so
7fa8efdfb000-7fa8efdff000 r-xp 00000000 08:01 942240                     /usr/lib/x86_64-linux-gnu/libplc4.so
7fa8efdff000-7fa8efffe000 ---p 00004000 08:01 942240                     /usr/lib/x86_64-linux-gnu/libplc4.so
7fa8efffe000-7fa8effff000 r--p 00003000 08:01 942240                     /usr/lib/x86_64-linux-gnu/libplc4.so
7fa8effff000-7fa8f0000000 rw-p 00004000 08:01 942240                     /usr/lib/x86_64-linux-gnu/libplc4.so
7fa8f0000000-7fa8f0021000 rw-p 00000000 00:00 0 
7fa8f0021000-7fa8f4000000 ---p 00000000 00:00 0 
7fa8f4000000-7fa8f4021000 rw-p 00000000 00:00 0 
7fa8f4021000-7fa8f8000000 ---p 00000000 00:00 0 
7fa8f8000000-7fa8f88c4000 rw-p 00000000 00:00 0 
7fa8f88c4000-7fa8fc000000 ---p 00000000 00:00 0 
7fa8fc000000-7fa8fc7ac000 rw-p 00000000 00:00 0 
7fa8fc7ac000-7fa900000000 ---p 00000000 00:00 0 
7fa900000000-7fa900021000 rw-p 00000000 00:00 0 
7fa900021000-7fa904000000 ---p 00000000 00:00 0 
7fa904000000-7fa904021000 rw-p 00000000 00:00 0 
7fa904021000-7fa908000000 ---p 00000000 00:00 0 
7fa908000000-7fa908021000 rw-p 00000000 00:00 0 
7fa908021000-7fa90c000000 ---p 00000000 00:00 0 
7fa90c000000-7fa90c02a000 rw-p 00000000 00:00 0 
7fa90c02a000-7fa910000000 ---p 00000000 00:00 0 
7fa910000000-7fa91008e000 rw-p 00000000 00:00 0 
7fa91008e000-7fa914000000 ---p 00000000 00:00 0 
7fa914000000-7fa914021000 rw-p 00000000 00:00 0 
7fa914021000-7fa918000000 ---p 00000000 00:00 0 
7fa918000000-7fa918021000 rw-p 00000000 00:00 0 
7fa918021000-7fa91c000000 ---p 00000000 00:00 0 
7fa91c000000-7fa91c092000 rw-p 00000000 00:00 0 
7fa91c092000-7fa920000000 ---p 00000000 00:00 0 
7fa920000000-7fa920021000 rw-p 00000000 00:00 0 
7fa920021000-7fa924000000 ---p 00000000 00:00 0 
7fa92400d000-7fa924010000 ---p 00000000 00:00 0 
7fa924010000-7fa92410e000 rw-p 00000000 00:00 0 
7fa92410e000-7fa92412f000 r-xp 00000000 08:01 921274                     /usr/lib/x86_64-linux-gnu/libnssutil3.so
7fa92412f000-7fa92432e000 ---p 00021000 08:01 921274                     /usr/lib/x86_64-linux-gnu/libnssutil3.so
7fa92432e000-7fa924334000 r--p 00020000 08:01 921274                     /usr/lib/x86_64-linux-gnu/libnssutil3.so
7fa924334000-7fa924335000 rw-p 00026000 08:01 921274                     /usr/lib/x86_64-linux-gnu/libnssutil3.so
7fa924335000-7fa924435000 r-xp 00000000 08:01 921275                     /usr/lib/x86_64-linux-gnu/libnss3.so
7fa924435000-7fa924635000 ---p 00100000 08:01 921275                     /usr/lib/x86_64-linux-gnu/libnss3.so
7fa924635000-7fa92463a000 r--p 00100000 08:01 921275                     /usr/lib/x86_64-linux-gnu/libnss3.so
7fa92463a000-7fa92463d000 rw-p 00105000 08:01 921275                     /usr/lib/x86_64-linux-gnu/libnss3.so
7fa92463d000-7fa92463e000 rw-p 00000000 00:00 0 
7fa92463e000-7fa92464e000 r-xp 00000000 08:01 543083                     /usr/lib/jvm/java-7-openjdk-amd64/jre/lib/amd64/libj2pkcs11.so
7fa92464e000-7fa92484d000 ---p 00010000 08:01 543083                     /usr/lib/jvm/java-7-openjdk-amd64/jre/lib/amd64/libj2pkcs11.so
7fa92484d000-7fa92484e000 r--p 0000f000 08:01 543083                     /usr/lib/jvm/java-7-openjdk-amd64/jre/lib/amd64/libj2pkcs11.so
7fa92484e000-7fa92484f000 rw-p 00010000 08:01 543083                     /usr/lib/jvm/java-7-openjdk-amd64/jre/lib/amd64/libj2pkcs11.so
7fa92487d000-7fa9248ae000 rw-p 00000000 00:00 0 
7fa9248ae000-7fa9248ea000 r-xp 00000000 08:01 397433                     /lib/x86_64-linux-gnu/libpcre.so.3.12.1
7fa9248ea000-7fa924ae9000 ---p 0003c000 08:01 397433                     /lib/x86_64-linux-gnu/libpcre.so.3.12.1
7fa924ae9000-7fa924aea000 r--p 0003b000 08:01 397433                     /lib/x86_64-linux-gnu/libpcre.so.3.12.1
7fa924aea000-7fa924aeb000 rw-p 0003c000 08:01 397433                     /lib/x86_64-linux-gnu/libpcre.so.3.12.1
7fa924aeb000-7fa924af2000 r-xp 00000000 08:01 926184                     /usr/lib/x86_64-linux-gnu/libffi.so.6.0.0
7fa924af2000-7fa924cf1000 ---p 00007000 08:01 926184                     /usr/lib/x86_64-linux-gnu/libffi.so.6.0.0
7fa924cf1000-7fa924cf2000 r--p 00006000 08:01 926184                     /usr/lib/x86_64-linux-gnu/libffi.so.6.0.0
7fa924cf2000-7fa924cf3000 rw-p 00007000 08:01 926184                     /usr/lib/x86_64-linux-gnu/libffi.so.6.0.0
7fa924cf3000-7fa924d0b000 r-xp 00000000 08:01 410790                     /lib/x86_64-linux-gnu/libresolv-2.15.so
7fa924d0b000-7fa924f0b000 ---p 00018000 08:01 410790                     /lib/x86_64-linux-gnu/libresolv-2.15.so
7fa924f0b000-7fa924f0c000 r--p 00018000 08:01 410790                     /lib/x86_64-linux-gnu/libresolv-2.15.so
7fa924f0c000-7fa924f0d000 rw-p 00019000 08:01 410790                     /lib/x86_64-linux-gnu/libresolv-2.15.so
7fa924f0d000-7fa924f0f000 rw-p 00000000 00:00 0 
7fa924f0f000-7fa924f2c000 r-xp 00000000 08:01 397448                     /lib/x86_64-linux-gnu/libselinux.so.1
7fa924f2c000-7fa92512b000 ---p 0001d000 08:01 397448                     /lib/x86_64-linux-gnu/libselinux.so.1
7fa92512b000-7fa92512c000 r--p 0001c000 08:01 397448                     /lib/x86_64-linux-gnu/libselinux.so.1
7fa92512c000-7fa92512d000 rw-p 0001d000 08:01 397448                     /lib/x86_64-linux-gnu/libselinux.so.1
7fa92512d000-7fa92512e000 rw-p 00000000 00:00 0 
7fa92512e000-7fa925131000 r-xp 00000000 08:01 917882                     /usr/lib/x86_64-linux-gnu/libgmodule-2.0.so.0.3200.4
7fa925131000-7fa925330000 ---p 00003000 08:01 917882                     /usr/lib/x86_64-linux-gnu/libgmodule-2.0.so.0.3200.4
7fa925330000-7fa925331000 r--p 00002000 08:01 917882                     /usr/lib/x86_64-linux-gnu/libgmodule-2.0.so.0.3200.4
7fa925331000-7fa925332000 rw-p 00003000 08:01 917882                     /usr/lib/x86_64-linux-gnu/libgmodule-2.0.so.0.3200.4
7fa925332000-7fa925424000 r-xp 00000000 08:01 408312                     /lib/x86_64-linux-gnu/libglib-2.0.so.0.3200.4
7fa925424000-7fa925624000 ---p 000f2000 08:01 408312                     /lib/x86_64-linux-gnu/libglib-2.0.so.0.3200.4
7fa925624000-7fa925625000 r--p 000f2000 08:01 408312                     /lib/x86_64-linux-gnu/libglib-2.0.so.0.3200.4
7fa925625000-7fa925626000 rw-p 000f3000 08:01 408312                     /lib/x86_64-linux-gnu/libglib-2.0.so.0.3200.4
7fa925626000-7fa925627000 rw-p 00000000 00:00 0 
7fa925627000-7fa925674000 r-xp 00000000 08:01 919206                     /usr/lib/x86_64-linux-gnu/libgobject-2.0.so.0.3200.4
7fa925674000-7fa925874000 ---p 0004d000 08:01 919206                     /usr/lib/x86_64-linux-gnu/libgobject-2.0.so.0.3200.4
7fa925874000-7fa925875000 r--p 0004d000 08:01 919206                     /usr/lib/x86_64-linux-gnu/libgobject-2.0.so.0.3200.4
7fa925875000-7fa925876000 rw-p 0004e000 08:01 919206                     /usr/lib/x86_64-linux-gnu/libgobject-2.0.so.0.3200.4
7fa925876000-7fa9259be000 r-xp 00000000 08:01 919205                     /usr/lib/x86_64-linux-gnu/libgio-2.0.so.0.3200.4
7fa9259be000-7fa925bbd000 ---p 00148000 08:01 919205                     /usr/lib/x86_64-linux-gnu/libgio-2.0.so.0.3200.4
7fa925bbd000-7fa925bc1000 r--p 00147000 08:01 919205                     /usr/lib/x86_64-linux-gnu/libgio-2.0.so.0.3200.4
7fa925bc1000-7fa925bc3000 rw-p 0014b000 08:01 919205                     /usr/lib/x86_64-linux-gnu/libgio-2.0.so.0.3200.4
7fa925bc3000-7fa925bc5000 rw-p 00000000 00:00 0 
7fa925bcd000-7fa925bd7000 r--s 000b8000 08:01 543019                     /usr/lib/jvm/java-7-openjdk-amd64/jre/lib/resources.jar
7fa925bd7000-7fa925bed000 r-xp 00000000 08:01 543070                     /usr/lib/jvm/java-7-openjdk-amd64/jre/lib/amd64/libnet.so
7fa925bed000-7fa925ded000 ---p 00016000 08:01 543070                     /usr/lib/jvm/java-7-openjdk-amd64/jre/lib/amd64/libnet.so
7fa925ded000-7fa925dee000 r--p 00016000 08:01 543070                     /usr/lib/jvm/java-7-openjdk-amd64/jre/lib/amd64/libnet.so
7fa925dee000-7fa925def000 rw-p 00017000 08:01 543070                     /usr/lib/jvm/java-7-openjdk-amd64/jre/lib/amd64/libnet.so
7fa925def000-7fa925df2000 r--s 00013000 08:01 1079103                    /home/galic1987/.m2/repository/net/sf/ezmorph/ezmorph/1.0.6/ezmorph-1.0.6.jar
7fa925df2000-7fa925df4000 r--s 0000d000 08:01 1079102                    /home/galic1987/.m2/repository/commons-logging/commons-logging/1.1.1/commons-logging-1.1.1.jar
7fa925df4000-7fa925df7000 r--s 00017000 08:01 541426                     /usr/lib/jvm/java-7-openjdk-amd64/jre/lib/jce.jar
7fa925df7000-7fa925dfc000 r--s 0004c000 08:01 543037                     /usr/lib/jvm/java-7-openjdk-amd64/jre/lib/jsse.jar
7fa925dfc000-7fa925e01000 r--s 00040000 08:01 1079101                    /home/galic1987/.m2/repository/commons-lang/commons-lang/2.5/commons-lang-2.5.jar
7fa925e01000-7fa925e0f000 r--s 0007f000 08:01 1079100                    /home/galic1987/.m2/repository/commons-collections/commons-collections/3.2.1/commons-collections-3.2.1.jar
7fa925e0f000-7fa925e14000 r--s 00034000 08:01 1079099                    /home/galic1987/.m2/repository/commons-beanutils/commons-beanutils/1.8.0/commons-beanutils-1.8.0.jar
7fa925e14000-7fa925e17000 r--s 00024000 08:01 1079098                    /home/galic1987/.m2/repository/net/sf/json-lib/json-lib/2.4/json-lib-2.4-jdk15.jar
7fa925e17000-7fa925e1d000 r--s 00033000 08:01 1079097                    /home/galic1987/.m2/repository/commons-codec/commons-codec/1.6/commons-codec-1.6.jar
7fa925e1d000-7fa925e23000 r--s 00032000 08:01 665413                     /home/galic1987/.m2/repository/org/apache/httpcomponents/httpcore/4.2.4/httpcore-4.2.4.jar
7fa925e23000-7fa925e2c000 r--s 00061000 08:01 665412                     /home/galic1987/.m2/repository/org/apache/httpcomponents/httpclient/4.2.5/httpclient-4.2.5.jar
7fa925e2c000-7fa925e54000 r--s 00241000 08:01 1079091                    /home/galic1987/.m2/repository/net/sf/trove4j/trove4j/3.0.3/trove4j-3.0.3.jar
7fa925e54000-7fa925e56000 r--s 0000a000 08:01 1079095                    /home/galic1987/.m2/repository/args4j/args4j/2.0.12/args4j-2.0.12.jar
7fa925e56000-7fa925e57000 ---p 00000000 00:00 0 
7fa925e57000-7fa925f57000 rw-p 00000000 00:00 0                          [stack:54080]
7fa925f57000-7fa925f5a000 ---p 00000000 00:00 0 
7fa925f5a000-7fa926058000 rw-p 00000000 00:00 0                          [stack:54079]
7fa926058000-7fa92605b000 ---p 00000000 00:00 0 
7fa92605b000-7fa926159000 rw-p 00000000 00:00 0                          [stack:54078]
7fa926159000-7fa92615c000 ---p 00000000 00:00 0 
7fa92615c000-7fa92625a000 rw-p 00000000 00:00 0                          [stack:54077]
7fa92625a000-7fa92625d000 ---p 00000000 00:00 0 
7fa92625d000-7fa92635b000 rw-p 00000000 00:00 0                          [stack:54074]
7fa92635b000-7fa92635e000 ---p 00000000 00:00 0 
7fa92635e000-7fa92645c000 rw-p 00000000 00:00 0                          [stack:54073]
7fa92645c000-7fa92645f000 ---p 00000000 00:00 0 
7fa92645f000-7fa92655d000 rw-p 00000000 00:00 0                          [stack:54070]
7fa92655d000-7fa926561000 r-xp 00000000 08:01 543066                     /usr/lib/jvm/java-7-openjdk-amd64/jre/lib/amd64/libdt_socket.so
7fa926561000-7fa926760000 ---p 00004000 08:01 543066                     /usr/lib/jvm/java-7-openjdk-amd64/jre/lib/amd64/libdt_socket.so
7fa926760000-7fa926761000 r--p 00003000 08:01 543066                     /usr/lib/jvm/java-7-openjdk-amd64/jre/lib/amd64/libdt_socket.so
7fa926761000-7fa926762000 rw-p 00004000 08:01 543066                     /usr/lib/jvm/java-7-openjdk-amd64/jre/lib/amd64/libdt_socket.so
7fa926762000-7fa926765000 ---p 00000000 00:00 0 
7fa926765000-7fa926863000 rw-p 00000000 00:00 0                          [stack:54068]
7fa926863000-7fa926866000 ---p 00000000 00:00 0 
7fa926866000-7fa926964000 rw-p 00000000 00:00 0                          [stack:54066]
7fa926964000-7fa926967000 ---p 00000000 00:00 0 
7fa926967000-7fa926a65000 rw-p 00000000 00:00 0                          [stack:54065]
7fa926a65000-7fa926a66000 ---p 00000000 00:00 0 
7fa926a66000-7fa929000000 rw-p 00000000 00:00 0                          [stack:54064]
7fa929000000-7fa929270000 rwxp 00000000 00:00 0 
7fa929270000-7fa92c527000 rw-p 00000000 00:00 0 
7fa92c527000-7fa930000000 ---p 00000000 00:00 0 
7fa930000000-7fa930001000 r--s 00002000 08:01 1079096                    /home/galic1987/.m2/repository/de/taimos/httputils/1.2.0/httputils-1.2.0.jar
7fa930001000-7fa930007000 r--s 00035000 08:01 1079094                    /home/galic1987/.m2/repository/ch/qos/logback/logback-classic/0.9.24/logback-classic-0.9.24.jar
7fa930007000-7fa93000f000 r--s 00042000 08:01 1079093                    /home/galic1987/.m2/repository/ch/qos/logback/logback-core/0.9.24/logback-core-0.9.24.jar
7fa93000f000-7fa930017000 r--s 00032000 08:01 1079072                    /home/galic1987/.m2/repository/jgrapht/jgrapht/0.8.1/jgrapht-0.8.1.jar
7fa930017000-7fa93001b000 r--s 00026000 08:01 1079071                    /home/galic1987/.m2/repository/dk/brics/automaton/1.11-2/automaton-1.11-2.jar
7fa93001b000-7fa930185000 rw-p 00000000 00:00 0 
7fa930185000-7fa930333000 r--s 01cf4000 08:01 541401                     /usr/lib/jvm/java-7-openjdk-amd64/jre/lib/rt.jar
7fa930333000-7fa9305f1000 rw-p 00000000 00:00 0 
7fa9305f1000-7fa9305f2000 ---p 00000000 00:00 0 
7fa9305f2000-7fa9306f2000 rw-p 00000000 00:00 0                          [stack:54063]
7fa9306f2000-7fa9306f3000 ---p 00000000 00:00 0 
7fa9306f3000-7fa9307fe000 rw-p 00000000 00:00 0                          [stack:54062]
7fa9307fe000-7fa930846000 rw-p 00000000 00:00 0 
7fa930846000-7fa930856000 rw-p 00000000 00:00 0 
7fa930856000-7fa93093d000 rw-p 00000000 00:00 0 
7fa93093d000-7fa930948000 rw-p 00000000 00:00 0 
7fa930948000-7fa930990000 rw-p 00000000 00:00 0 
7fa930990000-7fa9309a0000 rw-p 00000000 00:00 0 
7fa9309a0000-7fa930a86000 rw-p 00000000 00:00 0 
7fa930a86000-7fa930abf000 rw-p 00000000 00:00 0 
7fa930abf000-7fa930b02000 rw-p 00000000 00:00 0 
7fa930b02000-7fa930b03000 rw-p 00000000 00:00 0 
7fa930b03000-7fa930b0b000 r-xp 00000000 08:01 543065                     /usr/lib/jvm/java-7-openjdk-amd64/jre/lib/amd64/libzip.so
7fa930b0b000-7fa930d0a000 ---p 00008000 08:01 543065                     /usr/lib/jvm/java-7-openjdk-amd64/jre/lib/amd64/libzip.so
7fa930d0a000-7fa930d0b000 r--p 00007000 08:01 543065                     /usr/lib/jvm/java-7-openjdk-amd64/jre/lib/amd64/libzip.so
7fa930d0b000-7fa930d0c000 rw-p 00008000 08:01 543065                     /usr/lib/jvm/java-7-openjdk-amd64/jre/lib/amd64/libzip.so
7fa930d0c000-7fa930d18000 r-xp 00000000 08:01 410750                     /lib/x86_64-linux-gnu/libnss_files-2.15.so
7fa930d18000-7fa930f17000 ---p 0000c000 08:01 410750                     /lib/x86_64-linux-gnu/libnss_files-2.15.so
7fa930f17000-7fa930f18000 r--p 0000b000 08:01 410750                     /lib/x86_64-linux-gnu/libnss_files-2.15.so
7fa930f18000-7fa930f19000 rw-p 0000c000 08:01 410750                     /lib/x86_64-linux-gnu/libnss_files-2.15.so
7fa930f19000-7fa930f23000 r-xp 00000000 08:01 410861                     /lib/x86_64-linux-gnu/libnss_nis-2.15.so
7fa930f23000-7fa931123000 ---p 0000a000 08:01 410861                     /lib/x86_64-linux-gnu/libnss_nis-2.15.so
7fa931123000-7fa931124000 r--p 0000a000 08:01 410861                     /lib/x86_64-linux-gnu/libnss_nis-2.15.so
7fa931124000-7fa931125000 rw-p 0000b000 08:01 410861                     /lib/x86_64-linux-gnu/libnss_nis-2.15.so
7fa931125000-7fa93113c000 r-xp 00000000 08:01 412496                     /lib/x86_64-linux-gnu/libnsl-2.15.so
7fa93113c000-7fa93133b000 ---p 00017000 08:01 412496                     /lib/x86_64-linux-gnu/libnsl-2.15.so
7fa93133b000-7fa93133c000 r--p 00016000 08:01 412496                     /lib/x86_64-linux-gnu/libnsl-2.15.so
7fa93133c000-7fa93133d000 rw-p 00017000 08:01 412496                     /lib/x86_64-linux-gnu/libnsl-2.15.so
7fa93133d000-7fa93133f000 rw-p 00000000 00:00 0 
7fa93133f000-7fa931347000 r-xp 00000000 08:01 410722                     /lib/x86_64-linux-gnu/libnss_compat-2.15.so
7fa931347000-7fa931546000 ---p 00008000 08:01 410722                     /lib/x86_64-linux-gnu/libnss_compat-2.15.so
7fa931546000-7fa931547000 r--p 00007000 08:01 410722                     /lib/x86_64-linux-gnu/libnss_compat-2.15.so
7fa931547000-7fa931548000 rw-p 00008000 08:01 410722                     /lib/x86_64-linux-gnu/libnss_compat-2.15.so
7fa931548000-7fa931c2b000 r--p 00000000 08:01 924466                     /usr/lib/locale/locale-archive
7fa931c2b000-7fa931c2e000 r-xp 00000000 08:01 543093                     /usr/lib/jvm/java-7-openjdk-amd64/jre/lib/amd64/libnpt.so
7fa931c2e000-7fa931e2d000 ---p 00003000 08:01 543093                     /usr/lib/jvm/java-7-openjdk-amd64/jre/lib/amd64/libnpt.so
7fa931e2d000-7fa931e2e000 r--p 00002000 08:01 543093                     /usr/lib/jvm/java-7-openjdk-amd64/jre/lib/amd64/libnpt.so
7fa931e2e000-7fa931e2f000 rw-p 00003000 08:01 543093                     /usr/lib/jvm/java-7-openjdk-amd64/jre/lib/amd64/libnpt.so
7fa931e2f000-7fa931e69000 r-xp 00000000 08:01 543080                     /usr/lib/jvm/java-7-openjdk-amd64/jre/lib/amd64/libjdwp.so
7fa931e69000-7fa932069000 ---p 0003a000 08:01 543080                     /usr/lib/jvm/java-7-openjdk-amd64/jre/lib/amd64/libjdwp.so
7fa932069000-7fa93206a000 r--p 0003a000 08:01 543080                     /usr/lib/jvm/java-7-openjdk-amd64/jre/lib/amd64/libjdwp.so
7fa93206a000-7fa93206b000 rw-p 0003b000 08:01 543080                     /usr/lib/jvm/java-7-openjdk-amd64/jre/lib/amd64/libjdwp.so
7fa93206b000-7fa932094000 r-xp 00000000 08:01 543061                     /usr/lib/jvm/java-7-openjdk-amd64/jre/lib/amd64/libjava.so
7fa932094000-7fa932293000 ---p 00029000 08:01 543061                     /usr/lib/jvm/java-7-openjdk-amd64/jre/lib/amd64/libjava.so
7fa932293000-7fa932294000 r--p 00028000 08:01 543061                     /usr/lib/jvm/java-7-openjdk-amd64/jre/lib/amd64/libjava.so
7fa932294000-7fa932296000 rw-p 00029000 08:01 543061                     /usr/lib/jvm/java-7-openjdk-amd64/jre/lib/amd64/libjava.so
7fa932296000-7fa9322a4000 r-xp 00000000 08:01 543092                     /usr/lib/jvm/java-7-openjdk-amd64/jre/lib/amd64/libverify.so
7fa9322a4000-7fa9324a3000 ---p 0000e000 08:01 543092                     /usr/lib/jvm/java-7-openjdk-amd64/jre/lib/amd64/libverify.so
7fa9324a3000-7fa9324a5000 r--p 0000d000 08:01 543092                     /usr/lib/jvm/java-7-openjdk-amd64/jre/lib/amd64/libverify.so
7fa9324a5000-7fa9324a6000 rw-p 0000f000 08:01 543092                     /usr/lib/jvm/java-7-openjdk-amd64/jre/lib/amd64/libverify.so
7fa9324a6000-7fa9324ad000 r-xp 00000000 08:01 410819                     /lib/x86_64-linux-gnu/librt-2.15.so
7fa9324ad000-7fa9326ac000 ---p 00007000 08:01 410819                     /lib/x86_64-linux-gnu/librt-2.15.so
7fa9326ac000-7fa9326ad000 r--p 00006000 08:01 410819                     /lib/x86_64-linux-gnu/librt-2.15.so
7fa9326ad000-7fa9326ae000 rw-p 00007000 08:01 410819                     /lib/x86_64-linux-gnu/librt-2.15.so
7fa9326ae000-7fa9326c3000 r-xp 00000000 08:01 397381                     /lib/x86_64-linux-gnu/libgcc_s.so.1
7fa9326c3000-7fa9328c2000 ---p 00015000 08:01 397381                     /lib/x86_64-linux-gnu/libgcc_s.so.1
7fa9328c2000-7fa9328c3000 r--p 00014000 08:01 397381                     /lib/x86_64-linux-gnu/libgcc_s.so.1
7fa9328c3000-7fa9328c4000 rw-p 00015000 08:01 397381                     /lib/x86_64-linux-gnu/libgcc_s.so.1
7fa9328c4000-7fa9329bf000 r-xp 00000000 08:01 412487                     /lib/x86_64-linux-gnu/libm-2.15.so
7fa9329bf000-7fa932bbe000 ---p 000fb000 08:01 412487                     /lib/x86_64-linux-gnu/libm-2.15.so
7fa932bbe000-7fa932bbf000 r--p 000fa000 08:01 412487                     /lib/x86_64-linux-gnu/libm-2.15.so
7fa932bbf000-7fa932bc0000 rw-p 000fb000 08:01 412487                     /lib/x86_64-linux-gnu/libm-2.15.so
7fa932bc0000-7fa932ca2000 r-xp 00000000 08:01 926534                     /usr/lib/x86_64-linux-gnu/libstdc++.so.6.0.16
7fa932ca2000-7fa932ea1000 ---p 000e2000 08:01 926534                     /usr/lib/x86_64-linux-gnu/libstdc++.so.6.0.16
7fa932ea1000-7fa932ea9000 r--p 000e1000 08:01 926534                     /usr/lib/x86_64-linux-gnu/libstdc++.so.6.0.16
7fa932ea9000-7fa932eab000 rw-p 000e9000 08:01 926534                     /usr/lib/x86_64-linux-gnu/libstdc++.so.6.0.16
7fa932eab000-7fa932ec0000 rw-p 00000000 00:00 0 
7fa932ec0000-7fa93397b000 r-xp 00000000 08:01 543075                     /usr/lib/jvm/java-7-openjdk-amd64/jre/lib/amd64/server/libjvm.so
7fa93397b000-7fa933b7b000 ---p 00abb000 08:01 543075                     /usr/lib/jvm/java-7-openjdk-amd64/jre/lib/amd64/server/libjvm.so
7fa933b7b000-7fa933c13000 r--p 00abb000 08:01 543075                     /usr/lib/jvm/java-7-openjdk-amd64/jre/lib/amd64/server/libjvm.so
7fa933c13000-7fa933c36000 rw-p 00b53000 08:01 543075                     /usr/lib/jvm/java-7-openjdk-amd64/jre/lib/amd64/server/libjvm.so
7fa933c36000-7fa933c63000 rw-p 00000000 00:00 0 
7fa933c63000-7fa933c79000 r-xp 00000000 08:01 397471                     /lib/x86_64-linux-gnu/libz.so.1.2.3.4
7fa933c79000-7fa933e78000 ---p 00016000 08:01 397471                     /lib/x86_64-linux-gnu/libz.so.1.2.3.4
7fa933e78000-7fa933e79000 r--p 00015000 08:01 397471                     /lib/x86_64-linux-gnu/libz.so.1.2.3.4
7fa933e79000-7fa933e7a000 rw-p 00016000 08:01 397471                     /lib/x86_64-linux-gnu/libz.so.1.2.3.4
7fa933e7a000-7fa933e92000 r-xp 00000000 08:01 412485                     /lib/x86_64-linux-gnu/libpthread-2.15.so
7fa933e92000-7fa934091000 ---p 00018000 08:01 412485                     /lib/x86_64-linux-gnu/libpthread-2.15.so
7fa934091000-7fa934092000 r--p 00017000 08:01 412485                     /lib/x86_64-linux-gnu/libpthread-2.15.so
7fa934092000-7fa934093000 rw-p 00018000 08:01 412485                     /lib/x86_64-linux-gnu/libpthread-2.15.so
7fa934093000-7fa934097000 rw-p 00000000 00:00 0 
7fa934097000-7fa934099000 r-xp 00000000 08:01 412491                     /lib/x86_64-linux-gnu/libdl-2.15.so
7fa934099000-7fa934299000 ---p 00002000 08:01 412491                     /lib/x86_64-linux-gnu/libdl-2.15.so
7fa934299000-7fa93429a000 r--p 00002000 08:01 412491                     /lib/x86_64-linux-gnu/libdl-2.15.so
7fa93429a000-7fa93429b000 rw-p 00003000 08:01 412491                     /lib/x86_64-linux-gnu/libdl-2.15.so
7fa93429b000-7fa934450000 r-xp 00000000 08:01 410671                     /lib/x86_64-linux-gnu/libc-2.15.so
7fa934450000-7fa934650000 ---p 001b5000 08:01 410671                     /lib/x86_64-linux-gnu/libc-2.15.so
7fa934650000-7fa934654000 r--p 001b5000 08:01 410671                     /lib/x86_64-linux-gnu/libc-2.15.so
7fa934654000-7fa934656000 rw-p 001b9000 08:01 410671                     /lib/x86_64-linux-gnu/libc-2.15.so
7fa934656000-7fa93465b000 rw-p 00000000 00:00 0 
7fa93465b000-7fa934668000 r-xp 00000000 08:01 543085                     /usr/lib/jvm/java-7-openjdk-amd64/jre/lib/amd64/jli/libjli.so
7fa934668000-7fa934867000 ---p 0000d000 08:01 543085                     /usr/lib/jvm/java-7-openjdk-amd64/jre/lib/amd64/jli/libjli.so
7fa934867000-7fa934868000 r--p 0000c000 08:01 543085                     /usr/lib/jvm/java-7-openjdk-amd64/jre/lib/amd64/jli/libjli.so
7fa934868000-7fa934869000 rw-p 0000d000 08:01 543085                     /usr/lib/jvm/java-7-openjdk-amd64/jre/lib/amd64/jli/libjli.so
7fa934869000-7fa93488b000 r-xp 00000000 08:01 412488                     /lib/x86_64-linux-gnu/ld-2.15.so
7fa93488b000-7fa93488d000 r--s 00005000 08:01 1079092                    /home/galic1987/.m2/repository/org/slf4j/slf4j-api/1.6.1/slf4j-api-1.6.1.jar
7fa93488d000-7fa93488e000 r--s 00001000 08:01 1079073                    /home/galic1987/.m2/repository/choco/PropAnn/1.0/PropAnn-1.0.jar
7fa93488e000-7fa93488f000 r--s 00000000 08:01 943243                     /usr/local/share/java/solver.constraints.real.jar
7fa93488f000-7fa934891000 r--s 00012000 08:01 542548                     /usr/lib/jvm/java-7-openjdk-amd64/jre/lib/ext/zipfs.jar
7fa934891000-7fa934895000 r--s 00085000 08:01 543011                     /usr/lib/jvm/java-7-openjdk-amd64/jre/lib/ext/localedata.jar
7fa934895000-7fa934896000 r--s 00007000 08:01 1077429                    /usr/share/java/java-atk-wrapper.jar
7fa934896000-7fa934898000 r--s 0000f000 08:01 541428                     /usr/lib/jvm/java-7-openjdk-amd64/jre/lib/ext/pulse-java.jar
7fa934898000-7fa93489b000 r--s 00032000 08:01 543009                     /usr/lib/jvm/java-7-openjdk-amd64/jre/lib/ext/sunjce_provider.jar
7fa93489b000-7fa93489f000 r--s 0003b000 08:01 543013                     /usr/lib/jvm/java-7-openjdk-amd64/jre/lib/ext/sunpkcs11.jar
7fa93489f000-7fa9348bb000 rw-p 00000000 00:00 0 
7fa9348bb000-7fa934971000 rw-p 00000000 00:00 0 
7fa934971000-7fa934974000 ---p 00000000 00:00 0 
7fa934974000-7fa934a77000 rw-p 00000000 00:00 0                          [stack:54061]
7fa934a77000-7fa934a78000 r--s 00002000 08:01 543015                     /usr/lib/jvm/java-7-openjdk-amd64/jre/lib/ext/dnsns.jar
7fa934a78000-7fa934a7f000 r--s 00000000 08:01 1061172                    /usr/lib/x86_64-linux-gnu/gconv/gconv-modules.cache
7fa934a7f000-7fa934a87000 rw-s 00000000 08:01 415069                     /tmp/hsperfdata_galic1987/54055
7fa934a87000-7fa934a88000 rw-p 00000000 00:00 0 
7fa934a88000-7fa934a89000 r--p 00000000 00:00 0 
7fa934a89000-7fa934a8b000 rw-p 00000000 00:00 0 
7fa934a8b000-7fa934a8c000 r--p 00022000 08:01 412488                     /lib/x86_64-linux-gnu/ld-2.15.so
7fa934a8c000-7fa934a8e000 rw-p 00023000 08:01 412488                     /lib/x86_64-linux-gnu/ld-2.15.so
7fff51194000-7fff511b5000 rw-p 00000000 00:00 0                          [stack]
7fff511fe000-7fff51200000 r-xp 00000000 00:00 0                          [vdso]
ffffffffff600000-ffffffffff601000 r-xp 00000000 00:00 0                  [vsyscall]

VM Arguments:
jvm_args: -agentlib:jdwp=transport=dt_socket,suspend=y,address=localhost:60231 -Djava.library.path=/usr/local/lib -Dfile.encoding=UTF-8 
java_command: test_choco.BTC_e
Launcher Type: SUN_STANDARD

Environment Variables:
JAVA_HOME=/usr/lib/jvm/java-7-openjdk-amd64/
PATH=/usr/lib/lightdm/lightdm:/usr/local/sbin:/usr/local/bin:/usr/sbin:/usr/bin:/sbin:/bin:/usr/games
SHELL=/bin/bash
DISPLAY=:0.0

Signal Handlers:
SIGSEGV: [libjvm.so+0x8f6d70], sa_mask[0]=0x7ffbfeff, sa_flags=0x10000004
SIGBUS: [libjvm.so+0x8f6d70], sa_mask[0]=0x7ffbfeff, sa_flags=0x10000004
SIGFPE: [libjvm.so+0x77aeb0], sa_mask[0]=0x7ffbfeff, sa_flags=0x10000004
SIGPIPE: SIG_IGN, sa_mask[0]=0x00000000, sa_flags=0x00000000
SIGXFSZ: [libjvm.so+0x77aeb0], sa_mask[0]=0x7ffbfeff, sa_flags=0x10000004
SIGILL: [libjvm.so+0x77aeb0], sa_mask[0]=0x7ffbfeff, sa_flags=0x10000004
SIGUSR1: SIG_DFL, sa_mask[0]=0x00000000, sa_flags=0x00000000
SIGUSR2: [libjvm.so+0x77b130], sa_mask[0]=0x00000004, sa_flags=0x10000004
SIGHUP: [libjvm.so+0x77b2a0], sa_mask[0]=0x7ffbfeff, sa_flags=0x10000004
SIGINT: [libjvm.so+0x77b2a0], sa_mask[0]=0x7ffbfeff, sa_flags=0x10000004
SIGTERM: [libjvm.so+0x77b2a0], sa_mask[0]=0x7ffbfeff, sa_flags=0x10000004
SIGQUIT: [libjvm.so+0x77b2a0], sa_mask[0]=0x7ffbfeff, sa_flags=0x10000004


---------------  S Y S T E M  ---------------

OS:Ubuntu 12.04 (precise)
uname:Linux 3.8.0-35-generic #50~precise1-Ubuntu SMP Wed Dec 4 17:25:51 UTC 2013 x86_64
libc:glibc 2.15 NPTL 2.15 
rlimit: STACK 8192k, CORE 0k, NPROC 23499, NOFILE 4096, AS infinity
load average:1.79 1.56 1.40

/proc/meminfo:
MemTotal:        3026824 kB
MemFree:          495792 kB
Buffers:           95992 kB
Cached:          1144836 kB
SwapCached:          368 kB
Active:          1268692 kB
Inactive:        1064544 kB
Active(anon):     678476 kB
Inactive(anon):   415536 kB
Active(file):     590216 kB
Inactive(file):   649008 kB
Unevictable:           0 kB
Mlocked:               0 kB
SwapTotal:       1046524 kB
SwapFree:        1045104 kB
Dirty:               168 kB
Writeback:             0 kB
AnonPages:       1092248 kB
Mapped:           137336 kB
Shmem:              1604 kB
Slab:             107024 kB
SReclaimable:      79744 kB
SUnreclaim:        27280 kB
KernelStack:        4368 kB
PageTables:        24892 kB
NFS_Unstable:          0 kB
Bounce:                0 kB
WritebackTmp:          0 kB
CommitLimit:     2559936 kB
Committed_AS:    3085848 kB
VmallocTotal:   34359738367 kB
VmallocUsed:      167576 kB
VmallocChunk:   34359516000 kB
HardwareCorrupted:     0 kB
AnonHugePages:         0 kB
HugePages_Total:       0
HugePages_Free:        0
HugePages_Rsvd:        0
HugePages_Surp:        0
Hugepagesize:       2048 kB
DirectMap4k:       47104 kB
DirectMap2M:     3049472 kB


CPU:total 2 (1 cores per cpu, 1 threads per core) family 6 model 23 stepping 10, cmov, cx8, fxsr, mmx, sse, sse2, sse3, ssse3, sse4.1, tsc, tscinvbit

/proc/cpuinfo:
processor	: 0
vendor_id	: GenuineIntel
cpu family	: 6
model		: 23
model name	: Intel(R) Core(TM)2 Duo CPU     P8600  @ 2.40GHz
stepping	: 10
microcode	: 0xa0b
cpu MHz		: 2388.551
cache size	: 3072 KB
fpu		: yes
fpu_exception	: yes
cpuid level	: 13
wp		: yes
flags		: fpu vme de pse tsc msr pae mce cx8 apic sep mtrr pge mca cmov pat pse36 clflush dts mmx fxsr sse sse2 ss syscall nx lm constant_tsc arch_perfmon pebs bts nopl xtopology tsc_reliable nonstop_tsc aperfmperf pni ssse3 cx16 sse4_1 x2apic xsave hypervisor lahf_lm dtherm
bogomips	: 4777.10
clflush size	: 64
cache_alignment	: 64
address sizes	: 40 bits physical, 48 bits virtual
power management:

processor	: 1
vendor_id	: GenuineIntel
cpu family	: 6
model		: 23
model name	: Intel(R) Core(TM)2 Duo CPU     P8600  @ 2.40GHz
stepping	: 10
microcode	: 0xa0b
cpu MHz		: 2388.551
cache size	: 3072 KB
fpu		: yes
fpu_exception	: yes
cpuid level	: 13
wp		: yes
flags		: fpu vme de pse tsc msr pae mce cx8 apic sep mtrr pge mca cmov pat pse36 clflush dts mmx fxsr sse sse2 ss syscall nx lm constant_tsc arch_perfmon pebs bts nopl xtopology tsc_reliable nonstop_tsc aperfmperf pni ssse3 cx16 sse4_1 x2apic xsave hypervisor lahf_lm dtherm
bogomips	: 4777.10
clflush size	: 64
cache_alignment	: 64
address sizes	: 40 bits physical, 48 bits virtual
power management:



Memory: 4k page, physical 3026824k(495792k free), swap 1046524k(1045104k free)

vm_info: OpenJDK 64-Bit Server VM (24.45-b08) for linux-amd64 JRE (1.7.0_51-b00), built on Jan 16 2014 18:37:59 by "buildd" with gcc 4.6.3

time: Fri Jan 31 17:12:14 2014
elapsed time: 17 seconds

