#
# A fatal error has been detected by the Java Runtime Environment:
#
#  SIGSEGV (0xb) at pc=0x00007f0974287e40, pid=40981, tid=139678715180800
#
# JRE version: OpenJDK Runtime Environment (7.0_51) (build 1.7.0_51-b00)
# Java VM: OpenJDK 64-Bit Server VM (24.45-b08 mixed mode linux-amd64 compressed oops)
# Problematic frame:
# C  0x00007f0974287e40
#
# Failed to write core dump. Core dumps have been disabled. To enable core dumping, try "ulimit -c unlimited" before starting Java again
#
# If you would like to submit a bug report, please include
# instructions on how to reproduce the bug and visit:
#   http://icedtea.classpath.org/bugzilla
# The crash happened outside the Java Virtual Machine in native code.
# See problematic frame for where to report the bug.
#

---------------  T H R E A D  ---------------

Current thread (0x00007f097400b000):  JavaThread "main" [_thread_in_native, id=40987, stack(0x00007f097b337000,0x00007f097c338000)]

siginfo:si_signo=SIGSEGV: si_errno=0, si_code=2 (SEGV_ACCERR), si_addr=0x00007f0974287e40

Registers:
RAX=0x00007f0974342680, RBX=0x00007f097400b1d8, RCX=0x3f65fd760b331955, RDX=0x0000000000000020
RSP=0x00007f097c336478, RBP=0x00007f0974288390, RSI=0x00007f097c336490, RDI=0x00007f097433ad90
R8 =0x00007f09742c6f98, R9 =0x00007f0950792229, R10=0x8000000000000000, R11=0x7fffffffffffffff
R12=0x0000000000000001, R13=0x0000000000000000, R14=0x00007f097c336520, R15=0x0000000000000003
RIP=0x00007f0974287e40, EFLAGS=0x0000000000010297, CSGSFS=0x0000000000000033, ERR=0x0000000000000015
  TRAPNO=0x000000000000000e

Top of Stack: (sp=0x00007f097c336478)
0x00007f097c336478:   00007f095058e8e5 00007f097c3364d8
0x00007f097c336488:   00000000c855a6d8 00007f0950791bb0
0x00007f097c336498:   0000000000000002 00007f09742c6f98
0x00007f097c3364a8:   00007f0971270344 00007f0950791bb0
0x00007f097c3364b8:   0000000000000002 00007f09740d28e8
0x00007f097c3364c8:   01000000f090a778 0000000600000007
0x00007f097c3364d8:   0000000000000004 00007f097c336550
0x00007f097c3364e8:   0000000000000000 00000000fd9976a8
0x00007f097c3364f8:   00007f097c336618 00007f097400b000
0x00007f097c336508:   00007f097127c31e 00000000fd9946b8
0x00007f097c336518:   00007f097c336548 00000000f090a7b0
0x00007f097c336528:   00000000fd9944a8 00000000d1e02668
0x00007f097c336538:   00000000f090a778 00000000ffffffff
0x00007f097c336548:   00000000fd9953b8 00000000fd993cd0
0x00007f097c336558:   00007f097125fd78 0000000000000004
0x00007f097c336568:   00000000f090a7b0 00007f097c3365d8
0x00007f097c336578:   00007f0971006058 00000000f090a778
0x00007f097c336588:   00000000d1e02668 00000000fd9944a8
0x00007f097c336598:   00007f097c336598 00000000c85369aa
0x00007f097c3365a8:   00007f097c336610 00000000fd997420
0x00007f097c3365b8:   00007f097127eb84 00000000c85369f8
0x00007f097c3365c8:   00007f097c3365c8 00000000fd997420
0x00007f097c3365d8:   00007f097113e360 00000000fd993d50
0x00007f097c3365e8:   fd9972d000000000 0000000000000000
0x00007f097c3365f8:   0000000000000000 00007f097c336620
0x00007f097c336608:   00000000fd993d50 00000000fd993d50
0x00007f097c336618:   00007f097141df04 00000000fd993db0
0x00007f097c336628:   00000000fd993c78 0000000000000006
0x00007f097c336638:   00000000fd996cb0 0000588314d01b1a
0x00007f097c336648:   0000000000c88b1a 0000000000000000
0x00007f097c336658:   00007f0971012c49 00007f097c3366c0
0x00007f097c336668:   00007f0971006058 00007f0971006058 

Instructions: (pc=0x00007f0974287e40)
0x00007f0974287e20:   e0 99 0c 74 09 7f 00 00 fc a9 f1 d2 4d 62 60 3f
0x00007f0974287e30:   00 00 00 00 00 00 00 00 85 00 00 00 00 00 00 00
0x00007f0974287e40:   40 3e 3e 74 09 7f 00 00 00 00 00 00 01 00 00 00
0x00007f0974287e50:   7f 42 00 00 00 00 00 00 01 00 00 00 01 00 00 00 

Register to memory mapping:

RAX=0x00007f0974342680 is an unknown value
RBX=0x00007f097400b1d8 is an unknown value
RCX=0x3f65fd760b331955 is an unknown value
RDX=0x0000000000000020 is an unknown value
RSP=0x00007f097c336478 is pointing into the stack for thread: 0x00007f097400b000
RBP=0x00007f0974288390 is an unknown value
RSI=0x00007f097c336490 is pointing into the stack for thread: 0x00007f097400b000
RDI=0x00007f097433ad90 is an unknown value
R8 =0x00007f09742c6f98 is an unknown value
R9 =0x00007f0950792229: _ZN5filib8intervalIdLNS_17rounding_strategyE0ELNS_13interval_modeE2EE19extended_error_flagE+0 in /usr/local/lib/libibex-java.so at 0x00007f095058b000
R10=0x8000000000000000 is an unknown value
R11=0x7fffffffffffffff is an unknown value
R12=0x0000000000000001 is an unknown value
R13=0x0000000000000000 is an unknown value
R14=0x00007f097c336520 is pointing into the stack for thread: 0x00007f097400b000
R15=0x0000000000000003 is an unknown value


Stack: [0x00007f097b337000,0x00007f097c338000],  sp=0x00007f097c336478,  free space=16381k
Native frames: (J=compiled Java code, j=interpreted, Vv=VM code, C=native code)
C  0x00007f0974287e40

Java frames: (J=compiled Java code, j=interpreted, Vv=VM code)
J  solver.constraints.real.Ibex.contract(I[D)I
J  solver.constraints.real.RealPropagator.propagate(I)V
J  solver.constraints.real.RealPropagator.propagate(II)V
J  solver.propagation.hardcoded.TwoBucketsPropagationEngine.propagateFine(Ljava/util/ArrayDeque;)V
J  solver.search.loop.AbstractSearchLoop.loop()V
j  solver.search.loop.AbstractSearchLoop.launch(Z)V+23
j  solver.Solver.solve(Z)V+44
j  solver.Solver.findOptimalSolution(Lsolver/ResolutionPolicy;Lsolver/variables/RealVar;D)V+83
j  test_choco.CalculateOptimalVolumeProblem.solve()V+15
j  samples.AbstractProblem.execute([Ljava/lang/String;)V+117
j  test_choco.CalculateOptimalVolumeProblem.start()V+29
J  test_choco.BTC_e.main([Ljava/lang/String;)V
v  ~StubRoutines::call_stub

---------------  P R O C E S S  ---------------

Java Threads: ( => current thread )
  0x00007f0974328800 JavaThread "pool-1-thread-15" [_thread_blocked, id=41016, stack(0x00007f091cff9000,0x00007f091dffa000)]
  0x00007f0974326800 JavaThread "pool-1-thread-14" [_thread_blocked, id=41015, stack(0x00007f091dffa000,0x00007f091effb000)]
  0x00007f0974324800 JavaThread "pool-1-thread-13" [_thread_blocked, id=41014, stack(0x00007f091effb000,0x00007f091fffc000)]
  0x00007f0974322800 JavaThread "pool-1-thread-12" [_thread_blocked, id=41013, stack(0x00007f091fffc000,0x00007f0920ffd000)]
  0x00007f0974320800 JavaThread "pool-1-thread-11" [_thread_blocked, id=41012, stack(0x00007f0920ffd000,0x00007f0921ffe000)]
  0x00007f097431e800 JavaThread "pool-1-thread-10" [_thread_blocked, id=41011, stack(0x00007f0921ffe000,0x00007f0922fff000)]
  0x00007f097431c800 JavaThread "pool-1-thread-9" [_thread_blocked, id=41010, stack(0x00007f0922fff000,0x00007f0924000000)]
  0x00007f097431a800 JavaThread "pool-1-thread-8" [_thread_blocked, id=41009, stack(0x00007f0928ffd000,0x00007f0929ffe000)]
  0x00007f0974318800 JavaThread "pool-1-thread-7" [_thread_blocked, id=41008, stack(0x00007f0929ffe000,0x00007f092afff000)]
  0x00007f0974316000 JavaThread "pool-1-thread-6" [_thread_blocked, id=41007, stack(0x00007f092afff000,0x00007f092c000000)]
  0x00007f0974314800 JavaThread "pool-1-thread-5" [_thread_blocked, id=41006, stack(0x00007f0934ffd000,0x00007f0935ffe000)]
  0x00007f0974313000 JavaThread "pool-1-thread-4" [_thread_blocked, id=41005, stack(0x00007f0935ffe000,0x00007f0936fff000)]
  0x00007f097430d800 JavaThread "pool-1-thread-3" [_thread_blocked, id=41004, stack(0x00007f0936fff000,0x00007f0938000000)]
  0x00007f097430c800 JavaThread "pool-1-thread-2" [_thread_blocked, id=41003, stack(0x00007f093cffd000,0x00007f093dffe000)]
  0x00007f0974309000 JavaThread "pool-1-thread-1" [_thread_blocked, id=41002, stack(0x00007f093dffe000,0x00007f093efff000)]
  0x00007f09740a2800 JavaThread "Service Thread" daemon [_thread_blocked, id=40998, stack(0x00007f0952fff000,0x00007f0954000000)]
  0x00007f09740a0000 JavaThread "C2 CompilerThread1" daemon [_thread_blocked, id=40997, stack(0x00007f0970112000,0x00007f0970213000)]
  0x00007f097409d000 JavaThread "C2 CompilerThread0" daemon [_thread_blocked, id=40996, stack(0x00007f0970213000,0x00007f0970314000)]
  0x00007f097409b000 JavaThread "Signal Dispatcher" daemon [_thread_blocked, id=40995, stack(0x00007f096091a000,0x00007f096191b000)]
  0x00007f0974078000 JavaThread "Finalizer" daemon [_thread_blocked, id=40993, stack(0x00007f0961ffe000,0x00007f0962fff000)]
  0x00007f0974076000 JavaThread "Reference Handler" daemon [_thread_blocked, id=40992, stack(0x00007f0962fff000,0x00007f0964000000)]
=>0x00007f097400b000 JavaThread "main" [_thread_in_native, id=40987, stack(0x00007f097b337000,0x00007f097c338000)]

Other Threads:
  0x00007f0974071800 VMThread [stack: 0x00007f0970314000,0x00007f0970415000] [id=40990]
  0x00007f09740ad000 WatcherThread [stack: 0x00007f0970011000,0x00007f0970112000] [id=40999]

VM state:not at safepoint (normal execution)

VM Mutex/Monitor currently owned by a thread: None

Heap
 PSYoungGen      total 82944K, used 2951K [0x00000000f0900000, 0x00000000fdf80000, 0x0000000100000000)
  eden space 79872K, 0% used [0x00000000f0900000,0x00000000f0912120,0x00000000f5700000)
  from space 3072K, 93% used [0x00000000fd980000,0x00000000fdc4fc60,0x00000000fdc80000)
  to   space 3072K, 0% used [0x00000000fdc80000,0x00000000fdc80000,0x00000000fdf80000)
 ParOldGen       total 28160K, used 11192K [0x00000000d1c00000, 0x00000000d3780000, 0x00000000f0900000)
  object space 28160K, 39% used [0x00000000d1c00000,0x00000000d26ee288,0x00000000d3780000)
 PSPermGen       total 25600K, used 15977K [0x00000000c7600000, 0x00000000c8f00000, 0x00000000d1c00000)
  object space 25600K, 62% used [0x00000000c7600000,0x00000000c859a430,0x00000000c8f00000)

Card table byte_map: [0x00007f097a0e9000,0x00007f097a2af000] byte_map_base: 0x00007f0979aae000

Polling page: 0x00007f097e712000

Code Cache  [0x00007f0971000000, 0x00007f0971440000, 0x00007f0974000000)
 total_blobs=1742 nmethods=1393 adapters=303 free_code_cache=44939Kb largest_free_block=45932480

Compilation events (10 events):
Event: 4663.309 Thread 0x00007f09740a0000 1448             java.util.Formatter$FormatSpecifier::mantissa (41 bytes)
Event: 4663.314 Thread 0x00007f09740a0000 nmethod 1448 0x00007f097140cb90 code [0x00007f097140cce0, 0x00007f097140cf38]
Event: 4664.441 Thread 0x00007f097409d000 1449             sun.misc.FormattedFloatingDecimal::countBits (80 bytes)
Event: 4664.443 Thread 0x00007f097409d000 nmethod 1449 0x00007f097140e5d0 code [0x00007f097140e700, 0x00007f097140e7f8]
Event: 4679.817 Thread 0x00007f09740a0000 1450             java.util.regex.Pattern$5::isSatisfiedBy (28 bytes)
Event: 4679.820 Thread 0x00007f09740a0000 nmethod 1450 0x00007f097140c5d0 code [0x00007f097140c740, 0x00007f097140c988]
Event: 4682.653 Thread 0x00007f097409d000 1451             java.io.InterruptedIOException::<init> (11 bytes)
Event: 4682.655 Thread 0x00007f097409d000 nmethod 1451 0x00007f097140bf50 code [0x00007f097140c0a0, 0x00007f097140c448]
Event: 4725.709 Thread 0x00007f09740a0000 1452             java.lang.Class::cast (27 bytes)
Event: 4725.710 Thread 0x00007f09740a0000 nmethod 1452 0x00007f0971410110 code [0x00007f0971410260, 0x00007f0971410358]

GC Heap History (10 events):
Event: 4754.567 GC heap before
{Heap before GC invocations=1308 (full 8):
 PSYoungGen      total 96256K, used 93792K [0x00000000f0900000, 0x00000000fe280000, 0x0000000100000000)
  eden space 93696K, 100% used [0x00000000f0900000,0x00000000f6480000,0x00000000f6480000)
  from space 2560K, 3% used [0x00000000fdd80000,0x00000000fdd98000,0x00000000fe000000)
  to   space 2560K, 0% used [0x00000000fe000000,0x00000000fe000000,0x00000000fe280000)
 ParOldGen       total 28672K, used 26164K [0x00000000d1c00000, 0x00000000d3800000, 0x00000000f0900000)
  object space 28672K, 91% used [0x00000000d1c00000,0x00000000d358d1b0,0x00000000d3800000)
 PSPermGen       total 27136K, used 15970K [0x00000000c7600000, 0x00000000c9080000, 0x00000000d1c00000)
  object space 27136K, 58% used [0x00000000c7600000,0x00000000c8598bb0,0x00000000c9080000)
Event: 4754.571 GC heap after
Heap after GC invocations=1308 (full 8):
 PSYoungGen      total 91648K, used 1287K [0x00000000f0900000, 0x00000000fe180000, 0x0000000100000000)
  eden space 90112K, 0% used [0x00000000f0900000,0x00000000f0900000,0x00000000f6100000)
  from space 1536K, 83% used [0x00000000fe000000,0x00000000fe141f50,0x00000000fe180000)
  to   space 2560K, 0% used [0x00000000fdc80000,0x00000000fdc80000,0x00000000fdf00000)
 ParOldGen       total 28672K, used 26172K [0x00000000d1c00000, 0x00000000d3800000, 0x00000000f0900000)
  object space 28672K, 91% used [0x00000000d1c00000,0x00000000d358f1b0,0x00000000d3800000)
 PSPermGen       total 27136K, used 15970K [0x00000000c7600000, 0x00000000c9080000, 0x00000000d1c00000)
  object space 27136K, 58% used [0x00000000c7600000,0x00000000c8598bb0,0x00000000c9080000)
}
Event: 4757.344 GC heap before
{Heap before GC invocations=1309 (full 8):
 PSYoungGen      total 91648K, used 91399K [0x00000000f0900000, 0x00000000fe180000, 0x0000000100000000)
  eden space 90112K, 100% used [0x00000000f0900000,0x00000000f6100000,0x00000000f6100000)
  from space 1536K, 83% used [0x00000000fe000000,0x00000000fe141f50,0x00000000fe180000)
  to   space 2560K, 0% used [0x00000000fdc80000,0x00000000fdc80000,0x00000000fdf00000)
 ParOldGen       total 28672K, used 26172K [0x00000000d1c00000, 0x00000000d3800000, 0x00000000f0900000)
  object space 28672K, 91% used [0x00000000d1c00000,0x00000000d358f1b0,0x00000000d3800000)
 PSPermGen       total 27136K, used 15973K [0x00000000c7600000, 0x00000000c9080000, 0x00000000d1c00000)
  object space 27136K, 58% used [0x00000000c7600000,0x00000000c85994a0,0x00000000c9080000)
Event: 4757.349 GC heap after
Heap after GC invocations=1309 (full 8):
 PSYoungGen      total 89088K, used 2294K [0x00000000f0900000, 0x00000000fe080000, 0x0000000100000000)
  eden space 86528K, 0% used [0x00000000f0900000,0x00000000f0900000,0x00000000f5d80000)
  from space 2560K, 89% used [0x00000000fdc80000,0x00000000fdebdae0,0x00000000fdf00000)
  to   space 1536K, 0% used [0x00000000fdf00000,0x00000000fdf00000,0x00000000fe080000)
 ParOldGen       total 28672K, used 26180K [0x00000000d1c00000, 0x00000000d3800000, 0x00000000f0900000)
  object space 28672K, 91% used [0x00000000d1c00000,0x00000000d35911b0,0x00000000d3800000)
 PSPermGen       total 27136K, used 15973K [0x00000000c7600000, 0x00000000c9080000, 0x00000000d1c00000)
  object space 27136K, 58% used [0x00000000c7600000,0x00000000c85994a0,0x00000000c9080000)
}
Event: 4759.984 GC heap before
{Heap before GC invocations=1310 (full 8):
 PSYoungGen      total 89088K, used 88822K [0x00000000f0900000, 0x00000000fe080000, 0x0000000100000000)
  eden space 86528K, 100% used [0x00000000f0900000,0x00000000f5d80000,0x00000000f5d80000)
  from space 2560K, 89% used [0x00000000fdc80000,0x00000000fdebdae0,0x00000000fdf00000)
  to   space 1536K, 0% used [0x00000000fdf00000,0x00000000fdf00000,0x00000000fe080000)
 ParOldGen       total 28672K, used 26180K [0x00000000d1c00000, 0x00000000d3800000, 0x00000000f0900000)
  object space 28672K, 91% used [0x00000000d1c00000,0x00000000d35911b0,0x00000000d3800000)
 PSPermGen       total 27136K, used 15975K [0x00000000c7600000, 0x00000000c9080000, 0x00000000d1c00000)
  object space 27136K, 58% used [0x00000000c7600000,0x00000000c8599e50,0x00000000c9080000)
Event: 4759.989 GC heap after
Heap after GC invocations=1310 (full 8):
 PSYoungGen      total 84480K, used 1518K [0x00000000f0900000, 0x00000000fe080000, 0x0000000100000000)
  eden space 82944K, 0% used [0x00000000f0900000,0x00000000f0900000,0x00000000f5a00000)
  from space 1536K, 98% used [0x00000000fdf00000,0x00000000fe07bae0,0x00000000fe080000)
  to   space 3584K, 0% used [0x00000000fd980000,0x00000000fd980000,0x00000000fdd00000)
 ParOldGen       total 28672K, used 27552K [0x00000000d1c00000, 0x00000000d3800000, 0x00000000f0900000)
  object space 28672K, 96% used [0x00000000d1c00000,0x00000000d36e8150,0x00000000d3800000)
 PSPermGen       total 27136K, used 15975K [0x00000000c7600000, 0x00000000c9080000, 0x00000000d1c00000)
  object space 27136K, 58% used [0x00000000c7600000,0x00000000c8599e50,0x00000000c9080000)
}
Event: 4759.989 GC heap before
{Heap before GC invocations=1311 (full 9):
 PSYoungGen      total 84480K, used 1518K [0x00000000f0900000, 0x00000000fe080000, 0x0000000100000000)
  eden space 82944K, 0% used [0x00000000f0900000,0x00000000f0900000,0x00000000f5a00000)
  from space 1536K, 98% used [0x00000000fdf00000,0x00000000fe07bae0,0x00000000fe080000)
  to   space 3584K, 0% used [0x00000000fd980000,0x00000000fd980000,0x00000000fdd00000)
 ParOldGen       total 28672K, used 27552K [0x00000000d1c00000, 0x00000000d3800000, 0x00000000f0900000)
  object space 28672K, 96% used [0x00000000d1c00000,0x00000000d36e8150,0x00000000d3800000)
 PSPermGen       total 27136K, used 15975K [0x00000000c7600000, 0x00000000c9080000, 0x00000000d1c00000)
  object space 27136K, 58% used [0x00000000c7600000,0x00000000c8599e50,0x00000000c9080000)
Event: 4760.051 GC heap after
Heap after GC invocations=1311 (full 9):
 PSYoungGen      total 84480K, used 0K [0x00000000f0900000, 0x00000000fe080000, 0x0000000100000000)
  eden space 82944K, 0% used [0x00000000f0900000,0x00000000f0900000,0x00000000f5a00000)
  from space 1536K, 0% used [0x00000000fdf00000,0x00000000fdf00000,0x00000000fe080000)
  to   space 3584K, 0% used [0x00000000fd980000,0x00000000fd980000,0x00000000fdd00000)
 ParOldGen       total 28160K, used 11192K [0x00000000d1c00000, 0x00000000d3780000, 0x00000000f0900000)
  object space 28160K, 39% used [0x00000000d1c00000,0x00000000d26ee288,0x00000000d3780000)
 PSPermGen       total 25600K, used 15975K [0x00000000c7600000, 0x00000000c8f00000, 0x00000000d1c00000)
  object space 25600K, 62% used [0x00000000c7600000,0x00000000c8599e50,0x00000000c8f00000)
}
Event: 4762.713 GC heap before
{Heap before GC invocations=1312 (full 9):
 PSYoungGen      total 84480K, used 82932K [0x00000000f0900000, 0x00000000fe080000, 0x0000000100000000)
  eden space 82944K, 99% used [0x00000000f0900000,0x00000000f59fd1a8,0x00000000f5a00000)
  from space 1536K, 0% used [0x00000000fdf00000,0x00000000fdf00000,0x00000000fe080000)
  to   space 3584K, 0% used [0x00000000fd980000,0x00000000fd980000,0x00000000fdd00000)
 ParOldGen       total 28160K, used 11192K [0x00000000d1c00000, 0x00000000d3780000, 0x00000000f0900000)
  object space 28160K, 39% used [0x00000000d1c00000,0x00000000d26ee288,0x00000000d3780000)
 PSPermGen       total 25600K, used 15977K [0x00000000c7600000, 0x00000000c8f00000, 0x00000000d1c00000)
  object space 25600K, 62% used [0x00000000c7600000,0x00000000c859a430,0x00000000c8f00000)
Event: 4762.721 GC heap after
Heap after GC invocations=1312 (full 9):
 PSYoungGen      total 82944K, used 2879K [0x00000000f0900000, 0x00000000fdf80000, 0x0000000100000000)
  eden space 79872K, 0% used [0x00000000f0900000,0x00000000f0900000,0x00000000f5700000)
  from space 3072K, 93% used [0x00000000fd980000,0x00000000fdc4fc60,0x00000000fdc80000)
  to   space 3072K, 0% used [0x00000000fdc80000,0x00000000fdc80000,0x00000000fdf80000)
 ParOldGen       total 28160K, used 11192K [0x00000000d1c00000, 0x00000000d3780000, 0x00000000f0900000)
  object space 28160K, 39% used [0x00000000d1c00000,0x00000000d26ee288,0x00000000d3780000)
 PSPermGen       total 25600K, used 15977K [0x00000000c7600000, 0x00000000c8f00000, 0x00000000d1c00000)
  object space 25600K, 62% used [0x00000000c7600000,0x00000000c859a430,0x00000000c8f00000)
}

Deoptimization events (10 events):
Event: 2521.347 Thread 0x00007f097430d800 Uncommon trap: reason=class_check action=maybe_recompile pc=0x00007f09712e3cbc method=java.io.Writer.write(Ljava/lang/String;)V @ 7
Event: 2521.348 Thread 0x00007f097430d800 Uncommon trap: reason=class_check action=maybe_recompile pc=0x00007f0971305bb8 method=java.util.Formatter.format(Ljava/util/Locale;Ljava/lang/String;[Ljava/lang/Object;)Ljava/util/Formatter; @ 76
Event: 2521.348 Thread 0x00007f097430d800 Uncommon trap: reason=class_check action=maybe_recompile pc=0x00007f09712e3cbc method=java.io.Writer.write(Ljava/lang/String;)V @ 7
Event: 2521.348 Thread 0x00007f097430d800 Uncommon trap: reason=unreached action=reinterpret pc=0x00007f097135395c method=java.net.URI.getPath()Ljava/lang/String; @ 4
Event: 2521.350 Thread 0x00007f0974324800 Uncommon trap: reason=class_check action=maybe_recompile pc=0x00007f0971305bb8 method=java.util.Formatter.format(Ljava/util/Locale;Ljava/lang/String;[Ljava/lang/Object;)Ljava/util/Formatter; @ 76
Event: 2521.351 Thread 0x00007f0974324800 Uncommon trap: reason=unreached action=reinterpret pc=0x00007f09712dfce4 method=java.net.URI.getPath()Ljava/lang/String; @ 4
Event: 2964.767 Thread 0x00007f0974078000 Uncommon trap: reason=unreached action=reinterpret pc=0x00007f0971157fa4 method=java.util.WeakHashMap.expungeStaleEntries()V @ 9
Event: 3360.072 Thread 0x00007f0974314800 Uncommon trap: reason=null_check action=make_not_entrant pc=0x00007f09713e36fc method=sun.security.pkcs11.SessionKeyRef.drainRefQueueBounded()V @ 6
Event: 3405.147 Thread 0x00007f0974322800 Uncommon trap: reason=unreached action=reinterpret pc=0x00007f09711f68cc method=sun.misc.FloatingDecimal.big5pow(I)Lsun/misc/FDBigInt; @ 74
Event: 4713.658 Thread 0x00007f0974309000 Uncommon trap: reason=predicate action=maybe_recompile pc=0x00007f097140d2f0 method=java.util.Arrays.fill([Ljava/lang/Object;Ljava/lang/Object;)V @ 10

Internal exceptions (10 events):
Event: 4762.177 Thread 0x00007f097431e800 Threw 0x00000000f4883590 at /build/buildd/openjdk-7-7u51-2.4.4/build/openjdk/hotspot/src/share/vm/prims/jni.cpp:743
Event: 4762.183 Thread 0x00007f0974324800 Threw 0x00000000f3f6bd50 at /build/buildd/openjdk-7-7u51-2.4.4/build/openjdk/hotspot/src/share/vm/prims/jni.cpp:743
Event: 4762.183 Thread 0x00007f0974316000 Threw 0x00000000f3c21ac8 at /build/buildd/openjdk-7-7u51-2.4.4/build/openjdk/hotspot/src/share/vm/prims/jni.cpp:743
Event: 4762.183 Thread 0x00007f0974313000 Threw 0x00000000f430cfe0 at /build/buildd/openjdk-7-7u51-2.4.4/build/openjdk/hotspot/src/share/vm/prims/jni.cpp:743
Event: 4762.183 Thread 0x00007f0974318800 Threw 0x00000000f39d5bb8 at /build/buildd/openjdk-7-7u51-2.4.4/build/openjdk/hotspot/src/share/vm/prims/jni.cpp:743
Event: 4762.183 Thread 0x00007f0974322800 Threw 0x00000000f3b1e380 at /build/buildd/openjdk-7-7u51-2.4.4/build/openjdk/hotspot/src/share/vm/prims/jni.cpp:743
Event: 4762.184 Thread 0x00007f0974320800 Threw 0x00000000f37a1260 at /build/buildd/openjdk-7-7u51-2.4.4/build/openjdk/hotspot/src/share/vm/prims/jni.cpp:743
Event: 4762.184 Thread 0x00007f0974314800 Threw 0x00000000f3ebac48 at /build/buildd/openjdk-7-7u51-2.4.4/build/openjdk/hotspot/src/share/vm/prims/jni.cpp:743
Event: 4762.184 Thread 0x00007f097431a800 Threw 0x00000000f46929b0 at /build/buildd/openjdk-7-7u51-2.4.4/build/openjdk/hotspot/src/share/vm/prims/jni.cpp:743
Event: 4762.186 Thread 0x00007f097430c800 Threw 0x00000000f477e7c0 at /build/buildd/openjdk-7-7u51-2.4.4/build/openjdk/hotspot/src/share/vm/prims/jni.cpp:743

Events (10 events):
Event: 4751.452 Executing VM operation: ParallelGCFailedAllocation
Event: 4751.454 Executing VM operation: ParallelGCFailedAllocation done
Event: 4754.566 Executing VM operation: ParallelGCFailedAllocation
Event: 4754.571 Executing VM operation: ParallelGCFailedAllocation done
Event: 4757.344 Executing VM operation: ParallelGCFailedAllocation
Event: 4757.349 Executing VM operation: ParallelGCFailedAllocation done
Event: 4759.984 Executing VM operation: ParallelGCFailedAllocation
Event: 4760.051 Executing VM operation: ParallelGCFailedAllocation done
Event: 4762.712 Executing VM operation: ParallelGCFailedAllocation
Event: 4762.721 Executing VM operation: ParallelGCFailedAllocation done


Dynamic libraries:
00400000-00401000 r-xp 00000000 08:01 415609                             /usr/lib/jvm/java-7-openjdk-amd64/jre/bin/java
00600000-00601000 r--p 00000000 08:01 415609                             /usr/lib/jvm/java-7-openjdk-amd64/jre/bin/java
00601000-00602000 rw-p 00001000 08:01 415609                             /usr/lib/jvm/java-7-openjdk-amd64/jre/bin/java
00fcc000-0100f000 rw-p 00000000 00:00 0                                  [heap]
c7600000-c8f00000 rw-p 00000000 00:00 0 
c8f00000-c9900000 ---p 00000000 00:00 0 
c9900000-d1c00000 rw-p 00000000 00:00 0 
d1c00000-d3780000 rw-p 00000000 00:00 0 
d3780000-d3b00000 ---p 00000000 00:00 0 
d3b00000-f0900000 rw-p 00000000 00:00 0 
f0900000-fdf80000 rw-p 00000000 00:00 0 
fdf80000-100000000 ---p 00000000 00:00 0 
7f091cff9000-7f091cffc000 ---p 00000000 00:00 0 
7f091cffc000-7f091dffa000 rw-p 00000000 00:00 0                          [stack:41016]
7f091dffa000-7f091dffd000 ---p 00000000 00:00 0 
7f091dffd000-7f091effb000 rw-p 00000000 00:00 0                          [stack:41015]
7f091effb000-7f091effe000 ---p 00000000 00:00 0 
7f091effe000-7f091fffc000 rw-p 00000000 00:00 0                          [stack:41014]
7f091fffc000-7f091ffff000 ---p 00000000 00:00 0 
7f091ffff000-7f0920ffd000 rw-p 00000000 00:00 0                          [stack:41013]
7f0920ffd000-7f0921000000 ---p 00000000 00:00 0 
7f0921000000-7f0921ffe000 rw-p 00000000 00:00 0                          [stack:41012]
7f0921ffe000-7f0922001000 ---p 00000000 00:00 0 
7f0922001000-7f0922fff000 rw-p 00000000 00:00 0                          [stack:41011]
7f0922fff000-7f0923002000 ---p 00000000 00:00 0 
7f0923002000-7f0924000000 rw-p 00000000 00:00 0                          [stack:41010]
7f0924000000-7f092403d000 rw-p 00000000 00:00 0 
7f092403d000-7f0928000000 ---p 00000000 00:00 0 
7f0928ffd000-7f0929000000 ---p 00000000 00:00 0 
7f0929000000-7f0929ffe000 rw-p 00000000 00:00 0                          [stack:41009]
7f0929ffe000-7f092a001000 ---p 00000000 00:00 0 
7f092a001000-7f092afff000 rw-p 00000000 00:00 0                          [stack:41008]
7f092afff000-7f092b002000 ---p 00000000 00:00 0 
7f092b002000-7f092c000000 rw-p 00000000 00:00 0                          [stack:41007]
7f092c000000-7f092c2c3000 rw-p 00000000 00:00 0 
7f092c2c3000-7f0930000000 ---p 00000000 00:00 0 
7f0930000000-7f0930065000 rw-p 00000000 00:00 0 
7f0930065000-7f0934000000 ---p 00000000 00:00 0 
7f0934ffd000-7f0935000000 ---p 00000000 00:00 0 
7f0935000000-7f0935ffe000 rw-p 00000000 00:00 0                          [stack:41006]
7f0935ffe000-7f0936001000 ---p 00000000 00:00 0 
7f0936001000-7f0936fff000 rw-p 00000000 00:00 0                          [stack:41005]
7f0936fff000-7f0937002000 ---p 00000000 00:00 0 
7f0937002000-7f0938000000 rw-p 00000000 00:00 0                          [stack:41004]
7f0938000000-7f093802f000 rw-p 00000000 00:00 0 
7f093802f000-7f093c000000 ---p 00000000 00:00 0 
7f093cd24000-7f093cdf8000 r-xp 00000000 08:01 943068                     /usr/local/lib/libsoplex.so
7f093cdf8000-7f093cff8000 ---p 000d4000 08:01 943068                     /usr/local/lib/libsoplex.so
7f093cff8000-7f093cffb000 r--p 000d4000 08:01 943068                     /usr/local/lib/libsoplex.so
7f093cffb000-7f093cffd000 rw-p 000d7000 08:01 943068                     /usr/local/lib/libsoplex.so
7f093cffd000-7f093d000000 ---p 00000000 00:00 0 
7f093d000000-7f093dffe000 rw-p 00000000 00:00 0                          [stack:41003]
7f093dffe000-7f093e001000 ---p 00000000 00:00 0 
7f093e001000-7f093efff000 rw-p 00000000 00:00 0                          [stack:41002]
7f093efff000-7f093f002000 ---p 00000000 00:00 0 
7f093f002000-7f0940000000 rw-p 00000000 00:00 0 
7f0940000000-7f0940039000 rw-p 00000000 00:00 0 
7f0940039000-7f0944000000 ---p 00000000 00:00 0 
7f0944000000-7f0944038000 rw-p 00000000 00:00 0 
7f0944038000-7f0948000000 ---p 00000000 00:00 0 
7f0948000000-7f0948dcd000 rw-p 00000000 00:00 0 
7f0948dcd000-7f094c000000 ---p 00000000 00:00 0 
7f094c000000-7f094e85f000 rw-p 00000000 00:00 0 
7f094e85f000-7f0950000000 ---p 00000000 00:00 0 
7f0950020000-7f095002c000 r-xp 00000000 08:01 941330                     /usr/local/lib/libprim.so.0.0.0
7f095002c000-7f095022b000 ---p 0000c000 08:01 941330                     /usr/local/lib/libprim.so.0.0.0
7f095022b000-7f095022c000 r--p 0000b000 08:01 941330                     /usr/local/lib/libprim.so.0.0.0
7f095022c000-7f095022d000 rw-p 0000c000 08:01 941330                     /usr/local/lib/libprim.so.0.0.0
7f095022d000-7f0950381000 r-xp 00000000 08:01 943104                     /usr/local/lib/libibex.so
7f0950381000-7f0950580000 ---p 00154000 08:01 943104                     /usr/local/lib/libibex.so
7f0950580000-7f0950588000 r--p 00153000 08:01 943104                     /usr/local/lib/libibex.so
7f0950588000-7f095058a000 rw-p 0015b000 08:01 943104                     /usr/local/lib/libibex.so
7f095058a000-7f095058b000 rw-p 00000000 00:00 0 
7f095058b000-7f0950592000 r-xp 00000000 08:01 943105                     /usr/local/lib/libibex-java.so
7f0950592000-7f0950791000 ---p 00007000 08:01 943105                     /usr/local/lib/libibex-java.so
7f0950791000-7f0950792000 r--p 00006000 08:01 943105                     /usr/local/lib/libibex-java.so
7f0950792000-7f0950793000 rw-p 00007000 08:01 943105                     /usr/local/lib/libibex-java.so
7f0950793000-7f09507a3000 r-xp 00000000 08:01 543078                     /usr/lib/jvm/java-7-openjdk-amd64/jre/lib/amd64/libnio.so
7f09507a3000-7f09509a2000 ---p 00010000 08:01 543078                     /usr/lib/jvm/java-7-openjdk-amd64/jre/lib/amd64/libnio.so
7f09509a2000-7f09509a3000 r--p 0000f000 08:01 543078                     /usr/lib/jvm/java-7-openjdk-amd64/jre/lib/amd64/libnio.so
7f09509a3000-7f09509a4000 rw-p 00010000 08:01 543078                     /usr/lib/jvm/java-7-openjdk-amd64/jre/lib/amd64/libnio.so
7f09509a4000-7f09509ab000 r-xp 00000000 08:01 410803                     /lib/x86_64-linux-gnu/libnss_dns-2.15.so
7f09509ab000-7f0950baa000 ---p 00007000 08:01 410803                     /lib/x86_64-linux-gnu/libnss_dns-2.15.so
7f0950baa000-7f0950bab000 r--p 00006000 08:01 410803                     /lib/x86_64-linux-gnu/libnss_dns-2.15.so
7f0950bab000-7f0950bac000 rw-p 00007000 08:01 410803                     /lib/x86_64-linux-gnu/libnss_dns-2.15.so
7f0950bac000-7f0950bae000 r-xp 00000000 08:01 393271                     /lib/libnss_mdns4_minimal.so.2
7f0950bae000-7f0950dad000 ---p 00002000 08:01 393271                     /lib/libnss_mdns4_minimal.so.2
7f0950dad000-7f0950dae000 r--p 00001000 08:01 393271                     /lib/libnss_mdns4_minimal.so.2
7f0950dae000-7f0950daf000 rw-p 00002000 08:01 393271                     /lib/libnss_mdns4_minimal.so.2
7f0950daf000-7f0950e1a000 r-xp 00000000 08:01 1079405                    /usr/lib/x86_64-linux-gnu/nss/libfreebl3.so
7f0950e1a000-7f0951019000 ---p 0006b000 08:01 1079405                    /usr/lib/x86_64-linux-gnu/nss/libfreebl3.so
7f0951019000-7f095101b000 r--p 0006a000 08:01 1079405                    /usr/lib/x86_64-linux-gnu/nss/libfreebl3.so
7f095101b000-7f095101c000 rw-p 0006c000 08:01 1079405                    /usr/lib/x86_64-linux-gnu/nss/libfreebl3.so
7f095101c000-7f0951020000 rw-p 00000000 00:00 0 
7f0951020000-7f09510be000 r-xp 00000000 08:01 926524                     /usr/lib/x86_64-linux-gnu/libsqlite3.so.0.8.6
7f09510be000-7f09512be000 ---p 0009e000 08:01 926524                     /usr/lib/x86_64-linux-gnu/libsqlite3.so.0.8.6
7f09512be000-7f09512c0000 r--p 0009e000 08:01 926524                     /usr/lib/x86_64-linux-gnu/libsqlite3.so.0.8.6
7f09512c0000-7f09512c2000 rw-p 000a0000 08:01 926524                     /usr/lib/x86_64-linux-gnu/libsqlite3.so.0.8.6
7f09512c2000-7f09512c3000 rw-p 00000000 00:00 0 
7f09512c3000-7f09512fb000 r-xp 00000000 08:01 1079403                    /usr/lib/x86_64-linux-gnu/nss/libsoftokn3.so
7f09512fb000-7f09514fa000 ---p 00038000 08:01 1079403                    /usr/lib/x86_64-linux-gnu/nss/libsoftokn3.so
7f09514fa000-7f09514fc000 r--p 00037000 08:01 1079403                    /usr/lib/x86_64-linux-gnu/nss/libsoftokn3.so
7f09514fc000-7f09514fd000 rw-p 00039000 08:01 1079403                    /usr/lib/x86_64-linux-gnu/nss/libsoftokn3.so
7f09514fd000-7f0951537000 r-xp 00000000 08:01 942241                     /usr/lib/x86_64-linux-gnu/libnspr4.so
7f0951537000-7f0951737000 ---p 0003a000 08:01 942241                     /usr/lib/x86_64-linux-gnu/libnspr4.so
7f0951737000-7f0951738000 r--p 0003a000 08:01 942241                     /usr/lib/x86_64-linux-gnu/libnspr4.so
7f0951738000-7f095173a000 rw-p 0003b000 08:01 942241                     /usr/lib/x86_64-linux-gnu/libnspr4.so
7f095173a000-7f095173c000 rw-p 00000000 00:00 0 
7f095173c000-7f095173f000 r-xp 00000000 08:01 942242                     /usr/lib/x86_64-linux-gnu/libplds4.so
7f095173f000-7f095193e000 ---p 00003000 08:01 942242                     /usr/lib/x86_64-linux-gnu/libplds4.so
7f095193e000-7f095193f000 r--p 00002000 08:01 942242                     /usr/lib/x86_64-linux-gnu/libplds4.so
7f095193f000-7f0951940000 rw-p 00003000 08:01 942242                     /usr/lib/x86_64-linux-gnu/libplds4.so
7f0951940000-7f0951944000 r-xp 00000000 08:01 942240                     /usr/lib/x86_64-linux-gnu/libplc4.so
7f0951944000-7f0951b43000 ---p 00004000 08:01 942240                     /usr/lib/x86_64-linux-gnu/libplc4.so
7f0951b43000-7f0951b44000 r--p 00003000 08:01 942240                     /usr/lib/x86_64-linux-gnu/libplc4.so
7f0951b44000-7f0951b45000 rw-p 00004000 08:01 942240                     /usr/lib/x86_64-linux-gnu/libplc4.so
7f0951b45000-7f0951b66000 r-xp 00000000 08:01 921274                     /usr/lib/x86_64-linux-gnu/libnssutil3.so
7f0951b66000-7f0951d65000 ---p 00021000 08:01 921274                     /usr/lib/x86_64-linux-gnu/libnssutil3.so
7f0951d65000-7f0951d6b000 r--p 00020000 08:01 921274                     /usr/lib/x86_64-linux-gnu/libnssutil3.so
7f0951d6b000-7f0951d6c000 rw-p 00026000 08:01 921274                     /usr/lib/x86_64-linux-gnu/libnssutil3.so
7f0951d6c000-7f0951e6c000 r-xp 00000000 08:01 921275                     /usr/lib/x86_64-linux-gnu/libnss3.so
7f0951e6c000-7f095206c000 ---p 00100000 08:01 921275                     /usr/lib/x86_64-linux-gnu/libnss3.so
7f095206c000-7f0952071000 r--p 00100000 08:01 921275                     /usr/lib/x86_64-linux-gnu/libnss3.so
7f0952071000-7f0952074000 rw-p 00105000 08:01 921275                     /usr/lib/x86_64-linux-gnu/libnss3.so
7f0952074000-7f0952075000 rw-p 00000000 00:00 0 
7f0952075000-7f0952085000 r-xp 00000000 08:01 543083                     /usr/lib/jvm/java-7-openjdk-amd64/jre/lib/amd64/libj2pkcs11.so
7f0952085000-7f0952284000 ---p 00010000 08:01 543083                     /usr/lib/jvm/java-7-openjdk-amd64/jre/lib/amd64/libj2pkcs11.so
7f0952284000-7f0952285000 r--p 0000f000 08:01 543083                     /usr/lib/jvm/java-7-openjdk-amd64/jre/lib/amd64/libj2pkcs11.so
7f0952285000-7f0952286000 rw-p 00010000 08:01 543083                     /usr/lib/jvm/java-7-openjdk-amd64/jre/lib/amd64/libj2pkcs11.so
7f0952286000-7f09522c2000 r-xp 00000000 08:01 397433                     /lib/x86_64-linux-gnu/libpcre.so.3.12.1
7f09522c2000-7f09524c1000 ---p 0003c000 08:01 397433                     /lib/x86_64-linux-gnu/libpcre.so.3.12.1
7f09524c1000-7f09524c2000 r--p 0003b000 08:01 397433                     /lib/x86_64-linux-gnu/libpcre.so.3.12.1
7f09524c2000-7f09524c3000 rw-p 0003c000 08:01 397433                     /lib/x86_64-linux-gnu/libpcre.so.3.12.1
7f09524c3000-7f09524ca000 r-xp 00000000 08:01 926184                     /usr/lib/x86_64-linux-gnu/libffi.so.6.0.0
7f09524ca000-7f09526c9000 ---p 00007000 08:01 926184                     /usr/lib/x86_64-linux-gnu/libffi.so.6.0.0
7f09526c9000-7f09526ca000 r--p 00006000 08:01 926184                     /usr/lib/x86_64-linux-gnu/libffi.so.6.0.0
7f09526ca000-7f09526cb000 rw-p 00007000 08:01 926184                     /usr/lib/x86_64-linux-gnu/libffi.so.6.0.0
7f09526cb000-7f09526e3000 r-xp 00000000 08:01 410790                     /lib/x86_64-linux-gnu/libresolv-2.15.so
7f09526e3000-7f09528e3000 ---p 00018000 08:01 410790                     /lib/x86_64-linux-gnu/libresolv-2.15.so
7f09528e3000-7f09528e4000 r--p 00018000 08:01 410790                     /lib/x86_64-linux-gnu/libresolv-2.15.so
7f09528e4000-7f09528e5000 rw-p 00019000 08:01 410790                     /lib/x86_64-linux-gnu/libresolv-2.15.so
7f09528e5000-7f09528e7000 rw-p 00000000 00:00 0 
7f09528e7000-7f0952904000 r-xp 00000000 08:01 397448                     /lib/x86_64-linux-gnu/libselinux.so.1
7f0952904000-7f0952b03000 ---p 0001d000 08:01 397448                     /lib/x86_64-linux-gnu/libselinux.so.1
7f0952b03000-7f0952b04000 r--p 0001c000 08:01 397448                     /lib/x86_64-linux-gnu/libselinux.so.1
7f0952b04000-7f0952b05000 rw-p 0001d000 08:01 397448                     /lib/x86_64-linux-gnu/libselinux.so.1
7f0952b05000-7f0952b06000 rw-p 00000000 00:00 0 
7f0952b06000-7f0952b09000 r-xp 00000000 08:01 917882                     /usr/lib/x86_64-linux-gnu/libgmodule-2.0.so.0.3200.4
7f0952b09000-7f0952d08000 ---p 00003000 08:01 917882                     /usr/lib/x86_64-linux-gnu/libgmodule-2.0.so.0.3200.4
7f0952d08000-7f0952d09000 r--p 00002000 08:01 917882                     /usr/lib/x86_64-linux-gnu/libgmodule-2.0.so.0.3200.4
7f0952d09000-7f0952d0a000 rw-p 00003000 08:01 917882                     /usr/lib/x86_64-linux-gnu/libgmodule-2.0.so.0.3200.4
7f0952d0a000-7f0952dfc000 r-xp 00000000 08:01 408312                     /lib/x86_64-linux-gnu/libglib-2.0.so.0.3200.4
7f0952dfc000-7f0952ffc000 ---p 000f2000 08:01 408312                     /lib/x86_64-linux-gnu/libglib-2.0.so.0.3200.4
7f0952ffc000-7f0952ffd000 r--p 000f2000 08:01 408312                     /lib/x86_64-linux-gnu/libglib-2.0.so.0.3200.4
7f0952ffd000-7f0952ffe000 rw-p 000f3000 08:01 408312                     /lib/x86_64-linux-gnu/libglib-2.0.so.0.3200.4
7f0952ffe000-7f0952fff000 rw-p 00000000 00:00 0 
7f0952fff000-7f0953002000 ---p 00000000 00:00 0 
7f0953002000-7f0954000000 rw-p 00000000 00:00 0                          [stack:40998]
7f0954000000-7f0954033000 rw-p 00000000 00:00 0 
7f0954033000-7f0958000000 ---p 00000000 00:00 0 
7f0958000000-7f0958057000 rw-p 00000000 00:00 0 
7f0958057000-7f095c000000 ---p 00000000 00:00 0 
7f095c000000-7f095c270000 rw-p 00000000 00:00 0 
7f095c270000-7f0960000000 ---p 00000000 00:00 0 
7f09600ca000-7f09600fb000 rw-p 00000000 00:00 0 
7f09600fb000-7f0960148000 r-xp 00000000 08:01 919206                     /usr/lib/x86_64-linux-gnu/libgobject-2.0.so.0.3200.4
7f0960148000-7f0960348000 ---p 0004d000 08:01 919206                     /usr/lib/x86_64-linux-gnu/libgobject-2.0.so.0.3200.4
7f0960348000-7f0960349000 r--p 0004d000 08:01 919206                     /usr/lib/x86_64-linux-gnu/libgobject-2.0.so.0.3200.4
7f0960349000-7f096034a000 rw-p 0004e000 08:01 919206                     /usr/lib/x86_64-linux-gnu/libgobject-2.0.so.0.3200.4
7f096034a000-7f0960492000 r-xp 00000000 08:01 919205                     /usr/lib/x86_64-linux-gnu/libgio-2.0.so.0.3200.4
7f0960492000-7f0960691000 ---p 00148000 08:01 919205                     /usr/lib/x86_64-linux-gnu/libgio-2.0.so.0.3200.4
7f0960691000-7f0960695000 r--p 00147000 08:01 919205                     /usr/lib/x86_64-linux-gnu/libgio-2.0.so.0.3200.4
7f0960695000-7f0960697000 rw-p 0014b000 08:01 919205                     /usr/lib/x86_64-linux-gnu/libgio-2.0.so.0.3200.4
7f0960697000-7f0960699000 rw-p 00000000 00:00 0 
7f09606a1000-7f09606ab000 r--s 000b8000 08:01 543019                     /usr/lib/jvm/java-7-openjdk-amd64/jre/lib/resources.jar
7f09606ab000-7f09606c1000 r-xp 00000000 08:01 543070                     /usr/lib/jvm/java-7-openjdk-amd64/jre/lib/amd64/libnet.so
7f09606c1000-7f09608c1000 ---p 00016000 08:01 543070                     /usr/lib/jvm/java-7-openjdk-amd64/jre/lib/amd64/libnet.so
7f09608c1000-7f09608c2000 r--p 00016000 08:01 543070                     /usr/lib/jvm/java-7-openjdk-amd64/jre/lib/amd64/libnet.so
7f09608c2000-7f09608c3000 rw-p 00017000 08:01 543070                     /usr/lib/jvm/java-7-openjdk-amd64/jre/lib/amd64/libnet.so
7f09608c3000-7f09608c6000 r--s 00013000 08:01 1079103                    /home/galic1987/.m2/repository/net/sf/ezmorph/ezmorph/1.0.6/ezmorph-1.0.6.jar
7f09608c6000-7f09608c9000 r--s 00017000 08:01 541426                     /usr/lib/jvm/java-7-openjdk-amd64/jre/lib/jce.jar
7f09608c9000-7f09608ce000 r--s 0004c000 08:01 543037                     /usr/lib/jvm/java-7-openjdk-amd64/jre/lib/jsse.jar
7f09608ce000-7f09608d3000 r--s 00040000 08:01 1079101                    /home/galic1987/.m2/repository/commons-lang/commons-lang/2.5/commons-lang-2.5.jar
7f09608d3000-7f09608e1000 r--s 0007f000 08:01 1079100                    /home/galic1987/.m2/repository/commons-collections/commons-collections/3.2.1/commons-collections-3.2.1.jar
7f09608e1000-7f09608e6000 r--s 00034000 08:01 1079099                    /home/galic1987/.m2/repository/commons-beanutils/commons-beanutils/1.8.0/commons-beanutils-1.8.0.jar
7f09608e6000-7f09608ec000 r--s 00033000 08:01 1079097                    /home/galic1987/.m2/repository/commons-codec/commons-codec/1.6/commons-codec-1.6.jar
7f09608ec000-7f09608f2000 r--s 0003f000 08:01 802017                     /home/galic1987/.m2/repository/org/apache/httpcomponents/httpcore/4.3.1/httpcore-4.3.1.jar
7f09608f2000-7f096091a000 r--s 00241000 08:01 1079091                    /home/galic1987/.m2/repository/net/sf/trove4j/trove4j/3.0.3/trove4j-3.0.3.jar
7f096091a000-7f096091d000 ---p 00000000 00:00 0 
7f096091d000-7f096191b000 rw-p 00000000 00:00 0                          [stack:40995]
7f096191b000-7f0961ffe000 r--p 00000000 08:01 924466                     /usr/lib/locale/locale-archive
7f0961ffe000-7f0962001000 ---p 00000000 00:00 0 
7f0962001000-7f0962fff000 rw-p 00000000 00:00 0                          [stack:40993]
7f0962fff000-7f0963002000 ---p 00000000 00:00 0 
7f0963002000-7f0964000000 rw-p 00000000 00:00 0                          [stack:40992]
7f0964000000-7f0964045000 rw-p 00000000 00:00 0 
7f0964045000-7f0968000000 ---p 00000000 00:00 0 
7f0968000000-7f096813e000 rw-p 00000000 00:00 0 
7f096813e000-7f096c000000 ---p 00000000 00:00 0 
7f096c000000-7f096c031000 rw-p 00000000 00:00 0 
7f096c031000-7f0970000000 ---p 00000000 00:00 0 
7f0970002000-7f0970005000 r--s 00024000 08:01 1079098                    /home/galic1987/.m2/repository/net/sf/json-lib/json-lib/2.4/json-lib-2.4-jdk15.jar
7f0970005000-7f0970011000 r--s 00084000 08:01 802015                     /home/galic1987/.m2/repository/org/apache/httpcomponents/httpclient/4.3.2/httpclient-4.3.2.jar
7f0970011000-7f0970012000 ---p 00000000 00:00 0 
7f0970012000-7f0970112000 rw-p 00000000 00:00 0                          [stack:40999]
7f0970112000-7f0970115000 ---p 00000000 00:00 0 
7f0970115000-7f0970213000 rw-p 00000000 00:00 0                          [stack:40997]
7f0970213000-7f0970216000 ---p 00000000 00:00 0 
7f0970216000-7f0970314000 rw-p 00000000 00:00 0                          [stack:40996]
7f0970314000-7f0970315000 ---p 00000000 00:00 0 
7f0970315000-7f0970d81000 rw-p 00000000 00:00 0                          [stack:40990]
7f0970d81000-7f0970f2f000 r--s 01cf4000 08:01 541401                     /usr/lib/jvm/java-7-openjdk-amd64/jre/lib/rt.jar
7f0970f2f000-7f0971000000 rw-p 00000000 00:00 0 
7f0971000000-7f0971440000 rwxp 00000000 00:00 0 
7f0971440000-7f09743ef000 rw-p 00000000 00:00 0 
7f09743ef000-7f0978000000 ---p 00000000 00:00 0 
7f0978001000-7f0978007000 r--s 00035000 08:01 1079094                    /home/galic1987/.m2/repository/ch/qos/logback/logback-classic/0.9.24/logback-classic-0.9.24.jar
7f0978007000-7f097800f000 r--s 00042000 08:01 1079093                    /home/galic1987/.m2/repository/ch/qos/logback/logback-core/0.9.24/logback-core-0.9.24.jar
7f097800f000-7f0979e94000 rw-p 00000000 00:00 0 
7f0979e94000-7f0979e95000 ---p 00000000 00:00 0 
7f0979e95000-7f0979f95000 rw-p 00000000 00:00 0                          [stack:40989]
7f0979f95000-7f0979f96000 ---p 00000000 00:00 0 
7f0979f96000-7f097a0a3000 rw-p 00000000 00:00 0                          [stack:40988]
7f097a0a3000-7f097a0a8000 ---p 00000000 00:00 0 
7f097a0a8000-7f097a0e9000 rw-p 00000000 00:00 0 
7f097a0e9000-7f097a0f6000 rw-p 00000000 00:00 0 
7f097a0f6000-7f097a0fb000 ---p 00000000 00:00 0 
7f097a0fb000-7f097a13c000 rw-p 00000000 00:00 0 
7f097a13c000-7f097a14a000 rw-p 00000000 00:00 0 
7f097a14a000-7f097a14c000 ---p 00000000 00:00 0 
7f097a14c000-7f097a232000 rw-p 00000000 00:00 0 
7f097a232000-7f097a29e000 rw-p 00000000 00:00 0 
7f097a29e000-7f097a2ae000 ---p 00000000 00:00 0 
7f097a2ae000-7f097a2af000 rw-p 00000000 00:00 0 
7f097a2af000-7f097a2b7000 r-xp 00000000 08:01 543065                     /usr/lib/jvm/java-7-openjdk-amd64/jre/lib/amd64/libzip.so
7f097a2b7000-7f097a4b6000 ---p 00008000 08:01 543065                     /usr/lib/jvm/java-7-openjdk-amd64/jre/lib/amd64/libzip.so
7f097a4b6000-7f097a4b7000 r--p 00007000 08:01 543065                     /usr/lib/jvm/java-7-openjdk-amd64/jre/lib/amd64/libzip.so
7f097a4b7000-7f097a4b8000 rw-p 00008000 08:01 543065                     /usr/lib/jvm/java-7-openjdk-amd64/jre/lib/amd64/libzip.so
7f097a4b8000-7f097a4c4000 r-xp 00000000 08:01 410750                     /lib/x86_64-linux-gnu/libnss_files-2.15.so
7f097a4c4000-7f097a6c3000 ---p 0000c000 08:01 410750                     /lib/x86_64-linux-gnu/libnss_files-2.15.so
7f097a6c3000-7f097a6c4000 r--p 0000b000 08:01 410750                     /lib/x86_64-linux-gnu/libnss_files-2.15.so
7f097a6c4000-7f097a6c5000 rw-p 0000c000 08:01 410750                     /lib/x86_64-linux-gnu/libnss_files-2.15.so
7f097a6c5000-7f097a6cf000 r-xp 00000000 08:01 410861                     /lib/x86_64-linux-gnu/libnss_nis-2.15.so
7f097a6cf000-7f097a8cf000 ---p 0000a000 08:01 410861                     /lib/x86_64-linux-gnu/libnss_nis-2.15.so
7f097a8cf000-7f097a8d0000 r--p 0000a000 08:01 410861                     /lib/x86_64-linux-gnu/libnss_nis-2.15.so
7f097a8d0000-7f097a8d1000 rw-p 0000b000 08:01 410861                     /lib/x86_64-linux-gnu/libnss_nis-2.15.so
7f097a8d1000-7f097a8e8000 r-xp 00000000 08:01 412496                     /lib/x86_64-linux-gnu/libnsl-2.15.so
7f097a8e8000-7f097aae7000 ---p 00017000 08:01 412496                     /lib/x86_64-linux-gnu/libnsl-2.15.so
7f097aae7000-7f097aae8000 r--p 00016000 08:01 412496                     /lib/x86_64-linux-gnu/libnsl-2.15.so
7f097aae8000-7f097aae9000 rw-p 00017000 08:01 412496                     /lib/x86_64-linux-gnu/libnsl-2.15.so
7f097aae9000-7f097aaeb000 rw-p 00000000 00:00 0 
7f097aaeb000-7f097aaf3000 r-xp 00000000 08:01 410722                     /lib/x86_64-linux-gnu/libnss_compat-2.15.so
7f097aaf3000-7f097acf2000 ---p 00008000 08:01 410722                     /lib/x86_64-linux-gnu/libnss_compat-2.15.so
7f097acf2000-7f097acf3000 r--p 00007000 08:01 410722                     /lib/x86_64-linux-gnu/libnss_compat-2.15.so
7f097acf3000-7f097acf4000 rw-p 00008000 08:01 410722                     /lib/x86_64-linux-gnu/libnss_compat-2.15.so
7f097acf4000-7f097ad1d000 r-xp 00000000 08:01 543061                     /usr/lib/jvm/java-7-openjdk-amd64/jre/lib/amd64/libjava.so
7f097ad1d000-7f097af1c000 ---p 00029000 08:01 543061                     /usr/lib/jvm/java-7-openjdk-amd64/jre/lib/amd64/libjava.so
7f097af1c000-7f097af1d000 r--p 00028000 08:01 543061                     /usr/lib/jvm/java-7-openjdk-amd64/jre/lib/amd64/libjava.so
7f097af1d000-7f097af1f000 rw-p 00029000 08:01 543061                     /usr/lib/jvm/java-7-openjdk-amd64/jre/lib/amd64/libjava.so
7f097af1f000-7f097af2d000 r-xp 00000000 08:01 543092                     /usr/lib/jvm/java-7-openjdk-amd64/jre/lib/amd64/libverify.so
7f097af2d000-7f097b12c000 ---p 0000e000 08:01 543092                     /usr/lib/jvm/java-7-openjdk-amd64/jre/lib/amd64/libverify.so
7f097b12c000-7f097b12e000 r--p 0000d000 08:01 543092                     /usr/lib/jvm/java-7-openjdk-amd64/jre/lib/amd64/libverify.so
7f097b12e000-7f097b12f000 rw-p 0000f000 08:01 543092                     /usr/lib/jvm/java-7-openjdk-amd64/jre/lib/amd64/libverify.so
7f097b12f000-7f097b136000 r-xp 00000000 08:01 410819                     /lib/x86_64-linux-gnu/librt-2.15.so
7f097b136000-7f097b335000 ---p 00007000 08:01 410819                     /lib/x86_64-linux-gnu/librt-2.15.so
7f097b335000-7f097b336000 r--p 00006000 08:01 410819                     /lib/x86_64-linux-gnu/librt-2.15.so
7f097b336000-7f097b337000 rw-p 00007000 08:01 410819                     /lib/x86_64-linux-gnu/librt-2.15.so
7f097b337000-7f097b33a000 ---p 00000000 00:00 0 
7f097b33a000-7f097c338000 rw-p 00000000 00:00 0                          [stack:40987]
7f097c338000-7f097c34d000 r-xp 00000000 08:01 397381                     /lib/x86_64-linux-gnu/libgcc_s.so.1
7f097c34d000-7f097c54c000 ---p 00015000 08:01 397381                     /lib/x86_64-linux-gnu/libgcc_s.so.1
7f097c54c000-7f097c54d000 r--p 00014000 08:01 397381                     /lib/x86_64-linux-gnu/libgcc_s.so.1
7f097c54d000-7f097c54e000 rw-p 00015000 08:01 397381                     /lib/x86_64-linux-gnu/libgcc_s.so.1
7f097c54e000-7f097c649000 r-xp 00000000 08:01 412487                     /lib/x86_64-linux-gnu/libm-2.15.so
7f097c649000-7f097c848000 ---p 000fb000 08:01 412487                     /lib/x86_64-linux-gnu/libm-2.15.so
7f097c848000-7f097c849000 r--p 000fa000 08:01 412487                     /lib/x86_64-linux-gnu/libm-2.15.so
7f097c849000-7f097c84a000 rw-p 000fb000 08:01 412487                     /lib/x86_64-linux-gnu/libm-2.15.so
7f097c84a000-7f097c92c000 r-xp 00000000 08:01 926534                     /usr/lib/x86_64-linux-gnu/libstdc++.so.6.0.16
7f097c92c000-7f097cb2b000 ---p 000e2000 08:01 926534                     /usr/lib/x86_64-linux-gnu/libstdc++.so.6.0.16
7f097cb2b000-7f097cb33000 r--p 000e1000 08:01 926534                     /usr/lib/x86_64-linux-gnu/libstdc++.so.6.0.16
7f097cb33000-7f097cb35000 rw-p 000e9000 08:01 926534                     /usr/lib/x86_64-linux-gnu/libstdc++.so.6.0.16
7f097cb35000-7f097cb4a000 rw-p 00000000 00:00 0 
7f097cb4a000-7f097d605000 r-xp 00000000 08:01 543075                     /usr/lib/jvm/java-7-openjdk-amd64/jre/lib/amd64/server/libjvm.so
7f097d605000-7f097d805000 ---p 00abb000 08:01 543075                     /usr/lib/jvm/java-7-openjdk-amd64/jre/lib/amd64/server/libjvm.so
7f097d805000-7f097d89d000 r--p 00abb000 08:01 543075                     /usr/lib/jvm/java-7-openjdk-amd64/jre/lib/amd64/server/libjvm.so
7f097d89d000-7f097d8c0000 rw-p 00b53000 08:01 543075                     /usr/lib/jvm/java-7-openjdk-amd64/jre/lib/amd64/server/libjvm.so
7f097d8c0000-7f097d8ed000 rw-p 00000000 00:00 0 
7f097d8ed000-7f097d903000 r-xp 00000000 08:01 397471                     /lib/x86_64-linux-gnu/libz.so.1.2.3.4
7f097d903000-7f097db02000 ---p 00016000 08:01 397471                     /lib/x86_64-linux-gnu/libz.so.1.2.3.4
7f097db02000-7f097db03000 r--p 00015000 08:01 397471                     /lib/x86_64-linux-gnu/libz.so.1.2.3.4
7f097db03000-7f097db04000 rw-p 00016000 08:01 397471                     /lib/x86_64-linux-gnu/libz.so.1.2.3.4
7f097db04000-7f097db1c000 r-xp 00000000 08:01 412485                     /lib/x86_64-linux-gnu/libpthread-2.15.so
7f097db1c000-7f097dd1b000 ---p 00018000 08:01 412485                     /lib/x86_64-linux-gnu/libpthread-2.15.so
7f097dd1b000-7f097dd1c000 r--p 00017000 08:01 412485                     /lib/x86_64-linux-gnu/libpthread-2.15.so
7f097dd1c000-7f097dd1d000 rw-p 00018000 08:01 412485                     /lib/x86_64-linux-gnu/libpthread-2.15.so
7f097dd1d000-7f097dd21000 rw-p 00000000 00:00 0 
7f097dd21000-7f097dd23000 r-xp 00000000 08:01 412491                     /lib/x86_64-linux-gnu/libdl-2.15.so
7f097dd23000-7f097df23000 ---p 00002000 08:01 412491                     /lib/x86_64-linux-gnu/libdl-2.15.so
7f097df23000-7f097df24000 r--p 00002000 08:01 412491                     /lib/x86_64-linux-gnu/libdl-2.15.so
7f097df24000-7f097df25000 rw-p 00003000 08:01 412491                     /lib/x86_64-linux-gnu/libdl-2.15.so
7f097df25000-7f097e0da000 r-xp 00000000 08:01 410671                     /lib/x86_64-linux-gnu/libc-2.15.so
7f097e0da000-7f097e2da000 ---p 001b5000 08:01 410671                     /lib/x86_64-linux-gnu/libc-2.15.so
7f097e2da000-7f097e2de000 r--p 001b5000 08:01 410671                     /lib/x86_64-linux-gnu/libc-2.15.so
7f097e2de000-7f097e2e0000 rw-p 001b9000 08:01 410671                     /lib/x86_64-linux-gnu/libc-2.15.so
7f097e2e0000-7f097e2e5000 rw-p 00000000 00:00 0 
7f097e2e5000-7f097e2f2000 r-xp 00000000 08:01 543085                     /usr/lib/jvm/java-7-openjdk-amd64/jre/lib/amd64/jli/libjli.so
7f097e2f2000-7f097e4f1000 ---p 0000d000 08:01 543085                     /usr/lib/jvm/java-7-openjdk-amd64/jre/lib/amd64/jli/libjli.so
7f097e4f1000-7f097e4f2000 r--p 0000c000 08:01 543085                     /usr/lib/jvm/java-7-openjdk-amd64/jre/lib/amd64/jli/libjli.so
7f097e4f2000-7f097e4f3000 rw-p 0000d000 08:01 543085                     /usr/lib/jvm/java-7-openjdk-amd64/jre/lib/amd64/jli/libjli.so
7f097e4f3000-7f097e515000 r-xp 00000000 08:01 412488                     /lib/x86_64-linux-gnu/ld-2.15.so
7f097e515000-7f097e516000 r--s 00002000 08:01 1079096                    /home/galic1987/.m2/repository/de/taimos/httputils/1.2.0/httputils-1.2.0.jar
7f097e516000-7f097e518000 r--s 0000e000 08:01 312146                     /home/galic1987/.m2/repository/commons-logging/commons-logging/1.1.3/commons-logging-1.1.3.jar
7f097e518000-7f097e51a000 r--s 0000a000 08:01 1079095                    /home/galic1987/.m2/repository/args4j/args4j/2.0.12/args4j-2.0.12.jar
7f097e51a000-7f097e51c000 r--s 00005000 08:01 1079092                    /home/galic1987/.m2/repository/org/slf4j/slf4j-api/1.6.1/slf4j-api-1.6.1.jar
7f097e51c000-7f097e51d000 r--s 00001000 08:01 1079073                    /home/galic1987/.m2/repository/choco/PropAnn/1.0/PropAnn-1.0.jar
7f097e51d000-7f097e525000 r--s 00032000 08:01 1079072                    /home/galic1987/.m2/repository/jgrapht/jgrapht/0.8.1/jgrapht-0.8.1.jar
7f097e525000-7f097e529000 r--s 00026000 08:01 1079071                    /home/galic1987/.m2/repository/dk/brics/automaton/1.11-2/automaton-1.11-2.jar
7f097e529000-7f097e52a000 r--s 00000000 08:01 943243                     /usr/local/share/java/solver.constraints.real.jar
7f097e52a000-7f097e52c000 r--s 00012000 08:01 542548                     /usr/lib/jvm/java-7-openjdk-amd64/jre/lib/ext/zipfs.jar
7f097e52c000-7f097e530000 r--s 00085000 08:01 543011                     /usr/lib/jvm/java-7-openjdk-amd64/jre/lib/ext/localedata.jar
7f097e530000-7f097e531000 r--s 00007000 08:01 1077429                    /usr/share/java/java-atk-wrapper.jar
7f097e531000-7f097e533000 r--s 0000f000 08:01 541428                     /usr/lib/jvm/java-7-openjdk-amd64/jre/lib/ext/pulse-java.jar
7f097e533000-7f097e553000 rw-p 00000000 00:00 0 
7f097e553000-7f097e555000 ---p 00000000 00:00 0 
7f097e555000-7f097e63c000 rw-p 00000000 00:00 0 
7f097e63c000-7f097e64d000 rw-p 00000000 00:00 0 
7f097e64d000-7f097e6fc000 rw-p 00000000 00:00 0 
7f097e6fc000-7f097e701000 rw-p 00000000 00:00 0 
7f097e701000-7f097e704000 r--s 00032000 08:01 543009                     /usr/lib/jvm/java-7-openjdk-amd64/jre/lib/ext/sunjce_provider.jar
7f097e704000-7f097e705000 r--s 00002000 08:01 543015                     /usr/lib/jvm/java-7-openjdk-amd64/jre/lib/ext/dnsns.jar
7f097e705000-7f097e709000 r--s 0003b000 08:01 543013                     /usr/lib/jvm/java-7-openjdk-amd64/jre/lib/ext/sunpkcs11.jar
7f097e709000-7f097e711000 rw-s 00000000 08:01 419264                     /tmp/hsperfdata_galic1987/40981
7f097e711000-7f097e712000 rw-p 00000000 00:00 0 
7f097e712000-7f097e713000 r--p 00000000 00:00 0 
7f097e713000-7f097e715000 rw-p 00000000 00:00 0 
7f097e715000-7f097e716000 r--p 00022000 08:01 412488                     /lib/x86_64-linux-gnu/ld-2.15.so
7f097e716000-7f097e718000 rw-p 00023000 08:01 412488                     /lib/x86_64-linux-gnu/ld-2.15.so
7fffee392000-7fffee3b3000 rw-p 00000000 00:00 0                          [stack]
7fffee3dc000-7fffee3de000 r-xp 00000000 00:00 0                          [vdso]
ffffffffff600000-ffffffffff601000 r-xp 00000000 00:00 0                  [vsyscall]

VM Arguments:
jvm_args: -Xss16M -Djava.library.path=/usr/local/lib -Dfile.encoding=UTF-8 
java_command: test_choco.BTC_e
Launcher Type: SUN_STANDARD

Environment Variables:
JAVA_HOME=/usr/lib/jvm/java-7-openjdk-amd64/
PATH=/usr/lib/lightdm/lightdm:/usr/local/sbin:/usr/local/bin:/usr/sbin:/usr/bin:/sbin:/bin:/usr/games
SHELL=/bin/bash
DISPLAY=:0.0

Signal Handlers:
SIGSEGV: [libjvm.so+0x8f6d70], sa_mask[0]=0x7ffbfeff, sa_flags=0x10000004
SIGBUS: [libjvm.so+0x8f6d70], sa_mask[0]=0x7ffbfeff, sa_flags=0x10000004
SIGFPE: [libjvm.so+0x77aeb0], sa_mask[0]=0x7ffbfeff, sa_flags=0x10000004
SIGPIPE: SIG_IGN, sa_mask[0]=0x00000000, sa_flags=0x00000000
SIGXFSZ: [libjvm.so+0x77aeb0], sa_mask[0]=0x7ffbfeff, sa_flags=0x10000004
SIGILL: [libjvm.so+0x77aeb0], sa_mask[0]=0x7ffbfeff, sa_flags=0x10000004
SIGUSR1: SIG_DFL, sa_mask[0]=0x00000000, sa_flags=0x00000000
SIGUSR2: [libjvm.so+0x77b130], sa_mask[0]=0x00000004, sa_flags=0x10000004
SIGHUP: [libjvm.so+0x77b2a0], sa_mask[0]=0x7ffbfeff, sa_flags=0x10000004
SIGINT: [libjvm.so+0x77b2a0], sa_mask[0]=0x7ffbfeff, sa_flags=0x10000004
SIGTERM: [libjvm.so+0x77b2a0], sa_mask[0]=0x7ffbfeff, sa_flags=0x10000004
SIGQUIT: [libjvm.so+0x77b2a0], sa_mask[0]=0x7ffbfeff, sa_flags=0x10000004


---------------  S Y S T E M  ---------------

OS:Ubuntu 12.04 (precise)
uname:Linux 3.8.0-35-generic #50~precise1-Ubuntu SMP Wed Dec 4 17:25:51 UTC 2013 x86_64
libc:glibc 2.15 NPTL 2.15 
rlimit: STACK 8192k, CORE 0k, NPROC 23499, NOFILE 4096, AS infinity
load average:0.76 0.53 0.45

/proc/meminfo:
MemTotal:        3026824 kB
MemFree:          125308 kB
Buffers:          117572 kB
Cached:          1064236 kB
SwapCached:          760 kB
Active:          1720176 kB
Inactive:         985208 kB
Active(anon):    1112780 kB
Inactive(anon):   412332 kB
Active(file):     607396 kB
Inactive(file):   572876 kB
Unevictable:           0 kB
Mlocked:               0 kB
SwapTotal:       1046524 kB
SwapFree:        1044080 kB
Dirty:                32 kB
Writeback:             0 kB
AnonPages:       1522884 kB
Mapped:           137248 kB
Shmem:              1536 kB
Slab:             103456 kB
SReclaimable:      75872 kB
SUnreclaim:        27584 kB
KernelStack:        4184 kB
PageTables:        26484 kB
NFS_Unstable:          0 kB
Bounce:                0 kB
WritebackTmp:          0 kB
CommitLimit:     2559936 kB
Committed_AS:    3748116 kB
VmallocTotal:   34359738367 kB
VmallocUsed:      167576 kB
VmallocChunk:   34359516000 kB
HardwareCorrupted:     0 kB
AnonHugePages:         0 kB
HugePages_Total:       0
HugePages_Free:        0
HugePages_Rsvd:        0
HugePages_Surp:        0
Hugepagesize:       2048 kB
DirectMap4k:       47104 kB
DirectMap2M:     3049472 kB


CPU:total 2 (1 cores per cpu, 1 threads per core) family 6 model 23 stepping 10, cmov, cx8, fxsr, mmx, sse, sse2, sse3, ssse3, sse4.1, tsc, tscinvbit

/proc/cpuinfo:
processor	: 0
vendor_id	: GenuineIntel
cpu family	: 6
model		: 23
model name	: Intel(R) Core(TM)2 Duo CPU     P8600  @ 2.40GHz
stepping	: 10
microcode	: 0xa0b
cpu MHz		: 2388.551
cache size	: 3072 KB
fpu		: yes
fpu_exception	: yes
cpuid level	: 13
wp		: yes
flags		: fpu vme de pse tsc msr pae mce cx8 apic sep mtrr pge mca cmov pat pse36 clflush dts mmx fxsr sse sse2 ss syscall nx lm constant_tsc arch_perfmon pebs bts nopl xtopology tsc_reliable nonstop_tsc aperfmperf pni ssse3 cx16 sse4_1 x2apic xsave hypervisor lahf_lm dtherm
bogomips	: 4777.10
clflush size	: 64
cache_alignment	: 64
address sizes	: 40 bits physical, 48 bits virtual
power management:

processor	: 1
vendor_id	: GenuineIntel
cpu family	: 6
model		: 23
model name	: Intel(R) Core(TM)2 Duo CPU     P8600  @ 2.40GHz
stepping	: 10
microcode	: 0xa0b
cpu MHz		: 2388.551
cache size	: 3072 KB
fpu		: yes
fpu_exception	: yes
cpuid level	: 13
wp		: yes
flags		: fpu vme de pse tsc msr pae mce cx8 apic sep mtrr pge mca cmov pat pse36 clflush dts mmx fxsr sse sse2 ss syscall nx lm constant_tsc arch_perfmon pebs bts nopl xtopology tsc_reliable nonstop_tsc aperfmperf pni ssse3 cx16 sse4_1 x2apic xsave hypervisor lahf_lm dtherm
bogomips	: 4777.10
clflush size	: 64
cache_alignment	: 64
address sizes	: 40 bits physical, 48 bits virtual
power management:



Memory: 4k page, physical 3026824k(125308k free), swap 1046524k(1044080k free)

vm_info: OpenJDK 64-Bit Server VM (24.45-b08) for linux-amd64 JRE (1.7.0_51-b00), built on Jan 16 2014 18:37:59 by "buildd" with gcc 4.6.3

time: Sat Feb  1 05:19:27 2014
elapsed time: 4762 seconds

