#
# A fatal error has been detected by the Java Runtime Environment:
#
#  SIGSEGV (0xb) at pc=0x0000000000000000, pid=20099, tid=139852830512896
#
# JRE version: OpenJDK Runtime Environment (7.0_51) (build 1.7.0_51-b00)
# Java VM: OpenJDK 64-Bit Server VM (24.45-b08 mixed mode linux-amd64 compressed oops)
# Problematic frame:
# C  0x0000000000000000
#
# Failed to write core dump. Core dumps have been disabled. To enable core dumping, try "ulimit -c unlimited" before starting Java again
#
# If you would like to submit a bug report, please include
# instructions on how to reproduce the bug and visit:
#   http://icedtea.classpath.org/bugzilla
# The crash happened outside the Java Virtual Machine in native code.
# See problematic frame for where to report the bug.
#

---------------  T H R E A D  ---------------

Current thread (0x00007f320000d800):  JavaThread "main" [_thread_in_native, id=20105, stack(0x00007f3206389000,0x00007f320648a000)]

siginfo:si_signo=SIGSEGV: si_errno=0, si_code=1 (SEGV_MAPERR), si_addr=0x0000000000000000

Registers:
RAX=0x00007f32002b2420, RBX=0x00007f320000d9d8, RCX=0x7ff0000000000000, RDX=0x0000000000000b80
RSP=0x00007f32064883f8, RBP=0x00007f32002e65a0, RSI=0x00007f3206488410, RDI=0x00007f320032c750
R8 =0x00007f32004157c8, R9 =0x00007f31bb0e1229, R10=0x8000000000000000, R11=0x7fffffffffffffff
R12=0x0000000000000001, R13=0x0000000000000000, R14=0x00007f32064884a0, R15=0x0000000000000003
RIP=0x0000000000000000, EFLAGS=0x0000000000010297, CSGSFS=0x0000000000000033, ERR=0x0000000000000014
  TRAPNO=0x000000000000000e

Top of Stack: (sp=0x00007f32064883f8)
0x00007f32064883f8:   00007f31baedd8e5 00007f320000d800
0x00007f3206488408:   00007f320000aa00 00007f31bb0e0bb0
0x00007f3206488418:   00007f32000000b8 00007f32004157c8
0x00007f3206488428:   00000000000003d8 00007f31bb0e0bb0
0x00007f3206488438:   00007f31000000b8 00007f32002b3498
0x00007f3206488448:   01000000fca9bac8 00000000d23e4698
0x00007f3206488458:   00000000fca9ac70 00007f32064884d0
0x00007f3206488468:   0000000000000000 00000000fca9ac90
0x00007f3206488478:   00007f3206488620 00007f320000d800
0x00007f3206488488:   00007f31fb5e8b1e 00000000fca9b758
0x00007f3206488498:   00000000d23e4698 00000000f0901ad0
0x00007f32064884a8:   00000000c82c3c98 00007f3206488530
0x00007f32064884b8:   00007f31fb45b786 00007f3206488530
0x00007f32064884c8:   00007f31fb45b0d8 0000000000000004
0x00007f32064884d8:   00007f31fb5d0afc 00000000d23e4698
0x00007f32064884e8:   00000000fca9bac8 00007f32064884f0
0x00007f32064884f8:   00000000c829797d 00007f3206488550
0x00007f3206488508:   00000000c8298658 00000000c82c3b78
0x00007f3206488518:   00000000c82979b8 0000000000000000
0x00007f3206488528:   00000000fca9ac18 0000000800000000
0x00007f3206488538:   00000000f0901ad0 00000000fca9e258
0x00007f3206488548:   00000000d23e4698 0000000000000001
0x00007f3206488558:   00007f3206488558 00000000c8296ec2
0x00007f3206488568:   00007f32064885d0 00000000fca9ac18
0x00007f3206488578:   00007f31fb5e38d0 0000000c00000001
0x00007f3206488588:   00007f31fb45b137 00007f32064885b8
0x00007f3206488598:   3f0da142176d7878 0000000000000000
0x00007f32064885a8:   00007f31fb57389c 00000000fca9ac90
0x00007f32064885b8:   00000000fca9aca8 fca9ad0800000000
0x00007f32064885c8:   0000000000000000 0000000c00000001
0x00007f32064885d8:   0000000000000000 00007f3206488630
0x00007f32064885e8:   00000000fca9e1f0 0000000000000001 

Instructions: (pc=0x0000000000000000)
0xffffffffffffffe0:   

Register to memory mapping:

RAX=0x00007f32002b2420 is an unknown value
RBX=0x00007f320000d9d8 is an unknown value
RCX=0x7ff0000000000000 is an unknown value
RDX=0x0000000000000b80 is an unknown value
RSP=0x00007f32064883f8 is pointing into the stack for thread: 0x00007f320000d800
RBP=0x00007f32002e65a0 is an unknown value
RSI=0x00007f3206488410 is pointing into the stack for thread: 0x00007f320000d800
RDI=0x00007f320032c750 is an unknown value
R8 =0x00007f32004157c8 is an unknown value
R9 =0x00007f31bb0e1229: _ZN5filib8intervalIdLNS_17rounding_strategyE0ELNS_13interval_modeE2EE19extended_error_flagE+0 in /usr/local/lib/libibex-java.so at 0x00007f31baeda000
R10=0x8000000000000000 is an unknown value
R11=0x7fffffffffffffff is an unknown value
R12=0x0000000000000001 is an unknown value
R13=0x0000000000000000 is an unknown value
R14=0x00007f32064884a0 is pointing into the stack for thread: 0x00007f320000d800
R15=0x0000000000000003 is an unknown value


Stack: [0x00007f3206389000,0x00007f320648a000],  sp=0x00007f32064883f8,  free space=1020k
Java frames: (J=compiled Java code, j=interpreted, Vv=VM code)
J  solver.constraints.real.Ibex.contract(I[D)I
J  solver.constraints.real.RealPropagator.propagate(I)V
J  solver.constraints.real.RealPropagator.propagate(II)V
J  solver.propagation.hardcoded.TwoBucketsPropagationEngine.propagateFine(Ljava/util/ArrayDeque;)V
J  solver.propagation.hardcoded.TwoBucketsPropagationEngine.propagate()V
J  solver.search.loop.BinarySearchLoop.downBranch()V
J  solver.search.loop.AbstractSearchLoop.loop()V
j  solver.search.loop.AbstractSearchLoop.launch(Z)V+23
j  solver.Solver.solve(Z)V+44
j  solver.Solver.findOptimalSolution(Lsolver/ResolutionPolicy;Lsolver/variables/RealVar;D)V+83
j  test_choco.CalculateOptimalVolumeProblem.solve()V+15
j  samples.AbstractProblem.execute([Ljava/lang/String;)V+117
j  test_choco.CalculateOptimalVolumeProblem.start()V+29
j  test_choco.BTC_e.main([Ljava/lang/String;)V+157
v  ~StubRoutines::call_stub

---------------  P R O C E S S  ---------------

Java Threads: ( => current thread )
  0x00007f31f406f000 JavaThread "Keep-Alive-Timer" daemon [_thread_blocked, id=21196, stack(0x00007f31e052b000,0x00007f31e062c000)]
  0x00007f32000b5000 JavaThread "Service Thread" daemon [_thread_blocked, id=20123, stack(0x00007f31e38f6000,0x00007f31e39f7000)]
  0x00007f32000b2800 JavaThread "C2 CompilerThread1" daemon [_thread_blocked, id=20122, stack(0x00007f31e39f7000,0x00007f31e3af8000)]
  0x00007f32000af800 JavaThread "C2 CompilerThread0" daemon [_thread_blocked, id=20121, stack(0x00007f31e3af8000,0x00007f31e3bf9000)]
  0x00007f31d4001000 JavaThread "JDWP Command Reader" daemon [_thread_in_native, id=20118, stack(0x00007f31e3bf9000,0x00007f31e3cfa000)]
  0x00007f32000ad800 JavaThread "JDWP Event Helper Thread" daemon [_thread_blocked, id=20117, stack(0x00007f31e3cfa000,0x00007f31e3dfb000)]
  0x00007f32000aa000 JavaThread "JDWP Transport Listener: dt_socket" daemon [_thread_blocked, id=20114, stack(0x00007f31f8091000,0x00007f31f8192000)]
  0x00007f320009c800 JavaThread "Signal Dispatcher" daemon [_thread_blocked, id=20112, stack(0x00007f31f8192000,0x00007f31f8293000)]
  0x00007f320007a800 JavaThread "Finalizer" daemon [_thread_blocked, id=20110, stack(0x00007f31f8293000,0x00007f31f8394000)]
  0x00007f3200078800 JavaThread "Reference Handler" daemon [_thread_blocked, id=20109, stack(0x00007f31f8394000,0x00007f31f8495000)]
=>0x00007f320000d800 JavaThread "main" [_thread_in_native, id=20105, stack(0x00007f3206389000,0x00007f320648a000)]

Other Threads:
  0x00007f3200074000 VMThread [stack: 0x00007f31f8495000,0x00007f31f8596000] [id=20108]
  0x00007f32000bf800 WatcherThread [stack: 0x00007f31e37f5000,0x00007f31e38f6000] [id=20124]

VM state:not at safepoint (normal execution)

VM Mutex/Monitor currently owned by a thread: None

Heap
 PSYoungGen      total 162304K, used 9348K [0x00000000f0900000, 0x00000000fe080000, 0x0000000100000000)
  eden space 153088K, 0% used [0x00000000f0900000,0x00000000f0927730,0x00000000f9e80000)
  from space 9216K, 99% used [0x00000000fca80000,0x00000000fd379ca0,0x00000000fd380000)
  to   space 13312K, 0% used [0x00000000fd380000,0x00000000fd380000,0x00000000fe080000)
 ParOldGen       total 39424K, used 22583K [0x00000000d1c00000, 0x00000000d4280000, 0x00000000f0900000)
  object space 39424K, 57% used [0x00000000d1c00000,0x00000000d320de68,0x00000000d4280000)
 PSPermGen       total 27136K, used 13410K [0x00000000c7600000, 0x00000000c9080000, 0x00000000d1c00000)
  object space 27136K, 49% used [0x00000000c7600000,0x00000000c8318908,0x00000000c9080000)

Card table byte_map: [0x00007f31fb28f000,0x00007f31fb455000] byte_map_base: 0x00007f31fac54000

Polling page: 0x00007f32064a0000

Code Cache  [0x00007f31fb455000, 0x00007f31fb6c5000, 0x00007f31fe455000)
 total_blobs=975 nmethods=658 adapters=279 free_code_cache=46865Kb largest_free_block=47945088

Compilation events (10 events):
Event: 125.830 Thread 0x00007f32000b2800  688             java.net.URL::getProtocol (5 bytes)
Event: 125.830 Thread 0x00007f32000b2800 nmethod 688 0x00007f31fb694a50 code [0x00007f31fb694b80, 0x00007f31fb694bd8]
Event: 125.970 Thread 0x00007f32000b2800  689             java.nio.Buffer::hasRemaining (17 bytes)
Event: 125.971 Thread 0x00007f32000b2800 nmethod 689 0x00007f31fb694850 code [0x00007f31fb694980, 0x00007f31fb6949d8]
Event: 126.072 Thread 0x00007f32000b2800  690             java.math.BigInteger::subN (46 bytes)
Event: 126.077 Thread 0x00007f32000b2800 nmethod 690 0x00007f31fb694310 code [0x00007f31fb694460, 0x00007f31fb6946f8]
Event: 126.104 Thread 0x00007f32000b2800  691             sun.security.rsa.RSAPadding::unpadV15 (269 bytes)
Event: 126.138 Thread 0x00007f32000b2800 nmethod 691 0x00007f31fb6952d0 code [0x00007f31fb6954c0, 0x00007f31fb695f90]
Event: 130.916 Thread 0x00007f32000af800  692             java.util.regex.Pattern$BitClass::isSatisfiedBy (22 bytes)
Event: 130.917 Thread 0x00007f32000af800 nmethod 692 0x00007f31fb694fd0 code [0x00007f31fb695120, 0x00007f31fb6951f8]

GC Heap History (10 events):
Event: 91.971 GC heap before
{Heap before GC invocations=12 (full 0):
 PSYoungGen      total 195072K, used 194644K [0x00000000f0900000, 0x00000000ff400000, 0x0000000100000000)
  eden space 183808K, 100% used [0x00000000f0900000,0x00000000fbc80000,0x00000000fbc80000)
  from space 11264K, 96% used [0x00000000fe400000,0x00000000fee95160,0x00000000fef00000)
  to   space 5120K, 0% used [0x00000000fef00000,0x00000000fef00000,0x00000000ff400000)
 ParOldGen       total 31232K, used 18766K [0x00000000d1c00000, 0x00000000d3a80000, 0x00000000f0900000)
  object space 31232K, 60% used [0x00000000d1c00000,0x00000000d2e53b38,0x00000000d3a80000)
 PSPermGen       total 21504K, used 13377K [0x00000000c7600000, 0x00000000c8b00000, 0x00000000d1c00000)
  object space 21504K, 62% used [0x00000000c7600000,0x00000000c8310660,0x00000000c8b00000)
Event: 92.019 GC heap after
Heap after GC invocations=12 (full 0):
 PSYoungGen      total 180736K, used 5094K [0x00000000f0900000, 0x00000000ff400000, 0x0000000100000000)
  eden space 175616K, 0% used [0x00000000f0900000,0x00000000f0900000,0x00000000fb480000)
  from space 5120K, 99% used [0x00000000fef00000,0x00000000ff3f98e0,0x00000000ff400000)
  to   space 15872K, 0% used [0x00000000fd500000,0x00000000fd500000,0x00000000fe480000)
 ParOldGen       total 31232K, used 25047K [0x00000000d1c00000, 0x00000000d3a80000, 0x00000000f0900000)
  object space 31232K, 80% used [0x00000000d1c00000,0x00000000d3475f58,0x00000000d3a80000)
 PSPermGen       total 21504K, used 13377K [0x00000000c7600000, 0x00000000c8b00000, 0x00000000d1c00000)
  object space 21504K, 62% used [0x00000000c7600000,0x00000000c8310660,0x00000000c8b00000)
}
Event: 103.747 GC heap before
{Heap before GC invocations=13 (full 0):
 PSYoungGen      total 180736K, used 180710K [0x00000000f0900000, 0x00000000ff400000, 0x0000000100000000)
  eden space 175616K, 100% used [0x00000000f0900000,0x00000000fb480000,0x00000000fb480000)
  from space 5120K, 99% used [0x00000000fef00000,0x00000000ff3f98e0,0x00000000ff400000)
  to   space 15872K, 0% used [0x00000000fd500000,0x00000000fd500000,0x00000000fe480000)
 ParOldGen       total 31232K, used 25047K [0x00000000d1c00000, 0x00000000d3a80000, 0x00000000f0900000)
  object space 31232K, 80% used [0x00000000d1c00000,0x00000000d3475f58,0x00000000d3a80000)
 PSPermGen       total 21504K, used 13406K [0x00000000c7600000, 0x00000000c8b00000, 0x00000000d1c00000)
  object space 21504K, 62% used [0x00000000c7600000,0x00000000c8317b98,0x00000000c8b00000)
Event: 103.796 GC heap after
Heap after GC invocations=13 (full 0):
 PSYoungGen      total 178688K, used 10414K [0x00000000f0900000, 0x00000000fef80000, 0x0000000100000000)
  eden space 167936K, 0% used [0x00000000f0900000,0x00000000f0900000,0x00000000fad00000)
  from space 10752K, 96% used [0x00000000fd500000,0x00000000fdf2bb40,0x00000000fdf80000)
  to   space 15872K, 0% used [0x00000000fe000000,0x00000000fe000000,0x00000000fef80000)
 ParOldGen       total 31232K, used 26643K [0x00000000d1c00000, 0x00000000d3a80000, 0x00000000f0900000)
  object space 31232K, 85% used [0x00000000d1c00000,0x00000000d3604ff8,0x00000000d3a80000)
 PSPermGen       total 21504K, used 13406K [0x00000000c7600000, 0x00000000c8b00000, 0x00000000d1c00000)
  object space 21504K, 62% used [0x00000000c7600000,0x00000000c8317b98,0x00000000c8b00000)
}
Event: 103.796 GC heap before
{Heap before GC invocations=14 (full 1):
 PSYoungGen      total 178688K, used 10414K [0x00000000f0900000, 0x00000000fef80000, 0x0000000100000000)
  eden space 167936K, 0% used [0x00000000f0900000,0x00000000f0900000,0x00000000fad00000)
  from space 10752K, 96% used [0x00000000fd500000,0x00000000fdf2bb40,0x00000000fdf80000)
  to   space 15872K, 0% used [0x00000000fe000000,0x00000000fe000000,0x00000000fef80000)
 ParOldGen       total 31232K, used 26643K [0x00000000d1c00000, 0x00000000d3a80000, 0x00000000f0900000)
  object space 31232K, 85% used [0x00000000d1c00000,0x00000000d3604ff8,0x00000000d3a80000)
 PSPermGen       total 21504K, used 13406K [0x00000000c7600000, 0x00000000c8b00000, 0x00000000d1c00000)
  object space 21504K, 62% used [0x00000000c7600000,0x00000000c8317b98,0x00000000c8b00000)
Event: 103.930 GC heap after
Heap after GC invocations=14 (full 1):
 PSYoungGen      total 178688K, used 0K [0x00000000f0900000, 0x00000000fef80000, 0x0000000100000000)
  eden space 167936K, 0% used [0x00000000f0900000,0x00000000f0900000,0x00000000fad00000)
  from space 10752K, 0% used [0x00000000fd500000,0x00000000fd500000,0x00000000fdf80000)
  to   space 15872K, 0% used [0x00000000fe000000,0x00000000fe000000,0x00000000fef80000)
 ParOldGen       total 39424K, used 21011K [0x00000000d1c00000, 0x00000000d4280000, 0x00000000f0900000)
  object space 39424K, 53% used [0x00000000d1c00000,0x00000000d3084e50,0x00000000d4280000)
 PSPermGen       total 27136K, used 13381K [0x00000000c7600000, 0x00000000c9080000, 0x00000000d1c00000)
  object space 27136K, 49% used [0x00000000c7600000,0x00000000c8311728,0x00000000c9080000)
}
Event: 116.391 GC heap before
{Heap before GC invocations=15 (full 1):
 PSYoungGen      total 178688K, used 167936K [0x00000000f0900000, 0x00000000fef80000, 0x0000000100000000)
  eden space 167936K, 100% used [0x00000000f0900000,0x00000000fad00000,0x00000000fad00000)
  from space 10752K, 0% used [0x00000000fd500000,0x00000000fd500000,0x00000000fdf80000)
  to   space 15872K, 0% used [0x00000000fe000000,0x00000000fe000000,0x00000000fef80000)
 ParOldGen       total 39424K, used 21011K [0x00000000d1c00000, 0x00000000d4280000, 0x00000000f0900000)
  object space 39424K, 53% used [0x00000000d1c00000,0x00000000d3084e50,0x00000000d4280000)
 PSPermGen       total 27136K, used 13393K [0x00000000c7600000, 0x00000000c9080000, 0x00000000d1c00000)
  object space 27136K, 49% used [0x00000000c7600000,0x00000000c8314620,0x00000000c9080000)
Event: 116.439 GC heap after
Heap after GC invocations=15 (full 1):
 PSYoungGen      total 171008K, used 10584K [0x00000000f0900000, 0x00000000fea80000, 0x0000000100000000)
  eden space 160256K, 0% used [0x00000000f0900000,0x00000000f0900000,0x00000000fa580000)
  from space 10752K, 98% used [0x00000000fe000000,0x00000000fea56140,0x00000000fea80000)
  to   space 16384K, 0% used [0x00000000fca80000,0x00000000fca80000,0x00000000fda80000)
 ParOldGen       total 39424K, used 21011K [0x00000000d1c00000, 0x00000000d4280000, 0x00000000f0900000)
  object space 39424K, 53% used [0x00000000d1c00000,0x00000000d3084e50,0x00000000d4280000)
 PSPermGen       total 27136K, used 13393K [0x00000000c7600000, 0x00000000c9080000, 0x00000000d1c00000)
  object space 27136K, 49% used [0x00000000c7600000,0x00000000c8314620,0x00000000c9080000)
}
Event: 130.920 GC heap before
{Heap before GC invocations=16 (full 1):
 PSYoungGen      total 171008K, used 170840K [0x00000000f0900000, 0x00000000fea80000, 0x0000000100000000)
  eden space 160256K, 100% used [0x00000000f0900000,0x00000000fa580000,0x00000000fa580000)
  from space 10752K, 98% used [0x00000000fe000000,0x00000000fea56140,0x00000000fea80000)
  to   space 16384K, 0% used [0x00000000fca80000,0x00000000fca80000,0x00000000fda80000)
 ParOldGen       total 39424K, used 21011K [0x00000000d1c00000, 0x00000000d4280000, 0x00000000f0900000)
  object space 39424K, 53% used [0x00000000d1c00000,0x00000000d3084e50,0x00000000d4280000)
 PSPermGen       total 27136K, used 13410K [0x00000000c7600000, 0x00000000c9080000, 0x00000000d1c00000)
  object space 27136K, 49% used [0x00000000c7600000,0x00000000c8318908,0x00000000c9080000)
Event: 130.945 GC heap after
Heap after GC invocations=16 (full 1):
 PSYoungGen      total 162304K, used 9191K [0x00000000f0900000, 0x00000000fe080000, 0x0000000100000000)
  eden space 153088K, 0% used [0x00000000f0900000,0x00000000f0900000,0x00000000f9e80000)
  from space 9216K, 99% used [0x00000000fca80000,0x00000000fd379ca0,0x00000000fd380000)
  to   space 13312K, 0% used [0x00000000fd380000,0x00000000fd380000,0x00000000fe080000)
 ParOldGen       total 39424K, used 22583K [0x00000000d1c00000, 0x00000000d4280000, 0x00000000f0900000)
  object space 39424K, 57% used [0x00000000d1c00000,0x00000000d320de68,0x00000000d4280000)
 PSPermGen       total 27136K, used 13410K [0x00000000c7600000, 0x00000000c9080000, 0x00000000d1c00000)
  object space 27136K, 49% used [0x00000000c7600000,0x00000000c8318908,0x00000000c9080000)
}

Deoptimization events (10 events):
Event: 130.911 Thread 0x00007f320000d800 Uncommon trap: reason=unhandled action=none pc=0x00007f31fb546d1c method=solver.propagation.hardcoded.TwoBucketsPropagationEngine.fails(Lsolver/ICause;Lsolver/variables/Variable;Ljava/lang/String;)V @ 10
Event: 130.911 Thread 0x00007f320000d800 Uncommon trap: reason=unhandled action=none pc=0x00007f31fb546d1c method=solver.propagation.hardcoded.TwoBucketsPropagationEngine.fails(Lsolver/ICause;Lsolver/variables/Variable;Ljava/lang/String;)V @ 10
Event: 130.911 Thread 0x00007f320000d800 Uncommon trap: reason=unhandled action=none pc=0x00007f31fb546d1c method=solver.propagation.hardcoded.TwoBucketsPropagationEngine.fails(Lsolver/ICause;Lsolver/variables/Variable;Ljava/lang/String;)V @ 10
Event: 130.911 Thread 0x00007f320000d800 Uncommon trap: reason=unhandled action=none pc=0x00007f31fb546d1c method=solver.propagation.hardcoded.TwoBucketsPropagationEngine.fails(Lsolver/ICause;Lsolver/variables/Variable;Ljava/lang/String;)V @ 10
Event: 130.911 Thread 0x00007f320000d800 Uncommon trap: reason=unhandled action=none pc=0x00007f31fb546d1c method=solver.propagation.hardcoded.TwoBucketsPropagationEngine.fails(Lsolver/ICause;Lsolver/variables/Variable;Ljava/lang/String;)V @ 10
Event: 130.911 Thread 0x00007f320000d800 Uncommon trap: reason=unhandled action=none pc=0x00007f31fb546d1c method=solver.propagation.hardcoded.TwoBucketsPropagationEngine.fails(Lsolver/ICause;Lsolver/variables/Variable;Ljava/lang/String;)V @ 10
Event: 130.918 Thread 0x00007f320000d800 Uncommon trap: reason=unhandled action=none pc=0x00007f31fb546d1c method=solver.propagation.hardcoded.TwoBucketsPropagationEngine.fails(Lsolver/ICause;Lsolver/variables/Variable;Ljava/lang/String;)V @ 10
Event: 130.919 Thread 0x00007f320000d800 Uncommon trap: reason=unhandled action=none pc=0x00007f31fb546d1c method=solver.propagation.hardcoded.TwoBucketsPropagationEngine.fails(Lsolver/ICause;Lsolver/variables/Variable;Ljava/lang/String;)V @ 10
Event: 130.920 Thread 0x00007f320000d800 Uncommon trap: reason=unhandled action=none pc=0x00007f31fb546d1c method=solver.propagation.hardcoded.TwoBucketsPropagationEngine.fails(Lsolver/ICause;Lsolver/variables/Variable;Ljava/lang/String;)V @ 10
Event: 130.946 Thread 0x00007f320000d800 Uncommon trap: reason=unhandled action=none pc=0x00007f31fb546d1c method=solver.propagation.hardcoded.TwoBucketsPropagationEngine.fails(Lsolver/ICause;Lsolver/variables/Variable;Ljava/lang/String;)V @ 10

Internal exceptions (10 events):
Event: 129.865 Thread 0x00007f32000d4000 Threw 0x00000000fa27c5c8 at /build/buildd/openjdk-7-7u51-2.4.4/build/openjdk/hotspot/src/share/vm/interpreter/interpreterRuntime.cpp:362
Event: 129.865 Thread 0x00007f32000d4000 Threw 0x00000000fa27c818 at /build/buildd/openjdk-7-7u51-2.4.4/build/openjdk/hotspot/src/share/vm/interpreter/interpreterRuntime.cpp:362
Event: 129.921 Thread 0x00007f3200321000 Threw 0x00000000fa3c00f0 at /build/buildd/openjdk-7-7u51-2.4.4/build/openjdk/hotspot/src/share/vm/interpreter/interpreterRuntime.cpp:362
Event: 129.922 Thread 0x00007f3200321000 Threw 0x00000000fa3c0fe8 at /build/buildd/openjdk-7-7u51-2.4.4/build/openjdk/hotspot/src/share/vm/interpreter/interpreterRuntime.cpp:362
Event: 129.922 Thread 0x00007f3200321000 Threw 0x00000000fa3c1a98 at /build/buildd/openjdk-7-7u51-2.4.4/build/openjdk/hotspot/src/share/vm/interpreter/interpreterRuntime.cpp:362
Event: 129.922 Thread 0x00007f3200321000 Threw 0x00000000fa3c28a0 at /build/buildd/openjdk-7-7u51-2.4.4/build/openjdk/hotspot/src/share/vm/interpreter/interpreterRuntime.cpp:362
Event: 129.922 Thread 0x00007f3200321000 Threw 0x00000000fa3c2af0 at /build/buildd/openjdk-7-7u51-2.4.4/build/openjdk/hotspot/src/share/vm/interpreter/interpreterRuntime.cpp:362
Event: 129.922 Thread 0x00007f3200321000 Threw 0x00000000fa3c32b8 at /build/buildd/openjdk-7-7u51-2.4.4/build/openjdk/hotspot/src/share/vm/interpreter/interpreterRuntime.cpp:362
Event: 129.922 Thread 0x00007f3200321000 Threw 0x00000000fa3c35f8 at /build/buildd/openjdk-7-7u51-2.4.4/build/openjdk/hotspot/src/share/vm/interpreter/interpreterRuntime.cpp:362
Event: 129.922 Thread 0x00007f3200321000 Threw 0x00000000fa3c3870 at /build/buildd/openjdk-7-7u51-2.4.4/build/openjdk/hotspot/src/share/vm/interpreter/interpreterRuntime.cpp:362

Events (10 events):
Event: 130.948 Thread 0x00007f320000d800 DEOPT PACKING pc=0x00007f31fb5d0b34 sp=0x00007f32064884e0
Event: 130.948 Thread 0x00007f320000d800 DEOPT UNPACKING pc=0x00007f31fb48de0f sp=0x00007f3206488268 mode 1
Event: 130.948 Thread 0x00007f320000d800 DEOPT PACKING pc=0x00007f31fb5e38d0 sp=0x00007f3206488580
Event: 130.948 Thread 0x00007f320000d800 DEOPT UNPACKING pc=0x00007f31fb48de0f sp=0x00007f32064882a8 mode 1
Event: 130.948 Thread 0x00007f320000d800 DEOPT PACKING pc=0x00007f31fb57389c sp=0x00007f32064885b0
Event: 130.948 Thread 0x00007f320000d800 DEOPT UNPACKING pc=0x00007f31fb48de0f sp=0x00007f32064882d8 mode 1
Event: 130.948 Thread 0x00007f320000d800 DEOPT PACKING pc=0x00007f31fb576370 sp=0x00007f3206488600
Event: 130.948 Thread 0x00007f320000d800 DEOPT UNPACKING pc=0x00007f31fb48de0f sp=0x00007f3206488330 mode 1
Event: 130.949 Thread 0x00007f320000d800 DEOPT PACKING pc=0x00007f31fb569cf0 sp=0x00007f3206488630
Event: 130.949 Thread 0x00007f320000d800 DEOPT UNPACKING pc=0x00007f31fb48de0f sp=0x00007f3206488390 mode 1


Dynamic libraries:
00400000-00401000 r-xp 00000000 08:01 415609                             /usr/lib/jvm/java-7-openjdk-amd64/jre/bin/java
00600000-00601000 r--p 00000000 08:01 415609                             /usr/lib/jvm/java-7-openjdk-amd64/jre/bin/java
00601000-00602000 rw-p 00001000 08:01 415609                             /usr/lib/jvm/java-7-openjdk-amd64/jre/bin/java
00723000-007aa000 rw-p 00000000 00:00 0                                  [heap]
c7600000-c9080000 rw-p 00000000 00:00 0 
c9080000-d1c00000 rw-p 00000000 00:00 0 
d1c00000-d4280000 rw-p 00000000 00:00 0 
d4280000-f0900000 rw-p 00000000 00:00 0 
f0900000-fe080000 rw-p 00000000 00:00 0 
fe080000-100000000 ---p 00000000 00:00 0 
7f31ba292000-7f31ba295000 ---p 00000000 00:00 0 
7f31ba295000-7f31ba393000 rw-p 00000000 00:00 0 
7f31ba393000-7f31ba396000 ---p 00000000 00:00 0 
7f31ba396000-7f31ba494000 rw-p 00000000 00:00 0 
7f31ba494000-7f31ba497000 ---p 00000000 00:00 0 
7f31ba497000-7f31ba595000 rw-p 00000000 00:00 0 
7f31ba595000-7f31ba598000 ---p 00000000 00:00 0 
7f31ba598000-7f31ba696000 rw-p 00000000 00:00 0 
7f31ba696000-7f31ba76a000 r-xp 00000000 08:01 943068                     /usr/local/lib/libsoplex.so
7f31ba76a000-7f31ba96a000 ---p 000d4000 08:01 943068                     /usr/local/lib/libsoplex.so
7f31ba96a000-7f31ba96d000 r--p 000d4000 08:01 943068                     /usr/local/lib/libsoplex.so
7f31ba96d000-7f31ba96f000 rw-p 000d7000 08:01 943068                     /usr/local/lib/libsoplex.so
7f31ba96f000-7f31ba97b000 r-xp 00000000 08:01 941330                     /usr/local/lib/libprim.so.0.0.0
7f31ba97b000-7f31bab7a000 ---p 0000c000 08:01 941330                     /usr/local/lib/libprim.so.0.0.0
7f31bab7a000-7f31bab7b000 r--p 0000b000 08:01 941330                     /usr/local/lib/libprim.so.0.0.0
7f31bab7b000-7f31bab7c000 rw-p 0000c000 08:01 941330                     /usr/local/lib/libprim.so.0.0.0
7f31bab7c000-7f31bacd0000 r-xp 00000000 08:01 943104                     /usr/local/lib/libibex.so
7f31bacd0000-7f31baecf000 ---p 00154000 08:01 943104                     /usr/local/lib/libibex.so
7f31baecf000-7f31baed7000 r--p 00153000 08:01 943104                     /usr/local/lib/libibex.so
7f31baed7000-7f31baed9000 rw-p 0015b000 08:01 943104                     /usr/local/lib/libibex.so
7f31baed9000-7f31baeda000 rw-p 00000000 00:00 0 
7f31baeda000-7f31baee1000 r-xp 00000000 08:01 943105                     /usr/local/lib/libibex-java.so
7f31baee1000-7f31bb0e0000 ---p 00007000 08:01 943105                     /usr/local/lib/libibex-java.so
7f31bb0e0000-7f31bb0e1000 r--p 00006000 08:01 943105                     /usr/local/lib/libibex-java.so
7f31bb0e1000-7f31bb0e2000 rw-p 00007000 08:01 943105                     /usr/local/lib/libibex-java.so
7f31bb0e2000-7f31bb0f2000 r-xp 00000000 08:01 543078                     /usr/lib/jvm/java-7-openjdk-amd64/jre/lib/amd64/libnio.so
7f31bb0f2000-7f31bb2f1000 ---p 00010000 08:01 543078                     /usr/lib/jvm/java-7-openjdk-amd64/jre/lib/amd64/libnio.so
7f31bb2f1000-7f31bb2f2000 r--p 0000f000 08:01 543078                     /usr/lib/jvm/java-7-openjdk-amd64/jre/lib/amd64/libnio.so
7f31bb2f2000-7f31bb2f3000 rw-p 00010000 08:01 543078                     /usr/lib/jvm/java-7-openjdk-amd64/jre/lib/amd64/libnio.so
7f31bb2f3000-7f31bb2f6000 ---p 00000000 00:00 0 
7f31bb2f6000-7f31bb3f4000 rw-p 00000000 00:00 0 
7f31bb3f4000-7f31bb3f7000 ---p 00000000 00:00 0 
7f31bb3f7000-7f31bb4f5000 rw-p 00000000 00:00 0 
7f31bb4f5000-7f31bb4f8000 ---p 00000000 00:00 0 
7f31bb4f8000-7f31bb5f6000 rw-p 00000000 00:00 0 
7f31bb5f6000-7f31bb5f9000 ---p 00000000 00:00 0 
7f31bb5f9000-7f31bb6f7000 rw-p 00000000 00:00 0 
7f31bb6f7000-7f31bb6fa000 ---p 00000000 00:00 0 
7f31bb6fa000-7f31bb7f8000 rw-p 00000000 00:00 0 
7f31bb7f8000-7f31bb7fb000 ---p 00000000 00:00 0 
7f31bb7fb000-7f31bb8f9000 rw-p 00000000 00:00 0 
7f31bb8f9000-7f31bb8fc000 ---p 00000000 00:00 0 
7f31bb8fc000-7f31bb9fa000 rw-p 00000000 00:00 0 
7f31bb9fa000-7f31bb9fd000 ---p 00000000 00:00 0 
7f31bb9fd000-7f31bbafb000 rw-p 00000000 00:00 0 
7f31bbafb000-7f31bbafe000 ---p 00000000 00:00 0 
7f31bbafe000-7f31bbbfc000 rw-p 00000000 00:00 0 
7f31bbbfc000-7f31bbbff000 ---p 00000000 00:00 0 
7f31bbbff000-7f31bbcfd000 rw-p 00000000 00:00 0 
7f31bbcfd000-7f31bbd00000 ---p 00000000 00:00 0 
7f31bbd00000-7f31bbdfe000 rw-p 00000000 00:00 0 
7f31bbdfe000-7f31bbe01000 ---p 00000000 00:00 0 
7f31bbe01000-7f31bbeff000 rw-p 00000000 00:00 0 
7f31bbeff000-7f31bbf02000 ---p 00000000 00:00 0 
7f31bbf02000-7f31bc000000 rw-p 00000000 00:00 0 
7f31bc000000-7f31bc025000 rw-p 00000000 00:00 0 
7f31bc025000-7f31c0000000 ---p 00000000 00:00 0 
7f31c0000000-7f31c007b000 rw-p 00000000 00:00 0 
7f31c007b000-7f31c4000000 ---p 00000000 00:00 0 
7f31c4000000-7f31c490d000 rw-p 00000000 00:00 0 
7f31c490d000-7f31c8000000 ---p 00000000 00:00 0 
7f31c8000000-7f31c8021000 rw-p 00000000 00:00 0 
7f31c8021000-7f31cc000000 ---p 00000000 00:00 0 
7f31cc000000-7f31cc021000 rw-p 00000000 00:00 0 
7f31cc021000-7f31d0000000 ---p 00000000 00:00 0 
7f31d0000000-7f31d0e93000 rw-p 00000000 00:00 0 
7f31d0e93000-7f31d4000000 ---p 00000000 00:00 0 
7f31d4000000-7f31d4021000 rw-p 00000000 00:00 0 
7f31d4021000-7f31d8000000 ---p 00000000 00:00 0 
7f31d8000000-7f31d8021000 rw-p 00000000 00:00 0 
7f31d8021000-7f31dc000000 ---p 00000000 00:00 0 
7f31dc000000-7f31dc047000 rw-p 00000000 00:00 0 
7f31dc047000-7f31e0000000 ---p 00000000 00:00 0 
7f31e0026000-7f31e0029000 ---p 00000000 00:00 0 
7f31e0029000-7f31e0127000 rw-p 00000000 00:00 0 
7f31e0127000-7f31e012a000 ---p 00000000 00:00 0 
7f31e012a000-7f31e0228000 rw-p 00000000 00:00 0 
7f31e0228000-7f31e022b000 ---p 00000000 00:00 0 
7f31e022b000-7f31e0329000 rw-p 00000000 00:00 0 
7f31e0329000-7f31e032c000 ---p 00000000 00:00 0 
7f31e032c000-7f31e042a000 rw-p 00000000 00:00 0 
7f31e042a000-7f31e042d000 ---p 00000000 00:00 0 
7f31e042d000-7f31e052b000 rw-p 00000000 00:00 0 
7f31e052b000-7f31e052e000 ---p 00000000 00:00 0 
7f31e052e000-7f31e062c000 rw-p 00000000 00:00 0                          [stack:21196]
7f31e062c000-7f31e062f000 ---p 00000000 00:00 0 
7f31e062f000-7f31e072d000 rw-p 00000000 00:00 0 
7f31e072d000-7f31e0730000 ---p 00000000 00:00 0 
7f31e0730000-7f31e082e000 rw-p 00000000 00:00 0 
7f31e082e000-7f31e0831000 ---p 00000000 00:00 0 
7f31e0831000-7f31e092f000 rw-p 00000000 00:00 0 
7f31e092f000-7f31e0936000 r-xp 00000000 08:01 410803                     /lib/x86_64-linux-gnu/libnss_dns-2.15.so
7f31e0936000-7f31e0b35000 ---p 00007000 08:01 410803                     /lib/x86_64-linux-gnu/libnss_dns-2.15.so
7f31e0b35000-7f31e0b36000 r--p 00006000 08:01 410803                     /lib/x86_64-linux-gnu/libnss_dns-2.15.so
7f31e0b36000-7f31e0b37000 rw-p 00007000 08:01 410803                     /lib/x86_64-linux-gnu/libnss_dns-2.15.so
7f31e0b37000-7f31e0b39000 r-xp 00000000 08:01 393271                     /lib/libnss_mdns4_minimal.so.2
7f31e0b39000-7f31e0d38000 ---p 00002000 08:01 393271                     /lib/libnss_mdns4_minimal.so.2
7f31e0d38000-7f31e0d39000 r--p 00001000 08:01 393271                     /lib/libnss_mdns4_minimal.so.2
7f31e0d39000-7f31e0d3a000 rw-p 00002000 08:01 393271                     /lib/libnss_mdns4_minimal.so.2
7f31e0dbe000-7f31e0e29000 r-xp 00000000 08:01 1079405                    /usr/lib/x86_64-linux-gnu/nss/libfreebl3.so
7f31e0e29000-7f31e1028000 ---p 0006b000 08:01 1079405                    /usr/lib/x86_64-linux-gnu/nss/libfreebl3.so
7f31e1028000-7f31e102a000 r--p 0006a000 08:01 1079405                    /usr/lib/x86_64-linux-gnu/nss/libfreebl3.so
7f31e102a000-7f31e102b000 rw-p 0006c000 08:01 1079405                    /usr/lib/x86_64-linux-gnu/nss/libfreebl3.so
7f31e102b000-7f31e102f000 rw-p 00000000 00:00 0 
7f31e102f000-7f31e10cd000 r-xp 00000000 08:01 926524                     /usr/lib/x86_64-linux-gnu/libsqlite3.so.0.8.6
7f31e10cd000-7f31e12cd000 ---p 0009e000 08:01 926524                     /usr/lib/x86_64-linux-gnu/libsqlite3.so.0.8.6
7f31e12cd000-7f31e12cf000 r--p 0009e000 08:01 926524                     /usr/lib/x86_64-linux-gnu/libsqlite3.so.0.8.6
7f31e12cf000-7f31e12d1000 rw-p 000a0000 08:01 926524                     /usr/lib/x86_64-linux-gnu/libsqlite3.so.0.8.6
7f31e12d1000-7f31e12d2000 rw-p 00000000 00:00 0 
7f31e12d2000-7f31e130a000 r-xp 00000000 08:01 1079403                    /usr/lib/x86_64-linux-gnu/nss/libsoftokn3.so
7f31e130a000-7f31e1509000 ---p 00038000 08:01 1079403                    /usr/lib/x86_64-linux-gnu/nss/libsoftokn3.so
7f31e1509000-7f31e150b000 r--p 00037000 08:01 1079403                    /usr/lib/x86_64-linux-gnu/nss/libsoftokn3.so
7f31e150b000-7f31e150c000 rw-p 00039000 08:01 1079403                    /usr/lib/x86_64-linux-gnu/nss/libsoftokn3.so
7f31e150c000-7f31e1546000 r-xp 00000000 08:01 942241                     /usr/lib/x86_64-linux-gnu/libnspr4.so
7f31e1546000-7f31e1746000 ---p 0003a000 08:01 942241                     /usr/lib/x86_64-linux-gnu/libnspr4.so
7f31e1746000-7f31e1747000 r--p 0003a000 08:01 942241                     /usr/lib/x86_64-linux-gnu/libnspr4.so
7f31e1747000-7f31e1749000 rw-p 0003b000 08:01 942241                     /usr/lib/x86_64-linux-gnu/libnspr4.so
7f31e1749000-7f31e174b000 rw-p 00000000 00:00 0 
7f31e174b000-7f31e174e000 r-xp 00000000 08:01 942242                     /usr/lib/x86_64-linux-gnu/libplds4.so
7f31e174e000-7f31e194d000 ---p 00003000 08:01 942242                     /usr/lib/x86_64-linux-gnu/libplds4.so
7f31e194d000-7f31e194e000 r--p 00002000 08:01 942242                     /usr/lib/x86_64-linux-gnu/libplds4.so
7f31e194e000-7f31e194f000 rw-p 00003000 08:01 942242                     /usr/lib/x86_64-linux-gnu/libplds4.so
7f31e194f000-7f31e1953000 r-xp 00000000 08:01 942240                     /usr/lib/x86_64-linux-gnu/libplc4.so
7f31e1953000-7f31e1b52000 ---p 00004000 08:01 942240                     /usr/lib/x86_64-linux-gnu/libplc4.so
7f31e1b52000-7f31e1b53000 r--p 00003000 08:01 942240                     /usr/lib/x86_64-linux-gnu/libplc4.so
7f31e1b53000-7f31e1b54000 rw-p 00004000 08:01 942240                     /usr/lib/x86_64-linux-gnu/libplc4.so
7f31e1b54000-7f31e1b75000 r-xp 00000000 08:01 921274                     /usr/lib/x86_64-linux-gnu/libnssutil3.so
7f31e1b75000-7f31e1d74000 ---p 00021000 08:01 921274                     /usr/lib/x86_64-linux-gnu/libnssutil3.so
7f31e1d74000-7f31e1d7a000 r--p 00020000 08:01 921274                     /usr/lib/x86_64-linux-gnu/libnssutil3.so
7f31e1d7a000-7f31e1d7b000 rw-p 00026000 08:01 921274                     /usr/lib/x86_64-linux-gnu/libnssutil3.so
7f31e1d7b000-7f31e1e7b000 r-xp 00000000 08:01 921275                     /usr/lib/x86_64-linux-gnu/libnss3.so
7f31e1e7b000-7f31e207b000 ---p 00100000 08:01 921275                     /usr/lib/x86_64-linux-gnu/libnss3.so
7f31e207b000-7f31e2080000 r--p 00100000 08:01 921275                     /usr/lib/x86_64-linux-gnu/libnss3.so
7f31e2080000-7f31e2083000 rw-p 00105000 08:01 921275                     /usr/lib/x86_64-linux-gnu/libnss3.so
7f31e2083000-7f31e2084000 rw-p 00000000 00:00 0 
7f31e2084000-7f31e2094000 r-xp 00000000 08:01 543083                     /usr/lib/jvm/java-7-openjdk-amd64/jre/lib/amd64/libj2pkcs11.so
7f31e2094000-7f31e2293000 ---p 00010000 08:01 543083                     /usr/lib/jvm/java-7-openjdk-amd64/jre/lib/amd64/libj2pkcs11.so
7f31e2293000-7f31e2294000 r--p 0000f000 08:01 543083                     /usr/lib/jvm/java-7-openjdk-amd64/jre/lib/amd64/libj2pkcs11.so
7f31e2294000-7f31e2295000 rw-p 00010000 08:01 543083                     /usr/lib/jvm/java-7-openjdk-amd64/jre/lib/amd64/libj2pkcs11.so
7f31e2295000-7f31e22c6000 rw-p 00000000 00:00 0 
7f31e22c6000-7f31e2302000 r-xp 00000000 08:01 397433                     /lib/x86_64-linux-gnu/libpcre.so.3.12.1
7f31e2302000-7f31e2501000 ---p 0003c000 08:01 397433                     /lib/x86_64-linux-gnu/libpcre.so.3.12.1
7f31e2501000-7f31e2502000 r--p 0003b000 08:01 397433                     /lib/x86_64-linux-gnu/libpcre.so.3.12.1
7f31e2502000-7f31e2503000 rw-p 0003c000 08:01 397433                     /lib/x86_64-linux-gnu/libpcre.so.3.12.1
7f31e2503000-7f31e250a000 r-xp 00000000 08:01 926184                     /usr/lib/x86_64-linux-gnu/libffi.so.6.0.0
7f31e250a000-7f31e2709000 ---p 00007000 08:01 926184                     /usr/lib/x86_64-linux-gnu/libffi.so.6.0.0
7f31e2709000-7f31e270a000 r--p 00006000 08:01 926184                     /usr/lib/x86_64-linux-gnu/libffi.so.6.0.0
7f31e270a000-7f31e270b000 rw-p 00007000 08:01 926184                     /usr/lib/x86_64-linux-gnu/libffi.so.6.0.0
7f31e270b000-7f31e2723000 r-xp 00000000 08:01 410790                     /lib/x86_64-linux-gnu/libresolv-2.15.so
7f31e2723000-7f31e2923000 ---p 00018000 08:01 410790                     /lib/x86_64-linux-gnu/libresolv-2.15.so
7f31e2923000-7f31e2924000 r--p 00018000 08:01 410790                     /lib/x86_64-linux-gnu/libresolv-2.15.so
7f31e2924000-7f31e2925000 rw-p 00019000 08:01 410790                     /lib/x86_64-linux-gnu/libresolv-2.15.so
7f31e2925000-7f31e2927000 rw-p 00000000 00:00 0 
7f31e2927000-7f31e2944000 r-xp 00000000 08:01 397448                     /lib/x86_64-linux-gnu/libselinux.so.1
7f31e2944000-7f31e2b43000 ---p 0001d000 08:01 397448                     /lib/x86_64-linux-gnu/libselinux.so.1
7f31e2b43000-7f31e2b44000 r--p 0001c000 08:01 397448                     /lib/x86_64-linux-gnu/libselinux.so.1
7f31e2b44000-7f31e2b45000 rw-p 0001d000 08:01 397448                     /lib/x86_64-linux-gnu/libselinux.so.1
7f31e2b45000-7f31e2b46000 rw-p 00000000 00:00 0 
7f31e2b46000-7f31e2b49000 r-xp 00000000 08:01 917882                     /usr/lib/x86_64-linux-gnu/libgmodule-2.0.so.0.3200.4
7f31e2b49000-7f31e2d48000 ---p 00003000 08:01 917882                     /usr/lib/x86_64-linux-gnu/libgmodule-2.0.so.0.3200.4
7f31e2d48000-7f31e2d49000 r--p 00002000 08:01 917882                     /usr/lib/x86_64-linux-gnu/libgmodule-2.0.so.0.3200.4
7f31e2d49000-7f31e2d4a000 rw-p 00003000 08:01 917882                     /usr/lib/x86_64-linux-gnu/libgmodule-2.0.so.0.3200.4
7f31e2d4a000-7f31e2e3c000 r-xp 00000000 08:01 408312                     /lib/x86_64-linux-gnu/libglib-2.0.so.0.3200.4
7f31e2e3c000-7f31e303c000 ---p 000f2000 08:01 408312                     /lib/x86_64-linux-gnu/libglib-2.0.so.0.3200.4
7f31e303c000-7f31e303d000 r--p 000f2000 08:01 408312                     /lib/x86_64-linux-gnu/libglib-2.0.so.0.3200.4
7f31e303d000-7f31e303e000 rw-p 000f3000 08:01 408312                     /lib/x86_64-linux-gnu/libglib-2.0.so.0.3200.4
7f31e303e000-7f31e303f000 rw-p 00000000 00:00 0 
7f31e303f000-7f31e308c000 r-xp 00000000 08:01 919206                     /usr/lib/x86_64-linux-gnu/libgobject-2.0.so.0.3200.4
7f31e308c000-7f31e328c000 ---p 0004d000 08:01 919206                     /usr/lib/x86_64-linux-gnu/libgobject-2.0.so.0.3200.4
7f31e328c000-7f31e328d000 r--p 0004d000 08:01 919206                     /usr/lib/x86_64-linux-gnu/libgobject-2.0.so.0.3200.4
7f31e328d000-7f31e328e000 rw-p 0004e000 08:01 919206                     /usr/lib/x86_64-linux-gnu/libgobject-2.0.so.0.3200.4
7f31e328e000-7f31e33d6000 r-xp 00000000 08:01 919205                     /usr/lib/x86_64-linux-gnu/libgio-2.0.so.0.3200.4
7f31e33d6000-7f31e35d5000 ---p 00148000 08:01 919205                     /usr/lib/x86_64-linux-gnu/libgio-2.0.so.0.3200.4
7f31e35d5000-7f31e35d9000 r--p 00147000 08:01 919205                     /usr/lib/x86_64-linux-gnu/libgio-2.0.so.0.3200.4
7f31e35d9000-7f31e35db000 rw-p 0014b000 08:01 919205                     /usr/lib/x86_64-linux-gnu/libgio-2.0.so.0.3200.4
7f31e35db000-7f31e35dd000 rw-p 00000000 00:00 0 
7f31e35dd000-7f31e35f3000 r-xp 00000000 08:01 543070                     /usr/lib/jvm/java-7-openjdk-amd64/jre/lib/amd64/libnet.so
7f31e35f3000-7f31e37f3000 ---p 00016000 08:01 543070                     /usr/lib/jvm/java-7-openjdk-amd64/jre/lib/amd64/libnet.so
7f31e37f3000-7f31e37f4000 r--p 00016000 08:01 543070                     /usr/lib/jvm/java-7-openjdk-amd64/jre/lib/amd64/libnet.so
7f31e37f4000-7f31e37f5000 rw-p 00017000 08:01 543070                     /usr/lib/jvm/java-7-openjdk-amd64/jre/lib/amd64/libnet.so
7f31e37f5000-7f31e37f6000 ---p 00000000 00:00 0 
7f31e37f6000-7f31e38f6000 rw-p 00000000 00:00 0                          [stack:20124]
7f31e38f6000-7f31e38f9000 ---p 00000000 00:00 0 
7f31e38f9000-7f31e39f7000 rw-p 00000000 00:00 0                          [stack:20123]
7f31e39f7000-7f31e39fa000 ---p 00000000 00:00 0 
7f31e39fa000-7f31e3af8000 rw-p 00000000 00:00 0                          [stack:20122]
7f31e3af8000-7f31e3afb000 ---p 00000000 00:00 0 
7f31e3afb000-7f31e3bf9000 rw-p 00000000 00:00 0                          [stack:20121]
7f31e3bf9000-7f31e3bfc000 ---p 00000000 00:00 0 
7f31e3bfc000-7f31e3cfa000 rw-p 00000000 00:00 0                          [stack:20118]
7f31e3cfa000-7f31e3cfd000 ---p 00000000 00:00 0 
7f31e3cfd000-7f31e3dfb000 rw-p 00000000 00:00 0                          [stack:20117]
7f31e3dfb000-7f31e3dff000 r-xp 00000000 08:01 543066                     /usr/lib/jvm/java-7-openjdk-amd64/jre/lib/amd64/libdt_socket.so
7f31e3dff000-7f31e3ffe000 ---p 00004000 08:01 543066                     /usr/lib/jvm/java-7-openjdk-amd64/jre/lib/amd64/libdt_socket.so
7f31e3ffe000-7f31e3fff000 r--p 00003000 08:01 543066                     /usr/lib/jvm/java-7-openjdk-amd64/jre/lib/amd64/libdt_socket.so
7f31e3fff000-7f31e4000000 rw-p 00004000 08:01 543066                     /usr/lib/jvm/java-7-openjdk-amd64/jre/lib/amd64/libdt_socket.so
7f31e4000000-7f31e4021000 rw-p 00000000 00:00 0 
7f31e4021000-7f31e8000000 ---p 00000000 00:00 0 
7f31e8000000-7f31e803c000 rw-p 00000000 00:00 0 
7f31e803c000-7f31ec000000 ---p 00000000 00:00 0 
7f31ec000000-7f31ec03b000 rw-p 00000000 00:00 0 
7f31ec03b000-7f31f0000000 ---p 00000000 00:00 0 
7f31f0000000-7f31f00c2000 rw-p 00000000 00:00 0 
7f31f00c2000-7f31f4000000 ---p 00000000 00:00 0 
7f31f4000000-7f31f40ef000 rw-p 00000000 00:00 0 
7f31f40ef000-7f31f8000000 ---p 00000000 00:00 0 
7f31f8008000-7f31f8012000 r--s 000b8000 08:01 543019                     /usr/lib/jvm/java-7-openjdk-amd64/jre/lib/resources.jar
7f31f8012000-7f31f8015000 r--s 00013000 08:01 1079103                    /home/galic1987/.m2/repository/net/sf/ezmorph/ezmorph/1.0.6/ezmorph-1.0.6.jar
7f31f8015000-7f31f8017000 r--s 0000d000 08:01 1079102                    /home/galic1987/.m2/repository/commons-logging/commons-logging/1.1.1/commons-logging-1.1.1.jar
7f31f8017000-7f31f801a000 r--s 00017000 08:01 541426                     /usr/lib/jvm/java-7-openjdk-amd64/jre/lib/jce.jar
7f31f801a000-7f31f801f000 r--s 0004c000 08:01 543037                     /usr/lib/jvm/java-7-openjdk-amd64/jre/lib/jsse.jar
7f31f801f000-7f31f8024000 r--s 00040000 08:01 1079101                    /home/galic1987/.m2/repository/commons-lang/commons-lang/2.5/commons-lang-2.5.jar
7f31f8024000-7f31f8032000 r--s 0007f000 08:01 1079100                    /home/galic1987/.m2/repository/commons-collections/commons-collections/3.2.1/commons-collections-3.2.1.jar
7f31f8032000-7f31f8037000 r--s 00034000 08:01 1079099                    /home/galic1987/.m2/repository/commons-beanutils/commons-beanutils/1.8.0/commons-beanutils-1.8.0.jar
7f31f8037000-7f31f803a000 r--s 00024000 08:01 1079098                    /home/galic1987/.m2/repository/net/sf/json-lib/json-lib/2.4/json-lib-2.4-jdk15.jar
7f31f803a000-7f31f8040000 r--s 00033000 08:01 1079097                    /home/galic1987/.m2/repository/commons-codec/commons-codec/1.6/commons-codec-1.6.jar
7f31f8040000-7f31f8046000 r--s 00032000 08:01 665413                     /home/galic1987/.m2/repository/org/apache/httpcomponents/httpcore/4.2.4/httpcore-4.2.4.jar
7f31f8046000-7f31f804f000 r--s 00061000 08:01 665412                     /home/galic1987/.m2/repository/org/apache/httpcomponents/httpclient/4.2.5/httpclient-4.2.5.jar
7f31f804f000-7f31f8077000 r--s 00241000 08:01 1079091                    /home/galic1987/.m2/repository/net/sf/trove4j/trove4j/3.0.3/trove4j-3.0.3.jar
7f31f8077000-7f31f807d000 r--s 00035000 08:01 1079094                    /home/galic1987/.m2/repository/ch/qos/logback/logback-classic/0.9.24/logback-classic-0.9.24.jar
7f31f807d000-7f31f8085000 r--s 00042000 08:01 1079093                    /home/galic1987/.m2/repository/ch/qos/logback/logback-core/0.9.24/logback-core-0.9.24.jar
7f31f8085000-7f31f808d000 r--s 00032000 08:01 1079072                    /home/galic1987/.m2/repository/jgrapht/jgrapht/0.8.1/jgrapht-0.8.1.jar
7f31f808d000-7f31f8091000 r--s 00026000 08:01 1079071                    /home/galic1987/.m2/repository/dk/brics/automaton/1.11-2/automaton-1.11-2.jar
7f31f8091000-7f31f8094000 ---p 00000000 00:00 0 
7f31f8094000-7f31f8192000 rw-p 00000000 00:00 0                          [stack:20114]
7f31f8192000-7f31f8195000 ---p 00000000 00:00 0 
7f31f8195000-7f31f8293000 rw-p 00000000 00:00 0                          [stack:20112]
7f31f8293000-7f31f8296000 ---p 00000000 00:00 0 
7f31f8296000-7f31f8394000 rw-p 00000000 00:00 0                          [stack:20110]
7f31f8394000-7f31f8397000 ---p 00000000 00:00 0 
7f31f8397000-7f31f8495000 rw-p 00000000 00:00 0                          [stack:20109]
7f31f8495000-7f31f8496000 ---p 00000000 00:00 0 
7f31f8496000-7f31f8f02000 rw-p 00000000 00:00 0                          [stack:20108]
7f31f8f02000-7f31f90b0000 r--s 01cf4000 08:01 541401                     /usr/lib/jvm/java-7-openjdk-amd64/jre/lib/rt.jar
7f31f90b0000-7f31faf96000 rw-p 00000000 00:00 0 
7f31faf96000-7f31faf97000 ---p 00000000 00:00 0 
7f31faf97000-7f31fb097000 rw-p 00000000 00:00 0                          [stack:20107]
7f31fb097000-7f31fb098000 ---p 00000000 00:00 0 
7f31fb098000-7f31fb1ac000 rw-p 00000000 00:00 0                          [stack:20106]
7f31fb1ac000-7f31fb28f000 rw-p 00000000 00:00 0 
7f31fb28f000-7f31fb29d000 rw-p 00000000 00:00 0 
7f31fb29d000-7f31fb2e2000 rw-p 00000000 00:00 0 
7f31fb2e2000-7f31fb2f6000 rw-p 00000000 00:00 0 
7f31fb2f6000-7f31fb3d8000 rw-p 00000000 00:00 0 
7f31fb3d8000-7f31fb445000 rw-p 00000000 00:00 0 
7f31fb445000-7f31fb454000 ---p 00000000 00:00 0 
7f31fb454000-7f31fb455000 rw-p 00000000 00:00 0 
7f31fb455000-7f31fb6c5000 rwxp 00000000 00:00 0 
7f31fb6c5000-7f31fe455000 rw-p 00000000 00:00 0 
7f31fe455000-7f31fe45d000 r-xp 00000000 08:01 543065                     /usr/lib/jvm/java-7-openjdk-amd64/jre/lib/amd64/libzip.so
7f31fe45d000-7f31fe65c000 ---p 00008000 08:01 543065                     /usr/lib/jvm/java-7-openjdk-amd64/jre/lib/amd64/libzip.so
7f31fe65c000-7f31fe65d000 r--p 00007000 08:01 543065                     /usr/lib/jvm/java-7-openjdk-amd64/jre/lib/amd64/libzip.so
7f31fe65d000-7f31fe65e000 rw-p 00008000 08:01 543065                     /usr/lib/jvm/java-7-openjdk-amd64/jre/lib/amd64/libzip.so
7f31fe65e000-7f31fe66a000 r-xp 00000000 08:01 410750                     /lib/x86_64-linux-gnu/libnss_files-2.15.so
7f31fe66a000-7f31fe869000 ---p 0000c000 08:01 410750                     /lib/x86_64-linux-gnu/libnss_files-2.15.so
7f31fe869000-7f31fe86a000 r--p 0000b000 08:01 410750                     /lib/x86_64-linux-gnu/libnss_files-2.15.so
7f31fe86a000-7f31fe86b000 rw-p 0000c000 08:01 410750                     /lib/x86_64-linux-gnu/libnss_files-2.15.so
7f31fe86b000-7f31fe875000 r-xp 00000000 08:01 410861                     /lib/x86_64-linux-gnu/libnss_nis-2.15.so
7f31fe875000-7f31fea75000 ---p 0000a000 08:01 410861                     /lib/x86_64-linux-gnu/libnss_nis-2.15.so
7f31fea75000-7f31fea76000 r--p 0000a000 08:01 410861                     /lib/x86_64-linux-gnu/libnss_nis-2.15.so
7f31fea76000-7f31fea77000 rw-p 0000b000 08:01 410861                     /lib/x86_64-linux-gnu/libnss_nis-2.15.so
7f31fea77000-7f31fea8e000 r-xp 00000000 08:01 412496                     /lib/x86_64-linux-gnu/libnsl-2.15.so
7f31fea8e000-7f31fec8d000 ---p 00017000 08:01 412496                     /lib/x86_64-linux-gnu/libnsl-2.15.so
7f31fec8d000-7f31fec8e000 r--p 00016000 08:01 412496                     /lib/x86_64-linux-gnu/libnsl-2.15.so
7f31fec8e000-7f31fec8f000 rw-p 00017000 08:01 412496                     /lib/x86_64-linux-gnu/libnsl-2.15.so
7f31fec8f000-7f31fec91000 rw-p 00000000 00:00 0 
7f31fec91000-7f31fec99000 r-xp 00000000 08:01 410722                     /lib/x86_64-linux-gnu/libnss_compat-2.15.so
7f31fec99000-7f31fee98000 ---p 00008000 08:01 410722                     /lib/x86_64-linux-gnu/libnss_compat-2.15.so
7f31fee98000-7f31fee99000 r--p 00007000 08:01 410722                     /lib/x86_64-linux-gnu/libnss_compat-2.15.so
7f31fee99000-7f31fee9a000 rw-p 00008000 08:01 410722                     /lib/x86_64-linux-gnu/libnss_compat-2.15.so
7f31fee9a000-7f31ff57d000 r--p 00000000 08:01 924466                     /usr/lib/locale/locale-archive
7f31ff57d000-7f31ff580000 r-xp 00000000 08:01 543093                     /usr/lib/jvm/java-7-openjdk-amd64/jre/lib/amd64/libnpt.so
7f31ff580000-7f31ff77f000 ---p 00003000 08:01 543093                     /usr/lib/jvm/java-7-openjdk-amd64/jre/lib/amd64/libnpt.so
7f31ff77f000-7f31ff780000 r--p 00002000 08:01 543093                     /usr/lib/jvm/java-7-openjdk-amd64/jre/lib/amd64/libnpt.so
7f31ff780000-7f31ff781000 rw-p 00003000 08:01 543093                     /usr/lib/jvm/java-7-openjdk-amd64/jre/lib/amd64/libnpt.so
7f31ff781000-7f31ff7bb000 r-xp 00000000 08:01 543080                     /usr/lib/jvm/java-7-openjdk-amd64/jre/lib/amd64/libjdwp.so
7f31ff7bb000-7f31ff9bb000 ---p 0003a000 08:01 543080                     /usr/lib/jvm/java-7-openjdk-amd64/jre/lib/amd64/libjdwp.so
7f31ff9bb000-7f31ff9bc000 r--p 0003a000 08:01 543080                     /usr/lib/jvm/java-7-openjdk-amd64/jre/lib/amd64/libjdwp.so
7f31ff9bc000-7f31ff9bd000 rw-p 0003b000 08:01 543080                     /usr/lib/jvm/java-7-openjdk-amd64/jre/lib/amd64/libjdwp.so
7f31ff9bd000-7f31ff9e6000 r-xp 00000000 08:01 543061                     /usr/lib/jvm/java-7-openjdk-amd64/jre/lib/amd64/libjava.so
7f31ff9e6000-7f31ffbe5000 ---p 00029000 08:01 543061                     /usr/lib/jvm/java-7-openjdk-amd64/jre/lib/amd64/libjava.so
7f31ffbe5000-7f31ffbe6000 r--p 00028000 08:01 543061                     /usr/lib/jvm/java-7-openjdk-amd64/jre/lib/amd64/libjava.so
7f31ffbe6000-7f31ffbe8000 rw-p 00029000 08:01 543061                     /usr/lib/jvm/java-7-openjdk-amd64/jre/lib/amd64/libjava.so
7f31ffbe8000-7f31ffbf6000 r-xp 00000000 08:01 543092                     /usr/lib/jvm/java-7-openjdk-amd64/jre/lib/amd64/libverify.so
7f31ffbf6000-7f31ffdf5000 ---p 0000e000 08:01 543092                     /usr/lib/jvm/java-7-openjdk-amd64/jre/lib/amd64/libverify.so
7f31ffdf5000-7f31ffdf7000 r--p 0000d000 08:01 543092                     /usr/lib/jvm/java-7-openjdk-amd64/jre/lib/amd64/libverify.so
7f31ffdf7000-7f31ffdf8000 rw-p 0000f000 08:01 543092                     /usr/lib/jvm/java-7-openjdk-amd64/jre/lib/amd64/libverify.so
7f31ffdf8000-7f31ffdff000 r-xp 00000000 08:01 410819                     /lib/x86_64-linux-gnu/librt-2.15.so
7f31ffdff000-7f31ffffe000 ---p 00007000 08:01 410819                     /lib/x86_64-linux-gnu/librt-2.15.so
7f31ffffe000-7f31fffff000 r--p 00006000 08:01 410819                     /lib/x86_64-linux-gnu/librt-2.15.so
7f31fffff000-7f3200000000 rw-p 00007000 08:01 410819                     /lib/x86_64-linux-gnu/librt-2.15.so
7f3200000000-7f320057e000 rw-p 00000000 00:00 0 
7f320057e000-7f3204000000 ---p 00000000 00:00 0 
7f3204000000-7f3204001000 r--s 00002000 08:01 1079096                    /home/galic1987/.m2/repository/de/taimos/httputils/1.2.0/httputils-1.2.0.jar
7f3204001000-7f3204003000 r--s 0000a000 08:01 1079095                    /home/galic1987/.m2/repository/args4j/args4j/2.0.12/args4j-2.0.12.jar
7f3204003000-7f3204081000 rw-p 00000000 00:00 0 
7f3204081000-7f32040c6000 rw-p 00000000 00:00 0 
7f32040c6000-7f32040db000 r-xp 00000000 08:01 397381                     /lib/x86_64-linux-gnu/libgcc_s.so.1
7f32040db000-7f32042da000 ---p 00015000 08:01 397381                     /lib/x86_64-linux-gnu/libgcc_s.so.1
7f32042da000-7f32042db000 r--p 00014000 08:01 397381                     /lib/x86_64-linux-gnu/libgcc_s.so.1
7f32042db000-7f32042dc000 rw-p 00015000 08:01 397381                     /lib/x86_64-linux-gnu/libgcc_s.so.1
7f32042dc000-7f32043d7000 r-xp 00000000 08:01 412487                     /lib/x86_64-linux-gnu/libm-2.15.so
7f32043d7000-7f32045d6000 ---p 000fb000 08:01 412487                     /lib/x86_64-linux-gnu/libm-2.15.so
7f32045d6000-7f32045d7000 r--p 000fa000 08:01 412487                     /lib/x86_64-linux-gnu/libm-2.15.so
7f32045d7000-7f32045d8000 rw-p 000fb000 08:01 412487                     /lib/x86_64-linux-gnu/libm-2.15.so
7f32045d8000-7f32046ba000 r-xp 00000000 08:01 926534                     /usr/lib/x86_64-linux-gnu/libstdc++.so.6.0.16
7f32046ba000-7f32048b9000 ---p 000e2000 08:01 926534                     /usr/lib/x86_64-linux-gnu/libstdc++.so.6.0.16
7f32048b9000-7f32048c1000 r--p 000e1000 08:01 926534                     /usr/lib/x86_64-linux-gnu/libstdc++.so.6.0.16
7f32048c1000-7f32048c3000 rw-p 000e9000 08:01 926534                     /usr/lib/x86_64-linux-gnu/libstdc++.so.6.0.16
7f32048c3000-7f32048d8000 rw-p 00000000 00:00 0 
7f32048d8000-7f3205393000 r-xp 00000000 08:01 543075                     /usr/lib/jvm/java-7-openjdk-amd64/jre/lib/amd64/server/libjvm.so
7f3205393000-7f3205593000 ---p 00abb000 08:01 543075                     /usr/lib/jvm/java-7-openjdk-amd64/jre/lib/amd64/server/libjvm.so
7f3205593000-7f320562b000 r--p 00abb000 08:01 543075                     /usr/lib/jvm/java-7-openjdk-amd64/jre/lib/amd64/server/libjvm.so
7f320562b000-7f320564e000 rw-p 00b53000 08:01 543075                     /usr/lib/jvm/java-7-openjdk-amd64/jre/lib/amd64/server/libjvm.so
7f320564e000-7f320567b000 rw-p 00000000 00:00 0 
7f320567b000-7f3205691000 r-xp 00000000 08:01 397471                     /lib/x86_64-linux-gnu/libz.so.1.2.3.4
7f3205691000-7f3205890000 ---p 00016000 08:01 397471                     /lib/x86_64-linux-gnu/libz.so.1.2.3.4
7f3205890000-7f3205891000 r--p 00015000 08:01 397471                     /lib/x86_64-linux-gnu/libz.so.1.2.3.4
7f3205891000-7f3205892000 rw-p 00016000 08:01 397471                     /lib/x86_64-linux-gnu/libz.so.1.2.3.4
7f3205892000-7f32058aa000 r-xp 00000000 08:01 412485                     /lib/x86_64-linux-gnu/libpthread-2.15.so
7f32058aa000-7f3205aa9000 ---p 00018000 08:01 412485                     /lib/x86_64-linux-gnu/libpthread-2.15.so
7f3205aa9000-7f3205aaa000 r--p 00017000 08:01 412485                     /lib/x86_64-linux-gnu/libpthread-2.15.so
7f3205aaa000-7f3205aab000 rw-p 00018000 08:01 412485                     /lib/x86_64-linux-gnu/libpthread-2.15.so
7f3205aab000-7f3205aaf000 rw-p 00000000 00:00 0 
7f3205aaf000-7f3205ab1000 r-xp 00000000 08:01 412491                     /lib/x86_64-linux-gnu/libdl-2.15.so
7f3205ab1000-7f3205cb1000 ---p 00002000 08:01 412491                     /lib/x86_64-linux-gnu/libdl-2.15.so
7f3205cb1000-7f3205cb2000 r--p 00002000 08:01 412491                     /lib/x86_64-linux-gnu/libdl-2.15.so
7f3205cb2000-7f3205cb3000 rw-p 00003000 08:01 412491                     /lib/x86_64-linux-gnu/libdl-2.15.so
7f3205cb3000-7f3205e68000 r-xp 00000000 08:01 410671                     /lib/x86_64-linux-gnu/libc-2.15.so
7f3205e68000-7f3206068000 ---p 001b5000 08:01 410671                     /lib/x86_64-linux-gnu/libc-2.15.so
7f3206068000-7f320606c000 r--p 001b5000 08:01 410671                     /lib/x86_64-linux-gnu/libc-2.15.so
7f320606c000-7f320606e000 rw-p 001b9000 08:01 410671                     /lib/x86_64-linux-gnu/libc-2.15.so
7f320606e000-7f3206073000 rw-p 00000000 00:00 0 
7f3206073000-7f3206080000 r-xp 00000000 08:01 543085                     /usr/lib/jvm/java-7-openjdk-amd64/jre/lib/amd64/jli/libjli.so
7f3206080000-7f320627f000 ---p 0000d000 08:01 543085                     /usr/lib/jvm/java-7-openjdk-amd64/jre/lib/amd64/jli/libjli.so
7f320627f000-7f3206280000 r--p 0000c000 08:01 543085                     /usr/lib/jvm/java-7-openjdk-amd64/jre/lib/amd64/jli/libjli.so
7f3206280000-7f3206281000 rw-p 0000d000 08:01 543085                     /usr/lib/jvm/java-7-openjdk-amd64/jre/lib/amd64/jli/libjli.so
7f3206281000-7f32062a3000 r-xp 00000000 08:01 412488                     /lib/x86_64-linux-gnu/ld-2.15.so
7f32062a3000-7f32062a5000 r--s 00005000 08:01 1079092                    /home/galic1987/.m2/repository/org/slf4j/slf4j-api/1.6.1/slf4j-api-1.6.1.jar
7f32062a5000-7f32062a6000 r--s 00001000 08:01 1079073                    /home/galic1987/.m2/repository/choco/PropAnn/1.0/PropAnn-1.0.jar
7f32062a6000-7f32062a7000 r--s 00000000 08:01 943243                     /usr/local/share/java/solver.constraints.real.jar
7f32062a7000-7f32062a9000 r--s 00012000 08:01 542548                     /usr/lib/jvm/java-7-openjdk-amd64/jre/lib/ext/zipfs.jar
7f32062a9000-7f32062ad000 r--s 00085000 08:01 543011                     /usr/lib/jvm/java-7-openjdk-amd64/jre/lib/ext/localedata.jar
7f32062ad000-7f32062ae000 r--s 00007000 08:01 1077429                    /usr/share/java/java-atk-wrapper.jar
7f32062ae000-7f32062b0000 r--s 0000f000 08:01 541428                     /usr/lib/jvm/java-7-openjdk-amd64/jre/lib/ext/pulse-java.jar
7f32062b0000-7f32062b3000 r--s 00032000 08:01 543009                     /usr/lib/jvm/java-7-openjdk-amd64/jre/lib/ext/sunjce_provider.jar
7f32062b3000-7f32062b7000 r--s 0003b000 08:01 543013                     /usr/lib/jvm/java-7-openjdk-amd64/jre/lib/ext/sunpkcs11.jar
7f32062b7000-7f32062d3000 rw-p 00000000 00:00 0 
7f32062d3000-7f3206389000 rw-p 00000000 00:00 0 
7f3206389000-7f320638c000 ---p 00000000 00:00 0 
7f320638c000-7f320648f000 rw-p 00000000 00:00 0                          [stack:20105]
7f320648f000-7f3206490000 r--s 00002000 08:01 543015                     /usr/lib/jvm/java-7-openjdk-amd64/jre/lib/ext/dnsns.jar
7f3206490000-7f3206497000 r--s 00000000 08:01 1061172                    /usr/lib/x86_64-linux-gnu/gconv/gconv-modules.cache
7f3206497000-7f320649f000 rw-s 00000000 08:01 415069                     /tmp/hsperfdata_galic1987/20099
7f320649f000-7f32064a0000 rw-p 00000000 00:00 0 
7f32064a0000-7f32064a1000 r--p 00000000 00:00 0 
7f32064a1000-7f32064a3000 rw-p 00000000 00:00 0 
7f32064a3000-7f32064a4000 r--p 00022000 08:01 412488                     /lib/x86_64-linux-gnu/ld-2.15.so
7f32064a4000-7f32064a6000 rw-p 00023000 08:01 412488                     /lib/x86_64-linux-gnu/ld-2.15.so
7ffff0aff000-7ffff0b20000 rw-p 00000000 00:00 0                          [stack]
7ffff0b3b000-7ffff0b3d000 r-xp 00000000 00:00 0                          [vdso]
ffffffffff600000-ffffffffff601000 r-xp 00000000 00:00 0                  [vsyscall]

VM Arguments:
jvm_args: -agentlib:jdwp=transport=dt_socket,suspend=y,address=localhost:36522 -Djava.library.path=/usr/local/lib -Dfile.encoding=UTF-8 
java_command: test_choco.BTC_e
Launcher Type: SUN_STANDARD

Environment Variables:
JAVA_HOME=/usr/lib/jvm/java-7-openjdk-amd64/
PATH=/usr/lib/lightdm/lightdm:/usr/local/sbin:/usr/local/bin:/usr/sbin:/usr/bin:/sbin:/bin:/usr/games
SHELL=/bin/bash
DISPLAY=:0.0

Signal Handlers:
SIGSEGV: [libjvm.so+0x8f6d70], sa_mask[0]=0x7ffbfeff, sa_flags=0x10000004
SIGBUS: [libjvm.so+0x8f6d70], sa_mask[0]=0x7ffbfeff, sa_flags=0x10000004
SIGFPE: [libjvm.so+0x77aeb0], sa_mask[0]=0x7ffbfeff, sa_flags=0x10000004
SIGPIPE: SIG_IGN, sa_mask[0]=0x00000000, sa_flags=0x00000000
SIGXFSZ: [libjvm.so+0x77aeb0], sa_mask[0]=0x7ffbfeff, sa_flags=0x10000004
SIGILL: [libjvm.so+0x77aeb0], sa_mask[0]=0x7ffbfeff, sa_flags=0x10000004
SIGUSR1: SIG_DFL, sa_mask[0]=0x00000000, sa_flags=0x00000000
SIGUSR2: [libjvm.so+0x77b130], sa_mask[0]=0x00000004, sa_flags=0x10000004
SIGHUP: [libjvm.so+0x77b2a0], sa_mask[0]=0x7ffbfeff, sa_flags=0x10000004
SIGINT: [libjvm.so+0x77b2a0], sa_mask[0]=0x7ffbfeff, sa_flags=0x10000004
SIGTERM: [libjvm.so+0x77b2a0], sa_mask[0]=0x7ffbfeff, sa_flags=0x10000004
SIGQUIT: [libjvm.so+0x77b2a0], sa_mask[0]=0x7ffbfeff, sa_flags=0x10000004


---------------  S Y S T E M  ---------------

OS:Ubuntu 12.04 (precise)
uname:Linux 3.8.0-35-generic #50~precise1-Ubuntu SMP Wed Dec 4 17:25:51 UTC 2013 x86_64
libc:glibc 2.15 NPTL 2.15 
rlimit: STACK 8192k, CORE 0k, NPROC 23499, NOFILE 4096, AS infinity
load average:2.34 1.90 1.34

/proc/meminfo:
MemTotal:        3026824 kB
MemFree:           89500 kB
Buffers:          112848 kB
Cached:          1419756 kB
SwapCached:            0 kB
Active:          1350660 kB
Inactive:        1387692 kB
Active(anon):     902052 kB
Inactive(anon):   305388 kB
Active(file):     448608 kB
Inactive(file):  1082304 kB
Unevictable:           0 kB
Mlocked:               0 kB
SwapTotal:       1046524 kB
SwapFree:        1046524 kB
Dirty:                48 kB
Writeback:             0 kB
AnonPages:       1205880 kB
Mapped:           131492 kB
Shmem:              1692 kB
Slab:             107576 kB
SReclaimable:      81816 kB
SUnreclaim:        25760 kB
KernelStack:        4312 kB
PageTables:        24860 kB
NFS_Unstable:          0 kB
Bounce:                0 kB
WritebackTmp:          0 kB
CommitLimit:     2559936 kB
Committed_AS:    3068748 kB
VmallocTotal:   34359738367 kB
VmallocUsed:      167536 kB
VmallocChunk:   34359567660 kB
HardwareCorrupted:     0 kB
AnonHugePages:         0 kB
HugePages_Total:       0
HugePages_Free:        0
HugePages_Rsvd:        0
HugePages_Surp:        0
Hugepagesize:       2048 kB
DirectMap4k:       47104 kB
DirectMap2M:     3049472 kB


CPU:total 2 (1 cores per cpu, 1 threads per core) family 6 model 23 stepping 10, cmov, cx8, fxsr, mmx, sse, sse2, sse3, ssse3, sse4.1, tsc, tscinvbit

/proc/cpuinfo:
processor	: 0
vendor_id	: GenuineIntel
cpu family	: 6
model		: 23
model name	: Intel(R) Core(TM)2 Duo CPU     P8600  @ 2.40GHz
stepping	: 10
microcode	: 0xa0b
cpu MHz		: 2388.551
cache size	: 3072 KB
fpu		: yes
fpu_exception	: yes
cpuid level	: 13
wp		: yes
flags		: fpu vme de pse tsc msr pae mce cx8 apic sep mtrr pge mca cmov pat pse36 clflush dts mmx fxsr sse sse2 ss syscall nx lm constant_tsc arch_perfmon pebs bts nopl xtopology tsc_reliable nonstop_tsc aperfmperf pni ssse3 cx16 sse4_1 x2apic xsave hypervisor lahf_lm dtherm
bogomips	: 4777.10
clflush size	: 64
cache_alignment	: 64
address sizes	: 40 bits physical, 48 bits virtual
power management:

processor	: 1
vendor_id	: GenuineIntel
cpu family	: 6
model		: 23
model name	: Intel(R) Core(TM)2 Duo CPU     P8600  @ 2.40GHz
stepping	: 10
microcode	: 0xa0b
cpu MHz		: 2388.551
cache size	: 3072 KB
fpu		: yes
fpu_exception	: yes
cpuid level	: 13
wp		: yes
flags		: fpu vme de pse tsc msr pae mce cx8 apic sep mtrr pge mca cmov pat pse36 clflush dts mmx fxsr sse sse2 ss syscall nx lm constant_tsc arch_perfmon pebs bts nopl xtopology tsc_reliable nonstop_tsc aperfmperf pni ssse3 cx16 sse4_1 x2apic xsave hypervisor lahf_lm dtherm
bogomips	: 4777.10
clflush size	: 64
cache_alignment	: 64
address sizes	: 40 bits physical, 48 bits virtual
power management:



Memory: 4k page, physical 3026824k(89500k free), swap 1046524k(1046524k free)

vm_info: OpenJDK 64-Bit Server VM (24.45-b08) for linux-amd64 JRE (1.7.0_51-b00), built on Jan 16 2014 18:37:59 by "buildd" with gcc 4.6.3

time: Fri Jan 31 04:25:23 2014
elapsed time: 130 seconds

