#
# A fatal error has been detected by the Java Runtime Environment:
#
#  SIGSEGV (0xb) at pc=0x00000000ffffffff, pid=4719, tid=139787568649984
#
# JRE version: OpenJDK Runtime Environment (7.0_51) (build 1.7.0_51-b00)
# Java VM: OpenJDK 64-Bit Server VM (24.45-b08 mixed mode linux-amd64 compressed oops)
# Problematic frame:
# C  0x00000000ffffffff
#
# Failed to write core dump. Core dumps have been disabled. To enable core dumping, try "ulimit -c unlimited" before starting Java again
#
# If you would like to submit a bug report, please include
# instructions on how to reproduce the bug and visit:
#   http://icedtea.classpath.org/bugzilla
# The crash happened outside the Java Virtual Machine in native code.
# See problematic frame for where to report the bug.
#

---------------  T H R E A D  ---------------

Current thread (0x00007f22cc00b000):  JavaThread "main" [_thread_in_native, id=4725, stack(0x00007f22d35f9000,0x00007f22d45fa000)]

siginfo:si_signo=SIGSEGV: si_errno=0, si_code=2 (SEGV_ACCERR), si_addr=0x00000000ffffffff

Registers:
RAX=0x00007f22cc1db540, RBX=0x00007f22cc00b1d8, RCX=0x3f681b3895c838c0, RDX=0x0000000000000020
RSP=0x00007f22d45f8418, RBP=0x00007f22cc3b0640, RSI=0x00007f22d45f8430, RDI=0x00007f22cc266210
R8 =0x00007f22cc3b0678, R9 =0x00007f22a8a87229, R10=0x8000000000000000, R11=0x7fffffffffffffff
R12=0x0000000000000001, R13=0x0000000000000003, R14=0x00007f22d45f84c0, R15=0x0000000000000003
RIP=0x00000000ffffffff, EFLAGS=0x0000000000010297, CSGSFS=0x0000000000000033, ERR=0x0000000000000015
  TRAPNO=0x000000000000000e

Top of Stack: (sp=0x00007f22d45f8418)
0x00007f22d45f8418:   00007f22a88838e5 0000000600000007
0x00007f22d45f8428:   00000000fea38e70 00007f22a8a86bb0
0x00007f22d45f8438:   00007f2200000002 00007f22cc3b0678
0x00007f22d45f8448:   00000000fea39018 00007f22a8a86bb0
0x00007f22d45f8458:   0000000000000002 00007f22cc3b06a8
0x00007f22d45f8468:   01000000fea38e70 00007f2200000004
0x00007f22d45f8478:   00000000f0900de0 00007f22d45f84f0
0x00007f22d45f8488:   0000000000000000 00000000fea45f78
0x00007f22d45f8498:   00000000d2788470 00007f22cc00b000
0x00007f22d45f84a8:   00007f22c91c91de 00000000fea398d8
0x00007f22d45f84b8:   00000000fea39018 00000000f0900de0
0x00007f22d45f84c8:   00000000fea38e70 00000000ffffffff
0x00007f22d45f84d8:   00000000fea477e0 00000000fea396c8
0x00007f22d45f84e8:   00007f22d45f84e8 00000000fea3a5c0
0x00007f22d45f84f8:   00007f22c91d51e4 0000000400000004
0x00007f22d45f8508:   0000000000000000 00000000f0900d50
0x00007f22d45f8518:   00000000f0900de0 00000000fea39018
0x00007f22d45f8528:   00000000fea38e70 00000000fea38e70
0x00007f22d45f8538:   00007f22d45f8538 00000000c84ec6cb
0x00007f22d45f8548:   00007f22d45f85b0 00000000fea45b68
0x00007f22d45f8558:   00007f22c91c3b44 00000000c84ec748
0x00007f22d45f8568:   0000000000000000 00000000fea45b68
0x00007f22d45f8578:   00007f22c9138760 00000000fea38ef0
0x00007f22d45f8588:   fea45e1000000003 0000000000000003
0x00007f22d45f8598:   00000000fea46d98 3ee4f8b588e368f1
0x00007f22d45f85a8:   00000000fea46d60 0000000000000001
0x00007f22d45f85b8:   00007f22c91daf14 00000000fea38ef0
0x00007f22d45f85c8:   0000000000000008 00000000fea38f70
0x00007f22d45f85d8:   00000000fea46d98 00000000fea39018
0x00007f22d45f85e8:   3ee4f8b588e368f1 00007f22d45f8660
0x00007f22d45f85f8:   00007f22c9006882 00007f22d45f8668
0x00007f22d45f8608:   00007f22c9006058 00000000fea47288 

Instructions: (pc=0x00000000ffffffff)
0x00000000ffffffdf:   00 00 00 00 00 00 00 00 00 00 00 00 00 00 00 00
0x00000000ffffffef:   00 00 00 00 00 00 00 00 00 00 00 00 00 00 00 00
0x00000000ffffffff:   00 
[error occurred during error reporting (printing registers, top of stack, instructions near pc), id 0xb]

Register to memory mapping:

RAX=0x00007f22cc1db540 is an unknown value
RBX=0x00007f22cc00b1d8 is an unknown value
RCX=0x3f681b3895c838c0 is an unknown value
RDX=0x0000000000000020 is an unknown value
RSP=0x00007f22d45f8418 is pointing into the stack for thread: 0x00007f22cc00b000
RBP=0x00007f22cc3b0640 is an unknown value
RSI=0x00007f22d45f8430 is pointing into the stack for thread: 0x00007f22cc00b000
RDI=0x00007f22cc266210 is an unknown value
R8 =0x00007f22cc3b0678 is an unknown value
R9 =0x00007f22a8a87229: _ZN5filib8intervalIdLNS_17rounding_strategyE0ELNS_13interval_modeE2EE19extended_error_flagE+0 in /usr/local/lib/libibex-java.so at 0x00007f22a8880000
R10=0x8000000000000000 is an unknown value
R11=0x7fffffffffffffff is an unknown value
R12=0x0000000000000001 is an unknown value
R13=0x0000000000000003 is an unknown value
R14=0x00007f22d45f84c0 is pointing into the stack for thread: 0x00007f22cc00b000
R15=0x0000000000000003 is an unknown value


Stack: [0x00007f22d35f9000,0x00007f22d45fa000],  sp=0x00007f22d45f8418,  free space=16381k
Native frames: (J=compiled Java code, j=interpreted, Vv=VM code, C=native code)
C  0x00000000ffffffff

Java frames: (J=compiled Java code, j=interpreted, Vv=VM code)
J  solver.constraints.real.Ibex.contract(I[D)I
J  solver.constraints.real.RealPropagator.propagate(I)V
J  solver.constraints.real.RealPropagator.propagate(II)V
J  solver.propagation.hardcoded.TwoBucketsPropagationEngine.propagateFine(Ljava/util/ArrayDeque;)V
J  solver.search.loop.BinarySearchLoop.downBranch()V
j  solver.search.loop.BinarySearchLoop.downLeftBranch()V+1
j  solver.search.loop.AbstractSearchLoop.loop()V+161
j  solver.search.loop.AbstractSearchLoop.launch(Z)V+23
j  solver.Solver.solve(Z)V+44
j  solver.Solver.findOptimalSolution(Lsolver/ResolutionPolicy;Lsolver/variables/RealVar;D)V+83
j  test_choco.CalculateOptimalVolumeProblem.solve()V+15
j  samples.AbstractProblem.execute([Ljava/lang/String;)V+117
j  test_choco.CalculateOptimalVolumeProblem.start()V+29
j  test_choco.BTC_e.main([Ljava/lang/String;)V+593
v  ~StubRoutines::call_stub

---------------  P R O C E S S  ---------------

Java Threads: ( => current thread )
  0x00007f22cc308800 JavaThread "pool-1-thread-15" [_thread_blocked, id=4753, stack(0x00007f2275ff6000,0x00007f2276ff7000)]
  0x00007f22cc306800 JavaThread "pool-1-thread-14" [_thread_blocked, id=4752, stack(0x00007f2276ff7000,0x00007f2277ff8000)]
  0x00007f22cc304800 JavaThread "pool-1-thread-13" [_thread_blocked, id=4751, stack(0x00007f2277ff8000,0x00007f2278ff9000)]
  0x00007f22cc302800 JavaThread "pool-1-thread-12" [_thread_blocked, id=4750, stack(0x00007f2278ff9000,0x00007f2279ffa000)]
  0x00007f22cc300800 JavaThread "pool-1-thread-11" [_thread_blocked, id=4749, stack(0x00007f2279ffa000,0x00007f227affb000)]
  0x00007f22cc2fe800 JavaThread "pool-1-thread-10" [_thread_blocked, id=4748, stack(0x00007f227affb000,0x00007f227bffc000)]
  0x00007f22cc2fc800 JavaThread "pool-1-thread-9" [_thread_blocked, id=4747, stack(0x00007f227bffc000,0x00007f227cffd000)]
  0x00007f22cc2fa800 JavaThread "pool-1-thread-8" [_thread_blocked, id=4746, stack(0x00007f227cffd000,0x00007f227dffe000)]
  0x00007f22cc2f8800 JavaThread "pool-1-thread-7" [_thread_blocked, id=4745, stack(0x00007f227dffe000,0x00007f227efff000)]
  0x00007f22cc2f6800 JavaThread "pool-1-thread-6" [_thread_blocked, id=4744, stack(0x00007f227efff000,0x00007f2280000000)]
  0x00007f22cc2f5000 JavaThread "pool-1-thread-5" [_thread_blocked, id=4743, stack(0x00007f2284ffd000,0x00007f2285ffe000)]
  0x00007f22cc2f3800 JavaThread "pool-1-thread-4" [_thread_blocked, id=4742, stack(0x00007f2285ffe000,0x00007f2286fff000)]
  0x00007f22cc2f2800 JavaThread "pool-1-thread-3" [_thread_blocked, id=4741, stack(0x00007f2286fff000,0x00007f2288000000)]
  0x00007f22cc2ef000 JavaThread "pool-1-thread-2" [_thread_blocked, id=4740, stack(0x00007f2294ffd000,0x00007f2295ffe000)]
  0x00007f22cc2e5000 JavaThread "pool-1-thread-1" [_thread_blocked, id=4739, stack(0x00007f2295ffe000,0x00007f2296fff000)]
  0x00007f22cc0a2800 JavaThread "Service Thread" daemon [_thread_blocked, id=4735, stack(0x00007f22aafff000,0x00007f22ac000000)]
  0x00007f22cc0a0000 JavaThread "C2 CompilerThread1" daemon [_thread_blocked, id=4734, stack(0x00007f22c83d3000,0x00007f22c84d4000)]
  0x00007f22cc09d000 JavaThread "C2 CompilerThread0" daemon [_thread_blocked, id=4733, stack(0x00007f22c84d4000,0x00007f22c85d5000)]
  0x00007f22cc09b000 JavaThread "Signal Dispatcher" daemon [_thread_blocked, id=4732, stack(0x00007f22b891a000,0x00007f22b991b000)]
  0x00007f22cc078000 JavaThread "Finalizer" daemon [_thread_blocked, id=4730, stack(0x00007f22b9ffe000,0x00007f22bafff000)]
  0x00007f22cc076000 JavaThread "Reference Handler" daemon [_thread_blocked, id=4729, stack(0x00007f22bafff000,0x00007f22bc000000)]
=>0x00007f22cc00b000 JavaThread "main" [_thread_in_native, id=4725, stack(0x00007f22d35f9000,0x00007f22d45fa000)]

Other Threads:
  0x00007f22cc071800 VMThread [stack: 0x00007f22c85d5000,0x00007f22c86d6000] [id=4728]
  0x00007f22cc0ad000 WatcherThread [stack: 0x00007f22c82d2000,0x00007f22c83d3000] [id=4736]

VM state:not at safepoint (normal execution)

VM Mutex/Monitor currently owned by a thread: None

Heap
 PSYoungGen      total 236032K, used 2086K [0x00000000f0900000, 0x0000000100000000, 0x0000000100000000)
  eden space 230400K, 0% used [0x00000000f0900000,0x00000000f0917ed0,0x00000000fea00000)
  from space 5632K, 35% used [0x00000000fea00000,0x00000000febf1d10,0x00000000fef80000)
  to   space 5632K, 0% used [0x00000000ffa80000,0x00000000ffa80000,0x0000000100000000)
 ParOldGen       total 31232K, used 12484K [0x00000000d1c00000, 0x00000000d3a80000, 0x00000000f0900000)
  object space 31232K, 39% used [0x00000000d1c00000,0x00000000d2831200,0x00000000d3a80000)
 PSPermGen       total 21504K, used 15467K [0x00000000c7600000, 0x00000000c8b00000, 0x00000000d1c00000)
  object space 21504K, 71% used [0x00000000c7600000,0x00000000c851ae70,0x00000000c8b00000)

Card table byte_map: [0x00007f22d23ab000,0x00007f22d2571000] byte_map_base: 0x00007f22d1d70000

Polling page: 0x00007f22d69d4000

Code Cache  [0x00007f22c9000000, 0x00007f22c9270000, 0x00007f22cc000000)
 total_blobs=1039 nmethods=690 adapters=303 free_code_cache=47259Kb largest_free_block=48351616

Compilation events (10 events):
Event: 52.615 Thread 0x00007f22cc0a0000 nmethod 710 0x00007f22c91da750 code [0x00007f22c91dab40, 0x00007f22c91dbdb0]
Event: 52.654 Thread 0x00007f22cc09d000 nmethod 711 0x00007f22c91dd590 code [0x00007f22c91dd920, 0x00007f22c91ded40]
Event: 52.691 Thread 0x00007f22cc0a0000  712             org.apache.http.client.methods.HttpRequestWrapper::getRequestLine (66 bytes)
Event: 52.698 Thread 0x00007f22cc0a0000 nmethod 712 0x00007f22c91c85d0 code [0x00007f22c91c8760, 0x00007f22c91c8b48]
Event: 53.232 Thread 0x00007f22cc09d000  713             test_choco.BTC_e::access$7 (4 bytes)
Event: 53.232 Thread 0x00007f22cc09d000 nmethod 713 0x00007f22c91c83d0 code [0x00007f22c91c8500, 0x00007f22c91c8558]
Event: 53.336 Thread 0x00007f22cc0a0000  714 %           solver.search.loop.AbstractSearchLoop::loop @ 8 (270 bytes)
Event: 53.399 Thread 0x00007f22cc0a0000 nmethod 714% 0x00007f22c91e03d0 code [0x00007f22c91e0960, 0x00007f22c91e1fe8]
Event: 53.593 Thread 0x00007f22cc09d000  715             java.lang.ThreadLocal$ThreadLocalMap::set (136 bytes)
Event: 53.600 Thread 0x00007f22cc09d000 nmethod 715 0x00007f22c91d8210 code [0x00007f22c91d83a0, 0x00007f22c91d87f8]

GC Heap History (10 events):
Event: 35.507 GC heap before
{Heap before GC invocations=11 (full 0):
 PSYoungGen      total 196608K, used 196128K [0x00000000f0900000, 0x00000000ffb00000, 0x0000000100000000)
  eden space 195584K, 100% used [0x00000000f0900000,0x00000000fc800000,0x00000000fc800000)
  from space 1024K, 53% used [0x00000000ffa00000,0x00000000ffa88000,0x00000000ffb00000)
  to   space 6144K, 0% used [0x00000000fef00000,0x00000000fef00000,0x00000000ff500000)
 ParOldGen       total 31232K, used 12125K [0x00000000d1c00000, 0x00000000d3a80000, 0x00000000f0900000)
  object space 31232K, 38% used [0x00000000d1c00000,0x00000000d27d7470,0x00000000d3a80000)
 PSPermGen       total 21504K, used 15212K [0x00000000c7600000, 0x00000000c8b00000, 0x00000000d1c00000)
  object space 21504K, 70% used [0x00000000c7600000,0x00000000c84db0b8,0x00000000c8b00000)
Event: 35.512 GC heap after
Heap after GC invocations=11 (full 0):
 PSYoungGen      total 187392K, used 256K [0x00000000f0900000, 0x00000000ffa80000, 0x0000000100000000)
  eden space 186880K, 0% used [0x00000000f0900000,0x00000000f0900000,0x00000000fbf80000)
  from space 512K, 50% used [0x00000000fef00000,0x00000000fef40000,0x00000000fef80000)
  to   space 6144K, 0% used [0x00000000ff480000,0x00000000ff480000,0x00000000ffa80000)
 ParOldGen       total 31232K, used 12197K [0x00000000d1c00000, 0x00000000d3a80000, 0x00000000f0900000)
  object space 31232K, 39% used [0x00000000d1c00000,0x00000000d27e9470,0x00000000d3a80000)
 PSPermGen       total 21504K, used 15212K [0x00000000c7600000, 0x00000000c8b00000, 0x00000000d1c00000)
  object space 21504K, 70% used [0x00000000c7600000,0x00000000c84db0b8,0x00000000c8b00000)
}
Event: 41.334 GC heap before
{Heap before GC invocations=12 (full 0):
 PSYoungGen      total 187392K, used 187136K [0x00000000f0900000, 0x00000000ffa80000, 0x0000000100000000)
  eden space 186880K, 100% used [0x00000000f0900000,0x00000000fbf80000,0x00000000fbf80000)
  from space 512K, 50% used [0x00000000fef00000,0x00000000fef40000,0x00000000fef80000)
  to   space 6144K, 0% used [0x00000000ff480000,0x00000000ff480000,0x00000000ffa80000)
 ParOldGen       total 31232K, used 12213K [0x00000000d1c00000, 0x00000000d3a80000, 0x00000000f0900000)
  object space 31232K, 39% used [0x00000000d1c00000,0x00000000d27ed4a8,0x00000000d3a80000)
 PSPermGen       total 21504K, used 15237K [0x00000000c7600000, 0x00000000c8b00000, 0x00000000d1c00000)
  object space 21504K, 70% used [0x00000000c7600000,0x00000000c84e15a0,0x00000000c8b00000)
Event: 41.339 GC heap after
Heap after GC invocations=12 (full 0):
 PSYoungGen      total 178688K, used 384K [0x00000000f0900000, 0x00000000ff500000, 0x0000000100000000)
  eden space 178176K, 0% used [0x00000000f0900000,0x00000000f0900000,0x00000000fb700000)
  from space 512K, 75% used [0x00000000ff480000,0x00000000ff4e0000,0x00000000ff500000)
  to   space 6144K, 0% used [0x00000000fe900000,0x00000000fe900000,0x00000000fef00000)
 ParOldGen       total 31232K, used 12229K [0x00000000d1c00000, 0x00000000d3a80000, 0x00000000f0900000)
  object space 31232K, 39% used [0x00000000d1c00000,0x00000000d27f14a8,0x00000000d3a80000)
 PSPermGen       total 21504K, used 15237K [0x00000000c7600000, 0x00000000c8b00000, 0x00000000d1c00000)
  object space 21504K, 70% used [0x00000000c7600000,0x00000000c84e15a0,0x00000000c8b00000)
}
Event: 46.554 GC heap before
{Heap before GC invocations=13 (full 0):
 PSYoungGen      total 178688K, used 178560K [0x00000000f0900000, 0x00000000ff500000, 0x0000000100000000)
  eden space 178176K, 100% used [0x00000000f0900000,0x00000000fb700000,0x00000000fb700000)
  from space 512K, 75% used [0x00000000ff480000,0x00000000ff4e0000,0x00000000ff500000)
  to   space 6144K, 0% used [0x00000000fe900000,0x00000000fe900000,0x00000000fef00000)
 ParOldGen       total 31232K, used 12233K [0x00000000d1c00000, 0x00000000d3a80000, 0x00000000f0900000)
  object space 31232K, 39% used [0x00000000d1c00000,0x00000000d27f2770,0x00000000d3a80000)
 PSPermGen       total 21504K, used 15249K [0x00000000c7600000, 0x00000000c8b00000, 0x00000000d1c00000)
  object space 21504K, 70% used [0x00000000c7600000,0x00000000c84e4580,0x00000000c8b00000)
Event: 46.557 GC heap after
Heap after GC invocations=13 (full 0):
 PSYoungGen      total 176128K, used 272K [0x00000000f0900000, 0x00000000ff500000, 0x0000000100000000)
  eden space 169984K, 0% used [0x00000000f0900000,0x00000000f0900000,0x00000000faf00000)
  from space 6144K, 4% used [0x00000000fe900000,0x00000000fe944010,0x00000000fef00000)
  to   space 5632K, 0% used [0x00000000fef80000,0x00000000fef80000,0x00000000ff500000)
 ParOldGen       total 31232K, used 12257K [0x00000000d1c00000, 0x00000000d3a80000, 0x00000000f0900000)
  object space 31232K, 39% used [0x00000000d1c00000,0x00000000d27f8770,0x00000000d3a80000)
 PSPermGen       total 21504K, used 15249K [0x00000000c7600000, 0x00000000c8b00000, 0x00000000d1c00000)
  object space 21504K, 70% used [0x00000000c7600000,0x00000000c84e4580,0x00000000c8b00000)
}
Event: 46.559 GC heap before
{Heap before GC invocations=14 (full 0):
 PSYoungGen      total 176128K, used 717K [0x00000000f0900000, 0x00000000ff500000, 0x0000000100000000)
  eden space 169984K, 0% used [0x00000000f0900000,0x00000000f096f628,0x00000000faf00000)
  from space 6144K, 4% used [0x00000000fe900000,0x00000000fe944010,0x00000000fef00000)
  to   space 5632K, 0% used [0x00000000fef80000,0x00000000fef80000,0x00000000ff500000)
 ParOldGen       total 31232K, used 12257K [0x00000000d1c00000, 0x00000000d3a80000, 0x00000000f0900000)
  object space 31232K, 39% used [0x00000000d1c00000,0x00000000d27f8770,0x00000000d3a80000)
 PSPermGen       total 21504K, used 15249K [0x00000000c7600000, 0x00000000c8b00000, 0x00000000d1c00000)
  object space 21504K, 70% used [0x00000000c7600000,0x00000000c84e4580,0x00000000c8b00000)
Event: 46.565 GC heap after
Heap after GC invocations=14 (full 0):
 PSYoungGen      total 236032K, used 64K [0x00000000f0900000, 0x00000000fff80000, 0x0000000100000000)
  eden space 230400K, 0% used [0x00000000f0900000,0x00000000f0900000,0x00000000fea00000)
  from space 5632K, 1% used [0x00000000fef80000,0x00000000fef90000,0x00000000ff500000)
  to   space 5632K, 0% used [0x00000000fea00000,0x00000000fea00000,0x00000000fef80000)
 ParOldGen       total 31232K, used 12460K [0x00000000d1c00000, 0x00000000d3a80000, 0x00000000f0900000)
  object space 31232K, 39% used [0x00000000d1c00000,0x00000000d282b200,0x00000000d3a80000)
 PSPermGen       total 21504K, used 15249K [0x00000000c7600000, 0x00000000c8b00000, 0x00000000d1c00000)
  object space 21504K, 70% used [0x00000000c7600000,0x00000000c84e4580,0x00000000c8b00000)
}
Event: 54.153 GC heap before
{Heap before GC invocations=15 (full 0):
 PSYoungGen      total 236032K, used 230464K [0x00000000f0900000, 0x00000000fff80000, 0x0000000100000000)
  eden space 230400K, 100% used [0x00000000f0900000,0x00000000fea00000,0x00000000fea00000)
  from space 5632K, 1% used [0x00000000fef80000,0x00000000fef90000,0x00000000ff500000)
  to   space 5632K, 0% used [0x00000000fea00000,0x00000000fea00000,0x00000000fef80000)
 ParOldGen       total 31232K, used 12460K [0x00000000d1c00000, 0x00000000d3a80000, 0x00000000f0900000)
  object space 31232K, 39% used [0x00000000d1c00000,0x00000000d282b200,0x00000000d3a80000)
 PSPermGen       total 21504K, used 15467K [0x00000000c7600000, 0x00000000c8b00000, 0x00000000d1c00000)
  object space 21504K, 71% used [0x00000000c7600000,0x00000000c851ae70,0x00000000c8b00000)
Event: 54.162 GC heap after
Heap after GC invocations=15 (full 0):
 PSYoungGen      total 236032K, used 1991K [0x00000000f0900000, 0x0000000100000000, 0x0000000100000000)
  eden space 230400K, 0% used [0x00000000f0900000,0x00000000f0900000,0x00000000fea00000)
  from space 5632K, 35% used [0x00000000fea00000,0x00000000febf1d10,0x00000000fef80000)
  to   space 5632K, 0% used [0x00000000ffa80000,0x00000000ffa80000,0x0000000100000000)
 ParOldGen       total 31232K, used 12484K [0x00000000d1c00000, 0x00000000d3a80000, 0x00000000f0900000)
  object space 31232K, 39% used [0x00000000d1c00000,0x00000000d2831200,0x00000000d3a80000)
 PSPermGen       total 21504K, used 15467K [0x00000000c7600000, 0x00000000c8b00000, 0x00000000d1c00000)
  object space 21504K, 71% used [0x00000000c7600000,0x00000000c851ae70,0x00000000c8b00000)
}

Deoptimization events (10 events):
Event: 52.400 Thread 0x00007f22cc00b000 Uncommon trap: reason=class_check action=maybe_recompile pc=0x00007f22c916a2b0 method=solver.search.loop.BinarySearchLoop.downBranch()V @ 13
Event: 52.400 Thread 0x00007f22cc00b000 Uncommon trap: reason=class_check action=maybe_recompile pc=0x00007f22c914c544 method=solver.objective.ObjectiveManager.apply(Lsolver/search/strategy/decision/Decision;)V @ 1
Event: 52.402 Thread 0x00007f22cc00b000 Uncommon trap: reason=class_check action=maybe_recompile pc=0x00007f22c91ace00 method=java.util.regex.Pattern$BmpCharProperty.match(Ljava/util/regex/Matcher;ILjava/lang/CharSequence;)Z @ 31
Event: 52.402 Thread 0x00007f22cc00b000 Uncommon trap: reason=class_check action=maybe_recompile pc=0x00007f22c91ace00 method=java.util.regex.Pattern$BmpCharProperty.match(Ljava/util/regex/Matcher;ILjava/lang/CharSequence;)Z @ 31
Event: 52.402 Thread 0x00007f22cc00b000 Uncommon trap: reason=class_check action=maybe_recompile pc=0x00007f22c91ace00 method=java.util.regex.Pattern$BmpCharProperty.match(Ljava/util/regex/Matcher;ILjava/lang/CharSequence;)Z @ 31
Event: 52.402 Thread 0x00007f22cc00b000 Uncommon trap: reason=class_check action=maybe_recompile pc=0x00007f22c91ace00 method=java.util.regex.Pattern$BmpCharProperty.match(Ljava/util/regex/Matcher;ILjava/lang/CharSequence;)Z @ 31
Event: 53.241 Thread 0x00007f22cc00b000 Uncommon trap: reason=unreached action=reinterpret pc=0x00007f22c91412c8 method=memory.trailing.EnvironmentTrailing.getOperationTrail()Lmemory/trailing/trail/IOperationTrail; @ 4
Event: 53.241 Thread 0x00007f22cc00b000 Uncommon trap: reason=class_check action=maybe_recompile pc=0x00007f22c91c5c28 method=solver.search.loop.monitors.SearchMonitorList.beforeOpenNode()V @ 15
Event: 53.992 Thread 0x00007f22cc00b000 Uncommon trap: reason=unreached action=reinterpret pc=0x00007f22c9194d48 method=java.lang.Class.getName()Ljava/lang/String; @ 6
Event: 53.998 Thread 0x00007f22cc00b000 Uncommon trap: reason=class_check action=maybe_recompile pc=0x00007f22c91c5c28 method=solver.search.loop.monitors.SearchMonitorList.beforeOpenNode()V @ 15

Internal exceptions (10 events):
Event: 53.422 Thread 0x00007f22cc2f3800 Threw 0x00000000fce915a0 at /build/buildd/openjdk-7-7u51-2.4.4/build/openjdk/hotspot/src/share/vm/prims/jni.cpp:743
Event: 53.422 Thread 0x00007f22cc2fe800 Threw 0x00000000fcda7dc8 at /build/buildd/openjdk-7-7u51-2.4.4/build/openjdk/hotspot/src/share/vm/prims/jni.cpp:743
Event: 53.423 Thread 0x00007f22cc2f5000 Threw 0x00000000fc7839f0 at /build/buildd/openjdk-7-7u51-2.4.4/build/openjdk/hotspot/src/share/vm/prims/jni.cpp:743
Event: 53.423 Thread 0x00007f22cc2fa800 Threw 0x00000000fcf014f8 at /build/buildd/openjdk-7-7u51-2.4.4/build/openjdk/hotspot/src/share/vm/prims/jni.cpp:743
Event: 53.423 Thread 0x00007f22cc2f2800 Threw 0x00000000fcab2228 at /build/buildd/openjdk-7-7u51-2.4.4/build/openjdk/hotspot/src/share/vm/prims/jni.cpp:743
Event: 53.423 Thread 0x00007f22cc304800 Threw 0x00000000fc9e3410 at /build/buildd/openjdk-7-7u51-2.4.4/build/openjdk/hotspot/src/share/vm/prims/jni.cpp:743
Event: 53.423 Thread 0x00007f22cc2e5000 Threw 0x00000000fd45a990 at /build/buildd/openjdk-7-7u51-2.4.4/build/openjdk/hotspot/src/share/vm/prims/jni.cpp:743
Event: 53.424 Thread 0x00007f22cc2ef000 Threw 0x00000000fcf26e28 at /build/buildd/openjdk-7-7u51-2.4.4/build/openjdk/hotspot/src/share/vm/prims/jni.cpp:743
Event: 53.424 Thread 0x00007f22cc306800 Threw 0x00000000fd062640 at /build/buildd/openjdk-7-7u51-2.4.4/build/openjdk/hotspot/src/share/vm/prims/jni.cpp:743
Event: 53.424 Thread 0x00007f22cc2f8800 Threw 0x00000000fd3f1c38 at /build/buildd/openjdk-7-7u51-2.4.4/build/openjdk/hotspot/src/share/vm/prims/jni.cpp:743

Events (10 events):
Event: 54.169 Executing VM operation: RevokeBias
Event: 54.169 Executing VM operation: RevokeBias done
Event: 54.169 Executing VM operation: RevokeBias
Event: 54.169 Executing VM operation: RevokeBias done
Event: 54.169 Executing VM operation: RevokeBias
Event: 54.170 Executing VM operation: RevokeBias done
Event: 54.170 Executing VM operation: RevokeBias
Event: 54.170 Executing VM operation: RevokeBias done
Event: 54.170 Executing VM operation: BulkRevokeBias
Event: 54.170 Executing VM operation: BulkRevokeBias done


Dynamic libraries:
00400000-00401000 r-xp 00000000 08:01 415609                             /usr/lib/jvm/java-7-openjdk-amd64/jre/bin/java
00600000-00601000 r--p 00000000 08:01 415609                             /usr/lib/jvm/java-7-openjdk-amd64/jre/bin/java
00601000-00602000 rw-p 00001000 08:01 415609                             /usr/lib/jvm/java-7-openjdk-amd64/jre/bin/java
01562000-015a6000 rw-p 00000000 00:00 0                                  [heap]
c7600000-c8b00000 rw-p 00000000 00:00 0 
c8b00000-d1c00000 rw-p 00000000 00:00 0 
d1c00000-d3a80000 rw-p 00000000 00:00 0 
d3a80000-f0900000 rw-p 00000000 00:00 0 
f0900000-100000000 rw-p 00000000 00:00 0 
7f2275ff6000-7f2275ff9000 ---p 00000000 00:00 0 
7f2275ff9000-7f2276ff7000 rw-p 00000000 00:00 0                          [stack:4753]
7f2276ff7000-7f2276ffa000 ---p 00000000 00:00 0 
7f2276ffa000-7f2277ff8000 rw-p 00000000 00:00 0                          [stack:4752]
7f2277ff8000-7f2277ffb000 ---p 00000000 00:00 0 
7f2277ffb000-7f2278ff9000 rw-p 00000000 00:00 0                          [stack:4751]
7f2278ff9000-7f2278ffc000 ---p 00000000 00:00 0 
7f2278ffc000-7f2279ffa000 rw-p 00000000 00:00 0                          [stack:4750]
7f2279ffa000-7f2279ffd000 ---p 00000000 00:00 0 
7f2279ffd000-7f227affb000 rw-p 00000000 00:00 0                          [stack:4749]
7f227affb000-7f227affe000 ---p 00000000 00:00 0 
7f227affe000-7f227bffc000 rw-p 00000000 00:00 0                          [stack:4748]
7f227bffc000-7f227bfff000 ---p 00000000 00:00 0 
7f227bfff000-7f227cffd000 rw-p 00000000 00:00 0                          [stack:4747]
7f227cffd000-7f227d000000 ---p 00000000 00:00 0 
7f227d000000-7f227dffe000 rw-p 00000000 00:00 0                          [stack:4746]
7f227dffe000-7f227e001000 ---p 00000000 00:00 0 
7f227e001000-7f227efff000 rw-p 00000000 00:00 0                          [stack:4745]
7f227efff000-7f227f002000 ---p 00000000 00:00 0 
7f227f002000-7f2280000000 rw-p 00000000 00:00 0                          [stack:4744]
7f2280000000-7f2280255000 rw-p 00000000 00:00 0 
7f2280255000-7f2284000000 ---p 00000000 00:00 0 
7f2284ffd000-7f2285000000 ---p 00000000 00:00 0 
7f2285000000-7f2285ffe000 rw-p 00000000 00:00 0                          [stack:4743]
7f2285ffe000-7f2286001000 ---p 00000000 00:00 0 
7f2286001000-7f2286fff000 rw-p 00000000 00:00 0                          [stack:4742]
7f2286fff000-7f2287002000 ---p 00000000 00:00 0 
7f2287002000-7f2288000000 rw-p 00000000 00:00 0                          [stack:4741]
7f2288000000-7f2288053000 rw-p 00000000 00:00 0 
7f2288053000-7f228c000000 ---p 00000000 00:00 0 
7f228c000000-7f228c273000 rw-p 00000000 00:00 0 
7f228c273000-7f2290000000 ---p 00000000 00:00 0 
7f2290000000-7f2290021000 rw-p 00000000 00:00 0 
7f2290021000-7f2294000000 ---p 00000000 00:00 0 
7f2294ffd000-7f2295000000 ---p 00000000 00:00 0 
7f2295000000-7f2295ffe000 rw-p 00000000 00:00 0                          [stack:4740]
7f2295ffe000-7f2296001000 ---p 00000000 00:00 0 
7f2296001000-7f2296fff000 rw-p 00000000 00:00 0                          [stack:4739]
7f2296fff000-7f2297002000 ---p 00000000 00:00 0 
7f2297002000-7f2298000000 rw-p 00000000 00:00 0 
7f2298000000-7f2298027000 rw-p 00000000 00:00 0 
7f2298027000-7f229c000000 ---p 00000000 00:00 0 
7f229c000000-7f229c06f000 rw-p 00000000 00:00 0 
7f229c06f000-7f22a0000000 ---p 00000000 00:00 0 
7f22a0000000-7f22a0db8000 rw-p 00000000 00:00 0 
7f22a0db8000-7f22a4000000 ---p 00000000 00:00 0 
7f22a4000000-7f22a4781000 rw-p 00000000 00:00 0 
7f22a4781000-7f22a8000000 ---p 00000000 00:00 0 
7f22a803c000-7f22a8110000 r-xp 00000000 08:01 943068                     /usr/local/lib/libsoplex.so
7f22a8110000-7f22a8310000 ---p 000d4000 08:01 943068                     /usr/local/lib/libsoplex.so
7f22a8310000-7f22a8313000 r--p 000d4000 08:01 943068                     /usr/local/lib/libsoplex.so
7f22a8313000-7f22a8315000 rw-p 000d7000 08:01 943068                     /usr/local/lib/libsoplex.so
7f22a8315000-7f22a8321000 r-xp 00000000 08:01 941330                     /usr/local/lib/libprim.so.0.0.0
7f22a8321000-7f22a8520000 ---p 0000c000 08:01 941330                     /usr/local/lib/libprim.so.0.0.0
7f22a8520000-7f22a8521000 r--p 0000b000 08:01 941330                     /usr/local/lib/libprim.so.0.0.0
7f22a8521000-7f22a8522000 rw-p 0000c000 08:01 941330                     /usr/local/lib/libprim.so.0.0.0
7f22a8522000-7f22a8676000 r-xp 00000000 08:01 943104                     /usr/local/lib/libibex.so
7f22a8676000-7f22a8875000 ---p 00154000 08:01 943104                     /usr/local/lib/libibex.so
7f22a8875000-7f22a887d000 r--p 00153000 08:01 943104                     /usr/local/lib/libibex.so
7f22a887d000-7f22a887f000 rw-p 0015b000 08:01 943104                     /usr/local/lib/libibex.so
7f22a887f000-7f22a8880000 rw-p 00000000 00:00 0 
7f22a8880000-7f22a8887000 r-xp 00000000 08:01 943105                     /usr/local/lib/libibex-java.so
7f22a8887000-7f22a8a86000 ---p 00007000 08:01 943105                     /usr/local/lib/libibex-java.so
7f22a8a86000-7f22a8a87000 r--p 00006000 08:01 943105                     /usr/local/lib/libibex-java.so
7f22a8a87000-7f22a8a88000 rw-p 00007000 08:01 943105                     /usr/local/lib/libibex-java.so
7f22a8a88000-7f22a8a98000 r-xp 00000000 08:01 543078                     /usr/lib/jvm/java-7-openjdk-amd64/jre/lib/amd64/libnio.so
7f22a8a98000-7f22a8c97000 ---p 00010000 08:01 543078                     /usr/lib/jvm/java-7-openjdk-amd64/jre/lib/amd64/libnio.so
7f22a8c97000-7f22a8c98000 r--p 0000f000 08:01 543078                     /usr/lib/jvm/java-7-openjdk-amd64/jre/lib/amd64/libnio.so
7f22a8c98000-7f22a8c99000 rw-p 00010000 08:01 543078                     /usr/lib/jvm/java-7-openjdk-amd64/jre/lib/amd64/libnio.so
7f22a8c99000-7f22a8ca0000 r-xp 00000000 08:01 410803                     /lib/x86_64-linux-gnu/libnss_dns-2.15.so
7f22a8ca0000-7f22a8e9f000 ---p 00007000 08:01 410803                     /lib/x86_64-linux-gnu/libnss_dns-2.15.so
7f22a8e9f000-7f22a8ea0000 r--p 00006000 08:01 410803                     /lib/x86_64-linux-gnu/libnss_dns-2.15.so
7f22a8ea0000-7f22a8ea1000 rw-p 00007000 08:01 410803                     /lib/x86_64-linux-gnu/libnss_dns-2.15.so
7f22a8ea1000-7f22a8ea3000 r-xp 00000000 08:01 393271                     /lib/libnss_mdns4_minimal.so.2
7f22a8ea3000-7f22a90a2000 ---p 00002000 08:01 393271                     /lib/libnss_mdns4_minimal.so.2
7f22a90a2000-7f22a90a3000 r--p 00001000 08:01 393271                     /lib/libnss_mdns4_minimal.so.2
7f22a90a3000-7f22a90a4000 rw-p 00002000 08:01 393271                     /lib/libnss_mdns4_minimal.so.2
7f22a90a4000-7f22a910f000 r-xp 00000000 08:01 1079405                    /usr/lib/x86_64-linux-gnu/nss/libfreebl3.so
7f22a910f000-7f22a930e000 ---p 0006b000 08:01 1079405                    /usr/lib/x86_64-linux-gnu/nss/libfreebl3.so
7f22a930e000-7f22a9310000 r--p 0006a000 08:01 1079405                    /usr/lib/x86_64-linux-gnu/nss/libfreebl3.so
7f22a9310000-7f22a9311000 rw-p 0006c000 08:01 1079405                    /usr/lib/x86_64-linux-gnu/nss/libfreebl3.so
7f22a9311000-7f22a9315000 rw-p 00000000 00:00 0 
7f22a9315000-7f22a93b3000 r-xp 00000000 08:01 926524                     /usr/lib/x86_64-linux-gnu/libsqlite3.so.0.8.6
7f22a93b3000-7f22a95b3000 ---p 0009e000 08:01 926524                     /usr/lib/x86_64-linux-gnu/libsqlite3.so.0.8.6
7f22a95b3000-7f22a95b5000 r--p 0009e000 08:01 926524                     /usr/lib/x86_64-linux-gnu/libsqlite3.so.0.8.6
7f22a95b5000-7f22a95b7000 rw-p 000a0000 08:01 926524                     /usr/lib/x86_64-linux-gnu/libsqlite3.so.0.8.6
7f22a95b7000-7f22a95b8000 rw-p 00000000 00:00 0 
7f22a95b8000-7f22a95f0000 r-xp 00000000 08:01 1079403                    /usr/lib/x86_64-linux-gnu/nss/libsoftokn3.so
7f22a95f0000-7f22a97ef000 ---p 00038000 08:01 1079403                    /usr/lib/x86_64-linux-gnu/nss/libsoftokn3.so
7f22a97ef000-7f22a97f1000 r--p 00037000 08:01 1079403                    /usr/lib/x86_64-linux-gnu/nss/libsoftokn3.so
7f22a97f1000-7f22a97f2000 rw-p 00039000 08:01 1079403                    /usr/lib/x86_64-linux-gnu/nss/libsoftokn3.so
7f22a97f2000-7f22a982c000 r-xp 00000000 08:01 942241                     /usr/lib/x86_64-linux-gnu/libnspr4.so
7f22a982c000-7f22a9a2c000 ---p 0003a000 08:01 942241                     /usr/lib/x86_64-linux-gnu/libnspr4.so
7f22a9a2c000-7f22a9a2d000 r--p 0003a000 08:01 942241                     /usr/lib/x86_64-linux-gnu/libnspr4.so
7f22a9a2d000-7f22a9a2f000 rw-p 0003b000 08:01 942241                     /usr/lib/x86_64-linux-gnu/libnspr4.so
7f22a9a2f000-7f22a9a31000 rw-p 00000000 00:00 0 
7f22a9a31000-7f22a9a34000 r-xp 00000000 08:01 942242                     /usr/lib/x86_64-linux-gnu/libplds4.so
7f22a9a34000-7f22a9c33000 ---p 00003000 08:01 942242                     /usr/lib/x86_64-linux-gnu/libplds4.so
7f22a9c33000-7f22a9c34000 r--p 00002000 08:01 942242                     /usr/lib/x86_64-linux-gnu/libplds4.so
7f22a9c34000-7f22a9c35000 rw-p 00003000 08:01 942242                     /usr/lib/x86_64-linux-gnu/libplds4.so
7f22a9c35000-7f22a9c39000 r-xp 00000000 08:01 942240                     /usr/lib/x86_64-linux-gnu/libplc4.so
7f22a9c39000-7f22a9e38000 ---p 00004000 08:01 942240                     /usr/lib/x86_64-linux-gnu/libplc4.so
7f22a9e38000-7f22a9e39000 r--p 00003000 08:01 942240                     /usr/lib/x86_64-linux-gnu/libplc4.so
7f22a9e39000-7f22a9e3a000 rw-p 00004000 08:01 942240                     /usr/lib/x86_64-linux-gnu/libplc4.so
7f22a9e3a000-7f22a9e5b000 r-xp 00000000 08:01 921274                     /usr/lib/x86_64-linux-gnu/libnssutil3.so
7f22a9e5b000-7f22aa05a000 ---p 00021000 08:01 921274                     /usr/lib/x86_64-linux-gnu/libnssutil3.so
7f22aa05a000-7f22aa060000 r--p 00020000 08:01 921274                     /usr/lib/x86_64-linux-gnu/libnssutil3.so
7f22aa060000-7f22aa061000 rw-p 00026000 08:01 921274                     /usr/lib/x86_64-linux-gnu/libnssutil3.so
7f22aa061000-7f22aa161000 r-xp 00000000 08:01 921275                     /usr/lib/x86_64-linux-gnu/libnss3.so
7f22aa161000-7f22aa361000 ---p 00100000 08:01 921275                     /usr/lib/x86_64-linux-gnu/libnss3.so
7f22aa361000-7f22aa366000 r--p 00100000 08:01 921275                     /usr/lib/x86_64-linux-gnu/libnss3.so
7f22aa366000-7f22aa369000 rw-p 00105000 08:01 921275                     /usr/lib/x86_64-linux-gnu/libnss3.so
7f22aa369000-7f22aa36a000 rw-p 00000000 00:00 0 
7f22aa36a000-7f22aa37a000 r-xp 00000000 08:01 543083                     /usr/lib/jvm/java-7-openjdk-amd64/jre/lib/amd64/libj2pkcs11.so
7f22aa37a000-7f22aa579000 ---p 00010000 08:01 543083                     /usr/lib/jvm/java-7-openjdk-amd64/jre/lib/amd64/libj2pkcs11.so
7f22aa579000-7f22aa57a000 r--p 0000f000 08:01 543083                     /usr/lib/jvm/java-7-openjdk-amd64/jre/lib/amd64/libj2pkcs11.so
7f22aa57a000-7f22aa57b000 rw-p 00010000 08:01 543083                     /usr/lib/jvm/java-7-openjdk-amd64/jre/lib/amd64/libj2pkcs11.so
7f22aa57b000-7f22aa5b7000 r-xp 00000000 08:01 397433                     /lib/x86_64-linux-gnu/libpcre.so.3.12.1
7f22aa5b7000-7f22aa7b6000 ---p 0003c000 08:01 397433                     /lib/x86_64-linux-gnu/libpcre.so.3.12.1
7f22aa7b6000-7f22aa7b7000 r--p 0003b000 08:01 397433                     /lib/x86_64-linux-gnu/libpcre.so.3.12.1
7f22aa7b7000-7f22aa7b8000 rw-p 0003c000 08:01 397433                     /lib/x86_64-linux-gnu/libpcre.so.3.12.1
7f22aa7b8000-7f22aa7bf000 r-xp 00000000 08:01 926184                     /usr/lib/x86_64-linux-gnu/libffi.so.6.0.0
7f22aa7bf000-7f22aa9be000 ---p 00007000 08:01 926184                     /usr/lib/x86_64-linux-gnu/libffi.so.6.0.0
7f22aa9be000-7f22aa9bf000 r--p 00006000 08:01 926184                     /usr/lib/x86_64-linux-gnu/libffi.so.6.0.0
7f22aa9bf000-7f22aa9c0000 rw-p 00007000 08:01 926184                     /usr/lib/x86_64-linux-gnu/libffi.so.6.0.0
7f22aa9c0000-7f22aa9d8000 r-xp 00000000 08:01 410790                     /lib/x86_64-linux-gnu/libresolv-2.15.so
7f22aa9d8000-7f22aabd8000 ---p 00018000 08:01 410790                     /lib/x86_64-linux-gnu/libresolv-2.15.so
7f22aabd8000-7f22aabd9000 r--p 00018000 08:01 410790                     /lib/x86_64-linux-gnu/libresolv-2.15.so
7f22aabd9000-7f22aabda000 rw-p 00019000 08:01 410790                     /lib/x86_64-linux-gnu/libresolv-2.15.so
7f22aabda000-7f22aabdc000 rw-p 00000000 00:00 0 
7f22aabdc000-7f22aabf9000 r-xp 00000000 08:01 397448                     /lib/x86_64-linux-gnu/libselinux.so.1
7f22aabf9000-7f22aadf8000 ---p 0001d000 08:01 397448                     /lib/x86_64-linux-gnu/libselinux.so.1
7f22aadf8000-7f22aadf9000 r--p 0001c000 08:01 397448                     /lib/x86_64-linux-gnu/libselinux.so.1
7f22aadf9000-7f22aadfa000 rw-p 0001d000 08:01 397448                     /lib/x86_64-linux-gnu/libselinux.so.1
7f22aadfa000-7f22aadfb000 rw-p 00000000 00:00 0 
7f22aadfb000-7f22aadfe000 r-xp 00000000 08:01 917882                     /usr/lib/x86_64-linux-gnu/libgmodule-2.0.so.0.3200.4
7f22aadfe000-7f22aaffd000 ---p 00003000 08:01 917882                     /usr/lib/x86_64-linux-gnu/libgmodule-2.0.so.0.3200.4
7f22aaffd000-7f22aaffe000 r--p 00002000 08:01 917882                     /usr/lib/x86_64-linux-gnu/libgmodule-2.0.so.0.3200.4
7f22aaffe000-7f22aafff000 rw-p 00003000 08:01 917882                     /usr/lib/x86_64-linux-gnu/libgmodule-2.0.so.0.3200.4
7f22aafff000-7f22ab002000 ---p 00000000 00:00 0 
7f22ab002000-7f22ac000000 rw-p 00000000 00:00 0                          [stack:4735]
7f22ac000000-7f22ac021000 rw-p 00000000 00:00 0 
7f22ac021000-7f22b0000000 ---p 00000000 00:00 0 
7f22b0000000-7f22b002b000 rw-p 00000000 00:00 0 
7f22b002b000-7f22b4000000 ---p 00000000 00:00 0 
7f22b4000000-7f22b40b0000 rw-p 00000000 00:00 0 
7f22b40b0000-7f22b8000000 ---p 00000000 00:00 0 
7f22b8087000-7f22b8179000 r-xp 00000000 08:01 408312                     /lib/x86_64-linux-gnu/libglib-2.0.so.0.3200.4
7f22b8179000-7f22b8379000 ---p 000f2000 08:01 408312                     /lib/x86_64-linux-gnu/libglib-2.0.so.0.3200.4
7f22b8379000-7f22b837a000 r--p 000f2000 08:01 408312                     /lib/x86_64-linux-gnu/libglib-2.0.so.0.3200.4
7f22b837a000-7f22b837b000 rw-p 000f3000 08:01 408312                     /lib/x86_64-linux-gnu/libglib-2.0.so.0.3200.4
7f22b837b000-7f22b837c000 rw-p 00000000 00:00 0 
7f22b837c000-7f22b83c9000 r-xp 00000000 08:01 919206                     /usr/lib/x86_64-linux-gnu/libgobject-2.0.so.0.3200.4
7f22b83c9000-7f22b85c9000 ---p 0004d000 08:01 919206                     /usr/lib/x86_64-linux-gnu/libgobject-2.0.so.0.3200.4
7f22b85c9000-7f22b85ca000 r--p 0004d000 08:01 919206                     /usr/lib/x86_64-linux-gnu/libgobject-2.0.so.0.3200.4
7f22b85ca000-7f22b85cb000 rw-p 0004e000 08:01 919206                     /usr/lib/x86_64-linux-gnu/libgobject-2.0.so.0.3200.4
7f22b85cb000-7f22b8713000 r-xp 00000000 08:01 919205                     /usr/lib/x86_64-linux-gnu/libgio-2.0.so.0.3200.4
7f22b8713000-7f22b8912000 ---p 00148000 08:01 919205                     /usr/lib/x86_64-linux-gnu/libgio-2.0.so.0.3200.4
7f22b8912000-7f22b8916000 r--p 00147000 08:01 919205                     /usr/lib/x86_64-linux-gnu/libgio-2.0.so.0.3200.4
7f22b8916000-7f22b8918000 rw-p 0014b000 08:01 919205                     /usr/lib/x86_64-linux-gnu/libgio-2.0.so.0.3200.4
7f22b8918000-7f22b891a000 rw-p 00000000 00:00 0 
7f22b891a000-7f22b891d000 ---p 00000000 00:00 0 
7f22b891d000-7f22b991b000 rw-p 00000000 00:00 0                          [stack:4732]
7f22b991b000-7f22b9ffe000 r--p 00000000 08:01 924466                     /usr/lib/locale/locale-archive
7f22b9ffe000-7f22ba001000 ---p 00000000 00:00 0 
7f22ba001000-7f22bafff000 rw-p 00000000 00:00 0                          [stack:4730]
7f22bafff000-7f22bb002000 ---p 00000000 00:00 0 
7f22bb002000-7f22bc000000 rw-p 00000000 00:00 0                          [stack:4729]
7f22bc000000-7f22bc021000 rw-p 00000000 00:00 0 
7f22bc021000-7f22c0000000 ---p 00000000 00:00 0 
7f22c0000000-7f22c0021000 rw-p 00000000 00:00 0 
7f22c0021000-7f22c4000000 ---p 00000000 00:00 0 
7f22c4000000-7f22c4021000 rw-p 00000000 00:00 0 
7f22c4021000-7f22c8000000 ---p 00000000 00:00 0 
7f22c8011000-7f22c8042000 rw-p 00000000 00:00 0 
7f22c804a000-7f22c8054000 r--s 000b8000 08:01 543019                     /usr/lib/jvm/java-7-openjdk-amd64/jre/lib/resources.jar
7f22c8054000-7f22c806a000 r-xp 00000000 08:01 543070                     /usr/lib/jvm/java-7-openjdk-amd64/jre/lib/amd64/libnet.so
7f22c806a000-7f22c826a000 ---p 00016000 08:01 543070                     /usr/lib/jvm/java-7-openjdk-amd64/jre/lib/amd64/libnet.so
7f22c826a000-7f22c826b000 r--p 00016000 08:01 543070                     /usr/lib/jvm/java-7-openjdk-amd64/jre/lib/amd64/libnet.so
7f22c826b000-7f22c826c000 rw-p 00017000 08:01 543070                     /usr/lib/jvm/java-7-openjdk-amd64/jre/lib/amd64/libnet.so
7f22c826c000-7f22c826f000 r--s 00013000 08:01 1079103                    /home/galic1987/.m2/repository/net/sf/ezmorph/ezmorph/1.0.6/ezmorph-1.0.6.jar
7f22c826f000-7f22c8272000 r--s 00017000 08:01 541426                     /usr/lib/jvm/java-7-openjdk-amd64/jre/lib/jce.jar
7f22c8272000-7f22c8277000 r--s 0004c000 08:01 543037                     /usr/lib/jvm/java-7-openjdk-amd64/jre/lib/jsse.jar
7f22c8277000-7f22c827c000 r--s 00040000 08:01 1079101                    /home/galic1987/.m2/repository/commons-lang/commons-lang/2.5/commons-lang-2.5.jar
7f22c827c000-7f22c828a000 r--s 0007f000 08:01 1079100                    /home/galic1987/.m2/repository/commons-collections/commons-collections/3.2.1/commons-collections-3.2.1.jar
7f22c828a000-7f22c828f000 r--s 00034000 08:01 1079099                    /home/galic1987/.m2/repository/commons-beanutils/commons-beanutils/1.8.0/commons-beanutils-1.8.0.jar
7f22c828f000-7f22c8292000 r--s 00024000 08:01 1079098                    /home/galic1987/.m2/repository/net/sf/json-lib/json-lib/2.4/json-lib-2.4-jdk15.jar
7f22c8292000-7f22c8298000 r--s 00033000 08:01 1079097                    /home/galic1987/.m2/repository/commons-codec/commons-codec/1.6/commons-codec-1.6.jar
7f22c8298000-7f22c829e000 r--s 0003f000 08:01 802017                     /home/galic1987/.m2/repository/org/apache/httpcomponents/httpcore/4.3.1/httpcore-4.3.1.jar
7f22c829e000-7f22c82aa000 r--s 00084000 08:01 802015                     /home/galic1987/.m2/repository/org/apache/httpcomponents/httpclient/4.3.2/httpclient-4.3.2.jar
7f22c82aa000-7f22c82d2000 r--s 00241000 08:01 1079091                    /home/galic1987/.m2/repository/net/sf/trove4j/trove4j/3.0.3/trove4j-3.0.3.jar
7f22c82d2000-7f22c82d3000 ---p 00000000 00:00 0 
7f22c82d3000-7f22c83d3000 rw-p 00000000 00:00 0                          [stack:4736]
7f22c83d3000-7f22c83d6000 ---p 00000000 00:00 0 
7f22c83d6000-7f22c84d4000 rw-p 00000000 00:00 0                          [stack:4734]
7f22c84d4000-7f22c84d7000 ---p 00000000 00:00 0 
7f22c84d7000-7f22c85d5000 rw-p 00000000 00:00 0                          [stack:4733]
7f22c85d5000-7f22c85d6000 ---p 00000000 00:00 0 
7f22c85d6000-7f22c9000000 rw-p 00000000 00:00 0                          [stack:4728]
7f22c9000000-7f22c9270000 rwxp 00000000 00:00 0 
7f22c9270000-7f22cc42b000 rw-p 00000000 00:00 0 
7f22cc42b000-7f22d0000000 ---p 00000000 00:00 0 
7f22d0002000-7f22d0008000 r--s 00035000 08:01 1079094                    /home/galic1987/.m2/repository/ch/qos/logback/logback-classic/0.9.24/logback-classic-0.9.24.jar
7f22d0008000-7f22d0010000 r--s 00042000 08:01 1079093                    /home/galic1987/.m2/repository/ch/qos/logback/logback-core/0.9.24/logback-core-0.9.24.jar
7f22d0010000-7f22d009a000 rw-p 00000000 00:00 0 
7f22d009a000-7f22d0248000 r--s 01cf4000 08:01 541401                     /usr/lib/jvm/java-7-openjdk-amd64/jre/lib/rt.jar
7f22d0248000-7f22d2156000 rw-p 00000000 00:00 0 
7f22d2156000-7f22d2157000 ---p 00000000 00:00 0 
7f22d2157000-7f22d2257000 rw-p 00000000 00:00 0                          [stack:4727]
7f22d2257000-7f22d2258000 ---p 00000000 00:00 0 
7f22d2258000-7f22d2363000 rw-p 00000000 00:00 0                          [stack:4726]
7f22d2363000-7f22d23ab000 rw-p 00000000 00:00 0 
7f22d23ab000-7f22d23b6000 rw-p 00000000 00:00 0 
7f22d23b6000-7f22d23fe000 rw-p 00000000 00:00 0 
7f22d23fe000-7f22d240e000 rw-p 00000000 00:00 0 
7f22d240e000-7f22d24f4000 rw-p 00000000 00:00 0 
7f22d24f4000-7f22d2570000 rw-p 00000000 00:00 0 
7f22d2570000-7f22d2571000 rw-p 00000000 00:00 0 
7f22d2571000-7f22d2579000 r-xp 00000000 08:01 543065                     /usr/lib/jvm/java-7-openjdk-amd64/jre/lib/amd64/libzip.so
7f22d2579000-7f22d2778000 ---p 00008000 08:01 543065                     /usr/lib/jvm/java-7-openjdk-amd64/jre/lib/amd64/libzip.so
7f22d2778000-7f22d2779000 r--p 00007000 08:01 543065                     /usr/lib/jvm/java-7-openjdk-amd64/jre/lib/amd64/libzip.so
7f22d2779000-7f22d277a000 rw-p 00008000 08:01 543065                     /usr/lib/jvm/java-7-openjdk-amd64/jre/lib/amd64/libzip.so
7f22d277a000-7f22d2786000 r-xp 00000000 08:01 410750                     /lib/x86_64-linux-gnu/libnss_files-2.15.so
7f22d2786000-7f22d2985000 ---p 0000c000 08:01 410750                     /lib/x86_64-linux-gnu/libnss_files-2.15.so
7f22d2985000-7f22d2986000 r--p 0000b000 08:01 410750                     /lib/x86_64-linux-gnu/libnss_files-2.15.so
7f22d2986000-7f22d2987000 rw-p 0000c000 08:01 410750                     /lib/x86_64-linux-gnu/libnss_files-2.15.so
7f22d2987000-7f22d2991000 r-xp 00000000 08:01 410861                     /lib/x86_64-linux-gnu/libnss_nis-2.15.so
7f22d2991000-7f22d2b91000 ---p 0000a000 08:01 410861                     /lib/x86_64-linux-gnu/libnss_nis-2.15.so
7f22d2b91000-7f22d2b92000 r--p 0000a000 08:01 410861                     /lib/x86_64-linux-gnu/libnss_nis-2.15.so
7f22d2b92000-7f22d2b93000 rw-p 0000b000 08:01 410861                     /lib/x86_64-linux-gnu/libnss_nis-2.15.so
7f22d2b93000-7f22d2baa000 r-xp 00000000 08:01 412496                     /lib/x86_64-linux-gnu/libnsl-2.15.so
7f22d2baa000-7f22d2da9000 ---p 00017000 08:01 412496                     /lib/x86_64-linux-gnu/libnsl-2.15.so
7f22d2da9000-7f22d2daa000 r--p 00016000 08:01 412496                     /lib/x86_64-linux-gnu/libnsl-2.15.so
7f22d2daa000-7f22d2dab000 rw-p 00017000 08:01 412496                     /lib/x86_64-linux-gnu/libnsl-2.15.so
7f22d2dab000-7f22d2dad000 rw-p 00000000 00:00 0 
7f22d2dad000-7f22d2db5000 r-xp 00000000 08:01 410722                     /lib/x86_64-linux-gnu/libnss_compat-2.15.so
7f22d2db5000-7f22d2fb4000 ---p 00008000 08:01 410722                     /lib/x86_64-linux-gnu/libnss_compat-2.15.so
7f22d2fb4000-7f22d2fb5000 r--p 00007000 08:01 410722                     /lib/x86_64-linux-gnu/libnss_compat-2.15.so
7f22d2fb5000-7f22d2fb6000 rw-p 00008000 08:01 410722                     /lib/x86_64-linux-gnu/libnss_compat-2.15.so
7f22d2fb6000-7f22d2fdf000 r-xp 00000000 08:01 543061                     /usr/lib/jvm/java-7-openjdk-amd64/jre/lib/amd64/libjava.so
7f22d2fdf000-7f22d31de000 ---p 00029000 08:01 543061                     /usr/lib/jvm/java-7-openjdk-amd64/jre/lib/amd64/libjava.so
7f22d31de000-7f22d31df000 r--p 00028000 08:01 543061                     /usr/lib/jvm/java-7-openjdk-amd64/jre/lib/amd64/libjava.so
7f22d31df000-7f22d31e1000 rw-p 00029000 08:01 543061                     /usr/lib/jvm/java-7-openjdk-amd64/jre/lib/amd64/libjava.so
7f22d31e1000-7f22d31ef000 r-xp 00000000 08:01 543092                     /usr/lib/jvm/java-7-openjdk-amd64/jre/lib/amd64/libverify.so
7f22d31ef000-7f22d33ee000 ---p 0000e000 08:01 543092                     /usr/lib/jvm/java-7-openjdk-amd64/jre/lib/amd64/libverify.so
7f22d33ee000-7f22d33f0000 r--p 0000d000 08:01 543092                     /usr/lib/jvm/java-7-openjdk-amd64/jre/lib/amd64/libverify.so
7f22d33f0000-7f22d33f1000 rw-p 0000f000 08:01 543092                     /usr/lib/jvm/java-7-openjdk-amd64/jre/lib/amd64/libverify.so
7f22d33f1000-7f22d33f8000 r-xp 00000000 08:01 410819                     /lib/x86_64-linux-gnu/librt-2.15.so
7f22d33f8000-7f22d35f7000 ---p 00007000 08:01 410819                     /lib/x86_64-linux-gnu/librt-2.15.so
7f22d35f7000-7f22d35f8000 r--p 00006000 08:01 410819                     /lib/x86_64-linux-gnu/librt-2.15.so
7f22d35f8000-7f22d35f9000 rw-p 00007000 08:01 410819                     /lib/x86_64-linux-gnu/librt-2.15.so
7f22d35f9000-7f22d35fc000 ---p 00000000 00:00 0 
7f22d35fc000-7f22d45fa000 rw-p 00000000 00:00 0                          [stack:4725]
7f22d45fa000-7f22d460f000 r-xp 00000000 08:01 397381                     /lib/x86_64-linux-gnu/libgcc_s.so.1
7f22d460f000-7f22d480e000 ---p 00015000 08:01 397381                     /lib/x86_64-linux-gnu/libgcc_s.so.1
7f22d480e000-7f22d480f000 r--p 00014000 08:01 397381                     /lib/x86_64-linux-gnu/libgcc_s.so.1
7f22d480f000-7f22d4810000 rw-p 00015000 08:01 397381                     /lib/x86_64-linux-gnu/libgcc_s.so.1
7f22d4810000-7f22d490b000 r-xp 00000000 08:01 412487                     /lib/x86_64-linux-gnu/libm-2.15.so
7f22d490b000-7f22d4b0a000 ---p 000fb000 08:01 412487                     /lib/x86_64-linux-gnu/libm-2.15.so
7f22d4b0a000-7f22d4b0b000 r--p 000fa000 08:01 412487                     /lib/x86_64-linux-gnu/libm-2.15.so
7f22d4b0b000-7f22d4b0c000 rw-p 000fb000 08:01 412487                     /lib/x86_64-linux-gnu/libm-2.15.so
7f22d4b0c000-7f22d4bee000 r-xp 00000000 08:01 926534                     /usr/lib/x86_64-linux-gnu/libstdc++.so.6.0.16
7f22d4bee000-7f22d4ded000 ---p 000e2000 08:01 926534                     /usr/lib/x86_64-linux-gnu/libstdc++.so.6.0.16
7f22d4ded000-7f22d4df5000 r--p 000e1000 08:01 926534                     /usr/lib/x86_64-linux-gnu/libstdc++.so.6.0.16
7f22d4df5000-7f22d4df7000 rw-p 000e9000 08:01 926534                     /usr/lib/x86_64-linux-gnu/libstdc++.so.6.0.16
7f22d4df7000-7f22d4e0c000 rw-p 00000000 00:00 0 
7f22d4e0c000-7f22d58c7000 r-xp 00000000 08:01 543075                     /usr/lib/jvm/java-7-openjdk-amd64/jre/lib/amd64/server/libjvm.so
7f22d58c7000-7f22d5ac7000 ---p 00abb000 08:01 543075                     /usr/lib/jvm/java-7-openjdk-amd64/jre/lib/amd64/server/libjvm.so
7f22d5ac7000-7f22d5b5f000 r--p 00abb000 08:01 543075                     /usr/lib/jvm/java-7-openjdk-amd64/jre/lib/amd64/server/libjvm.so
7f22d5b5f000-7f22d5b82000 rw-p 00b53000 08:01 543075                     /usr/lib/jvm/java-7-openjdk-amd64/jre/lib/amd64/server/libjvm.so
7f22d5b82000-7f22d5baf000 rw-p 00000000 00:00 0 
7f22d5baf000-7f22d5bc5000 r-xp 00000000 08:01 397471                     /lib/x86_64-linux-gnu/libz.so.1.2.3.4
7f22d5bc5000-7f22d5dc4000 ---p 00016000 08:01 397471                     /lib/x86_64-linux-gnu/libz.so.1.2.3.4
7f22d5dc4000-7f22d5dc5000 r--p 00015000 08:01 397471                     /lib/x86_64-linux-gnu/libz.so.1.2.3.4
7f22d5dc5000-7f22d5dc6000 rw-p 00016000 08:01 397471                     /lib/x86_64-linux-gnu/libz.so.1.2.3.4
7f22d5dc6000-7f22d5dde000 r-xp 00000000 08:01 412485                     /lib/x86_64-linux-gnu/libpthread-2.15.so
7f22d5dde000-7f22d5fdd000 ---p 00018000 08:01 412485                     /lib/x86_64-linux-gnu/libpthread-2.15.so
7f22d5fdd000-7f22d5fde000 r--p 00017000 08:01 412485                     /lib/x86_64-linux-gnu/libpthread-2.15.so
7f22d5fde000-7f22d5fdf000 rw-p 00018000 08:01 412485                     /lib/x86_64-linux-gnu/libpthread-2.15.so
7f22d5fdf000-7f22d5fe3000 rw-p 00000000 00:00 0 
7f22d5fe3000-7f22d5fe5000 r-xp 00000000 08:01 412491                     /lib/x86_64-linux-gnu/libdl-2.15.so
7f22d5fe5000-7f22d61e5000 ---p 00002000 08:01 412491                     /lib/x86_64-linux-gnu/libdl-2.15.so
7f22d61e5000-7f22d61e6000 r--p 00002000 08:01 412491                     /lib/x86_64-linux-gnu/libdl-2.15.so
7f22d61e6000-7f22d61e7000 rw-p 00003000 08:01 412491                     /lib/x86_64-linux-gnu/libdl-2.15.so
7f22d61e7000-7f22d639c000 r-xp 00000000 08:01 410671                     /lib/x86_64-linux-gnu/libc-2.15.so
7f22d639c000-7f22d659c000 ---p 001b5000 08:01 410671                     /lib/x86_64-linux-gnu/libc-2.15.so
7f22d659c000-7f22d65a0000 r--p 001b5000 08:01 410671                     /lib/x86_64-linux-gnu/libc-2.15.so
7f22d65a0000-7f22d65a2000 rw-p 001b9000 08:01 410671                     /lib/x86_64-linux-gnu/libc-2.15.so
7f22d65a2000-7f22d65a7000 rw-p 00000000 00:00 0 
7f22d65a7000-7f22d65b4000 r-xp 00000000 08:01 543085                     /usr/lib/jvm/java-7-openjdk-amd64/jre/lib/amd64/jli/libjli.so
7f22d65b4000-7f22d67b3000 ---p 0000d000 08:01 543085                     /usr/lib/jvm/java-7-openjdk-amd64/jre/lib/amd64/jli/libjli.so
7f22d67b3000-7f22d67b4000 r--p 0000c000 08:01 543085                     /usr/lib/jvm/java-7-openjdk-amd64/jre/lib/amd64/jli/libjli.so
7f22d67b4000-7f22d67b5000 rw-p 0000d000 08:01 543085                     /usr/lib/jvm/java-7-openjdk-amd64/jre/lib/amd64/jli/libjli.so
7f22d67b5000-7f22d67d7000 r-xp 00000000 08:01 412488                     /lib/x86_64-linux-gnu/ld-2.15.so
7f22d67d7000-7f22d67d8000 r--s 00002000 08:01 1079096                    /home/galic1987/.m2/repository/de/taimos/httputils/1.2.0/httputils-1.2.0.jar
7f22d67d8000-7f22d67da000 r--s 0000e000 08:01 312146                     /home/galic1987/.m2/repository/commons-logging/commons-logging/1.1.3/commons-logging-1.1.3.jar
7f22d67da000-7f22d67dc000 r--s 0000a000 08:01 1079095                    /home/galic1987/.m2/repository/args4j/args4j/2.0.12/args4j-2.0.12.jar
7f22d67dc000-7f22d67de000 r--s 00005000 08:01 1079092                    /home/galic1987/.m2/repository/org/slf4j/slf4j-api/1.6.1/slf4j-api-1.6.1.jar
7f22d67de000-7f22d67df000 r--s 00001000 08:01 1079073                    /home/galic1987/.m2/repository/choco/PropAnn/1.0/PropAnn-1.0.jar
7f22d67df000-7f22d67e7000 r--s 00032000 08:01 1079072                    /home/galic1987/.m2/repository/jgrapht/jgrapht/0.8.1/jgrapht-0.8.1.jar
7f22d67e7000-7f22d67eb000 r--s 00026000 08:01 1079071                    /home/galic1987/.m2/repository/dk/brics/automaton/1.11-2/automaton-1.11-2.jar
7f22d67eb000-7f22d67ec000 r--s 00000000 08:01 943243                     /usr/local/share/java/solver.constraints.real.jar
7f22d67ec000-7f22d67ee000 r--s 00012000 08:01 542548                     /usr/lib/jvm/java-7-openjdk-amd64/jre/lib/ext/zipfs.jar
7f22d67ee000-7f22d67f2000 r--s 00085000 08:01 543011                     /usr/lib/jvm/java-7-openjdk-amd64/jre/lib/ext/localedata.jar
7f22d67f2000-7f22d67f3000 r--s 00007000 08:01 1077429                    /usr/share/java/java-atk-wrapper.jar
7f22d67f3000-7f22d67f5000 r--s 0000f000 08:01 541428                     /usr/lib/jvm/java-7-openjdk-amd64/jre/lib/ext/pulse-java.jar
7f22d67f5000-7f22d6817000 rw-p 00000000 00:00 0 
7f22d6817000-7f22d68fe000 rw-p 00000000 00:00 0 
7f22d68fe000-7f22d6908000 rw-p 00000000 00:00 0 
7f22d6908000-7f22d69be000 rw-p 00000000 00:00 0 
7f22d69be000-7f22d69c3000 rw-p 00000000 00:00 0 
7f22d69c3000-7f22d69c6000 r--s 00032000 08:01 543009                     /usr/lib/jvm/java-7-openjdk-amd64/jre/lib/ext/sunjce_provider.jar
7f22d69c6000-7f22d69c7000 r--s 00002000 08:01 543015                     /usr/lib/jvm/java-7-openjdk-amd64/jre/lib/ext/dnsns.jar
7f22d69c7000-7f22d69cb000 r--s 0003b000 08:01 543013                     /usr/lib/jvm/java-7-openjdk-amd64/jre/lib/ext/sunpkcs11.jar
7f22d69cb000-7f22d69d3000 rw-s 00000000 08:01 413206                     /tmp/hsperfdata_galic1987/4719
7f22d69d3000-7f22d69d4000 rw-p 00000000 00:00 0 
7f22d69d4000-7f22d69d5000 r--p 00000000 00:00 0 
7f22d69d5000-7f22d69d7000 rw-p 00000000 00:00 0 
7f22d69d7000-7f22d69d8000 r--p 00022000 08:01 412488                     /lib/x86_64-linux-gnu/ld-2.15.so
7f22d69d8000-7f22d69da000 rw-p 00023000 08:01 412488                     /lib/x86_64-linux-gnu/ld-2.15.so
7fff34186000-7fff341a7000 rw-p 00000000 00:00 0                          [stack]
7fff341fe000-7fff34200000 r-xp 00000000 00:00 0                          [vdso]
ffffffffff600000-ffffffffff601000 r-xp 00000000 00:00 0                  [vsyscall]

VM Arguments:
jvm_args: -Xss16M -Djava.library.path=/usr/local/lib -Dfile.encoding=UTF-8 
java_command: test_choco.BTC_e
Launcher Type: SUN_STANDARD

Environment Variables:
JAVA_HOME=/usr/lib/jvm/java-7-openjdk-amd64/
PATH=/usr/lib/lightdm/lightdm:/usr/local/sbin:/usr/local/bin:/usr/sbin:/usr/bin:/sbin:/bin:/usr/games
SHELL=/bin/bash
DISPLAY=:0.0

Signal Handlers:
SIGSEGV: [libjvm.so+0x8f6d70], sa_mask[0]=0x7ffbfeff, sa_flags=0x10000004
SIGBUS: [libjvm.so+0x8f6d70], sa_mask[0]=0x7ffbfeff, sa_flags=0x10000004
SIGFPE: [libjvm.so+0x77aeb0], sa_mask[0]=0x7ffbfeff, sa_flags=0x10000004
SIGPIPE: SIG_IGN, sa_mask[0]=0x00000000, sa_flags=0x00000000
SIGXFSZ: [libjvm.so+0x77aeb0], sa_mask[0]=0x7ffbfeff, sa_flags=0x10000004
SIGILL: [libjvm.so+0x77aeb0], sa_mask[0]=0x7ffbfeff, sa_flags=0x10000004
SIGUSR1: SIG_DFL, sa_mask[0]=0x00000000, sa_flags=0x00000000
SIGUSR2: [libjvm.so+0x77b130], sa_mask[0]=0x00000004, sa_flags=0x10000004
SIGHUP: [libjvm.so+0x77b2a0], sa_mask[0]=0x7ffbfeff, sa_flags=0x10000004
SIGINT: [libjvm.so+0x77b2a0], sa_mask[0]=0x7ffbfeff, sa_flags=0x10000004
SIGTERM: [libjvm.so+0x77b2a0], sa_mask[0]=0x7ffbfeff, sa_flags=0x10000004
SIGQUIT: [libjvm.so+0x77b2a0], sa_mask[0]=0x7ffbfeff, sa_flags=0x10000004


---------------  S Y S T E M  ---------------

OS:Ubuntu 12.04 (precise)
uname:Linux 3.8.0-35-generic #52~precise1-Ubuntu SMP Thu Jan 30 17:24:40 UTC 2014 x86_64
libc:glibc 2.15 NPTL 2.15 
rlimit: STACK 8192k, CORE 0k, NPROC 23499, NOFILE 4096, AS infinity
load average:0.76 0.44 0.37

/proc/meminfo:
MemTotal:        3026824 kB
MemFree:          104136 kB
Buffers:          115772 kB
Cached:          1513064 kB
SwapCached:            0 kB
Active:          1291440 kB
Inactive:        1436932 kB
Active(anon):     880252 kB
Inactive(anon):   221056 kB
Active(file):     411188 kB
Inactive(file):  1215876 kB
Unevictable:           0 kB
Mlocked:               0 kB
SwapTotal:       1046524 kB
SwapFree:        1046524 kB
Dirty:                64 kB
Writeback:             0 kB
AnonPages:       1099676 kB
Mapped:           100376 kB
Shmem:              1624 kB
Slab:             106064 kB
SReclaimable:      80964 kB
SUnreclaim:        25100 kB
KernelStack:        3832 kB
PageTables:        23536 kB
NFS_Unstable:          0 kB
Bounce:                0 kB
WritebackTmp:          0 kB
CommitLimit:     2559936 kB
Committed_AS:    3064436 kB
VmallocTotal:   34359738367 kB
VmallocUsed:      167552 kB
VmallocChunk:   34359563032 kB
HardwareCorrupted:     0 kB
AnonHugePages:         0 kB
HugePages_Total:       0
HugePages_Free:        0
HugePages_Rsvd:        0
HugePages_Surp:        0
Hugepagesize:       2048 kB
DirectMap4k:       57344 kB
DirectMap2M:     3039232 kB


CPU:total 2 (1 cores per cpu, 1 threads per core) family 6 model 23 stepping 10, cmov, cx8, fxsr, mmx, sse, sse2, sse3, ssse3, sse4.1, tsc, tscinvbit

/proc/cpuinfo:
processor	: 0
vendor_id	: GenuineIntel
cpu family	: 6
model		: 23
model name	: Intel(R) Core(TM)2 Duo CPU     P8600  @ 2.40GHz
stepping	: 10
microcode	: 0xa0b
cpu MHz		: 2389.957
cache size	: 3072 KB
fpu		: yes
fpu_exception	: yes
cpuid level	: 13
wp		: yes
flags		: fpu vme de pse tsc msr pae mce cx8 apic sep mtrr pge mca cmov pat pse36 clflush dts mmx fxsr sse sse2 ss syscall nx lm constant_tsc arch_perfmon pebs bts nopl xtopology tsc_reliable nonstop_tsc aperfmperf pni ssse3 cx16 sse4_1 x2apic xsave hypervisor lahf_lm dtherm
bogomips	: 4779.91
clflush size	: 64
cache_alignment	: 64
address sizes	: 40 bits physical, 48 bits virtual
power management:

processor	: 1
vendor_id	: GenuineIntel
cpu family	: 6
model		: 23
model name	: Intel(R) Core(TM)2 Duo CPU     P8600  @ 2.40GHz
stepping	: 10
microcode	: 0xa0b
cpu MHz		: 2389.957
cache size	: 3072 KB
fpu		: yes
fpu_exception	: yes
cpuid level	: 13
wp		: yes
flags		: fpu vme de pse tsc msr pae mce cx8 apic sep mtrr pge mca cmov pat pse36 clflush dts mmx fxsr sse sse2 ss syscall nx lm constant_tsc arch_perfmon pebs bts nopl xtopology tsc_reliable nonstop_tsc aperfmperf pni ssse3 cx16 sse4_1 x2apic xsave hypervisor lahf_lm dtherm
bogomips	: 4779.91
clflush size	: 64
cache_alignment	: 64
address sizes	: 40 bits physical, 48 bits virtual
power management:



Memory: 4k page, physical 3026824k(104136k free), swap 1046524k(1046524k free)

vm_info: OpenJDK 64-Bit Server VM (24.45-b08) for linux-amd64 JRE (1.7.0_51-b00), built on Jan 16 2014 18:37:59 by "buildd" with gcc 4.6.3

time: Mon Feb  3 00:56:37 2014
elapsed time: 54 seconds

