#
# A fatal error has been detected by the Java Runtime Environment:
#
#  SIGSEGV (0xb) at pc=0x00007ff64a54da93, pid=27762, tid=140696762128128
#
# JRE version: OpenJDK Runtime Environment (7.0_51) (build 1.7.0_51-b00)
# Java VM: OpenJDK 64-Bit Server VM (24.45-b08 mixed mode linux-amd64 compressed oops)
# Problematic frame:
# C  [libibex.so+0x126a93]  ibexparse()+0x1b23
#
# Failed to write core dump. Core dumps have been disabled. To enable core dumping, try "ulimit -c unlimited" before starting Java again
#
# If you would like to submit a bug report, please include
# instructions on how to reproduce the bug and visit:
#   http://icedtea.classpath.org/bugzilla
# The crash happened outside the Java Virtual Machine in native code.
# See problematic frame for where to report the bug.
#

---------------  T H R E A D  ---------------

Current thread (0x00007ff67c00c000):  JavaThread "main" [_thread_in_native, id=27765, stack(0x00007ff684771000,0x00007ff684872000)]

siginfo:si_signo=SIGSEGV: si_errno=0, si_code=1 (SEGV_MAPERR), si_addr=0x0000000000000000

Registers:
RAX=0x0000000000000000, RBX=0x000000000000009e, RCX=0x000000000000004b, RDX=0x0000000000000005
RSP=0x00007ff68486f600, RBP=0x00007ff68486fcee, RSI=0x00000000000000c7, RDI=0x00007ff64a784170
R8 =0x0000000000000065, R9 =0x00007ff64a7840a0, R10=0x00007ff67c39b269, R11=0x000000000000000a
R12=0x00007ff68486f6d8, R13=0x0000000000000001, R14=0x00007ff68486fce0, R15=0x00000000000000c8
RIP=0x00007ff64a54da93, EFLAGS=0x0000000000010203, CSGSFS=0x0000000000000033, ERR=0x0000000000000004
  TRAPNO=0x000000000000000e

Top of Stack: (sp=0x00007ff68486f600)
0x00007ff68486f600:   0000000000000000 00000000f238cd50
0x00007ff68486f610:   00000000000000dd f238cd5000000000
0x00007ff68486f620:   00000000f23fb620 00000000f23fc6c8
0x00007ff68486f630:   00007ff68486fce0 00000000000000c7
0x00007ff68486f640:   00007ff658169b10 00007ff68486f6a0
0x00007ff68486f650:   0000000300000000 0000000000000065
0x00007ff68486f660:   00007ff679006233 00000000f238cd50
0x00007ff68486f670:   0000000000000000 00000000f23fb620
0x00007ff68486f680:   00007ff68486f680 00000000c7821738
0x00007ff68486f690:   00007ff68486f6d8 00000000c78222a8
0x00007ff68486f6a0:   00000000c7e02630 00000000c7821768
0x00007ff68486f6b0:   00007ff67c39b4a0 0000000000000001
0x00007ff68486f6c0:   0000000000000001 0000000000000001
0x00007ff68486f6d0:   0000000000000005 0000000000000005
0x00007ff68486f6e0:   0000000000000011 0000000000000000
0x00007ff68486f6f0:   00007ff68486f6e0 00000000c774e8b2
0x00007ff68486f700:   00007ff68486f758 00000000c774f958
0x00007ff68486f710:   0000000000000000 00000000c774e8f0
0x00007ff68486f720:   0000000000000000 00007ff68486f750
0x00007ff68486f730:   00007ff68486f7a0 00007ff6790069fe
0x00007ff68486f740:   0000000000000000 00000000f23fb5f8
0x00007ff68486f750:   00000000f23fc6c8 0000000000000000
0x00007ff68486f760:   00007ff68486f760 00000000c761b9db
0x00007ff68486f770:   00007ff68486f7e8 0000000000000000
0x00007ff68486f780:   0000000000000000 00000000c761ba78
0x00007ff68486f790:   0000000000000000 00007ff68486f7d8
0x00007ff68486f7a0:   00007ff68486f850 00007ff6790004e7
0x00007ff68486f7b0:   0000000000000000 0000000000000000
0x00007ff68486f7c0:   0000000000000000 0000000000000000
0x00007ff68486f7d0:   0000000000000000 00000000f23fc6c8
0x00007ff68486f7e0:   00000000f23d76c8 00000000f2399048
0x00007ff68486f7f0:   00007ff600001fa0 00007ff67c00cd18 

Instructions: (pc=0x00007ff64a54da93)
0x00007ff64a54da73:   f2 ff e9 be e8 ff ff 4d 8b 2c 24 e9 b5 e8 ff ff
0x00007ff64a54da83:   49 63 54 24 f8 48 8b 05 71 67 23 00 48 8b 04 d0
0x00007ff64a54da93:   4c 8b 28 e9 9d e8 ff ff 48 8b 05 2e 40 23 00 49
0x00007ff64a54daa3:   8b 34 24 48 8b 48 30 48 3b 48 38 48 8b 50 48 0f 

Register to memory mapping:

RAX=0x0000000000000000 is an unknown value
RBX=0x000000000000009e is an unknown value
RCX=0x000000000000004b is an unknown value
RDX=0x0000000000000005 is an unknown value
RSP=0x00007ff68486f600 is pointing into the stack for thread: 0x00007ff67c00c000
RBP=0x00007ff68486fcee is pointing into the stack for thread: 0x00007ff67c00c000
RSI=0x00000000000000c7 is an unknown value
RDI=0x00007ff64a784170: ibexchar+0 in /usr/local/lib/libibex.so at 0x00007ff64a427000
R8 =0x0000000000000065 is an unknown value
R9 =0x00007ff64a7840a0: ibexleng+0 in /usr/local/lib/libibex.so at 0x00007ff64a427000
R10=0x00007ff67c39b269 is an unknown value
R11=0x000000000000000a is an unknown value
R12=0x00007ff68486f6d8 is pointing into the stack for thread: 0x00007ff67c00c000
R13=0x0000000000000001 is an unknown value
R14=0x00007ff68486fce0 is pointing into the stack for thread: 0x00007ff67c00c000
R15=0x00000000000000c8 is an unknown value


Stack: [0x00007ff684771000,0x00007ff684872000],  sp=0x00007ff68486f600,  free space=1017k
Native frames: (J=compiled Java code, j=interpreted, Vv=VM code, C=native code)
C  [libibex.so+0x126a93]  ibexparse()+0x1b23

Java frames: (J=compiled Java code, j=interpreted, Vv=VM code)
j  solver.constraints.real.Ibex.add_ctr(ILjava/lang/String;I)V+0
j  solver.constraints.real.Ibex.add_contractor(ILjava/lang/String;I)I+4
j  solver.constraints.real.RealPropagator.<init>(Ljava/lang/String;[Lsolver/variables/RealVar;I)V+42
j  solver.constraints.real.RealConstraint.createPropagator(Ljava/lang/String;I[Lsolver/variables/RealVar;)Lsolver/constraints/real/RealPropagator;+7
j  solver.constraints.real.RealConstraint.<init>(Ljava/lang/String;Ljava/lang/String;I[Lsolver/variables/RealVar;)V+12
j  test_choco.MarketProblem.buildModel()V+654
j  samples.AbstractProblem.execute([Ljava/lang/String;)V+23
j  test_choco.MarketProblem.start()V+17
j  test_choco.BTC_e.main([Ljava/lang/String;)V+65
v  ~StubRoutines::call_stub

---------------  P R O C E S S  ---------------

Java Threads: ( => current thread )
  0x00007ff67c2b1000 JavaThread "Keep-Alive-Timer" daemon [_thread_blocked, id=27801, stack(0x00007ff64b3a6000,0x00007ff64b4a7000)]
  0x00007ff67c0a3800 JavaThread "Service Thread" daemon [_thread_blocked, id=27780, stack(0x00007ff678216000,0x00007ff678317000)]
  0x00007ff67c0a1800 JavaThread "C2 CompilerThread1" daemon [_thread_blocked, id=27779, stack(0x00007ff678317000,0x00007ff678418000)]
  0x00007ff67c09e800 JavaThread "C2 CompilerThread0" daemon [_thread_blocked, id=27778, stack(0x00007ff678418000,0x00007ff678519000)]
  0x00007ff67c09c800 JavaThread "Signal Dispatcher" daemon [_thread_blocked, id=27777, stack(0x00007ff678519000,0x00007ff67861a000)]
  0x00007ff67c079800 JavaThread "Finalizer" daemon [_thread_blocked, id=27773, stack(0x00007ff678cfd000,0x00007ff678dfe000)]
  0x00007ff67c077800 JavaThread "Reference Handler" daemon [_thread_blocked, id=27772, stack(0x00007ff678dfe000,0x00007ff678eff000)]
=>0x00007ff67c00c000 JavaThread "main" [_thread_in_native, id=27765, stack(0x00007ff684771000,0x00007ff684872000)]

Other Threads:
  0x00007ff67c073000 VMThread [stack: 0x00007ff678eff000,0x00007ff679000000] [id=27771]
  0x00007ff67c0ae800 WatcherThread [stack: 0x00007ff678115000,0x00007ff678216000] [id=27781]

VM state:not at safepoint (normal execution)

VM Mutex/Monitor currently owned by a thread: None

Heap
 PSYoungGen      total 27136K, used 21899K [0x00000000f0900000, 0x00000000f2500000, 0x0000000100000000)
  eden space 25600K, 79% used [0x00000000f0900000,0x00000000f1ce5c98,0x00000000f2200000)
  from space 1536K, 99% used [0x00000000f2380000,0x00000000f24fcf90,0x00000000f2500000)
  to   space 1536K, 0% used [0x00000000f2200000,0x00000000f2200000,0x00000000f2380000)
 ParOldGen       total 31232K, used 1700K [0x00000000d1c00000, 0x00000000d3a80000, 0x00000000f0900000)
  object space 31232K, 5% used [0x00000000d1c00000,0x00000000d1da90a8,0x00000000d3a80000)
 PSPermGen       total 21504K, used 12481K [0x00000000c7600000, 0x00000000c8b00000, 0x00000000d1c00000)
  object space 21504K, 58% used [0x00000000c7600000,0x00000000c82307c0,0x00000000c8b00000)

Card table byte_map: [0x00007ff68125f000,0x00007ff681425000] byte_map_base: 0x00007ff680c24000

Polling page: 0x00007ff684887000

Code Cache  [0x00007ff679000000, 0x00007ff679270000, 0x00007ff67c000000)
 total_blobs=485 nmethods=167 adapters=272 free_code_cache=48290Kb largest_free_block=49429760

Compilation events (10 events):
Event: 3.861 Thread 0x00007ff67c09e800  163             java.lang.CharacterDataLatin1::toUpperCase (53 bytes)
Event: 3.862 Thread 0x00007ff67c09e800 nmethod 163 0x00007ff6790bd790 code [0x00007ff6790bd8c0, 0x00007ff6790bd978]
Event: 3.892 Thread 0x00007ff67c0a1800  164             java.lang.Number::<init> (5 bytes)
Event: 3.892 Thread 0x00007ff67c0a1800 nmethod 164 0x00007ff6790bd590 code [0x00007ff6790bd6c0, 0x00007ff6790bd718]
Event: 3.970 Thread 0x00007ff67c0a1800  165             java.net.URL::getPath (5 bytes)
Event: 3.971 Thread 0x00007ff67c0a1800 nmethod 165 0x00007ff6790d9410 code [0x00007ff6790d9540, 0x00007ff6790d9598]
Event: 3.974 Thread 0x00007ff67c09e800  166             java.net.URL::getAuthority (5 bytes)
Event: 3.974 Thread 0x00007ff67c09e800 nmethod 166 0x00007ff6790cb690 code [0x00007ff6790cb7c0, 0x00007ff6790cb818]
Event: 3.987 Thread 0x00007ff67c0a1800  167             java.net.URL::getRef (5 bytes)
Event: 3.988 Thread 0x00007ff67c0a1800 nmethod 167 0x00007ff6790cb290 code [0x00007ff6790cb3c0, 0x00007ff6790cb418]

GC Heap History (4 events):
Event: 2.288 GC heap before
{Heap before GC invocations=1 (full 0):
 PSYoungGen      total 14336K, used 12800K [0x00000000f0900000, 0x00000000f1880000, 0x0000000100000000)
  eden space 12800K, 100% used [0x00000000f0900000,0x00000000f1580000,0x00000000f1580000)
  from space 1536K, 0% used [0x00000000f1700000,0x00000000f1700000,0x00000000f1880000)
  to   space 1536K, 0% used [0x00000000f1580000,0x00000000f1580000,0x00000000f1700000)
 ParOldGen       total 31232K, used 0K [0x00000000d1c00000, 0x00000000d3a80000, 0x00000000f0900000)
  object space 31232K, 0% used [0x00000000d1c00000,0x00000000d1c00000,0x00000000d3a80000)
 PSPermGen       total 21504K, used 7657K [0x00000000c7600000, 0x00000000c8b00000, 0x00000000d1c00000)
  object space 21504K, 35% used [0x00000000c7600000,0x00000000c7d7a6d0,0x00000000c8b00000)
Event: 2.313 GC heap after
Heap after GC invocations=1 (full 0):
 PSYoungGen      total 14336K, used 1505K [0x00000000f0900000, 0x00000000f2500000, 0x0000000100000000)
  eden space 12800K, 0% used [0x00000000f0900000,0x00000000f0900000,0x00000000f1580000)
  from space 1536K, 97% used [0x00000000f1580000,0x00000000f16f84a0,0x00000000f1700000)
  to   space 1536K, 0% used [0x00000000f2380000,0x00000000f2380000,0x00000000f2500000)
 ParOldGen       total 31232K, used 1021K [0x00000000d1c00000, 0x00000000d3a80000, 0x00000000f0900000)
  object space 31232K, 3% used [0x00000000d1c00000,0x00000000d1cff770,0x00000000d3a80000)
 PSPermGen       total 21504K, used 7657K [0x00000000c7600000, 0x00000000c8b00000, 0x00000000d1c00000)
  object space 21504K, 35% used [0x00000000c7600000,0x00000000c7d7a6d0,0x00000000c8b00000)
}
Event: 3.117 GC heap before
{Heap before GC invocations=2 (full 0):
 PSYoungGen      total 14336K, used 14305K [0x00000000f0900000, 0x00000000f2500000, 0x0000000100000000)
  eden space 12800K, 100% used [0x00000000f0900000,0x00000000f1580000,0x00000000f1580000)
  from space 1536K, 97% used [0x00000000f1580000,0x00000000f16f84a0,0x00000000f1700000)
  to   space 1536K, 0% used [0x00000000f2380000,0x00000000f2380000,0x00000000f2500000)
 ParOldGen       total 31232K, used 1021K [0x00000000d1c00000, 0x00000000d3a80000, 0x00000000f0900000)
  object space 31232K, 3% used [0x00000000d1c00000,0x00000000d1cff770,0x00000000d3a80000)
 PSPermGen       total 21504K, used 8226K [0x00000000c7600000, 0x00000000c8b00000, 0x00000000d1c00000)
  object space 21504K, 38% used [0x00000000c7600000,0x00000000c7e08a18,0x00000000c8b00000)
Event: 3.144 GC heap after
Heap after GC invocations=2 (full 0):
 PSYoungGen      total 27136K, used 1523K [0x00000000f0900000, 0x00000000f2500000, 0x0000000100000000)
  eden space 25600K, 0% used [0x00000000f0900000,0x00000000f0900000,0x00000000f2200000)
  from space 1536K, 99% used [0x00000000f2380000,0x00000000f24fcf90,0x00000000f2500000)
  to   space 1536K, 0% used [0x00000000f2200000,0x00000000f2200000,0x00000000f2380000)
 ParOldGen       total 31232K, used 1700K [0x00000000d1c00000, 0x00000000d3a80000, 0x00000000f0900000)
  object space 31232K, 5% used [0x00000000d1c00000,0x00000000d1da90a8,0x00000000d3a80000)
 PSPermGen       total 21504K, used 8226K [0x00000000c7600000, 0x00000000c8b00000, 0x00000000d1c00000)
  object space 21504K, 38% used [0x00000000c7600000,0x00000000c7e08a18,0x00000000c8b00000)
}

Deoptimization events (10 events):
Event: 0.743 Thread 0x00007ff67c00c000 Uncommon trap: reason=unloaded action=reinterpret pc=0x00007ff67906cc58 method=java.lang.Integer.parseInt(Ljava/lang/String;I)I @ 201
Event: 2.579 Thread 0x00007ff67c2bf000 Uncommon trap: reason=class_check action=maybe_recompile pc=0x00007ff67906c4a0 method=java.lang.String.equals(Ljava/lang/Object;)Z @ 8
Event: 2.581 Thread 0x00007ff67c2bf000 Uncommon trap: reason=class_check action=maybe_recompile pc=0x00007ff67906c4a0 method=java.lang.String.equals(Ljava/lang/Object;)Z @ 8
Event: 2.581 Thread 0x00007ff67c2bf000 Uncommon trap: reason=class_check action=maybe_recompile pc=0x00007ff67906c4a0 method=java.lang.String.equals(Ljava/lang/Object;)Z @ 8
Event: 2.584 Thread 0x00007ff67c2c0000 Uncommon trap: reason=class_check action=maybe_recompile pc=0x00007ff67906c4a0 method=java.lang.String.equals(Ljava/lang/Object;)Z @ 8
Event: 3.411 Thread 0x00007ff67c00c000 Uncommon trap: reason=null_check action=make_not_entrant pc=0x00007ff679085688 method=java.lang.String.equals(Ljava/lang/Object;)Z @ 8
Event: 3.836 Thread 0x00007ff67c00c000 Uncommon trap: reason=bimorphic action=maybe_recompile pc=0x00007ff6790a9c4c method=java.lang.String.valueOf(Ljava/lang/Object;)Ljava/lang/String; @ 10
Event: 3.836 Thread 0x00007ff67c00c000 Uncommon trap: reason=bimorphic action=maybe_recompile pc=0x00007ff6790a9c4c method=java.lang.String.valueOf(Ljava/lang/Object;)Ljava/lang/String; @ 10
Event: 3.836 Thread 0x00007ff67c00c000 Uncommon trap: reason=bimorphic action=maybe_recompile pc=0x00007ff6790a9c4c method=java.lang.String.valueOf(Ljava/lang/Object;)Ljava/lang/String; @ 10
Event: 3.836 Thread 0x00007ff67c00c000 Uncommon trap: reason=bimorphic action=maybe_recompile pc=0x00007ff6790a9c4c method=java.lang.String.valueOf(Ljava/lang/Object;)Ljava/lang/String; @ 10

Internal exceptions (10 events):
Event: 3.984 Thread 0x00007ff67c00c000 Threw 0x00000000f1c350e8 at /build/buildd/openjdk-7-7u51-2.4.4/build/openjdk/hotspot/src/share/vm/prims/jvm.cpp:1244
Event: 3.984 Thread 0x00007ff67c00c000 Threw 0x00000000f1c388f8 at /build/buildd/openjdk-7-7u51-2.4.4/build/openjdk/hotspot/src/share/vm/prims/jvm.cpp:1244
Event: 3.985 Thread 0x00007ff67c00c000 Threw 0x00000000f1c3cda0 at /build/buildd/openjdk-7-7u51-2.4.4/build/openjdk/hotspot/src/share/vm/prims/jvm.cpp:1244
Event: 3.986 Thread 0x00007ff67c00c000 Threw 0x00000000f1c41210 at /build/buildd/openjdk-7-7u51-2.4.4/build/openjdk/hotspot/src/share/vm/prims/jvm.cpp:1244
Event: 3.986 Thread 0x00007ff67c00c000 Threw 0x00000000f1c45910 at /build/buildd/openjdk-7-7u51-2.4.4/build/openjdk/hotspot/src/share/vm/prims/jvm.cpp:1244
Event: 3.986 Thread 0x00007ff67c00c000 Threw 0x00000000f1c49b18 at /build/buildd/openjdk-7-7u51-2.4.4/build/openjdk/hotspot/src/share/vm/prims/jvm.cpp:1244
Event: 3.987 Thread 0x00007ff67c00c000 Threw 0x00000000f1c4e1d0 at /build/buildd/openjdk-7-7u51-2.4.4/build/openjdk/hotspot/src/share/vm/prims/jvm.cpp:1244
Event: 3.988 Thread 0x00007ff67c00c000 Threw 0x00000000f1c51e30 at /build/buildd/openjdk-7-7u51-2.4.4/build/openjdk/hotspot/src/share/vm/prims/jvm.cpp:1244
Event: 3.989 Thread 0x00007ff67c00c000 Threw 0x00000000f1c566c8 at /build/buildd/openjdk-7-7u51-2.4.4/build/openjdk/hotspot/src/share/vm/prims/jvm.cpp:1244
Event: 3.995 Thread 0x00007ff67c00c000 Threw 0x00000000f1c5ecd0 at /build/buildd/openjdk-7-7u51-2.4.4/build/openjdk/hotspot/src/share/vm/prims/jvm.cpp:1244

Events (10 events):
Event: 3.988 loading class 0x00007ff67c2cfca0
Event: 3.988 loading class 0x00007ff67c2cfca0 done
Event: 3.989 loading class 0x00007ff67c2c3710
Event: 3.989 loading class 0x00007ff67c2c3710 done
Event: 3.989 loading class 0x00007ff680ccc5c0
Event: 3.989 loading class 0x00007ff680ccc5c0 done
Event: 3.990 loading class 0x00007ff680cdb620
Event: 3.990 loading class 0x00007ff680cdb620 done
Event: 3.995 loading class 0x0000000001eb4470
Event: 3.995 loading class 0x0000000001eb4470 done


Dynamic libraries:
00400000-00401000 r-xp 00000000 08:01 415609                             /usr/lib/jvm/java-7-openjdk-amd64/jre/bin/java
00600000-00601000 r--p 00000000 08:01 415609                             /usr/lib/jvm/java-7-openjdk-amd64/jre/bin/java
00601000-00602000 rw-p 00001000 08:01 415609                             /usr/lib/jvm/java-7-openjdk-amd64/jre/bin/java
01eaf000-01ef2000 rw-p 00000000 00:00 0                                  [heap]
c7600000-c8b00000 rw-p 00000000 00:00 0 
c8b00000-d1c00000 rw-p 00000000 00:00 0 
d1c00000-d3a80000 rw-p 00000000 00:00 0 
d3a80000-f0900000 rw-p 00000000 00:00 0 
f0900000-f2500000 rw-p 00000000 00:00 0 
f2500000-100000000 rw-p 00000000 00:00 0 
7ff634000000-7ff634071000 rw-p 00000000 00:00 0 
7ff634071000-7ff638000000 ---p 00000000 00:00 0 
7ff63c000000-7ff63c079000 rw-p 00000000 00:00 0 
7ff63c079000-7ff640000000 ---p 00000000 00:00 0 
7ff640000000-7ff640052000 rw-p 00000000 00:00 0 
7ff640052000-7ff644000000 ---p 00000000 00:00 0 
7ff644000000-7ff644021000 rw-p 00000000 00:00 0 
7ff644021000-7ff648000000 ---p 00000000 00:00 0 
7ff649f41000-7ff64a015000 r-xp 00000000 08:01 943068                     /usr/local/lib/libsoplex.so
7ff64a015000-7ff64a215000 ---p 000d4000 08:01 943068                     /usr/local/lib/libsoplex.so
7ff64a215000-7ff64a218000 r--p 000d4000 08:01 943068                     /usr/local/lib/libsoplex.so
7ff64a218000-7ff64a21a000 rw-p 000d7000 08:01 943068                     /usr/local/lib/libsoplex.so
7ff64a21a000-7ff64a226000 r-xp 00000000 08:01 941330                     /usr/local/lib/libprim.so.0.0.0
7ff64a226000-7ff64a425000 ---p 0000c000 08:01 941330                     /usr/local/lib/libprim.so.0.0.0
7ff64a425000-7ff64a426000 r--p 0000b000 08:01 941330                     /usr/local/lib/libprim.so.0.0.0
7ff64a426000-7ff64a427000 rw-p 0000c000 08:01 941330                     /usr/local/lib/libprim.so.0.0.0
7ff64a427000-7ff64a57b000 r-xp 00000000 08:01 943104                     /usr/local/lib/libibex.so
7ff64a57b000-7ff64a77a000 ---p 00154000 08:01 943104                     /usr/local/lib/libibex.so
7ff64a77a000-7ff64a782000 r--p 00153000 08:01 943104                     /usr/local/lib/libibex.so
7ff64a782000-7ff64a784000 rw-p 0015b000 08:01 943104                     /usr/local/lib/libibex.so
7ff64a784000-7ff64a785000 rw-p 00000000 00:00 0 
7ff64a785000-7ff64a78c000 r-xp 00000000 08:01 943105                     /usr/local/lib/libibex-java.so
7ff64a78c000-7ff64a98b000 ---p 00007000 08:01 943105                     /usr/local/lib/libibex-java.so
7ff64a98b000-7ff64a98c000 r--p 00006000 08:01 943105                     /usr/local/lib/libibex-java.so
7ff64a98c000-7ff64a98d000 rw-p 00007000 08:01 943105                     /usr/local/lib/libibex-java.so
7ff64a98d000-7ff64a99d000 r-xp 00000000 08:01 543078                     /usr/lib/jvm/java-7-openjdk-amd64/jre/lib/amd64/libnio.so
7ff64a99d000-7ff64ab9c000 ---p 00010000 08:01 543078                     /usr/lib/jvm/java-7-openjdk-amd64/jre/lib/amd64/libnio.so
7ff64ab9c000-7ff64ab9d000 r--p 0000f000 08:01 543078                     /usr/lib/jvm/java-7-openjdk-amd64/jre/lib/amd64/libnio.so
7ff64ab9d000-7ff64ab9e000 rw-p 00010000 08:01 543078                     /usr/lib/jvm/java-7-openjdk-amd64/jre/lib/amd64/libnio.so
7ff64ab9e000-7ff64aba1000 ---p 00000000 00:00 0 
7ff64aba1000-7ff64ac9f000 rw-p 00000000 00:00 0 
7ff64ac9f000-7ff64aca2000 ---p 00000000 00:00 0 
7ff64aca2000-7ff64ada0000 rw-p 00000000 00:00 0 
7ff64ada0000-7ff64ada3000 ---p 00000000 00:00 0 
7ff64ada3000-7ff64aea1000 rw-p 00000000 00:00 0 
7ff64aea1000-7ff64aea4000 ---p 00000000 00:00 0 
7ff64aea4000-7ff64afa2000 rw-p 00000000 00:00 0 
7ff64afa2000-7ff64afa5000 ---p 00000000 00:00 0 
7ff64afa5000-7ff64b0a3000 rw-p 00000000 00:00 0 
7ff64b0a3000-7ff64b0a6000 ---p 00000000 00:00 0 
7ff64b0a6000-7ff64b1a4000 rw-p 00000000 00:00 0 
7ff64b1a4000-7ff64b1a7000 ---p 00000000 00:00 0 
7ff64b1a7000-7ff64b2a5000 rw-p 00000000 00:00 0 
7ff64b2a5000-7ff64b2a8000 ---p 00000000 00:00 0 
7ff64b2a8000-7ff64b3a6000 rw-p 00000000 00:00 0 
7ff64b3a6000-7ff64b3a9000 ---p 00000000 00:00 0 
7ff64b3a9000-7ff64b4a7000 rw-p 00000000 00:00 0                          [stack:27801]
7ff64b4a7000-7ff64b4ae000 r-xp 00000000 08:01 410803                     /lib/x86_64-linux-gnu/libnss_dns-2.15.so
7ff64b4ae000-7ff64b6ad000 ---p 00007000 08:01 410803                     /lib/x86_64-linux-gnu/libnss_dns-2.15.so
7ff64b6ad000-7ff64b6ae000 r--p 00006000 08:01 410803                     /lib/x86_64-linux-gnu/libnss_dns-2.15.so
7ff64b6ae000-7ff64b6af000 rw-p 00007000 08:01 410803                     /lib/x86_64-linux-gnu/libnss_dns-2.15.so
7ff64b6af000-7ff64b6b1000 r-xp 00000000 08:01 393271                     /lib/libnss_mdns4_minimal.so.2
7ff64b6b1000-7ff64b8b0000 ---p 00002000 08:01 393271                     /lib/libnss_mdns4_minimal.so.2
7ff64b8b0000-7ff64b8b1000 r--p 00001000 08:01 393271                     /lib/libnss_mdns4_minimal.so.2
7ff64b8b1000-7ff64b8b2000 rw-p 00002000 08:01 393271                     /lib/libnss_mdns4_minimal.so.2
7ff64b8b2000-7ff64b91d000 r-xp 00000000 08:01 1079405                    /usr/lib/x86_64-linux-gnu/nss/libfreebl3.so
7ff64b91d000-7ff64bb1c000 ---p 0006b000 08:01 1079405                    /usr/lib/x86_64-linux-gnu/nss/libfreebl3.so
7ff64bb1c000-7ff64bb1e000 r--p 0006a000 08:01 1079405                    /usr/lib/x86_64-linux-gnu/nss/libfreebl3.so
7ff64bb1e000-7ff64bb1f000 rw-p 0006c000 08:01 1079405                    /usr/lib/x86_64-linux-gnu/nss/libfreebl3.so
7ff64bb1f000-7ff64bb23000 rw-p 00000000 00:00 0 
7ff64bb23000-7ff64bbc1000 r-xp 00000000 08:01 926524                     /usr/lib/x86_64-linux-gnu/libsqlite3.so.0.8.6
7ff64bbc1000-7ff64bdc1000 ---p 0009e000 08:01 926524                     /usr/lib/x86_64-linux-gnu/libsqlite3.so.0.8.6
7ff64bdc1000-7ff64bdc3000 r--p 0009e000 08:01 926524                     /usr/lib/x86_64-linux-gnu/libsqlite3.so.0.8.6
7ff64bdc3000-7ff64bdc5000 rw-p 000a0000 08:01 926524                     /usr/lib/x86_64-linux-gnu/libsqlite3.so.0.8.6
7ff64bdc5000-7ff64bdc6000 rw-p 00000000 00:00 0 
7ff64bdc6000-7ff64bdfe000 r-xp 00000000 08:01 1079403                    /usr/lib/x86_64-linux-gnu/nss/libsoftokn3.so
7ff64bdfe000-7ff64bffd000 ---p 00038000 08:01 1079403                    /usr/lib/x86_64-linux-gnu/nss/libsoftokn3.so
7ff64bffd000-7ff64bfff000 r--p 00037000 08:01 1079403                    /usr/lib/x86_64-linux-gnu/nss/libsoftokn3.so
7ff64bfff000-7ff64c000000 rw-p 00039000 08:01 1079403                    /usr/lib/x86_64-linux-gnu/nss/libsoftokn3.so
7ff64c000000-7ff64c021000 rw-p 00000000 00:00 0 
7ff64c021000-7ff650000000 ---p 00000000 00:00 0 
7ff650000000-7ff650021000 rw-p 00000000 00:00 0 
7ff650021000-7ff654000000 ---p 00000000 00:00 0 
7ff654000000-7ff654449000 rw-p 00000000 00:00 0 
7ff654449000-7ff658000000 ---p 00000000 00:00 0 
7ff658000000-7ff6587d2000 rw-p 00000000 00:00 0 
7ff6587d2000-7ff65c000000 ---p 00000000 00:00 0 
7ff65c000000-7ff65c021000 rw-p 00000000 00:00 0 
7ff65c021000-7ff660000000 ---p 00000000 00:00 0 
7ff660000000-7ff660021000 rw-p 00000000 00:00 0 
7ff660021000-7ff664000000 ---p 00000000 00:00 0 
7ff664000000-7ff664021000 rw-p 00000000 00:00 0 
7ff664021000-7ff668000000 ---p 00000000 00:00 0 
7ff668000000-7ff668021000 rw-p 00000000 00:00 0 
7ff668021000-7ff66c000000 ---p 00000000 00:00 0 
7ff66c000000-7ff66c021000 rw-p 00000000 00:00 0 
7ff66c021000-7ff670000000 ---p 00000000 00:00 0 
7ff6700f8000-7ff670132000 r-xp 00000000 08:01 942241                     /usr/lib/x86_64-linux-gnu/libnspr4.so
7ff670132000-7ff670332000 ---p 0003a000 08:01 942241                     /usr/lib/x86_64-linux-gnu/libnspr4.so
7ff670332000-7ff670333000 r--p 0003a000 08:01 942241                     /usr/lib/x86_64-linux-gnu/libnspr4.so
7ff670333000-7ff670335000 rw-p 0003b000 08:01 942241                     /usr/lib/x86_64-linux-gnu/libnspr4.so
7ff670335000-7ff670337000 rw-p 00000000 00:00 0 
7ff670337000-7ff67033a000 r-xp 00000000 08:01 942242                     /usr/lib/x86_64-linux-gnu/libplds4.so
7ff67033a000-7ff670539000 ---p 00003000 08:01 942242                     /usr/lib/x86_64-linux-gnu/libplds4.so
7ff670539000-7ff67053a000 r--p 00002000 08:01 942242                     /usr/lib/x86_64-linux-gnu/libplds4.so
7ff67053a000-7ff67053b000 rw-p 00003000 08:01 942242                     /usr/lib/x86_64-linux-gnu/libplds4.so
7ff67053b000-7ff67053f000 r-xp 00000000 08:01 942240                     /usr/lib/x86_64-linux-gnu/libplc4.so
7ff67053f000-7ff67073e000 ---p 00004000 08:01 942240                     /usr/lib/x86_64-linux-gnu/libplc4.so
7ff67073e000-7ff67073f000 r--p 00003000 08:01 942240                     /usr/lib/x86_64-linux-gnu/libplc4.so
7ff67073f000-7ff670740000 rw-p 00004000 08:01 942240                     /usr/lib/x86_64-linux-gnu/libplc4.so
7ff670740000-7ff670761000 r-xp 00000000 08:01 921274                     /usr/lib/x86_64-linux-gnu/libnssutil3.so
7ff670761000-7ff670960000 ---p 00021000 08:01 921274                     /usr/lib/x86_64-linux-gnu/libnssutil3.so
7ff670960000-7ff670966000 r--p 00020000 08:01 921274                     /usr/lib/x86_64-linux-gnu/libnssutil3.so
7ff670966000-7ff670967000 rw-p 00026000 08:01 921274                     /usr/lib/x86_64-linux-gnu/libnssutil3.so
7ff670967000-7ff670a67000 r-xp 00000000 08:01 921275                     /usr/lib/x86_64-linux-gnu/libnss3.so
7ff670a67000-7ff670c67000 ---p 00100000 08:01 921275                     /usr/lib/x86_64-linux-gnu/libnss3.so
7ff670c67000-7ff670c6c000 r--p 00100000 08:01 921275                     /usr/lib/x86_64-linux-gnu/libnss3.so
7ff670c6c000-7ff670c6f000 rw-p 00105000 08:01 921275                     /usr/lib/x86_64-linux-gnu/libnss3.so
7ff670c6f000-7ff670c70000 rw-p 00000000 00:00 0 
7ff670c70000-7ff670c80000 r-xp 00000000 08:01 543083                     /usr/lib/jvm/java-7-openjdk-amd64/jre/lib/amd64/libj2pkcs11.so
7ff670c80000-7ff670e7f000 ---p 00010000 08:01 543083                     /usr/lib/jvm/java-7-openjdk-amd64/jre/lib/amd64/libj2pkcs11.so
7ff670e7f000-7ff670e80000 r--p 0000f000 08:01 543083                     /usr/lib/jvm/java-7-openjdk-amd64/jre/lib/amd64/libj2pkcs11.so
7ff670e80000-7ff670e81000 rw-p 00010000 08:01 543083                     /usr/lib/jvm/java-7-openjdk-amd64/jre/lib/amd64/libj2pkcs11.so
7ff670e81000-7ff670ebd000 r-xp 00000000 08:01 397433                     /lib/x86_64-linux-gnu/libpcre.so.3.12.1
7ff670ebd000-7ff6710bc000 ---p 0003c000 08:01 397433                     /lib/x86_64-linux-gnu/libpcre.so.3.12.1
7ff6710bc000-7ff6710bd000 r--p 0003b000 08:01 397433                     /lib/x86_64-linux-gnu/libpcre.so.3.12.1
7ff6710bd000-7ff6710be000 rw-p 0003c000 08:01 397433                     /lib/x86_64-linux-gnu/libpcre.so.3.12.1
7ff6710be000-7ff6710c5000 r-xp 00000000 08:01 926184                     /usr/lib/x86_64-linux-gnu/libffi.so.6.0.0
7ff6710c5000-7ff6712c4000 ---p 00007000 08:01 926184                     /usr/lib/x86_64-linux-gnu/libffi.so.6.0.0
7ff6712c4000-7ff6712c5000 r--p 00006000 08:01 926184                     /usr/lib/x86_64-linux-gnu/libffi.so.6.0.0
7ff6712c5000-7ff6712c6000 rw-p 00007000 08:01 926184                     /usr/lib/x86_64-linux-gnu/libffi.so.6.0.0
7ff6712c6000-7ff6712de000 r-xp 00000000 08:01 410790                     /lib/x86_64-linux-gnu/libresolv-2.15.so
7ff6712de000-7ff6714de000 ---p 00018000 08:01 410790                     /lib/x86_64-linux-gnu/libresolv-2.15.so
7ff6714de000-7ff6714df000 r--p 00018000 08:01 410790                     /lib/x86_64-linux-gnu/libresolv-2.15.so
7ff6714df000-7ff6714e0000 rw-p 00019000 08:01 410790                     /lib/x86_64-linux-gnu/libresolv-2.15.so
7ff6714e0000-7ff6714e2000 rw-p 00000000 00:00 0 
7ff6714e2000-7ff6714ff000 r-xp 00000000 08:01 397448                     /lib/x86_64-linux-gnu/libselinux.so.1
7ff6714ff000-7ff6716fe000 ---p 0001d000 08:01 397448                     /lib/x86_64-linux-gnu/libselinux.so.1
7ff6716fe000-7ff6716ff000 r--p 0001c000 08:01 397448                     /lib/x86_64-linux-gnu/libselinux.so.1
7ff6716ff000-7ff671700000 rw-p 0001d000 08:01 397448                     /lib/x86_64-linux-gnu/libselinux.so.1
7ff671700000-7ff671701000 rw-p 00000000 00:00 0 
7ff671701000-7ff671704000 r-xp 00000000 08:01 917882                     /usr/lib/x86_64-linux-gnu/libgmodule-2.0.so.0.3200.4
7ff671704000-7ff671903000 ---p 00003000 08:01 917882                     /usr/lib/x86_64-linux-gnu/libgmodule-2.0.so.0.3200.4
7ff671903000-7ff671904000 r--p 00002000 08:01 917882                     /usr/lib/x86_64-linux-gnu/libgmodule-2.0.so.0.3200.4
7ff671904000-7ff671905000 rw-p 00003000 08:01 917882                     /usr/lib/x86_64-linux-gnu/libgmodule-2.0.so.0.3200.4
7ff671905000-7ff6719f7000 r-xp 00000000 08:01 408312                     /lib/x86_64-linux-gnu/libglib-2.0.so.0.3200.4
7ff6719f7000-7ff671bf7000 ---p 000f2000 08:01 408312                     /lib/x86_64-linux-gnu/libglib-2.0.so.0.3200.4
7ff671bf7000-7ff671bf8000 r--p 000f2000 08:01 408312                     /lib/x86_64-linux-gnu/libglib-2.0.so.0.3200.4
7ff671bf8000-7ff671bf9000 rw-p 000f3000 08:01 408312                     /lib/x86_64-linux-gnu/libglib-2.0.so.0.3200.4
7ff671bf9000-7ff671bfa000 rw-p 00000000 00:00 0 
7ff671bfa000-7ff671c47000 r-xp 00000000 08:01 919206                     /usr/lib/x86_64-linux-gnu/libgobject-2.0.so.0.3200.4
7ff671c47000-7ff671e47000 ---p 0004d000 08:01 919206                     /usr/lib/x86_64-linux-gnu/libgobject-2.0.so.0.3200.4
7ff671e47000-7ff671e48000 r--p 0004d000 08:01 919206                     /usr/lib/x86_64-linux-gnu/libgobject-2.0.so.0.3200.4
7ff671e48000-7ff671e49000 rw-p 0004e000 08:01 919206                     /usr/lib/x86_64-linux-gnu/libgobject-2.0.so.0.3200.4
7ff671e49000-7ff671f91000 r-xp 00000000 08:01 919205                     /usr/lib/x86_64-linux-gnu/libgio-2.0.so.0.3200.4
7ff671f91000-7ff672190000 ---p 00148000 08:01 919205                     /usr/lib/x86_64-linux-gnu/libgio-2.0.so.0.3200.4
7ff672190000-7ff672194000 r--p 00147000 08:01 919205                     /usr/lib/x86_64-linux-gnu/libgio-2.0.so.0.3200.4
7ff672194000-7ff672196000 rw-p 0014b000 08:01 919205                     /usr/lib/x86_64-linux-gnu/libgio-2.0.so.0.3200.4
7ff672196000-7ff672198000 rw-p 00000000 00:00 0 
7ff672198000-7ff6721ae000 r-xp 00000000 08:01 543070                     /usr/lib/jvm/java-7-openjdk-amd64/jre/lib/amd64/libnet.so
7ff6721ae000-7ff6723ae000 ---p 00016000 08:01 543070                     /usr/lib/jvm/java-7-openjdk-amd64/jre/lib/amd64/libnet.so
7ff6723ae000-7ff6723af000 r--p 00016000 08:01 543070                     /usr/lib/jvm/java-7-openjdk-amd64/jre/lib/amd64/libnet.so
7ff6723af000-7ff6723b0000 rw-p 00017000 08:01 543070                     /usr/lib/jvm/java-7-openjdk-amd64/jre/lib/amd64/libnet.so
7ff6723b0000-7ff674000000 rw-p 00000000 00:00 0 
7ff674000000-7ff674021000 rw-p 00000000 00:00 0 
7ff674021000-7ff678000000 ---p 00000000 00:00 0 
7ff67809b000-7ff6780cc000 rw-p 00000000 00:00 0 
7ff6780d3000-7ff6780dd000 r--s 000b8000 08:01 543019                     /usr/lib/jvm/java-7-openjdk-amd64/jre/lib/resources.jar
7ff6780dd000-7ff6780e0000 r--s 00013000 08:01 1079103                    /home/galic1987/.m2/repository/net/sf/ezmorph/ezmorph/1.0.6/ezmorph-1.0.6.jar
7ff6780e0000-7ff6780e3000 r--s 00017000 08:01 541426                     /usr/lib/jvm/java-7-openjdk-amd64/jre/lib/jce.jar
7ff6780e3000-7ff6780e8000 r--s 0004c000 08:01 543037                     /usr/lib/jvm/java-7-openjdk-amd64/jre/lib/jsse.jar
7ff6780e8000-7ff6780ed000 r--s 00040000 08:01 1079101                    /home/galic1987/.m2/repository/commons-lang/commons-lang/2.5/commons-lang-2.5.jar
7ff6780ed000-7ff6780fb000 r--s 0007f000 08:01 1079100                    /home/galic1987/.m2/repository/commons-collections/commons-collections/3.2.1/commons-collections-3.2.1.jar
7ff6780fb000-7ff678100000 r--s 00034000 08:01 1079099                    /home/galic1987/.m2/repository/commons-beanutils/commons-beanutils/1.8.0/commons-beanutils-1.8.0.jar
7ff678100000-7ff678106000 r--s 00033000 08:01 1079097                    /home/galic1987/.m2/repository/commons-codec/commons-codec/1.6/commons-codec-1.6.jar
7ff678106000-7ff67810c000 r--s 00032000 08:01 665413                     /home/galic1987/.m2/repository/org/apache/httpcomponents/httpcore/4.2.4/httpcore-4.2.4.jar
7ff67810c000-7ff678115000 r--s 00061000 08:01 665412                     /home/galic1987/.m2/repository/org/apache/httpcomponents/httpclient/4.2.5/httpclient-4.2.5.jar
7ff678115000-7ff678116000 ---p 00000000 00:00 0 
7ff678116000-7ff678216000 rw-p 00000000 00:00 0                          [stack:27781]
7ff678216000-7ff678219000 ---p 00000000 00:00 0 
7ff678219000-7ff678317000 rw-p 00000000 00:00 0                          [stack:27780]
7ff678317000-7ff67831a000 ---p 00000000 00:00 0 
7ff67831a000-7ff678418000 rw-p 00000000 00:00 0                          [stack:27779]
7ff678418000-7ff67841b000 ---p 00000000 00:00 0 
7ff67841b000-7ff678519000 rw-p 00000000 00:00 0                          [stack:27778]
7ff678519000-7ff67851c000 ---p 00000000 00:00 0 
7ff67851c000-7ff67861a000 rw-p 00000000 00:00 0                          [stack:27777]
7ff67861a000-7ff678cfd000 r--p 00000000 08:01 924466                     /usr/lib/locale/locale-archive
7ff678cfd000-7ff678d00000 ---p 00000000 00:00 0 
7ff678d00000-7ff678dfe000 rw-p 00000000 00:00 0                          [stack:27773]
7ff678dfe000-7ff678e01000 ---p 00000000 00:00 0 
7ff678e01000-7ff678eff000 rw-p 00000000 00:00 0                          [stack:27772]
7ff678eff000-7ff678f00000 ---p 00000000 00:00 0 
7ff678f00000-7ff679000000 rw-p 00000000 00:00 0                          [stack:27771]
7ff679000000-7ff679270000 rwxp 00000000 00:00 0 
7ff679270000-7ff67c3e8000 rw-p 00000000 00:00 0 
7ff67c3e8000-7ff680000000 ---p 00000000 00:00 0 
7ff680000000-7ff680002000 r--s 0000d000 08:01 1079102                    /home/galic1987/.m2/repository/commons-logging/commons-logging/1.1.1/commons-logging-1.1.1.jar
7ff680002000-7ff680005000 r--s 00024000 08:01 1079098                    /home/galic1987/.m2/repository/net/sf/json-lib/json-lib/2.4/json-lib-2.4-jdk15.jar
7ff680005000-7ff680007000 r--s 00005000 08:01 1079446                    /home/galic1987/.m2/repository/org/slf4j/slf4j-api/1.7.5/slf4j-api-1.7.5.jar
7ff680007000-7ff680008000 r--s 00002000 08:01 1079096                    /home/galic1987/.m2/repository/de/taimos/httputils/1.2.0/httputils-1.2.0.jar
7ff680008000-7ff680029000 r--s 0015a000 08:01 15334                      /home/galic1987/.m2/repository/bouncycastle/bcprov-jdk14/138/bcprov-jdk14-138.jar
7ff680029000-7ff68002d000 r--s 0002b000 08:01 15329                      /home/galic1987/.m2/repository/bouncycastle/bcmail-jdk14/138/bcmail-jdk14-138.jar
7ff68002d000-7ff680039000 r--s 00105000 08:01 1079318                    /home/galic1987/.m2/repository/com/lowagie/itext/2.1.5/itext-2.1.5.jar
7ff680039000-7ff680041000 r--s 00028000 08:01 15300                      /home/galic1987/.m2/repository/xml-apis/xml-apis/1.3.04/xml-apis-1.3.04.jar
7ff680041000-7ff68004a000 r--s 00073000 08:01 15289                      /home/galic1987/.m2/repository/org/jfree/jcommon/1.0.17/jcommon-1.0.17.jar
7ff68004a000-7ff68005a000 r--s 00155000 08:01 15285                      /home/galic1987/.m2/repository/org/jfree/jfreechart/1.0.14/jfreechart-1.0.14.jar
7ff68005a000-7ff680060000 r--s 00059000 08:01 16065                      /home/galic1987/.m2/repository/org/cojen/cojen/2.2.3/cojen-2.2.3.jar
7ff680060000-7ff680068000 r--s 000c7000 08:01 15180                      /home/galic1987/.m2/repository/mysql/mysql-connector-java/5.1.24/mysql-connector-java-5.1.24.jar
7ff680068000-7ff68006c000 r--s 00036000 08:01 15179                      /home/galic1987/.m2/repository/org/antlr/ST4/4.0.7/ST4-4.0.7.jar
7ff68006c000-7ff680071000 r--s 00068000 08:01 15178                      /home/galic1987/.m2/repository/antlr/antlr/2.7.7/antlr-2.7.7.jar
7ff680071000-7ff680074000 r--s 00022000 08:01 15177                      /home/galic1987/.m2/repository/org/antlr/stringtemplate/3.2.1/stringtemplate-3.2.1.jar
7ff680074000-7ff680077000 r--s 00026000 08:01 15176                      /home/galic1987/.m2/repository/org/antlr/antlr-runtime/3.5/antlr-runtime-3.5.jar
7ff680077000-7ff680079000 r--s 00005000 08:01 15120                      /home/galic1987/.m2/repository/org/abego/treelayout/org.abego.treelayout.core/1.0.1/org.abego.treelayout.core-1.0.1.jar
7ff680079000-7ff68007e000 r--s 00037000 08:01 14872                      /home/galic1987/.m2/repository/org/antlr/antlr4-runtime/4.0/antlr4-runtime-4.0.jar
7ff68007e000-7ff680089000 r--s 0008c000 08:01 14586                      /home/galic1987/.m2/repository/org/antlr/antlr4/4.0/antlr4-4.0.jar
7ff680089000-7ff68008a000 r--s 00000000 08:01 943243                     /usr/local/share/java/solver.constraints.real.jar
7ff68008a000-7ff68008c000 r--s 00007000 08:01 14528                      /home/galic1987/.m2/repository/org/objenesis/objenesis/1.2/objenesis-1.2.jar
7ff68008c000-7ff680092000 r--s 00049000 08:01 14527                      /home/galic1987/.m2/repository/cglib/cglib-nodep/2.2/cglib-nodep-2.2.jar
7ff680092000-7ff680095000 r--s 00019000 08:01 14526                      /home/galic1987/.m2/repository/org/easymock/easymock/3.0/easymock-3.0.jar
7ff680095000-7ff68009d000 r--s 00032000 08:01 1079072                    /home/galic1987/.m2/repository/jgrapht/jgrapht/0.8.1/jgrapht-0.8.1.jar
7ff68009d000-7ff6800a1000 r--s 00026000 08:01 1079071                    /home/galic1987/.m2/repository/dk/brics/automaton/1.11-2/automaton-1.11-2.jar
7ff6800a1000-7ff6800a3000 r--s 0000a000 08:01 1079095                    /home/galic1987/.m2/repository/args4j/args4j/2.0.12/args4j-2.0.12.jar
7ff6800a3000-7ff6800a9000 r--s 00035000 08:01 1079094                    /home/galic1987/.m2/repository/ch/qos/logback/logback-classic/0.9.24/logback-classic-0.9.24.jar
7ff6800a9000-7ff6800b1000 r--s 00042000 08:01 1079093                    /home/galic1987/.m2/repository/ch/qos/logback/logback-core/0.9.24/logback-core-0.9.24.jar
7ff6800b1000-7ff6800b3000 r--s 00005000 08:01 1079092                    /home/galic1987/.m2/repository/org/slf4j/slf4j-api/1.6.1/slf4j-api-1.6.1.jar
7ff6800b3000-7ff6800db000 r--s 00241000 08:01 1079091                    /home/galic1987/.m2/repository/net/sf/trove4j/trove4j/3.0.3/trove4j-3.0.3.jar
7ff6800db000-7ff6800dd000 r--s 00004000 08:01 1079232                    /home/galic1987/.m2/repository/com/beust/jcommander/1.3/jcommander-1.3.jar
7ff6800dd000-7ff6800eb000 r--s 00095000 08:01 1079230                    /home/galic1987/.m2/repository/com/google/inject/guice/2.0/guice-2.0.jar
7ff6800eb000-7ff6800f0000 r--s 00040000 08:01 1079229                    /home/galic1987/.m2/repository/org/beanshell/bsh/2.0b4/bsh-2.0b4.jar
7ff6800f0000-7ff6800f3000 r--s 0001b000 08:01 665414                     /home/galic1987/.m2/repository/junit/junit/3.8.1/junit-3.8.1.jar
7ff6800f3000-7ff680aa7000 rw-p 00000000 00:00 0 
7ff680aa7000-7ff680c55000 r--s 01cf4000 08:01 541401                     /usr/lib/jvm/java-7-openjdk-amd64/jre/lib/rt.jar
7ff680c55000-7ff680f13000 rw-p 00000000 00:00 0 
7ff680f13000-7ff680f14000 ---p 00000000 00:00 0 
7ff680f14000-7ff681014000 rw-p 00000000 00:00 0                          [stack:27769]
7ff681014000-7ff681015000 ---p 00000000 00:00 0 
7ff681015000-7ff681120000 rw-p 00000000 00:00 0                          [stack:27768]
7ff681120000-7ff681168000 rw-p 00000000 00:00 0 
7ff681168000-7ff681178000 rw-p 00000000 00:00 0 
7ff681178000-7ff68125f000 rw-p 00000000 00:00 0 
7ff68125f000-7ff68126a000 rw-p 00000000 00:00 0 
7ff68126a000-7ff6812b2000 rw-p 00000000 00:00 0 
7ff6812b2000-7ff6812c2000 rw-p 00000000 00:00 0 
7ff6812c2000-7ff6813a8000 rw-p 00000000 00:00 0 
7ff6813a8000-7ff6813b7000 rw-p 00000000 00:00 0 
7ff6813b7000-7ff681424000 rw-p 00000000 00:00 0 
7ff681424000-7ff681425000 rw-p 00000000 00:00 0 
7ff681425000-7ff68142d000 r-xp 00000000 08:01 543065                     /usr/lib/jvm/java-7-openjdk-amd64/jre/lib/amd64/libzip.so
7ff68142d000-7ff68162c000 ---p 00008000 08:01 543065                     /usr/lib/jvm/java-7-openjdk-amd64/jre/lib/amd64/libzip.so
7ff68162c000-7ff68162d000 r--p 00007000 08:01 543065                     /usr/lib/jvm/java-7-openjdk-amd64/jre/lib/amd64/libzip.so
7ff68162d000-7ff68162e000 rw-p 00008000 08:01 543065                     /usr/lib/jvm/java-7-openjdk-amd64/jre/lib/amd64/libzip.so
7ff68162e000-7ff68163a000 r-xp 00000000 08:01 410750                     /lib/x86_64-linux-gnu/libnss_files-2.15.so
7ff68163a000-7ff681839000 ---p 0000c000 08:01 410750                     /lib/x86_64-linux-gnu/libnss_files-2.15.so
7ff681839000-7ff68183a000 r--p 0000b000 08:01 410750                     /lib/x86_64-linux-gnu/libnss_files-2.15.so
7ff68183a000-7ff68183b000 rw-p 0000c000 08:01 410750                     /lib/x86_64-linux-gnu/libnss_files-2.15.so
7ff68183b000-7ff681845000 r-xp 00000000 08:01 410861                     /lib/x86_64-linux-gnu/libnss_nis-2.15.so
7ff681845000-7ff681a45000 ---p 0000a000 08:01 410861                     /lib/x86_64-linux-gnu/libnss_nis-2.15.so
7ff681a45000-7ff681a46000 r--p 0000a000 08:01 410861                     /lib/x86_64-linux-gnu/libnss_nis-2.15.so
7ff681a46000-7ff681a47000 rw-p 0000b000 08:01 410861                     /lib/x86_64-linux-gnu/libnss_nis-2.15.so
7ff681a47000-7ff681a5e000 r-xp 00000000 08:01 412496                     /lib/x86_64-linux-gnu/libnsl-2.15.so
7ff681a5e000-7ff681c5d000 ---p 00017000 08:01 412496                     /lib/x86_64-linux-gnu/libnsl-2.15.so
7ff681c5d000-7ff681c5e000 r--p 00016000 08:01 412496                     /lib/x86_64-linux-gnu/libnsl-2.15.so
7ff681c5e000-7ff681c5f000 rw-p 00017000 08:01 412496                     /lib/x86_64-linux-gnu/libnsl-2.15.so
7ff681c5f000-7ff681c61000 rw-p 00000000 00:00 0 
7ff681c61000-7ff681c69000 r-xp 00000000 08:01 410722                     /lib/x86_64-linux-gnu/libnss_compat-2.15.so
7ff681c69000-7ff681e68000 ---p 00008000 08:01 410722                     /lib/x86_64-linux-gnu/libnss_compat-2.15.so
7ff681e68000-7ff681e69000 r--p 00007000 08:01 410722                     /lib/x86_64-linux-gnu/libnss_compat-2.15.so
7ff681e69000-7ff681e6a000 rw-p 00008000 08:01 410722                     /lib/x86_64-linux-gnu/libnss_compat-2.15.so
7ff681e6a000-7ff681e93000 r-xp 00000000 08:01 543061                     /usr/lib/jvm/java-7-openjdk-amd64/jre/lib/amd64/libjava.so
7ff681e93000-7ff682092000 ---p 00029000 08:01 543061                     /usr/lib/jvm/java-7-openjdk-amd64/jre/lib/amd64/libjava.so
7ff682092000-7ff682093000 r--p 00028000 08:01 543061                     /usr/lib/jvm/java-7-openjdk-amd64/jre/lib/amd64/libjava.so
7ff682093000-7ff682095000 rw-p 00029000 08:01 543061                     /usr/lib/jvm/java-7-openjdk-amd64/jre/lib/amd64/libjava.so
7ff682095000-7ff6820a3000 r-xp 00000000 08:01 543092                     /usr/lib/jvm/java-7-openjdk-amd64/jre/lib/amd64/libverify.so
7ff6820a3000-7ff6822a2000 ---p 0000e000 08:01 543092                     /usr/lib/jvm/java-7-openjdk-amd64/jre/lib/amd64/libverify.so
7ff6822a2000-7ff6822a4000 r--p 0000d000 08:01 543092                     /usr/lib/jvm/java-7-openjdk-amd64/jre/lib/amd64/libverify.so
7ff6822a4000-7ff6822a5000 rw-p 0000f000 08:01 543092                     /usr/lib/jvm/java-7-openjdk-amd64/jre/lib/amd64/libverify.so
7ff6822a5000-7ff6822ac000 r-xp 00000000 08:01 410819                     /lib/x86_64-linux-gnu/librt-2.15.so
7ff6822ac000-7ff6824ab000 ---p 00007000 08:01 410819                     /lib/x86_64-linux-gnu/librt-2.15.so
7ff6824ab000-7ff6824ac000 r--p 00006000 08:01 410819                     /lib/x86_64-linux-gnu/librt-2.15.so
7ff6824ac000-7ff6824ad000 rw-p 00007000 08:01 410819                     /lib/x86_64-linux-gnu/librt-2.15.so
7ff6824ad000-7ff6824c2000 r-xp 00000000 08:01 397381                     /lib/x86_64-linux-gnu/libgcc_s.so.1
7ff6824c2000-7ff6826c1000 ---p 00015000 08:01 397381                     /lib/x86_64-linux-gnu/libgcc_s.so.1
7ff6826c1000-7ff6826c2000 r--p 00014000 08:01 397381                     /lib/x86_64-linux-gnu/libgcc_s.so.1
7ff6826c2000-7ff6826c3000 rw-p 00015000 08:01 397381                     /lib/x86_64-linux-gnu/libgcc_s.so.1
7ff6826c3000-7ff6827be000 r-xp 00000000 08:01 412487                     /lib/x86_64-linux-gnu/libm-2.15.so
7ff6827be000-7ff6829bd000 ---p 000fb000 08:01 412487                     /lib/x86_64-linux-gnu/libm-2.15.so
7ff6829bd000-7ff6829be000 r--p 000fa000 08:01 412487                     /lib/x86_64-linux-gnu/libm-2.15.so
7ff6829be000-7ff6829bf000 rw-p 000fb000 08:01 412487                     /lib/x86_64-linux-gnu/libm-2.15.so
7ff6829bf000-7ff682aa1000 r-xp 00000000 08:01 926534                     /usr/lib/x86_64-linux-gnu/libstdc++.so.6.0.16
7ff682aa1000-7ff682ca0000 ---p 000e2000 08:01 926534                     /usr/lib/x86_64-linux-gnu/libstdc++.so.6.0.16
7ff682ca0000-7ff682ca8000 r--p 000e1000 08:01 926534                     /usr/lib/x86_64-linux-gnu/libstdc++.so.6.0.16
7ff682ca8000-7ff682caa000 rw-p 000e9000 08:01 926534                     /usr/lib/x86_64-linux-gnu/libstdc++.so.6.0.16
7ff682caa000-7ff682cbf000 rw-p 00000000 00:00 0 
7ff682cbf000-7ff68377a000 r-xp 00000000 08:01 543075                     /usr/lib/jvm/java-7-openjdk-amd64/jre/lib/amd64/server/libjvm.so
7ff68377a000-7ff68397a000 ---p 00abb000 08:01 543075                     /usr/lib/jvm/java-7-openjdk-amd64/jre/lib/amd64/server/libjvm.so
7ff68397a000-7ff683a12000 r--p 00abb000 08:01 543075                     /usr/lib/jvm/java-7-openjdk-amd64/jre/lib/amd64/server/libjvm.so
7ff683a12000-7ff683a35000 rw-p 00b53000 08:01 543075                     /usr/lib/jvm/java-7-openjdk-amd64/jre/lib/amd64/server/libjvm.so
7ff683a35000-7ff683a62000 rw-p 00000000 00:00 0 
7ff683a62000-7ff683a78000 r-xp 00000000 08:01 397471                     /lib/x86_64-linux-gnu/libz.so.1.2.3.4
7ff683a78000-7ff683c77000 ---p 00016000 08:01 397471                     /lib/x86_64-linux-gnu/libz.so.1.2.3.4
7ff683c77000-7ff683c78000 r--p 00015000 08:01 397471                     /lib/x86_64-linux-gnu/libz.so.1.2.3.4
7ff683c78000-7ff683c79000 rw-p 00016000 08:01 397471                     /lib/x86_64-linux-gnu/libz.so.1.2.3.4
7ff683c79000-7ff683c91000 r-xp 00000000 08:01 412485                     /lib/x86_64-linux-gnu/libpthread-2.15.so
7ff683c91000-7ff683e90000 ---p 00018000 08:01 412485                     /lib/x86_64-linux-gnu/libpthread-2.15.so
7ff683e90000-7ff683e91000 r--p 00017000 08:01 412485                     /lib/x86_64-linux-gnu/libpthread-2.15.so
7ff683e91000-7ff683e92000 rw-p 00018000 08:01 412485                     /lib/x86_64-linux-gnu/libpthread-2.15.so
7ff683e92000-7ff683e96000 rw-p 00000000 00:00 0 
7ff683e96000-7ff683e98000 r-xp 00000000 08:01 412491                     /lib/x86_64-linux-gnu/libdl-2.15.so
7ff683e98000-7ff684098000 ---p 00002000 08:01 412491                     /lib/x86_64-linux-gnu/libdl-2.15.so
7ff684098000-7ff684099000 r--p 00002000 08:01 412491                     /lib/x86_64-linux-gnu/libdl-2.15.so
7ff684099000-7ff68409a000 rw-p 00003000 08:01 412491                     /lib/x86_64-linux-gnu/libdl-2.15.so
7ff68409a000-7ff68424f000 r-xp 00000000 08:01 410671                     /lib/x86_64-linux-gnu/libc-2.15.so
7ff68424f000-7ff68444f000 ---p 001b5000 08:01 410671                     /lib/x86_64-linux-gnu/libc-2.15.so
7ff68444f000-7ff684453000 r--p 001b5000 08:01 410671                     /lib/x86_64-linux-gnu/libc-2.15.so
7ff684453000-7ff684455000 rw-p 001b9000 08:01 410671                     /lib/x86_64-linux-gnu/libc-2.15.so
7ff684455000-7ff68445a000 rw-p 00000000 00:00 0 
7ff68445a000-7ff684467000 r-xp 00000000 08:01 543085                     /usr/lib/jvm/java-7-openjdk-amd64/jre/lib/amd64/jli/libjli.so
7ff684467000-7ff684666000 ---p 0000d000 08:01 543085                     /usr/lib/jvm/java-7-openjdk-amd64/jre/lib/amd64/jli/libjli.so
7ff684666000-7ff684667000 r--p 0000c000 08:01 543085                     /usr/lib/jvm/java-7-openjdk-amd64/jre/lib/amd64/jli/libjli.so
7ff684667000-7ff684668000 rw-p 0000d000 08:01 543085                     /usr/lib/jvm/java-7-openjdk-amd64/jre/lib/amd64/jli/libjli.so
7ff684668000-7ff68468a000 r-xp 00000000 08:01 412488                     /lib/x86_64-linux-gnu/ld-2.15.so
7ff68468a000-7ff68468c000 r--s 00000000 08:01 1079231                    /home/galic1987/.m2/repository/aopalliance/aopalliance/1.0/aopalliance-1.0.jar
7ff68468c000-7ff684694000 r--s 00079000 08:01 1079228                    /home/galic1987/.m2/repository/org/testng/testng/5.13.1/testng-5.13.1.jar
7ff684694000-7ff684695000 r--s 00001000 08:01 1079073                    /home/galic1987/.m2/repository/choco/PropAnn/1.0/PropAnn-1.0.jar
7ff684695000-7ff684697000 r--s 00012000 08:01 542548                     /usr/lib/jvm/java-7-openjdk-amd64/jre/lib/ext/zipfs.jar
7ff684697000-7ff68469b000 r--s 00085000 08:01 543011                     /usr/lib/jvm/java-7-openjdk-amd64/jre/lib/ext/localedata.jar
7ff68469b000-7ff68469c000 r--s 00007000 08:01 1077429                    /usr/share/java/java-atk-wrapper.jar
7ff68469c000-7ff68469f000 r--s 00032000 08:01 543009                     /usr/lib/jvm/java-7-openjdk-amd64/jre/lib/ext/sunjce_provider.jar
7ff68469f000-7ff6846bb000 rw-p 00000000 00:00 0 
7ff6846bb000-7ff684771000 rw-p 00000000 00:00 0 
7ff684771000-7ff684774000 ---p 00000000 00:00 0 
7ff684774000-7ff684877000 rw-p 00000000 00:00 0                          [stack:27765]
7ff684877000-7ff684879000 r--s 0000f000 08:01 541428                     /usr/lib/jvm/java-7-openjdk-amd64/jre/lib/ext/pulse-java.jar
7ff684879000-7ff68487a000 r--s 00002000 08:01 543015                     /usr/lib/jvm/java-7-openjdk-amd64/jre/lib/ext/dnsns.jar
7ff68487a000-7ff68487e000 r--s 0003b000 08:01 543013                     /usr/lib/jvm/java-7-openjdk-amd64/jre/lib/ext/sunpkcs11.jar
7ff68487e000-7ff684886000 rw-s 00000000 08:01 415062                     /tmp/hsperfdata_galic1987/27762
7ff684886000-7ff684887000 rw-p 00000000 00:00 0 
7ff684887000-7ff684888000 r--p 00000000 00:00 0 
7ff684888000-7ff68488a000 rw-p 00000000 00:00 0 
7ff68488a000-7ff68488b000 r--p 00022000 08:01 412488                     /lib/x86_64-linux-gnu/ld-2.15.so
7ff68488b000-7ff68488d000 rw-p 00023000 08:01 412488                     /lib/x86_64-linux-gnu/ld-2.15.so
7fff7b060000-7fff7b082000 rw-p 00000000 00:00 0                          [stack]
7fff7b17f000-7fff7b181000 r-xp 00000000 00:00 0                          [vdso]
ffffffffff600000-ffffffffff601000 r-xp 00000000 00:00 0                  [vsyscall]

VM Arguments:
jvm_args: -Djava.library.path=/usr/local/lib -Dfile.encoding=UTF-8 
java_command: test_choco.BTC_e
Launcher Type: SUN_STANDARD

Environment Variables:
JAVA_HOME=/usr/lib/jvm/java-7-openjdk-amd64/
PATH=/usr/lib/lightdm/lightdm:/usr/local/sbin:/usr/local/bin:/usr/sbin:/usr/bin:/sbin:/bin:/usr/games
SHELL=/bin/bash
DISPLAY=:0.0

Signal Handlers:
SIGSEGV: [libjvm.so+0x8f6d70], sa_mask[0]=0x7ffbfeff, sa_flags=0x10000004
SIGBUS: [libjvm.so+0x8f6d70], sa_mask[0]=0x7ffbfeff, sa_flags=0x10000004
SIGFPE: [libjvm.so+0x77aeb0], sa_mask[0]=0x7ffbfeff, sa_flags=0x10000004
SIGPIPE: SIG_IGN, sa_mask[0]=0x00000000, sa_flags=0x00000000
SIGXFSZ: [libjvm.so+0x77aeb0], sa_mask[0]=0x7ffbfeff, sa_flags=0x10000004
SIGILL: [libjvm.so+0x77aeb0], sa_mask[0]=0x7ffbfeff, sa_flags=0x10000004
SIGUSR1: SIG_DFL, sa_mask[0]=0x00000000, sa_flags=0x00000000
SIGUSR2: [libjvm.so+0x77b130], sa_mask[0]=0x00000004, sa_flags=0x10000004
SIGHUP: [libjvm.so+0x77b2a0], sa_mask[0]=0x7ffbfeff, sa_flags=0x10000004
SIGINT: [libjvm.so+0x77b2a0], sa_mask[0]=0x7ffbfeff, sa_flags=0x10000004
SIGTERM: [libjvm.so+0x77b2a0], sa_mask[0]=0x7ffbfeff, sa_flags=0x10000004
SIGQUIT: [libjvm.so+0x77b2a0], sa_mask[0]=0x7ffbfeff, sa_flags=0x10000004


---------------  S Y S T E M  ---------------

OS:Ubuntu 12.04 (precise)
uname:Linux 3.8.0-35-generic #50~precise1-Ubuntu SMP Wed Dec 4 17:25:51 UTC 2013 x86_64
libc:glibc 2.15 NPTL 2.15 
rlimit: STACK 8192k, CORE 0k, NPROC 23499, NOFILE 4096, AS infinity
load average:2.77 1.08 0.58

/proc/meminfo:
MemTotal:        3026824 kB
MemFree:          174440 kB
Buffers:           42004 kB
Cached:          1540720 kB
SwapCached:            0 kB
Active:          1393156 kB
Inactive:        1256440 kB
Active(anon):     547840 kB
Inactive(anon):   520548 kB
Active(file):     845316 kB
Inactive(file):   735892 kB
Unevictable:          16 kB
Mlocked:              16 kB
SwapTotal:       1046524 kB
SwapFree:        1045868 kB
Dirty:               308 kB
Writeback:             0 kB
AnonPages:       1066860 kB
Mapped:           103960 kB
Shmem:              1468 kB
Slab:             112592 kB
SReclaimable:      85980 kB
SUnreclaim:        26612 kB
KernelStack:        3824 kB
PageTables:        24304 kB
NFS_Unstable:          0 kB
Bounce:                0 kB
WritebackTmp:          0 kB
CommitLimit:     2559936 kB
Committed_AS:    2725792 kB
VmallocTotal:   34359738367 kB
VmallocUsed:      167576 kB
VmallocChunk:   34359512992 kB
HardwareCorrupted:     0 kB
AnonHugePages:         0 kB
HugePages_Total:       0
HugePages_Free:        0
HugePages_Rsvd:        0
HugePages_Surp:        0
Hugepagesize:       2048 kB
DirectMap4k:       59392 kB
DirectMap2M:     3037184 kB


CPU:total 2 (1 cores per cpu, 1 threads per core) family 6 model 23 stepping 10, cmov, cx8, fxsr, mmx, sse, sse2, sse3, ssse3, sse4.1, tsc, tscinvbit

/proc/cpuinfo:
processor	: 0
vendor_id	: GenuineIntel
cpu family	: 6
model		: 23
model name	: Intel(R) Core(TM)2 Duo CPU     P8600  @ 2.40GHz
stepping	: 10
microcode	: 0xa0b
cpu MHz		: 2390.367
cache size	: 3072 KB
fpu		: yes
fpu_exception	: yes
cpuid level	: 13
wp		: yes
flags		: fpu vme de pse tsc msr pae mce cx8 apic sep mtrr pge mca cmov pat pse36 clflush dts mmx fxsr sse sse2 ss syscall nx lm constant_tsc arch_perfmon pebs bts nopl xtopology tsc_reliable nonstop_tsc aperfmperf pni ssse3 cx16 sse4_1 x2apic xsave hypervisor lahf_lm dtherm
bogomips	: 4780.73
clflush size	: 64
cache_alignment	: 64
address sizes	: 40 bits physical, 48 bits virtual
power management:

processor	: 1
vendor_id	: GenuineIntel
cpu family	: 6
model		: 23
model name	: Intel(R) Core(TM)2 Duo CPU     P8600  @ 2.40GHz
stepping	: 10
microcode	: 0xa0b
cpu MHz		: 2390.367
cache size	: 3072 KB
fpu		: yes
fpu_exception	: yes
cpuid level	: 13
wp		: yes
flags		: fpu vme de pse tsc msr pae mce cx8 apic sep mtrr pge mca cmov pat pse36 clflush dts mmx fxsr sse sse2 ss syscall nx lm constant_tsc arch_perfmon pebs bts nopl xtopology tsc_reliable nonstop_tsc aperfmperf pni ssse3 cx16 sse4_1 x2apic xsave hypervisor lahf_lm dtherm
bogomips	: 4780.73
clflush size	: 64
cache_alignment	: 64
address sizes	: 40 bits physical, 48 bits virtual
power management:



Memory: 4k page, physical 3026824k(174440k free), swap 1046524k(1045868k free)

vm_info: OpenJDK 64-Bit Server VM (24.45-b08) for linux-amd64 JRE (1.7.0_51-b00), built on Jan 16 2014 18:37:59 by "buildd" with gcc 4.6.3

time: Sat Jan 25 03:00:34 2014
elapsed time: 4 seconds

