#
# A fatal error has been detected by the Java Runtime Environment:
#
#  SIGSEGV (0xb) at pc=0x00007fb0a4f44a93, pid=2172, tid=140397844948736
#
# JRE version: OpenJDK Runtime Environment (7.0_51) (build 1.7.0_51-b00)
# Java VM: OpenJDK 64-Bit Server VM (24.45-b08 mixed mode linux-amd64 compressed oops)
# Problematic frame:
# C  [libibex.so+0x126a93]  ibexparse()+0x1b23
#
# Failed to write core dump. Core dumps have been disabled. To enable core dumping, try "ulimit -c unlimited" before starting Java again
#
# If you would like to submit a bug report, please include
# instructions on how to reproduce the bug and visit:
#   http://icedtea.classpath.org/bugzilla
# The crash happened outside the Java Virtual Machine in native code.
# See problematic frame for where to report the bug.
#

---------------  T H R E A D  ---------------

Current thread (0x00007fb0e400e800):  JavaThread "main" [_thread_in_native, id=2177, stack(0x00007fb0eb9ce000,0x00007fb0ebacf000)]

siginfo:si_signo=SIGSEGV: si_errno=0, si_code=1 (SEGV_MAPERR), si_addr=0x0000000000000000

Registers:
RAX=0x0000000000000000, RBX=0x000000000000009e, RCX=0x000000000000004b, RDX=0x0000000000000005
RSP=0x00007fb0ebacc600, RBP=0x00007fb0ebacccee, RSI=0x00000000000000c7, RDI=0x00007fb0a517b170
R8 =0x0000000000000065, R9 =0x00007fb0a517b0a0, R10=0x00007fb0e4495999, R11=0x000000000000000a
R12=0x00007fb0ebacc6d8, R13=0x0000000000000001, R14=0x00007fb0ebaccce0, R15=0x00000000000000c8
RIP=0x00007fb0a4f44a93, EFLAGS=0x0000000000010203, CSGSFS=0x0000000000000033, ERR=0x0000000000000004
  TRAPNO=0x000000000000000e

Top of Stack: (sp=0x00007fb0ebacc600)
0x00007fb0ebacc600:   00007fb000000000 00007fb0ea694543
0x00007fb0ebacc610:   74150b17000000dd 00000000f23fd110
0x00007fb0ebacc620:   0000000000000000 00000000f2384830
0x00007fb0ebacc630:   00007fb0ebaccce0 00000000000000c7
0x00007fb0ebacc640:   00007fb0b0338f90 00007fb0ebacc6a0
0x00007fb0ebacc650:   0000000300000000 0000000000000065
0x00007fb0ebacc660:   00007fb0e09e42b3 00000000f2384830
0x00007fb0ebacc670:   0000000000000000 0000000000000000
0x00007fb0ebacc680:   00007fb0ebacc680 00000000c7827520
0x00007fb0ebacc690:   00007fb0ebacc6d8 00000000c78280e0
0x00007fb0ebacc6a0:   00000000c7e188a0 00000000c7827550
0x00007fb0ebacc6b0:   00007fb0e4495ba0 0000000000000001
0x00007fb0ebacc6c0:   0000000000000001 0000000000000001
0x00007fb0ebacc6d0:   0000000000000005 0000000000000005
0x00007fb0ebacc6e0:   0000000000000011 0000000000000000
0x00007fb0ebacc6f0:   00007fb0ebacc6e0 00000000c775236a
0x00007fb0ebacc700:   00007fb0ebacc758 00000000c7753488
0x00007fb0ebacc710:   0000000000000000 00000000c77523a8
0x00007fb0ebacc720:   0000000000000000 00007fb0ebacc750
0x00007fb0ebacc730:   00007fb0ebacc7a0 00007fb0e09e4a7e
0x00007fb0ebacc740:   0000000000000000 00000000f23fc0f0
0x00007fb0ebacc750:   00000000f23fd110 0000000000000000
0x00007fb0ebacc760:   00007fb0ebacc760 00000000c761be23
0x00007fb0ebacc770:   00007fb0ebacc7e8 0000000000000000
0x00007fb0ebacc780:   0000000000000000 00000000c761bec0
0x00007fb0ebacc790:   0000000000000000 00007fb0ebacc7d8
0x00007fb0ebacc7a0:   00007fb0ebacc850 00007fb0e09de4e7
0x00007fb0ebacc7b0:   0000000000000000 0000000000000000
0x00007fb0ebacc7c0:   0000000000000000 0000000000000000
0x00007fb0ebacc7d0:   0000000000000000 00000000f23fd110
0x00007fb0ebacc7e0:   00000000f23d3270 00000000f2395128
0x00007fb0ebacc7f0:   00007fb000001fa0 00007fb0e400f388 

Instructions: (pc=0x00007fb0a4f44a93)
0x00007fb0a4f44a73:   f2 ff e9 be e8 ff ff 4d 8b 2c 24 e9 b5 e8 ff ff
0x00007fb0a4f44a83:   49 63 54 24 f8 48 8b 05 71 67 23 00 48 8b 04 d0
0x00007fb0a4f44a93:   4c 8b 28 e9 9d e8 ff ff 48 8b 05 2e 40 23 00 49
0x00007fb0a4f44aa3:   8b 34 24 48 8b 48 30 48 3b 48 38 48 8b 50 48 0f 

Register to memory mapping:

RAX=0x0000000000000000 is an unknown value
RBX=0x000000000000009e is an unknown value
RCX=0x000000000000004b is an unknown value
RDX=0x0000000000000005 is an unknown value
RSP=0x00007fb0ebacc600 is pointing into the stack for thread: 0x00007fb0e400e800
RBP=0x00007fb0ebacccee is pointing into the stack for thread: 0x00007fb0e400e800
RSI=0x00000000000000c7 is an unknown value
RDI=0x00007fb0a517b170: ibexchar+0 in /usr/local/lib/libibex.so at 0x00007fb0a4e1e000
R8 =0x0000000000000065 is an unknown value
R9 =0x00007fb0a517b0a0: ibexleng+0 in /usr/local/lib/libibex.so at 0x00007fb0a4e1e000
R10=0x00007fb0e4495999 is an unknown value
R11=0x000000000000000a is an unknown value
R12=0x00007fb0ebacc6d8 is pointing into the stack for thread: 0x00007fb0e400e800
R13=0x0000000000000001 is an unknown value
R14=0x00007fb0ebaccce0 is pointing into the stack for thread: 0x00007fb0e400e800
R15=0x00000000000000c8 is an unknown value


Stack: [0x00007fb0eb9ce000,0x00007fb0ebacf000],  sp=0x00007fb0ebacc600,  free space=1017k
Native frames: (J=compiled Java code, j=interpreted, Vv=VM code, C=native code)
C  [libibex.so+0x126a93]  ibexparse()+0x1b23

Java frames: (J=compiled Java code, j=interpreted, Vv=VM code)
j  solver.constraints.real.Ibex.add_ctr(ILjava/lang/String;I)V+0
j  solver.constraints.real.Ibex.add_contractor(ILjava/lang/String;I)I+4
j  solver.constraints.real.RealPropagator.<init>(Ljava/lang/String;[Lsolver/variables/RealVar;I)V+42
j  solver.constraints.real.RealConstraint.createPropagator(Ljava/lang/String;I[Lsolver/variables/RealVar;)Lsolver/constraints/real/RealPropagator;+7
j  solver.constraints.real.RealConstraint.<init>(Ljava/lang/String;Ljava/lang/String;I[Lsolver/variables/RealVar;)V+12
j  test_choco.MarketProblem.buildModel()V+681
j  samples.AbstractProblem.execute([Ljava/lang/String;)V+23
j  test_choco.MarketProblem.start()V+17
j  test_choco.BTC_e.main([Ljava/lang/String;)V+65
v  ~StubRoutines::call_stub

---------------  P R O C E S S  ---------------

Java Threads: ( => current thread )
  0x00007fb0e439e800 JavaThread "Keep-Alive-Timer" daemon [_thread_blocked, id=2197, stack(0x00007fb0a5d9d000,0x00007fb0a5e9e000)]
  0x00007fb0e40b7000 JavaThread "Service Thread" daemon [_thread_blocked, id=2194, stack(0x00007fb0dcfbf000,0x00007fb0dd0c0000)]
  0x00007fb0e40b4800 JavaThread "C2 CompilerThread1" daemon [_thread_blocked, id=2193, stack(0x00007fb0dd0c0000,0x00007fb0dd1c1000)]
  0x00007fb0e40b1800 JavaThread "C2 CompilerThread0" daemon [_thread_blocked, id=2192, stack(0x00007fb0dd1c1000,0x00007fb0dd2c2000)]
  0x00007fb0c4001000 JavaThread "JDWP Command Reader" daemon [_thread_in_native, id=2188, stack(0x00007fb0dd2c2000,0x00007fb0dd3c3000)]
  0x00007fb0e40af800 JavaThread "JDWP Event Helper Thread" daemon [_thread_blocked, id=2187, stack(0x00007fb0dd3c3000,0x00007fb0dd4c4000)]
  0x00007fb0e40ab800 JavaThread "JDWP Transport Listener: dt_socket" daemon [_thread_blocked, id=2186, stack(0x00007fb0dd4c4000,0x00007fb0dd5c5000)]
  0x00007fb0e409d800 JavaThread "Signal Dispatcher" daemon [_thread_blocked, id=2184, stack(0x00007fb0dd7ca000,0x00007fb0dd8cb000)]
  0x00007fb0e407b800 JavaThread "Finalizer" daemon [_thread_blocked, id=2183, stack(0x00007fb0dd8cb000,0x00007fb0dd9cc000)]
  0x00007fb0e4079800 JavaThread "Reference Handler" daemon [_thread_blocked, id=2182, stack(0x00007fb0dd9cc000,0x00007fb0ddacd000)]
=>0x00007fb0e400e800 JavaThread "main" [_thread_in_native, id=2177, stack(0x00007fb0eb9ce000,0x00007fb0ebacf000)]

Other Threads:
  0x00007fb0e4075800 VMThread [stack: 0x00007fb0ddacd000,0x00007fb0ddbce000] [id=2181]
  0x00007fb0e40c1800 WatcherThread [stack: 0x00007fb0dcebe000,0x00007fb0dcfbf000] [id=2195]

VM state:not at safepoint (normal execution)

VM Mutex/Monitor currently owned by a thread: None

Heap
 PSYoungGen      total 27136K, used 21099K [0x00000000f0900000, 0x00000000f2500000, 0x0000000100000000)
  eden space 25600K, 76% used [0x00000000f0900000,0x00000000f1c1e678,0x00000000f2200000)
  from space 1536K, 99% used [0x00000000f2380000,0x00000000f24fc8d0,0x00000000f2500000)
  to   space 1536K, 0% used [0x00000000f2200000,0x00000000f2200000,0x00000000f2380000)
 ParOldGen       total 31232K, used 1515K [0x00000000d1c00000, 0x00000000d3a80000, 0x00000000f0900000)
  object space 31232K, 4% used [0x00000000d1c00000,0x00000000d1d7af00,0x00000000d3a80000)
 PSPermGen       total 21504K, used 12621K [0x00000000c7600000, 0x00000000c8b00000, 0x00000000d1c00000)
  object space 21504K, 58% used [0x00000000c7600000,0x00000000c8253410,0x00000000c8b00000)

Card table byte_map: [0x00007fb0e0818000,0x00007fb0e09de000] byte_map_base: 0x00007fb0e01dd000

Polling page: 0x00007fb0ebae4000

Code Cache  [0x00007fb0e09de000, 0x00007fb0e0c4e000, 0x00007fb0e39de000)
 total_blobs=476 nmethods=166 adapters=272 free_code_cache=48213Kb largest_free_block=49351424

Compilation events (10 events):
Event: 4.462 Thread 0x00007fb0e40b4800  162             java.lang.CharacterDataLatin1::toUpperCase (53 bytes)
Event: 4.463 Thread 0x00007fb0e40b4800 nmethod 162 0x00007fb0e0ac1550 code [0x00007fb0e0ac1680, 0x00007fb0e0ac1758]
Event: 4.525 Thread 0x00007fb0e40b1800  163             java.lang.Number::<init> (5 bytes)
Event: 4.526 Thread 0x00007fb0e40b1800 nmethod 163 0x00007fb0e0acbd50 code [0x00007fb0e0acbe80, 0x00007fb0e0acbed8]
Event: 4.698 Thread 0x00007fb0e40b4800  164             java.net.URL::getPath (5 bytes)
Event: 4.698 Thread 0x00007fb0e40b4800 nmethod 164 0x00007fb0e0accf10 code [0x00007fb0e0acd040, 0x00007fb0e0acd098]
Event: 4.706 Thread 0x00007fb0e40b1800  165             java.net.URL::getAuthority (5 bytes)
Event: 4.707 Thread 0x00007fb0e40b1800 nmethod 165 0x00007fb0e0accd10 code [0x00007fb0e0acce40, 0x00007fb0e0acce98]
Event: 4.778 Thread 0x00007fb0e40b4800  166             java.net.URL::getRef (5 bytes)
Event: 4.778 Thread 0x00007fb0e40b4800 nmethod 166 0x00007fb0e0acc910 code [0x00007fb0e0acca40, 0x00007fb0e0acca98]

GC Heap History (4 events):
Event: 2.714 GC heap before
{Heap before GC invocations=1 (full 0):
 PSYoungGen      total 14336K, used 12800K [0x00000000f0900000, 0x00000000f1880000, 0x0000000100000000)
  eden space 12800K, 100% used [0x00000000f0900000,0x00000000f1580000,0x00000000f1580000)
  from space 1536K, 0% used [0x00000000f1700000,0x00000000f1700000,0x00000000f1880000)
  to   space 1536K, 0% used [0x00000000f1580000,0x00000000f1580000,0x00000000f1700000)
 ParOldGen       total 31232K, used 0K [0x00000000d1c00000, 0x00000000d3a80000, 0x00000000f0900000)
  object space 31232K, 0% used [0x00000000d1c00000,0x00000000d1c00000,0x00000000d3a80000)
 PSPermGen       total 21504K, used 7743K [0x00000000c7600000, 0x00000000c8b00000, 0x00000000d1c00000)
  object space 21504K, 36% used [0x00000000c7600000,0x00000000c7d8ff68,0x00000000c8b00000)
Event: 2.746 GC heap after
Heap after GC invocations=1 (full 0):
 PSYoungGen      total 14336K, used 1506K [0x00000000f0900000, 0x00000000f2500000, 0x0000000100000000)
  eden space 12800K, 0% used [0x00000000f0900000,0x00000000f0900000,0x00000000f1580000)
  from space 1536K, 98% used [0x00000000f1580000,0x00000000f16f8900,0x00000000f1700000)
  to   space 1536K, 0% used [0x00000000f2380000,0x00000000f2380000,0x00000000f2500000)
 ParOldGen       total 31232K, used 1039K [0x00000000d1c00000, 0x00000000d3a80000, 0x00000000f0900000)
  object space 31232K, 3% used [0x00000000d1c00000,0x00000000d1d03e20,0x00000000d3a80000)
 PSPermGen       total 21504K, used 7743K [0x00000000c7600000, 0x00000000c8b00000, 0x00000000d1c00000)
  object space 21504K, 36% used [0x00000000c7600000,0x00000000c7d8ff68,0x00000000c8b00000)
}
Event: 3.558 GC heap before
{Heap before GC invocations=2 (full 0):
 PSYoungGen      total 14336K, used 14306K [0x00000000f0900000, 0x00000000f2500000, 0x0000000100000000)
  eden space 12800K, 100% used [0x00000000f0900000,0x00000000f1580000,0x00000000f1580000)
  from space 1536K, 98% used [0x00000000f1580000,0x00000000f16f8900,0x00000000f1700000)
  to   space 1536K, 0% used [0x00000000f2380000,0x00000000f2380000,0x00000000f2500000)
 ParOldGen       total 31232K, used 1039K [0x00000000d1c00000, 0x00000000d3a80000, 0x00000000f0900000)
  object space 31232K, 3% used [0x00000000d1c00000,0x00000000d1d03e20,0x00000000d3a80000)
 PSPermGen       total 21504K, used 8316K [0x00000000c7600000, 0x00000000c8b00000, 0x00000000d1c00000)
  object space 21504K, 38% used [0x00000000c7600000,0x00000000c7e1f078,0x00000000c8b00000)
Event: 3.595 GC heap after
Heap after GC invocations=2 (full 0):
 PSYoungGen      total 27136K, used 1522K [0x00000000f0900000, 0x00000000f2500000, 0x0000000100000000)
  eden space 25600K, 0% used [0x00000000f0900000,0x00000000f0900000,0x00000000f2200000)
  from space 1536K, 99% used [0x00000000f2380000,0x00000000f24fc8d0,0x00000000f2500000)
  to   space 1536K, 0% used [0x00000000f2200000,0x00000000f2200000,0x00000000f2380000)
 ParOldGen       total 31232K, used 1515K [0x00000000d1c00000, 0x00000000d3a80000, 0x00000000f0900000)
  object space 31232K, 4% used [0x00000000d1c00000,0x00000000d1d7af00,0x00000000d3a80000)
 PSPermGen       total 21504K, used 8316K [0x00000000c7600000, 0x00000000c8b00000, 0x00000000d1c00000)
  object space 21504K, 38% used [0x00000000c7600000,0x00000000c7e1f078,0x00000000c8b00000)
}

Deoptimization events (10 events):
Event: 2.986 Thread 0x00007fb0e43ab800 Uncommon trap: reason=class_check action=maybe_recompile pc=0x00007fb0e0a47d28 method=java.lang.String.equals(Ljava/lang/Object;)Z @ 8
Event: 2.988 Thread 0x00007fb0e43ab800 Uncommon trap: reason=class_check action=maybe_recompile pc=0x00007fb0e0a47d28 method=java.lang.String.equals(Ljava/lang/Object;)Z @ 8
Event: 2.988 Thread 0x00007fb0e43ab800 Uncommon trap: reason=class_check action=maybe_recompile pc=0x00007fb0e0a47d28 method=java.lang.String.equals(Ljava/lang/Object;)Z @ 8
Event: 2.991 Thread 0x00007fb0e43ab800 Uncommon trap: reason=class_check action=maybe_recompile pc=0x00007fb0e0a47d28 method=java.lang.String.equals(Ljava/lang/Object;)Z @ 8
Event: 4.059 Thread 0x00007fb0e400e800 Uncommon trap: reason=null_check action=make_not_entrant pc=0x00007fb0e0a5d668 method=java.lang.String.equals(Ljava/lang/Object;)Z @ 8
Event: 4.112 Thread 0x00007fb0e400e800 Uncommon trap: reason=unreached action=reinterpret pc=0x00007fb0e0ab8490 method=sun.misc.URLClassPath$JarLoader.ensureOpen()V @ 4
Event: 4.367 Thread 0x00007fb0e400e800 Uncommon trap: reason=bimorphic action=maybe_recompile pc=0x00007fb0e0a9df94 method=java.lang.String.valueOf(Ljava/lang/Object;)Ljava/lang/String; @ 10
Event: 4.367 Thread 0x00007fb0e400e800 Uncommon trap: reason=bimorphic action=maybe_recompile pc=0x00007fb0e0a9df94 method=java.lang.String.valueOf(Ljava/lang/Object;)Ljava/lang/String; @ 10
Event: 4.367 Thread 0x00007fb0e400e800 Uncommon trap: reason=bimorphic action=maybe_recompile pc=0x00007fb0e0a9df94 method=java.lang.String.valueOf(Ljava/lang/Object;)Ljava/lang/String; @ 10
Event: 4.367 Thread 0x00007fb0e400e800 Uncommon trap: reason=bimorphic action=maybe_recompile pc=0x00007fb0e0a9df94 method=java.lang.String.valueOf(Ljava/lang/Object;)Ljava/lang/String; @ 10

Internal exceptions (10 events):
Event: 4.751 Thread 0x00007fb0e400e800 Threw 0x00000000f1b93810 at /build/buildd/openjdk-7-7u51-2.4.4/build/openjdk/hotspot/src/share/vm/prims/jvm.cpp:1244
Event: 4.752 Thread 0x00007fb0e400e800 Threw 0x00000000f1b97020 at /build/buildd/openjdk-7-7u51-2.4.4/build/openjdk/hotspot/src/share/vm/prims/jvm.cpp:1244
Event: 4.763 Thread 0x00007fb0e400e800 Threw 0x00000000f1b9b4c8 at /build/buildd/openjdk-7-7u51-2.4.4/build/openjdk/hotspot/src/share/vm/prims/jvm.cpp:1244
Event: 4.765 Thread 0x00007fb0e400e800 Threw 0x00000000f1b9f7e8 at /build/buildd/openjdk-7-7u51-2.4.4/build/openjdk/hotspot/src/share/vm/prims/jvm.cpp:1244
Event: 4.769 Thread 0x00007fb0e400e800 Threw 0x00000000f1ba3ee8 at /build/buildd/openjdk-7-7u51-2.4.4/build/openjdk/hotspot/src/share/vm/prims/jvm.cpp:1244
Event: 4.774 Thread 0x00007fb0e400e800 Threw 0x00000000f1ba80f0 at /build/buildd/openjdk-7-7u51-2.4.4/build/openjdk/hotspot/src/share/vm/prims/jvm.cpp:1244
Event: 4.777 Thread 0x00007fb0e400e800 Threw 0x00000000f1bac7a8 at /build/buildd/openjdk-7-7u51-2.4.4/build/openjdk/hotspot/src/share/vm/prims/jvm.cpp:1244
Event: 4.781 Thread 0x00007fb0e400e800 Threw 0x00000000f1bb0408 at /build/buildd/openjdk-7-7u51-2.4.4/build/openjdk/hotspot/src/share/vm/prims/jvm.cpp:1244
Event: 4.783 Thread 0x00007fb0e400e800 Threw 0x00000000f1bb4ca0 at /build/buildd/openjdk-7-7u51-2.4.4/build/openjdk/hotspot/src/share/vm/prims/jvm.cpp:1244
Event: 4.830 Thread 0x00007fb0e400e800 Threw 0x00000000f1bbd160 at /build/buildd/openjdk-7-7u51-2.4.4/build/openjdk/hotspot/src/share/vm/prims/jvm.cpp:1244

Events (10 events):
Event: 4.781 loading class 0x00007fb0e43bc070
Event: 4.781 loading class 0x00007fb0e43bc070 done
Event: 4.783 loading class 0x00007fb0e43a8050
Event: 4.783 loading class 0x00007fb0e43a8050 done
Event: 4.785 loading class 0x00007fb0de7a75c0
Event: 4.785 loading class 0x00007fb0de7a75c0 done
Event: 4.785 loading class 0x00007fb0de7b6620
Event: 4.785 loading class 0x00007fb0de7b6620 done
Event: 4.830 loading class 0x0000000001fc6ef0
Event: 4.830 loading class 0x0000000001fc6ef0 done


Dynamic libraries:
00400000-00401000 r-xp 00000000 08:01 415609                             /usr/lib/jvm/java-7-openjdk-amd64/jre/bin/java
00600000-00601000 r--p 00000000 08:01 415609                             /usr/lib/jvm/java-7-openjdk-amd64/jre/bin/java
00601000-00602000 rw-p 00001000 08:01 415609                             /usr/lib/jvm/java-7-openjdk-amd64/jre/bin/java
01fb2000-02017000 rw-p 00000000 00:00 0                                  [heap]
c7600000-c8b00000 rw-p 00000000 00:00 0 
c8b00000-d1c00000 rw-p 00000000 00:00 0 
d1c00000-d3a80000 rw-p 00000000 00:00 0 
d3a80000-f0900000 rw-p 00000000 00:00 0 
f0900000-f2500000 rw-p 00000000 00:00 0 
f2500000-100000000 rw-p 00000000 00:00 0 
7fb0a0000000-7fb0a0060000 rw-p 00000000 00:00 0 
7fb0a0060000-7fb0a4000000 ---p 00000000 00:00 0 
7fb0a4938000-7fb0a4a0c000 r-xp 00000000 08:01 943068                     /usr/local/lib/libsoplex.so
7fb0a4a0c000-7fb0a4c0c000 ---p 000d4000 08:01 943068                     /usr/local/lib/libsoplex.so
7fb0a4c0c000-7fb0a4c0f000 r--p 000d4000 08:01 943068                     /usr/local/lib/libsoplex.so
7fb0a4c0f000-7fb0a4c11000 rw-p 000d7000 08:01 943068                     /usr/local/lib/libsoplex.so
7fb0a4c11000-7fb0a4c1d000 r-xp 00000000 08:01 941330                     /usr/local/lib/libprim.so.0.0.0
7fb0a4c1d000-7fb0a4e1c000 ---p 0000c000 08:01 941330                     /usr/local/lib/libprim.so.0.0.0
7fb0a4e1c000-7fb0a4e1d000 r--p 0000b000 08:01 941330                     /usr/local/lib/libprim.so.0.0.0
7fb0a4e1d000-7fb0a4e1e000 rw-p 0000c000 08:01 941330                     /usr/local/lib/libprim.so.0.0.0
7fb0a4e1e000-7fb0a4f72000 r-xp 00000000 08:01 943104                     /usr/local/lib/libibex.so
7fb0a4f72000-7fb0a5171000 ---p 00154000 08:01 943104                     /usr/local/lib/libibex.so
7fb0a5171000-7fb0a5179000 r--p 00153000 08:01 943104                     /usr/local/lib/libibex.so
7fb0a5179000-7fb0a517b000 rw-p 0015b000 08:01 943104                     /usr/local/lib/libibex.so
7fb0a517b000-7fb0a517c000 rw-p 00000000 00:00 0 
7fb0a517c000-7fb0a5183000 r-xp 00000000 08:01 943105                     /usr/local/lib/libibex-java.so
7fb0a5183000-7fb0a5382000 ---p 00007000 08:01 943105                     /usr/local/lib/libibex-java.so
7fb0a5382000-7fb0a5383000 r--p 00006000 08:01 943105                     /usr/local/lib/libibex-java.so
7fb0a5383000-7fb0a5384000 rw-p 00007000 08:01 943105                     /usr/local/lib/libibex-java.so
7fb0a5384000-7fb0a5394000 r-xp 00000000 08:01 543078                     /usr/lib/jvm/java-7-openjdk-amd64/jre/lib/amd64/libnio.so
7fb0a5394000-7fb0a5593000 ---p 00010000 08:01 543078                     /usr/lib/jvm/java-7-openjdk-amd64/jre/lib/amd64/libnio.so
7fb0a5593000-7fb0a5594000 r--p 0000f000 08:01 543078                     /usr/lib/jvm/java-7-openjdk-amd64/jre/lib/amd64/libnio.so
7fb0a5594000-7fb0a5595000 rw-p 00010000 08:01 543078                     /usr/lib/jvm/java-7-openjdk-amd64/jre/lib/amd64/libnio.so
7fb0a5595000-7fb0a5598000 ---p 00000000 00:00 0 
7fb0a5598000-7fb0a5696000 rw-p 00000000 00:00 0 
7fb0a5696000-7fb0a5699000 ---p 00000000 00:00 0 
7fb0a5699000-7fb0a5797000 rw-p 00000000 00:00 0 
7fb0a5797000-7fb0a579a000 ---p 00000000 00:00 0 
7fb0a579a000-7fb0a5898000 rw-p 00000000 00:00 0 
7fb0a5898000-7fb0a589b000 ---p 00000000 00:00 0 
7fb0a589b000-7fb0a5999000 rw-p 00000000 00:00 0 
7fb0a5999000-7fb0a599c000 ---p 00000000 00:00 0 
7fb0a599c000-7fb0a5a9a000 rw-p 00000000 00:00 0 
7fb0a5a9a000-7fb0a5a9d000 ---p 00000000 00:00 0 
7fb0a5a9d000-7fb0a5b9b000 rw-p 00000000 00:00 0 
7fb0a5b9b000-7fb0a5b9e000 ---p 00000000 00:00 0 
7fb0a5b9e000-7fb0a5c9c000 rw-p 00000000 00:00 0 
7fb0a5c9c000-7fb0a5c9f000 ---p 00000000 00:00 0 
7fb0a5c9f000-7fb0a5d9d000 rw-p 00000000 00:00 0 
7fb0a5d9d000-7fb0a5da0000 ---p 00000000 00:00 0 
7fb0a5da0000-7fb0a5e9e000 rw-p 00000000 00:00 0                          [stack:2197]
7fb0a5e9e000-7fb0a5ea5000 r-xp 00000000 08:01 410803                     /lib/x86_64-linux-gnu/libnss_dns-2.15.so
7fb0a5ea5000-7fb0a60a4000 ---p 00007000 08:01 410803                     /lib/x86_64-linux-gnu/libnss_dns-2.15.so
7fb0a60a4000-7fb0a60a5000 r--p 00006000 08:01 410803                     /lib/x86_64-linux-gnu/libnss_dns-2.15.so
7fb0a60a5000-7fb0a60a6000 rw-p 00007000 08:01 410803                     /lib/x86_64-linux-gnu/libnss_dns-2.15.so
7fb0a60a6000-7fb0a60a8000 r-xp 00000000 08:01 393271                     /lib/libnss_mdns4_minimal.so.2
7fb0a60a8000-7fb0a62a7000 ---p 00002000 08:01 393271                     /lib/libnss_mdns4_minimal.so.2
7fb0a62a7000-7fb0a62a8000 r--p 00001000 08:01 393271                     /lib/libnss_mdns4_minimal.so.2
7fb0a62a8000-7fb0a62a9000 rw-p 00002000 08:01 393271                     /lib/libnss_mdns4_minimal.so.2
7fb0a62a9000-7fb0a6314000 r-xp 00000000 08:01 1079405                    /usr/lib/x86_64-linux-gnu/nss/libfreebl3.so
7fb0a6314000-7fb0a6513000 ---p 0006b000 08:01 1079405                    /usr/lib/x86_64-linux-gnu/nss/libfreebl3.so
7fb0a6513000-7fb0a6515000 r--p 0006a000 08:01 1079405                    /usr/lib/x86_64-linux-gnu/nss/libfreebl3.so
7fb0a6515000-7fb0a6516000 rw-p 0006c000 08:01 1079405                    /usr/lib/x86_64-linux-gnu/nss/libfreebl3.so
7fb0a6516000-7fb0a651a000 rw-p 00000000 00:00 0 
7fb0a651a000-7fb0a65b8000 r-xp 00000000 08:01 926524                     /usr/lib/x86_64-linux-gnu/libsqlite3.so.0.8.6
7fb0a65b8000-7fb0a67b8000 ---p 0009e000 08:01 926524                     /usr/lib/x86_64-linux-gnu/libsqlite3.so.0.8.6
7fb0a67b8000-7fb0a67ba000 r--p 0009e000 08:01 926524                     /usr/lib/x86_64-linux-gnu/libsqlite3.so.0.8.6
7fb0a67ba000-7fb0a67bc000 rw-p 000a0000 08:01 926524                     /usr/lib/x86_64-linux-gnu/libsqlite3.so.0.8.6
7fb0a67bc000-7fb0a67bd000 rw-p 00000000 00:00 0 
7fb0a67bd000-7fb0a67f5000 r-xp 00000000 08:01 1079403                    /usr/lib/x86_64-linux-gnu/nss/libsoftokn3.so
7fb0a67f5000-7fb0a69f4000 ---p 00038000 08:01 1079403                    /usr/lib/x86_64-linux-gnu/nss/libsoftokn3.so
7fb0a69f4000-7fb0a69f6000 r--p 00037000 08:01 1079403                    /usr/lib/x86_64-linux-gnu/nss/libsoftokn3.so
7fb0a69f6000-7fb0a69f7000 rw-p 00039000 08:01 1079403                    /usr/lib/x86_64-linux-gnu/nss/libsoftokn3.so
7fb0a69f7000-7fb0a6a31000 r-xp 00000000 08:01 942241                     /usr/lib/x86_64-linux-gnu/libnspr4.so
7fb0a6a31000-7fb0a6c31000 ---p 0003a000 08:01 942241                     /usr/lib/x86_64-linux-gnu/libnspr4.so
7fb0a6c31000-7fb0a6c32000 r--p 0003a000 08:01 942241                     /usr/lib/x86_64-linux-gnu/libnspr4.so
7fb0a6c32000-7fb0a6c34000 rw-p 0003b000 08:01 942241                     /usr/lib/x86_64-linux-gnu/libnspr4.so
7fb0a6c34000-7fb0a6c36000 rw-p 00000000 00:00 0 
7fb0a6c36000-7fb0a6c39000 r-xp 00000000 08:01 942242                     /usr/lib/x86_64-linux-gnu/libplds4.so
7fb0a6c39000-7fb0a6e38000 ---p 00003000 08:01 942242                     /usr/lib/x86_64-linux-gnu/libplds4.so
7fb0a6e38000-7fb0a6e39000 r--p 00002000 08:01 942242                     /usr/lib/x86_64-linux-gnu/libplds4.so
7fb0a6e39000-7fb0a6e3a000 rw-p 00003000 08:01 942242                     /usr/lib/x86_64-linux-gnu/libplds4.so
7fb0a6e3a000-7fb0a6e3e000 r-xp 00000000 08:01 942240                     /usr/lib/x86_64-linux-gnu/libplc4.so
7fb0a6e3e000-7fb0a703d000 ---p 00004000 08:01 942240                     /usr/lib/x86_64-linux-gnu/libplc4.so
7fb0a703d000-7fb0a703e000 r--p 00003000 08:01 942240                     /usr/lib/x86_64-linux-gnu/libplc4.so
7fb0a703e000-7fb0a703f000 rw-p 00004000 08:01 942240                     /usr/lib/x86_64-linux-gnu/libplc4.so
7fb0a703f000-7fb0a7060000 r-xp 00000000 08:01 921274                     /usr/lib/x86_64-linux-gnu/libnssutil3.so
7fb0a7060000-7fb0a725f000 ---p 00021000 08:01 921274                     /usr/lib/x86_64-linux-gnu/libnssutil3.so
7fb0a725f000-7fb0a7265000 r--p 00020000 08:01 921274                     /usr/lib/x86_64-linux-gnu/libnssutil3.so
7fb0a7265000-7fb0a7266000 rw-p 00026000 08:01 921274                     /usr/lib/x86_64-linux-gnu/libnssutil3.so
7fb0a7266000-7fb0a7366000 r-xp 00000000 08:01 921275                     /usr/lib/x86_64-linux-gnu/libnss3.so
7fb0a7366000-7fb0a7566000 ---p 00100000 08:01 921275                     /usr/lib/x86_64-linux-gnu/libnss3.so
7fb0a7566000-7fb0a756b000 r--p 00100000 08:01 921275                     /usr/lib/x86_64-linux-gnu/libnss3.so
7fb0a756b000-7fb0a756e000 rw-p 00105000 08:01 921275                     /usr/lib/x86_64-linux-gnu/libnss3.so
7fb0a756e000-7fb0a756f000 rw-p 00000000 00:00 0 
7fb0a756f000-7fb0a757f000 r-xp 00000000 08:01 543083                     /usr/lib/jvm/java-7-openjdk-amd64/jre/lib/amd64/libj2pkcs11.so
7fb0a757f000-7fb0a777e000 ---p 00010000 08:01 543083                     /usr/lib/jvm/java-7-openjdk-amd64/jre/lib/amd64/libj2pkcs11.so
7fb0a777e000-7fb0a777f000 r--p 0000f000 08:01 543083                     /usr/lib/jvm/java-7-openjdk-amd64/jre/lib/amd64/libj2pkcs11.so
7fb0a777f000-7fb0a7780000 rw-p 00010000 08:01 543083                     /usr/lib/jvm/java-7-openjdk-amd64/jre/lib/amd64/libj2pkcs11.so
7fb0a7780000-7fb0a77bc000 r-xp 00000000 08:01 397433                     /lib/x86_64-linux-gnu/libpcre.so.3.12.1
7fb0a77bc000-7fb0a79bb000 ---p 0003c000 08:01 397433                     /lib/x86_64-linux-gnu/libpcre.so.3.12.1
7fb0a79bb000-7fb0a79bc000 r--p 0003b000 08:01 397433                     /lib/x86_64-linux-gnu/libpcre.so.3.12.1
7fb0a79bc000-7fb0a79bd000 rw-p 0003c000 08:01 397433                     /lib/x86_64-linux-gnu/libpcre.so.3.12.1
7fb0a79bd000-7fb0a79c4000 r-xp 00000000 08:01 926184                     /usr/lib/x86_64-linux-gnu/libffi.so.6.0.0
7fb0a79c4000-7fb0a7bc3000 ---p 00007000 08:01 926184                     /usr/lib/x86_64-linux-gnu/libffi.so.6.0.0
7fb0a7bc3000-7fb0a7bc4000 r--p 00006000 08:01 926184                     /usr/lib/x86_64-linux-gnu/libffi.so.6.0.0
7fb0a7bc4000-7fb0a7bc5000 rw-p 00007000 08:01 926184                     /usr/lib/x86_64-linux-gnu/libffi.so.6.0.0
7fb0a7bc5000-7fb0a7bdd000 r-xp 00000000 08:01 410790                     /lib/x86_64-linux-gnu/libresolv-2.15.so
7fb0a7bdd000-7fb0a7ddd000 ---p 00018000 08:01 410790                     /lib/x86_64-linux-gnu/libresolv-2.15.so
7fb0a7ddd000-7fb0a7dde000 r--p 00018000 08:01 410790                     /lib/x86_64-linux-gnu/libresolv-2.15.so
7fb0a7dde000-7fb0a7ddf000 rw-p 00019000 08:01 410790                     /lib/x86_64-linux-gnu/libresolv-2.15.so
7fb0a7ddf000-7fb0a7de1000 rw-p 00000000 00:00 0 
7fb0a7de1000-7fb0a7dfe000 r-xp 00000000 08:01 397448                     /lib/x86_64-linux-gnu/libselinux.so.1
7fb0a7dfe000-7fb0a7ffd000 ---p 0001d000 08:01 397448                     /lib/x86_64-linux-gnu/libselinux.so.1
7fb0a7ffd000-7fb0a7ffe000 r--p 0001c000 08:01 397448                     /lib/x86_64-linux-gnu/libselinux.so.1
7fb0a7ffe000-7fb0a7fff000 rw-p 0001d000 08:01 397448                     /lib/x86_64-linux-gnu/libselinux.so.1
7fb0a7fff000-7fb0a8000000 rw-p 00000000 00:00 0 
7fb0a8000000-7fb0a802d000 rw-p 00000000 00:00 0 
7fb0a802d000-7fb0ac000000 ---p 00000000 00:00 0 
7fb0ac000000-7fb0ac07a000 rw-p 00000000 00:00 0 
7fb0ac07a000-7fb0b0000000 ---p 00000000 00:00 0 
7fb0b0000000-7fb0b0903000 rw-p 00000000 00:00 0 
7fb0b0903000-7fb0b4000000 ---p 00000000 00:00 0 
7fb0b4000000-7fb0b4305000 rw-p 00000000 00:00 0 
7fb0b4305000-7fb0b8000000 ---p 00000000 00:00 0 
7fb0b8000000-7fb0b8021000 rw-p 00000000 00:00 0 
7fb0b8021000-7fb0bc000000 ---p 00000000 00:00 0 
7fb0bc000000-7fb0bc021000 rw-p 00000000 00:00 0 
7fb0bc021000-7fb0c0000000 ---p 00000000 00:00 0 
7fb0c0000000-7fb0c0021000 rw-p 00000000 00:00 0 
7fb0c0021000-7fb0c4000000 ---p 00000000 00:00 0 
7fb0c4000000-7fb0c4021000 rw-p 00000000 00:00 0 
7fb0c4021000-7fb0c8000000 ---p 00000000 00:00 0 
7fb0c8000000-7fb0c8021000 rw-p 00000000 00:00 0 
7fb0c8021000-7fb0cc000000 ---p 00000000 00:00 0 
7fb0cc000000-7fb0cc021000 rw-p 00000000 00:00 0 
7fb0cc021000-7fb0d0000000 ---p 00000000 00:00 0 
7fb0d0000000-7fb0d0021000 rw-p 00000000 00:00 0 
7fb0d0021000-7fb0d4000000 ---p 00000000 00:00 0 
7fb0d4000000-7fb0d4021000 rw-p 00000000 00:00 0 
7fb0d4021000-7fb0d8000000 ---p 00000000 00:00 0 
7fb0d8000000-7fb0d8021000 rw-p 00000000 00:00 0 
7fb0d8021000-7fb0dc000000 ---p 00000000 00:00 0 
7fb0dc0aa000-7fb0dc0db000 rw-p 00000000 00:00 0 
7fb0dc0db000-7fb0dc0de000 r-xp 00000000 08:01 917882                     /usr/lib/x86_64-linux-gnu/libgmodule-2.0.so.0.3200.4
7fb0dc0de000-7fb0dc2dd000 ---p 00003000 08:01 917882                     /usr/lib/x86_64-linux-gnu/libgmodule-2.0.so.0.3200.4
7fb0dc2dd000-7fb0dc2de000 r--p 00002000 08:01 917882                     /usr/lib/x86_64-linux-gnu/libgmodule-2.0.so.0.3200.4
7fb0dc2de000-7fb0dc2df000 rw-p 00003000 08:01 917882                     /usr/lib/x86_64-linux-gnu/libgmodule-2.0.so.0.3200.4
7fb0dc2df000-7fb0dc3d1000 r-xp 00000000 08:01 408312                     /lib/x86_64-linux-gnu/libglib-2.0.so.0.3200.4
7fb0dc3d1000-7fb0dc5d1000 ---p 000f2000 08:01 408312                     /lib/x86_64-linux-gnu/libglib-2.0.so.0.3200.4
7fb0dc5d1000-7fb0dc5d2000 r--p 000f2000 08:01 408312                     /lib/x86_64-linux-gnu/libglib-2.0.so.0.3200.4
7fb0dc5d2000-7fb0dc5d3000 rw-p 000f3000 08:01 408312                     /lib/x86_64-linux-gnu/libglib-2.0.so.0.3200.4
7fb0dc5d3000-7fb0dc5d4000 rw-p 00000000 00:00 0 
7fb0dc5d4000-7fb0dc621000 r-xp 00000000 08:01 919206                     /usr/lib/x86_64-linux-gnu/libgobject-2.0.so.0.3200.4
7fb0dc621000-7fb0dc821000 ---p 0004d000 08:01 919206                     /usr/lib/x86_64-linux-gnu/libgobject-2.0.so.0.3200.4
7fb0dc821000-7fb0dc822000 r--p 0004d000 08:01 919206                     /usr/lib/x86_64-linux-gnu/libgobject-2.0.so.0.3200.4
7fb0dc822000-7fb0dc823000 rw-p 0004e000 08:01 919206                     /usr/lib/x86_64-linux-gnu/libgobject-2.0.so.0.3200.4
7fb0dc823000-7fb0dc96b000 r-xp 00000000 08:01 919205                     /usr/lib/x86_64-linux-gnu/libgio-2.0.so.0.3200.4
7fb0dc96b000-7fb0dcb6a000 ---p 00148000 08:01 919205                     /usr/lib/x86_64-linux-gnu/libgio-2.0.so.0.3200.4
7fb0dcb6a000-7fb0dcb6e000 r--p 00147000 08:01 919205                     /usr/lib/x86_64-linux-gnu/libgio-2.0.so.0.3200.4
7fb0dcb6e000-7fb0dcb70000 rw-p 0014b000 08:01 919205                     /usr/lib/x86_64-linux-gnu/libgio-2.0.so.0.3200.4
7fb0dcb70000-7fb0dcb72000 rw-p 00000000 00:00 0 
7fb0dcb79000-7fb0dcb83000 r--s 000b8000 08:01 543019                     /usr/lib/jvm/java-7-openjdk-amd64/jre/lib/resources.jar
7fb0dcb83000-7fb0dcb99000 r-xp 00000000 08:01 543070                     /usr/lib/jvm/java-7-openjdk-amd64/jre/lib/amd64/libnet.so
7fb0dcb99000-7fb0dcd99000 ---p 00016000 08:01 543070                     /usr/lib/jvm/java-7-openjdk-amd64/jre/lib/amd64/libnet.so
7fb0dcd99000-7fb0dcd9a000 r--p 00016000 08:01 543070                     /usr/lib/jvm/java-7-openjdk-amd64/jre/lib/amd64/libnet.so
7fb0dcd9a000-7fb0dcd9b000 rw-p 00017000 08:01 543070                     /usr/lib/jvm/java-7-openjdk-amd64/jre/lib/amd64/libnet.so
7fb0dcd9b000-7fb0dcd9e000 r--s 00013000 08:01 1079103                    /home/galic1987/.m2/repository/net/sf/ezmorph/ezmorph/1.0.6/ezmorph-1.0.6.jar
7fb0dcd9e000-7fb0dcda0000 r--s 0000d000 08:01 1079102                    /home/galic1987/.m2/repository/commons-logging/commons-logging/1.1.1/commons-logging-1.1.1.jar
7fb0dcda0000-7fb0dcda3000 r--s 00017000 08:01 541426                     /usr/lib/jvm/java-7-openjdk-amd64/jre/lib/jce.jar
7fb0dcda3000-7fb0dcda8000 r--s 0004c000 08:01 543037                     /usr/lib/jvm/java-7-openjdk-amd64/jre/lib/jsse.jar
7fb0dcda8000-7fb0dcdad000 r--s 00040000 08:01 1079101                    /home/galic1987/.m2/repository/commons-lang/commons-lang/2.5/commons-lang-2.5.jar
7fb0dcdad000-7fb0dcdbb000 r--s 0007f000 08:01 1079100                    /home/galic1987/.m2/repository/commons-collections/commons-collections/3.2.1/commons-collections-3.2.1.jar
7fb0dcdbb000-7fb0dcdc0000 r--s 00034000 08:01 1079099                    /home/galic1987/.m2/repository/commons-beanutils/commons-beanutils/1.8.0/commons-beanutils-1.8.0.jar
7fb0dcdc0000-7fb0dcdc3000 r--s 00024000 08:01 1079098                    /home/galic1987/.m2/repository/net/sf/json-lib/json-lib/2.4/json-lib-2.4-jdk15.jar
7fb0dcdc3000-7fb0dcdc9000 r--s 00033000 08:01 1079097                    /home/galic1987/.m2/repository/commons-codec/commons-codec/1.6/commons-codec-1.6.jar
7fb0dcdc9000-7fb0dcdcf000 r--s 00032000 08:01 665413                     /home/galic1987/.m2/repository/org/apache/httpcomponents/httpcore/4.2.4/httpcore-4.2.4.jar
7fb0dcdcf000-7fb0dcdd8000 r--s 00061000 08:01 665412                     /home/galic1987/.m2/repository/org/apache/httpcomponents/httpclient/4.2.5/httpclient-4.2.5.jar
7fb0dcdd8000-7fb0dcdda000 r--s 00005000 08:01 1079446                    /home/galic1987/.m2/repository/org/slf4j/slf4j-api/1.7.5/slf4j-api-1.7.5.jar
7fb0dcdda000-7fb0dcddb000 r--s 00002000 08:01 1079096                    /home/galic1987/.m2/repository/de/taimos/httputils/1.2.0/httputils-1.2.0.jar
7fb0dcddb000-7fb0dcdfc000 r--s 0015a000 08:01 15334                      /home/galic1987/.m2/repository/bouncycastle/bcprov-jdk14/138/bcprov-jdk14-138.jar
7fb0dcdfc000-7fb0dce00000 r--s 0002b000 08:01 15329                      /home/galic1987/.m2/repository/bouncycastle/bcmail-jdk14/138/bcmail-jdk14-138.jar
7fb0dce00000-7fb0dce0c000 r--s 00105000 08:01 1079318                    /home/galic1987/.m2/repository/com/lowagie/itext/2.1.5/itext-2.1.5.jar
7fb0dce0c000-7fb0dce14000 r--s 00028000 08:01 15300                      /home/galic1987/.m2/repository/xml-apis/xml-apis/1.3.04/xml-apis-1.3.04.jar
7fb0dce14000-7fb0dce1d000 r--s 00073000 08:01 15289                      /home/galic1987/.m2/repository/org/jfree/jcommon/1.0.17/jcommon-1.0.17.jar
7fb0dce1d000-7fb0dce2d000 r--s 00155000 08:01 15285                      /home/galic1987/.m2/repository/org/jfree/jfreechart/1.0.14/jfreechart-1.0.14.jar
7fb0dce2d000-7fb0dce33000 r--s 00059000 08:01 16065                      /home/galic1987/.m2/repository/org/cojen/cojen/2.2.3/cojen-2.2.3.jar
7fb0dce33000-7fb0dce3b000 r--s 000c7000 08:01 15180                      /home/galic1987/.m2/repository/mysql/mysql-connector-java/5.1.24/mysql-connector-java-5.1.24.jar
7fb0dce3b000-7fb0dce3f000 r--s 00036000 08:01 15179                      /home/galic1987/.m2/repository/org/antlr/ST4/4.0.7/ST4-4.0.7.jar
7fb0dce3f000-7fb0dce44000 r--s 00068000 08:01 15178                      /home/galic1987/.m2/repository/antlr/antlr/2.7.7/antlr-2.7.7.jar
7fb0dce44000-7fb0dce47000 r--s 00022000 08:01 15177                      /home/galic1987/.m2/repository/org/antlr/stringtemplate/3.2.1/stringtemplate-3.2.1.jar
7fb0dce47000-7fb0dce4a000 r--s 00026000 08:01 15176                      /home/galic1987/.m2/repository/org/antlr/antlr-runtime/3.5/antlr-runtime-3.5.jar
7fb0dce4a000-7fb0dce4c000 r--s 00005000 08:01 15120                      /home/galic1987/.m2/repository/org/abego/treelayout/org.abego.treelayout.core/1.0.1/org.abego.treelayout.core-1.0.1.jar
7fb0dce4c000-7fb0dce51000 r--s 00037000 08:01 14872                      /home/galic1987/.m2/repository/org/antlr/antlr4-runtime/4.0/antlr4-runtime-4.0.jar
7fb0dce51000-7fb0dce5c000 r--s 0008c000 08:01 14586                      /home/galic1987/.m2/repository/org/antlr/antlr4/4.0/antlr4-4.0.jar
7fb0dce5c000-7fb0dce5d000 r--s 00000000 08:01 943243                     /usr/local/share/java/solver.constraints.real.jar
7fb0dce5d000-7fb0dce5f000 r--s 00007000 08:01 14528                      /home/galic1987/.m2/repository/org/objenesis/objenesis/1.2/objenesis-1.2.jar
7fb0dce5f000-7fb0dce65000 r--s 00049000 08:01 14527                      /home/galic1987/.m2/repository/cglib/cglib-nodep/2.2/cglib-nodep-2.2.jar
7fb0dce65000-7fb0dce68000 r--s 00019000 08:01 14526                      /home/galic1987/.m2/repository/org/easymock/easymock/3.0/easymock-3.0.jar
7fb0dce68000-7fb0dce70000 r--s 00032000 08:01 1079072                    /home/galic1987/.m2/repository/jgrapht/jgrapht/0.8.1/jgrapht-0.8.1.jar
7fb0dce70000-7fb0dce74000 r--s 00026000 08:01 1079071                    /home/galic1987/.m2/repository/dk/brics/automaton/1.11-2/automaton-1.11-2.jar
7fb0dce74000-7fb0dce76000 r--s 0000a000 08:01 1079095                    /home/galic1987/.m2/repository/args4j/args4j/2.0.12/args4j-2.0.12.jar
7fb0dce76000-7fb0dce7c000 r--s 00035000 08:01 1079094                    /home/galic1987/.m2/repository/ch/qos/logback/logback-classic/0.9.24/logback-classic-0.9.24.jar
7fb0dce7c000-7fb0dce84000 r--s 00042000 08:01 1079093                    /home/galic1987/.m2/repository/ch/qos/logback/logback-core/0.9.24/logback-core-0.9.24.jar
7fb0dce84000-7fb0dce86000 r--s 00005000 08:01 1079092                    /home/galic1987/.m2/repository/org/slf4j/slf4j-api/1.6.1/slf4j-api-1.6.1.jar
7fb0dce86000-7fb0dceae000 r--s 00241000 08:01 1079091                    /home/galic1987/.m2/repository/net/sf/trove4j/trove4j/3.0.3/trove4j-3.0.3.jar
7fb0dceae000-7fb0dceb0000 r--s 00004000 08:01 1079232                    /home/galic1987/.m2/repository/com/beust/jcommander/1.3/jcommander-1.3.jar
7fb0dceb0000-7fb0dcebe000 r--s 00095000 08:01 1079230                    /home/galic1987/.m2/repository/com/google/inject/guice/2.0/guice-2.0.jar
7fb0dcebe000-7fb0dcebf000 ---p 00000000 00:00 0 
7fb0dcebf000-7fb0dcfbf000 rw-p 00000000 00:00 0                          [stack:2195]
7fb0dcfbf000-7fb0dcfc2000 ---p 00000000 00:00 0 
7fb0dcfc2000-7fb0dd0c0000 rw-p 00000000 00:00 0                          [stack:2194]
7fb0dd0c0000-7fb0dd0c3000 ---p 00000000 00:00 0 
7fb0dd0c3000-7fb0dd1c1000 rw-p 00000000 00:00 0                          [stack:2193]
7fb0dd1c1000-7fb0dd1c4000 ---p 00000000 00:00 0 
7fb0dd1c4000-7fb0dd2c2000 rw-p 00000000 00:00 0                          [stack:2192]
7fb0dd2c2000-7fb0dd2c5000 ---p 00000000 00:00 0 
7fb0dd2c5000-7fb0dd3c3000 rw-p 00000000 00:00 0                          [stack:2188]
7fb0dd3c3000-7fb0dd3c6000 ---p 00000000 00:00 0 
7fb0dd3c6000-7fb0dd4c4000 rw-p 00000000 00:00 0                          [stack:2187]
7fb0dd4c4000-7fb0dd4c7000 ---p 00000000 00:00 0 
7fb0dd4c7000-7fb0dd5c5000 rw-p 00000000 00:00 0                          [stack:2186]
7fb0dd5c5000-7fb0dd5c9000 r-xp 00000000 08:01 543066                     /usr/lib/jvm/java-7-openjdk-amd64/jre/lib/amd64/libdt_socket.so
7fb0dd5c9000-7fb0dd7c8000 ---p 00004000 08:01 543066                     /usr/lib/jvm/java-7-openjdk-amd64/jre/lib/amd64/libdt_socket.so
7fb0dd7c8000-7fb0dd7c9000 r--p 00003000 08:01 543066                     /usr/lib/jvm/java-7-openjdk-amd64/jre/lib/amd64/libdt_socket.so
7fb0dd7c9000-7fb0dd7ca000 rw-p 00004000 08:01 543066                     /usr/lib/jvm/java-7-openjdk-amd64/jre/lib/amd64/libdt_socket.so
7fb0dd7ca000-7fb0dd7cd000 ---p 00000000 00:00 0 
7fb0dd7cd000-7fb0dd8cb000 rw-p 00000000 00:00 0                          [stack:2184]
7fb0dd8cb000-7fb0dd8ce000 ---p 00000000 00:00 0 
7fb0dd8ce000-7fb0dd9cc000 rw-p 00000000 00:00 0                          [stack:2183]
7fb0dd9cc000-7fb0dd9cf000 ---p 00000000 00:00 0 
7fb0dd9cf000-7fb0ddacd000 rw-p 00000000 00:00 0                          [stack:2182]
7fb0ddacd000-7fb0ddace000 ---p 00000000 00:00 0 
7fb0ddace000-7fb0de582000 rw-p 00000000 00:00 0                          [stack:2181]
7fb0de582000-7fb0de730000 r--s 01cf4000 08:01 541401                     /usr/lib/jvm/java-7-openjdk-amd64/jre/lib/rt.jar
7fb0de730000-7fb0e0616000 rw-p 00000000 00:00 0 
7fb0e0616000-7fb0e0617000 ---p 00000000 00:00 0 
7fb0e0617000-7fb0e0717000 rw-p 00000000 00:00 0                          [stack:2180]
7fb0e0717000-7fb0e0718000 ---p 00000000 00:00 0 
7fb0e0718000-7fb0e0823000 rw-p 00000000 00:00 0                          [stack:2179]
7fb0e0823000-7fb0e086b000 rw-p 00000000 00:00 0 
7fb0e086b000-7fb0e087b000 rw-p 00000000 00:00 0 
7fb0e087b000-7fb0e0961000 rw-p 00000000 00:00 0 
7fb0e0961000-7fb0e0970000 rw-p 00000000 00:00 0 
7fb0e0970000-7fb0e09dd000 rw-p 00000000 00:00 0 
7fb0e09dd000-7fb0e09de000 rw-p 00000000 00:00 0 
7fb0e09de000-7fb0e0c4e000 rwxp 00000000 00:00 0 
7fb0e0c4e000-7fb0e39de000 rw-p 00000000 00:00 0 
7fb0e39de000-7fb0e39e6000 r-xp 00000000 08:01 543065                     /usr/lib/jvm/java-7-openjdk-amd64/jre/lib/amd64/libzip.so
7fb0e39e6000-7fb0e3be5000 ---p 00008000 08:01 543065                     /usr/lib/jvm/java-7-openjdk-amd64/jre/lib/amd64/libzip.so
7fb0e3be5000-7fb0e3be6000 r--p 00007000 08:01 543065                     /usr/lib/jvm/java-7-openjdk-amd64/jre/lib/amd64/libzip.so
7fb0e3be6000-7fb0e3be7000 rw-p 00008000 08:01 543065                     /usr/lib/jvm/java-7-openjdk-amd64/jre/lib/amd64/libzip.so
7fb0e3be7000-7fb0e3bf3000 r-xp 00000000 08:01 410750                     /lib/x86_64-linux-gnu/libnss_files-2.15.so
7fb0e3bf3000-7fb0e3df2000 ---p 0000c000 08:01 410750                     /lib/x86_64-linux-gnu/libnss_files-2.15.so
7fb0e3df2000-7fb0e3df3000 r--p 0000b000 08:01 410750                     /lib/x86_64-linux-gnu/libnss_files-2.15.so
7fb0e3df3000-7fb0e3df4000 rw-p 0000c000 08:01 410750                     /lib/x86_64-linux-gnu/libnss_files-2.15.so
7fb0e3df4000-7fb0e3dfe000 r-xp 00000000 08:01 410861                     /lib/x86_64-linux-gnu/libnss_nis-2.15.so
7fb0e3dfe000-7fb0e3ffe000 ---p 0000a000 08:01 410861                     /lib/x86_64-linux-gnu/libnss_nis-2.15.so
7fb0e3ffe000-7fb0e3fff000 r--p 0000a000 08:01 410861                     /lib/x86_64-linux-gnu/libnss_nis-2.15.so
7fb0e3fff000-7fb0e4000000 rw-p 0000b000 08:01 410861                     /lib/x86_64-linux-gnu/libnss_nis-2.15.so
7fb0e4000000-7fb0e44e3000 rw-p 00000000 00:00 0 
7fb0e44e3000-7fb0e8000000 ---p 00000000 00:00 0 
7fb0e8000000-7fb0e8002000 r--s 00000000 08:01 1079231                    /home/galic1987/.m2/repository/aopalliance/aopalliance/1.0/aopalliance-1.0.jar
7fb0e8002000-7fb0e8007000 r--s 00040000 08:01 1079229                    /home/galic1987/.m2/repository/org/beanshell/bsh/2.0b4/bsh-2.0b4.jar
7fb0e8007000-7fb0e800f000 r--s 00079000 08:01 1079228                    /home/galic1987/.m2/repository/org/testng/testng/5.13.1/testng-5.13.1.jar
7fb0e800f000-7fb0e8042000 rw-p 00000000 00:00 0 
7fb0e8042000-7fb0e808a000 rw-p 00000000 00:00 0 
7fb0e808a000-7fb0e809a000 rw-p 00000000 00:00 0 
7fb0e809a000-7fb0e8181000 rw-p 00000000 00:00 0 
7fb0e8181000-7fb0e8198000 r-xp 00000000 08:01 412496                     /lib/x86_64-linux-gnu/libnsl-2.15.so
7fb0e8198000-7fb0e8397000 ---p 00017000 08:01 412496                     /lib/x86_64-linux-gnu/libnsl-2.15.so
7fb0e8397000-7fb0e8398000 r--p 00016000 08:01 412496                     /lib/x86_64-linux-gnu/libnsl-2.15.so
7fb0e8398000-7fb0e8399000 rw-p 00017000 08:01 412496                     /lib/x86_64-linux-gnu/libnsl-2.15.so
7fb0e8399000-7fb0e839b000 rw-p 00000000 00:00 0 
7fb0e839b000-7fb0e83a3000 r-xp 00000000 08:01 410722                     /lib/x86_64-linux-gnu/libnss_compat-2.15.so
7fb0e83a3000-7fb0e85a2000 ---p 00008000 08:01 410722                     /lib/x86_64-linux-gnu/libnss_compat-2.15.so
7fb0e85a2000-7fb0e85a3000 r--p 00007000 08:01 410722                     /lib/x86_64-linux-gnu/libnss_compat-2.15.so
7fb0e85a3000-7fb0e85a4000 rw-p 00008000 08:01 410722                     /lib/x86_64-linux-gnu/libnss_compat-2.15.so
7fb0e85a4000-7fb0e8c87000 r--p 00000000 08:01 924466                     /usr/lib/locale/locale-archive
7fb0e8c87000-7fb0e8c8a000 r-xp 00000000 08:01 543093                     /usr/lib/jvm/java-7-openjdk-amd64/jre/lib/amd64/libnpt.so
7fb0e8c8a000-7fb0e8e89000 ---p 00003000 08:01 543093                     /usr/lib/jvm/java-7-openjdk-amd64/jre/lib/amd64/libnpt.so
7fb0e8e89000-7fb0e8e8a000 r--p 00002000 08:01 543093                     /usr/lib/jvm/java-7-openjdk-amd64/jre/lib/amd64/libnpt.so
7fb0e8e8a000-7fb0e8e8b000 rw-p 00003000 08:01 543093                     /usr/lib/jvm/java-7-openjdk-amd64/jre/lib/amd64/libnpt.so
7fb0e8e8b000-7fb0e8ec5000 r-xp 00000000 08:01 543080                     /usr/lib/jvm/java-7-openjdk-amd64/jre/lib/amd64/libjdwp.so
7fb0e8ec5000-7fb0e90c5000 ---p 0003a000 08:01 543080                     /usr/lib/jvm/java-7-openjdk-amd64/jre/lib/amd64/libjdwp.so
7fb0e90c5000-7fb0e90c6000 r--p 0003a000 08:01 543080                     /usr/lib/jvm/java-7-openjdk-amd64/jre/lib/amd64/libjdwp.so
7fb0e90c6000-7fb0e90c7000 rw-p 0003b000 08:01 543080                     /usr/lib/jvm/java-7-openjdk-amd64/jre/lib/amd64/libjdwp.so
7fb0e90c7000-7fb0e90f0000 r-xp 00000000 08:01 543061                     /usr/lib/jvm/java-7-openjdk-amd64/jre/lib/amd64/libjava.so
7fb0e90f0000-7fb0e92ef000 ---p 00029000 08:01 543061                     /usr/lib/jvm/java-7-openjdk-amd64/jre/lib/amd64/libjava.so
7fb0e92ef000-7fb0e92f0000 r--p 00028000 08:01 543061                     /usr/lib/jvm/java-7-openjdk-amd64/jre/lib/amd64/libjava.so
7fb0e92f0000-7fb0e92f2000 rw-p 00029000 08:01 543061                     /usr/lib/jvm/java-7-openjdk-amd64/jre/lib/amd64/libjava.so
7fb0e92f2000-7fb0e9300000 r-xp 00000000 08:01 543092                     /usr/lib/jvm/java-7-openjdk-amd64/jre/lib/amd64/libverify.so
7fb0e9300000-7fb0e94ff000 ---p 0000e000 08:01 543092                     /usr/lib/jvm/java-7-openjdk-amd64/jre/lib/amd64/libverify.so
7fb0e94ff000-7fb0e9501000 r--p 0000d000 08:01 543092                     /usr/lib/jvm/java-7-openjdk-amd64/jre/lib/amd64/libverify.so
7fb0e9501000-7fb0e9502000 rw-p 0000f000 08:01 543092                     /usr/lib/jvm/java-7-openjdk-amd64/jre/lib/amd64/libverify.so
7fb0e9502000-7fb0e9509000 r-xp 00000000 08:01 410819                     /lib/x86_64-linux-gnu/librt-2.15.so
7fb0e9509000-7fb0e9708000 ---p 00007000 08:01 410819                     /lib/x86_64-linux-gnu/librt-2.15.so
7fb0e9708000-7fb0e9709000 r--p 00006000 08:01 410819                     /lib/x86_64-linux-gnu/librt-2.15.so
7fb0e9709000-7fb0e970a000 rw-p 00007000 08:01 410819                     /lib/x86_64-linux-gnu/librt-2.15.so
7fb0e970a000-7fb0e971f000 r-xp 00000000 08:01 397381                     /lib/x86_64-linux-gnu/libgcc_s.so.1
7fb0e971f000-7fb0e991e000 ---p 00015000 08:01 397381                     /lib/x86_64-linux-gnu/libgcc_s.so.1
7fb0e991e000-7fb0e991f000 r--p 00014000 08:01 397381                     /lib/x86_64-linux-gnu/libgcc_s.so.1
7fb0e991f000-7fb0e9920000 rw-p 00015000 08:01 397381                     /lib/x86_64-linux-gnu/libgcc_s.so.1
7fb0e9920000-7fb0e9a1b000 r-xp 00000000 08:01 412487                     /lib/x86_64-linux-gnu/libm-2.15.so
7fb0e9a1b000-7fb0e9c1a000 ---p 000fb000 08:01 412487                     /lib/x86_64-linux-gnu/libm-2.15.so
7fb0e9c1a000-7fb0e9c1b000 r--p 000fa000 08:01 412487                     /lib/x86_64-linux-gnu/libm-2.15.so
7fb0e9c1b000-7fb0e9c1c000 rw-p 000fb000 08:01 412487                     /lib/x86_64-linux-gnu/libm-2.15.so
7fb0e9c1c000-7fb0e9cfe000 r-xp 00000000 08:01 926534                     /usr/lib/x86_64-linux-gnu/libstdc++.so.6.0.16
7fb0e9cfe000-7fb0e9efd000 ---p 000e2000 08:01 926534                     /usr/lib/x86_64-linux-gnu/libstdc++.so.6.0.16
7fb0e9efd000-7fb0e9f05000 r--p 000e1000 08:01 926534                     /usr/lib/x86_64-linux-gnu/libstdc++.so.6.0.16
7fb0e9f05000-7fb0e9f07000 rw-p 000e9000 08:01 926534                     /usr/lib/x86_64-linux-gnu/libstdc++.so.6.0.16
7fb0e9f07000-7fb0e9f1c000 rw-p 00000000 00:00 0 
7fb0e9f1c000-7fb0ea9d7000 r-xp 00000000 08:01 543075                     /usr/lib/jvm/java-7-openjdk-amd64/jre/lib/amd64/server/libjvm.so
7fb0ea9d7000-7fb0eabd7000 ---p 00abb000 08:01 543075                     /usr/lib/jvm/java-7-openjdk-amd64/jre/lib/amd64/server/libjvm.so
7fb0eabd7000-7fb0eac6f000 r--p 00abb000 08:01 543075                     /usr/lib/jvm/java-7-openjdk-amd64/jre/lib/amd64/server/libjvm.so
7fb0eac6f000-7fb0eac92000 rw-p 00b53000 08:01 543075                     /usr/lib/jvm/java-7-openjdk-amd64/jre/lib/amd64/server/libjvm.so
7fb0eac92000-7fb0eacbf000 rw-p 00000000 00:00 0 
7fb0eacbf000-7fb0eacd5000 r-xp 00000000 08:01 397471                     /lib/x86_64-linux-gnu/libz.so.1.2.3.4
7fb0eacd5000-7fb0eaed4000 ---p 00016000 08:01 397471                     /lib/x86_64-linux-gnu/libz.so.1.2.3.4
7fb0eaed4000-7fb0eaed5000 r--p 00015000 08:01 397471                     /lib/x86_64-linux-gnu/libz.so.1.2.3.4
7fb0eaed5000-7fb0eaed6000 rw-p 00016000 08:01 397471                     /lib/x86_64-linux-gnu/libz.so.1.2.3.4
7fb0eaed6000-7fb0eaeee000 r-xp 00000000 08:01 412485                     /lib/x86_64-linux-gnu/libpthread-2.15.so
7fb0eaeee000-7fb0eb0ed000 ---p 00018000 08:01 412485                     /lib/x86_64-linux-gnu/libpthread-2.15.so
7fb0eb0ed000-7fb0eb0ee000 r--p 00017000 08:01 412485                     /lib/x86_64-linux-gnu/libpthread-2.15.so
7fb0eb0ee000-7fb0eb0ef000 rw-p 00018000 08:01 412485                     /lib/x86_64-linux-gnu/libpthread-2.15.so
7fb0eb0ef000-7fb0eb0f3000 rw-p 00000000 00:00 0 
7fb0eb0f3000-7fb0eb0f5000 r-xp 00000000 08:01 412491                     /lib/x86_64-linux-gnu/libdl-2.15.so
7fb0eb0f5000-7fb0eb2f5000 ---p 00002000 08:01 412491                     /lib/x86_64-linux-gnu/libdl-2.15.so
7fb0eb2f5000-7fb0eb2f6000 r--p 00002000 08:01 412491                     /lib/x86_64-linux-gnu/libdl-2.15.so
7fb0eb2f6000-7fb0eb2f7000 rw-p 00003000 08:01 412491                     /lib/x86_64-linux-gnu/libdl-2.15.so
7fb0eb2f7000-7fb0eb4ac000 r-xp 00000000 08:01 410671                     /lib/x86_64-linux-gnu/libc-2.15.so
7fb0eb4ac000-7fb0eb6ac000 ---p 001b5000 08:01 410671                     /lib/x86_64-linux-gnu/libc-2.15.so
7fb0eb6ac000-7fb0eb6b0000 r--p 001b5000 08:01 410671                     /lib/x86_64-linux-gnu/libc-2.15.so
7fb0eb6b0000-7fb0eb6b2000 rw-p 001b9000 08:01 410671                     /lib/x86_64-linux-gnu/libc-2.15.so
7fb0eb6b2000-7fb0eb6b7000 rw-p 00000000 00:00 0 
7fb0eb6b7000-7fb0eb6c4000 r-xp 00000000 08:01 543085                     /usr/lib/jvm/java-7-openjdk-amd64/jre/lib/amd64/jli/libjli.so
7fb0eb6c4000-7fb0eb8c3000 ---p 0000d000 08:01 543085                     /usr/lib/jvm/java-7-openjdk-amd64/jre/lib/amd64/jli/libjli.so
7fb0eb8c3000-7fb0eb8c4000 r--p 0000c000 08:01 543085                     /usr/lib/jvm/java-7-openjdk-amd64/jre/lib/amd64/jli/libjli.so
7fb0eb8c4000-7fb0eb8c5000 rw-p 0000d000 08:01 543085                     /usr/lib/jvm/java-7-openjdk-amd64/jre/lib/amd64/jli/libjli.so
7fb0eb8c5000-7fb0eb8e7000 r-xp 00000000 08:01 412488                     /lib/x86_64-linux-gnu/ld-2.15.so
7fb0eb8e7000-7fb0eb8ea000 r--s 0001b000 08:01 665414                     /home/galic1987/.m2/repository/junit/junit/3.8.1/junit-3.8.1.jar
7fb0eb8ea000-7fb0eb8eb000 r--s 00001000 08:01 1079073                    /home/galic1987/.m2/repository/choco/PropAnn/1.0/PropAnn-1.0.jar
7fb0eb8eb000-7fb0eb8ed000 r--s 00012000 08:01 542548                     /usr/lib/jvm/java-7-openjdk-amd64/jre/lib/ext/zipfs.jar
7fb0eb8ed000-7fb0eb8f1000 r--s 00085000 08:01 543011                     /usr/lib/jvm/java-7-openjdk-amd64/jre/lib/ext/localedata.jar
7fb0eb8f1000-7fb0eb8f2000 r--s 00007000 08:01 1077429                    /usr/share/java/java-atk-wrapper.jar
7fb0eb8f2000-7fb0eb8f4000 r--s 0000f000 08:01 541428                     /usr/lib/jvm/java-7-openjdk-amd64/jre/lib/ext/pulse-java.jar
7fb0eb8f4000-7fb0eb8f7000 r--s 00032000 08:01 543009                     /usr/lib/jvm/java-7-openjdk-amd64/jre/lib/ext/sunjce_provider.jar
7fb0eb8f7000-7fb0eb8f8000 r--s 00002000 08:01 543015                     /usr/lib/jvm/java-7-openjdk-amd64/jre/lib/ext/dnsns.jar
7fb0eb8f8000-7fb0eb8fc000 r--s 0003b000 08:01 543013                     /usr/lib/jvm/java-7-openjdk-amd64/jre/lib/ext/sunpkcs11.jar
7fb0eb8fc000-7fb0eb918000 rw-p 00000000 00:00 0 
7fb0eb918000-7fb0eb9ce000 rw-p 00000000 00:00 0 
7fb0eb9ce000-7fb0eb9d1000 ---p 00000000 00:00 0 
7fb0eb9d1000-7fb0ebad4000 rw-p 00000000 00:00 0                          [stack:2177]
7fb0ebad4000-7fb0ebadb000 r--s 00000000 08:01 1061172                    /usr/lib/x86_64-linux-gnu/gconv/gconv-modules.cache
7fb0ebadb000-7fb0ebae3000 rw-s 00000000 08:01 415062                     /tmp/hsperfdata_galic1987/2172
7fb0ebae3000-7fb0ebae4000 rw-p 00000000 00:00 0 
7fb0ebae4000-7fb0ebae5000 r--p 00000000 00:00 0 
7fb0ebae5000-7fb0ebae7000 rw-p 00000000 00:00 0 
7fb0ebae7000-7fb0ebae8000 r--p 00022000 08:01 412488                     /lib/x86_64-linux-gnu/ld-2.15.so
7fb0ebae8000-7fb0ebaea000 rw-p 00023000 08:01 412488                     /lib/x86_64-linux-gnu/ld-2.15.so
7fffab43f000-7fffab461000 rw-p 00000000 00:00 0                          [stack]
7fffab478000-7fffab47a000 r-xp 00000000 00:00 0                          [vdso]
ffffffffff600000-ffffffffff601000 r-xp 00000000 00:00 0                  [vsyscall]

VM Arguments:
jvm_args: -agentlib:jdwp=transport=dt_socket,suspend=y,address=localhost:57890 -Djava.library.path=/usr/local/lib -Dfile.encoding=UTF-8 
java_command: test_choco.BTC_e
Launcher Type: SUN_STANDARD

Environment Variables:
JAVA_HOME=/usr/lib/jvm/java-7-openjdk-amd64/
PATH=/usr/lib/lightdm/lightdm:/usr/local/sbin:/usr/local/bin:/usr/sbin:/usr/bin:/sbin:/bin:/usr/games
SHELL=/bin/bash
DISPLAY=:0.0

Signal Handlers:
SIGSEGV: [libjvm.so+0x8f6d70], sa_mask[0]=0x7ffbfeff, sa_flags=0x10000004
SIGBUS: [libjvm.so+0x8f6d70], sa_mask[0]=0x7ffbfeff, sa_flags=0x10000004
SIGFPE: [libjvm.so+0x77aeb0], sa_mask[0]=0x7ffbfeff, sa_flags=0x10000004
SIGPIPE: SIG_IGN, sa_mask[0]=0x00000000, sa_flags=0x00000000
SIGXFSZ: [libjvm.so+0x77aeb0], sa_mask[0]=0x7ffbfeff, sa_flags=0x10000004
SIGILL: [libjvm.so+0x77aeb0], sa_mask[0]=0x7ffbfeff, sa_flags=0x10000004
SIGUSR1: SIG_DFL, sa_mask[0]=0x00000000, sa_flags=0x00000000
SIGUSR2: [libjvm.so+0x77b130], sa_mask[0]=0x00000004, sa_flags=0x10000004
SIGHUP: [libjvm.so+0x77b2a0], sa_mask[0]=0x7ffbfeff, sa_flags=0x10000004
SIGINT: [libjvm.so+0x77b2a0], sa_mask[0]=0x7ffbfeff, sa_flags=0x10000004
SIGTERM: [libjvm.so+0x77b2a0], sa_mask[0]=0x7ffbfeff, sa_flags=0x10000004
SIGQUIT: [libjvm.so+0x77b2a0], sa_mask[0]=0x7ffbfeff, sa_flags=0x10000004


---------------  S Y S T E M  ---------------

OS:Ubuntu 12.04 (precise)
uname:Linux 3.8.0-35-generic #50~precise1-Ubuntu SMP Wed Dec 4 17:25:51 UTC 2013 x86_64
libc:glibc 2.15 NPTL 2.15 
rlimit: STACK 8192k, CORE 0k, NPROC 23499, NOFILE 4096, AS infinity
load average:1.88 0.77 0.30

/proc/meminfo:
MemTotal:        3026824 kB
MemFree:          601316 kB
Buffers:           33756 kB
Cached:          1455340 kB
SwapCached:            0 kB
Active:           865464 kB
Inactive:        1408168 kB
Active(anon):     785304 kB
Inactive(anon):      928 kB
Active(file):      80160 kB
Inactive(file):  1407240 kB
Unevictable:           0 kB
Mlocked:               0 kB
SwapTotal:       1046524 kB
SwapFree:        1046524 kB
Dirty:               172 kB
Writeback:             0 kB
AnonPages:        784672 kB
Mapped:           137376 kB
Shmem:              1560 kB
Slab:              64760 kB
SReclaimable:      40504 kB
SUnreclaim:        24256 kB
KernelStack:        3920 kB
PageTables:        22384 kB
NFS_Unstable:          0 kB
Bounce:                0 kB
WritebackTmp:          0 kB
CommitLimit:     2559936 kB
Committed_AS:    2465596 kB
VmallocTotal:   34359738367 kB
VmallocUsed:      167536 kB
VmallocChunk:   34359567660 kB
HardwareCorrupted:     0 kB
AnonHugePages:         0 kB
HugePages_Total:       0
HugePages_Free:        0
HugePages_Rsvd:        0
HugePages_Surp:        0
Hugepagesize:       2048 kB
DirectMap4k:       61440 kB
DirectMap2M:     3035136 kB


CPU:total 2 (1 cores per cpu, 1 threads per core) family 6 model 23 stepping 10, cmov, cx8, fxsr, mmx, sse, sse2, sse3, ssse3, sse4.1, tsc, tscinvbit

/proc/cpuinfo:
processor	: 0
vendor_id	: GenuineIntel
cpu family	: 6
model		: 23
model name	: Intel(R) Core(TM)2 Duo CPU     P8600  @ 2.40GHz
stepping	: 10
microcode	: 0xa0b
cpu MHz		: 2390.367
cache size	: 3072 KB
fpu		: yes
fpu_exception	: yes
cpuid level	: 13
wp		: yes
flags		: fpu vme de pse tsc msr pae mce cx8 apic sep mtrr pge mca cmov pat pse36 clflush dts mmx fxsr sse sse2 ss syscall nx lm constant_tsc arch_perfmon pebs bts nopl xtopology tsc_reliable nonstop_tsc aperfmperf pni ssse3 cx16 sse4_1 x2apic xsave hypervisor lahf_lm dtherm
bogomips	: 4780.73
clflush size	: 64
cache_alignment	: 64
address sizes	: 40 bits physical, 48 bits virtual
power management:

processor	: 1
vendor_id	: GenuineIntel
cpu family	: 6
model		: 23
model name	: Intel(R) Core(TM)2 Duo CPU     P8600  @ 2.40GHz
stepping	: 10
microcode	: 0xa0b
cpu MHz		: 2390.367
cache size	: 3072 KB
fpu		: yes
fpu_exception	: yes
cpuid level	: 13
wp		: yes
flags		: fpu vme de pse tsc msr pae mce cx8 apic sep mtrr pge mca cmov pat pse36 clflush dts mmx fxsr sse sse2 ss syscall nx lm constant_tsc arch_perfmon pebs bts nopl xtopology tsc_reliable nonstop_tsc aperfmperf pni ssse3 cx16 sse4_1 x2apic xsave hypervisor lahf_lm dtherm
bogomips	: 4780.73
clflush size	: 64
cache_alignment	: 64
address sizes	: 40 bits physical, 48 bits virtual
power management:



Memory: 4k page, physical 3026824k(601316k free), swap 1046524k(1046524k free)

vm_info: OpenJDK 64-Bit Server VM (24.45-b08) for linux-amd64 JRE (1.7.0_51-b00), built on Jan 16 2014 18:37:59 by "buildd" with gcc 4.6.3

time: Sat Jan 25 03:05:29 2014
elapsed time: 4 seconds

